11:53:01.709 [JavaFX Application Thread] DEBUG GameApplication      - Logger initialized
11:53:01.728 [JavaFX Application Thread] DEBUG MainWindow           - Creating a JavaFX scene
11:53:01.837 [JavaFX Application Thread] DEBUG MainWindow           - Target settings size: 600.0 x 800.0
11:53:01.837 [JavaFX Application Thread] DEBUG MainWindow           - Scaled scene size:    600.0 x 800.0
11:53:01.837 [JavaFX Application Thread] DEBUG MainWindow           - Scaled ratio: (1.0, 1.0)
11:53:01.844 [JavaFX Application Thread] DEBUG GameApplication      - Starting FXGL
11:53:01.847 [JavaFX Application Thread] INFO  FXGL                 - FXGL-0.5.3-SNAPSHOT on DESKTOP
11:53:01.847 [JavaFX Application Thread] INFO  FXGL                 - Source code and latest versions at: https://github.com/AlmasB/FXGL
11:53:01.848 [JavaFX Application Thread] INFO  FXGL                 -              Join the FXGL chat at: https://gitter.im/AlmasB/FXGL
11:53:01.856 [JavaFX Application Thread] DEBUG FS                   - Loaded DesktopFSService
11:53:01.860 [JavaFX Application Thread] DEBUG FXGL                 - Loading default FXGL system data
11:53:01.889 [ForkJoinPool.commonPool-worker-1] DEBUG UpdaterTask          - Checking for updates
11:53:01.890 [JavaFX Application Thread] DEBUG GameApplication      - FXGL started
11:53:01.890 [JavaFX Application Thread] DEBUG GameApplication      - Logging game settings
Title: Breakout Underwater
Version: 0.2
Width: 600
Height: 800
Fullscreen: false
Intro: false
Menus: false
Profiling: false
Single step:false
App Mode: DEVELOPER
Menu Key: ESCAPE
Stage Style: DECORATED
Scene Factory: class com.almasb.fxgl.scene.SceneFactory
Dialog Factory: class com.almasb.fxgl.ui.FXGLDialogFactory
UI Factory: class com.almasb.fxgl.ui.FXGLUIFactory
Notification Service: class com.almasb.fxgl.gameplay.notification.XboxNotificationView
Exception Handler: class com.almasb.fxgl.app.FXGLExceptionHandler
11:53:01.891 [JavaFX Application Thread] DEBUG GameApplication      - Configuring GameApplication
11:53:01.891 [JavaFX Application Thread] DEBUG GameApplication      - Initializing state machine and application states
11:53:01.910 [JavaFX Application Thread] DEBUG AssetLoader          - Loading from disk: /assets/ui/cursors/fxgl_default.png
11:53:01.944 [JavaFX Application Thread] DEBUG AssetLoader          - Loading from disk: /assets/ui/cursors/fxgl_default.png
11:53:02.555 [ForkJoinPool.commonPool-worker-1] INFO  UpdaterTask          - Your current version:  0.5.3-SNAPSHOT
11:53:02.555 [ForkJoinPool.commonPool-worker-1] INFO  UpdaterTask          - Latest stable version: 11.0-alpha
11:53:02.720 [JavaFX Application Thread] DEBUG FXGLAssets           - Loading FXGLAssets
11:53:02.778 [JavaFX Application Thread] DEBUG AssetLoader          - Loading from disk: /assets/ui/fonts/VarelaRound-Regular.ttf
11:53:02.786 [JavaFX Application Thread] DEBUG AssetLoader          - Loading from disk: /assets/ui/fonts/lucida_console.ttf
11:53:02.790 [JavaFX Application Thread] DEBUG AssetLoader          - Loading from disk: /assets/ui/fonts/Courier-Prime.ttf
11:53:02.794 [JavaFX Application Thread] DEBUG AssetLoader          - Loading from disk: /assets/ui/fonts/Abel-Regular.ttf
11:53:02.797 [JavaFX Application Thread] DEBUG AssetLoader          - Loading from disk: /assets/ui/css/fxgl_dark.css
11:53:02.835 [JavaFX Application Thread] DEBUG AssetLoader          - Loading from disk: /assets/ui/cursors/fxgl_default.png
11:53:02.873 [JavaFX Application Thread] DEBUG AssetLoader          - Loading from disk: /assets/ui/cursors/fxgl_default.png
11:53:02.893 [JavaFX Application Thread] DEBUG GameScene            - Game scene initialized: 600x800
11:53:02.897 [JavaFX Application Thread] DEBUG GameWorld            - Game world initialized
11:53:02.947 [JavaFX Application Thread] DEBUG PhysicsWorld         - Physics world initialized: appHeight=800, physics.ppm=50,0
11:53:02.949 [JavaFX Application Thread] DEBUG Input                - Registered new binding: Pause - Esc
11:53:03.015 [JavaFX Application Thread] DEBUG Input                - Clearing active input actions
11:53:03.061 [JavaFX Application Thread] DEBUG AppStateMachine      - StartupState -> StartupState
11:53:03.068 [JavaFX Application Thread] INFO  GameApplication      - Game configuration took:  1,177 sec
11:53:03.071 [JavaFX Application Thread] DEBUG AssetLoader          - Loading from disk: /assets/textures/fxgl_icon.png
11:53:03.088 [JavaFX Application Thread] DEBUG MainWindow           - Opening main window
11:53:03.219 [JavaFX Application Thread] DEBUG MainWindow           - Window border size: (0.0, 22.0)
11:53:03.219 [JavaFX Application Thread] DEBUG MainWindow           - Scaled size: 600.0 x 800.0
11:53:03.219 [JavaFX Application Thread] DEBUG MainWindow           - Scaled ratio: (1.0, 1.0)
11:53:03.219 [JavaFX Application Thread] DEBUG MainWindow           - Scene size: 600.0 x 800.0
11:53:03.219 [JavaFX Application Thread] DEBUG MainWindow           - Stage size: 600.0 x 822.0
11:53:03.219 [JavaFX Application Thread] DEBUG GameApplication      - Running preInit()
11:53:03.221 [JavaFX Application Thread] DEBUG Input                - Registered new binding: Screenshot - P
11:53:03.222 [JavaFX Application Thread] DEBUG Input                - Registered new binding: Dev Options - CTRL+0
11:53:03.222 [JavaFX Application Thread] DEBUG Input                - Registered new binding: System info dump - CTRL+9
11:53:03.223 [JavaFX Application Thread] DEBUG Input                - Registered new binding: Restart - CTRL+R
11:53:03.223 [JavaFX Application Thread] DEBUG Input                - Registered new binding: Move Left - A
11:53:03.223 [JavaFX Application Thread] DEBUG Input                - Registered new binding: Move Right - D
11:53:03.263 [JavaFX Application Thread] DEBUG GameApplication      - Starting main loop
11:53:03.332 [JavaFX Application Thread] DEBUG StartupState         - STARTUP
11:53:03.332 [JavaFX Application Thread] DEBUG GameApplication      - Starting new game
11:53:03.332 [JavaFX Application Thread] DEBUG Input                - Clearing active input actions
11:53:03.339 [JavaFX Application Thread] DEBUG AppStateMachine      - StartupState -> LoadingState
11:53:03.345 [FXGL Background Thread 1 ] DEBUG InitAppTask          - Clearing previous game
11:53:03.345 [FXGL Background Thread 1 ] DEBUG GameWorld            - Clearing game world
11:53:03.345 [FXGL Background Thread 1 ] DEBUG PhysicsWorld         - Clearing physics world
11:53:03.346 [FXGL Background Thread 1 ] DEBUG GameScene            - Clearing game scene
11:53:03.347 [FXGL Background Thread 1 ] DEBUG InitAppTask          - Initializing Game
11:53:03.526 [FXGL Background Thread 1 ] DEBUG AudioPlayer          - Playing music com.almasb.fxgl.audio.Music@a1d08d1
11:53:03.564 [FXGL Background Thread 1 ] DEBUG GameScene            - Creating render group for layer: BACKGROUND(1000)
11:53:03.628 [FXGL Background Thread 1 ] DEBUG GameScene            - Creating render group for layer: DEFAULT(100000)
11:53:03.634 [FXGL Background Thread 1 ] DEBUG AssetLoader          - Loading from disk: /assets/text/levels/level1.txt
11:53:03.638 [FXGL Background Thread 1 ] DEBUG AssetLoader          - Loading from disk: /assets/textures/bat.png
11:53:03.657 [FXGL Background Thread 1 ] DEBUG AssetLoader          - Loading from disk: /assets/textures/brick_blue.png
11:53:03.663 [FXGL Background Thread 1 ] DEBUG AssetLoader          - Loading from cache: /assets/textures/brick_blue.png@77.0x34.0
11:53:03.664 [FXGL Background Thread 1 ] DEBUG AssetLoader          - Loading from cache: /assets/textures/brick_blue.png@77.0x34.0
11:53:03.665 [FXGL Background Thread 1 ] DEBUG AssetLoader          - Loading from cache: /assets/textures/brick_blue.png@77.0x34.0
11:53:03.666 [FXGL Background Thread 1 ] DEBUG AssetLoader          - Loading from cache: /assets/textures/brick_blue.png@77.0x34.0
11:53:03.667 [FXGL Background Thread 1 ] DEBUG AssetLoader          - Loading from cache: /assets/textures/brick_blue.png@77.0x34.0
11:53:03.668 [FXGL Background Thread 1 ] DEBUG AssetLoader          - Loading from cache: /assets/textures/brick_blue.png@77.0x34.0
11:53:03.669 [FXGL Background Thread 1 ] DEBUG AssetLoader          - Loading from cache: /assets/textures/brick_blue.png@77.0x34.0
11:53:03.670 [FXGL Background Thread 1 ] DEBUG AssetLoader          - Loading from cache: /assets/textures/brick_blue.png@77.0x34.0
11:53:03.671 [FXGL Background Thread 1 ] DEBUG AssetLoader          - Loading from cache: /assets/textures/brick_blue.png@77.0x34.0
11:53:03.672 [FXGL Background Thread 1 ] DEBUG AssetLoader          - Loading from cache: /assets/textures/brick_blue.png@77.0x34.0
11:53:03.673 [FXGL Background Thread 1 ] DEBUG AssetLoader          - Loading from cache: /assets/textures/brick_blue.png@77.0x34.0
11:53:03.674 [FXGL Background Thread 1 ] DEBUG AssetLoader          - Loading from cache: /assets/textures/brick_blue.png@77.0x34.0
11:53:03.675 [FXGL Background Thread 1 ] DEBUG AssetLoader          - Loading from cache: /assets/textures/brick_blue.png@77.0x34.0
11:53:03.676 [FXGL Background Thread 1 ] DEBUG AssetLoader          - Loading from cache: /assets/textures/brick_blue.png@77.0x34.0
11:53:03.677 [FXGL Background Thread 1 ] DEBUG AssetLoader          - Loading from cache: /assets/textures/brick_blue.png@77.0x34.0
11:53:03.678 [FXGL Background Thread 1 ] DEBUG AssetLoader          - Loading from cache: /assets/textures/brick_blue.png@77.0x34.0
11:53:03.679 [FXGL Background Thread 1 ] DEBUG AssetLoader          - Loading from cache: /assets/textures/brick_blue.png@77.0x34.0
11:53:03.680 [FXGL Background Thread 1 ] DEBUG AssetLoader          - Loading from cache: /assets/textures/brick_blue.png@77.0x34.0
11:53:03.681 [FXGL Background Thread 1 ] DEBUG AssetLoader          - Loading from cache: /assets/textures/brick_blue.png@77.0x34.0
11:53:03.682 [FXGL Background Thread 1 ] DEBUG AssetLoader          - Loading from cache: /assets/textures/brick_blue.png@77.0x34.0
11:53:03.683 [FXGL Background Thread 1 ] DEBUG GameWorld            - Clearing removable entities
11:53:03.683 [FXGL Background Thread 1 ] DEBUG GameWorld            - Setting level: com.almasb.fxgl.entity.Level@65d6d6f9
11:53:03.687 [FXGL Background Thread 1 ] DEBUG AssetLoader          - Loading from disk: /assets/textures/bubble.png
11:53:03.695 [FXGL Background Thread 1 ] DEBUG InitAppTask          - Initializing Physics
11:53:03.695 [FXGL Background Thread 1 ] DEBUG InitAppTask          - Initializing UI
11:53:03.702 [FXGL Background Thread 1 ] DEBUG InitAppTask          - Initialization Complete
11:53:03.703 [FXGL Background Thread 1 ] INFO  InitAppTask          - Game initialization took: 0,358 sec
11:53:03.712 [JavaFX Application Thread] DEBUG Input                - Clearing active input actions
11:53:03.720 [JavaFX Application Thread] DEBUG AppStateMachine      - LoadingState -> PlayState
11:53:11.116 [JavaFX Application Thread] DEBUG AssetLoader          - Loading from disk: /assets/textures/brick_blue_cracked.png
11:53:14.562 [JavaFX Application Thread] DEBUG AssetLoader          - Loading from cache: /assets/sounds/brick_hit.wav
11:53:14.562 [JavaFX Application Thread] DEBUG AssetLoader          - Loading from cache: /assets/textures/brick_blue_cracked.png@77.0x34.0
11:53:19.096 [JavaFX Application Thread] DEBUG AssetLoader          - Loading from cache: /assets/sounds/brick_hit.wav
11:53:19.096 [JavaFX Application Thread] DEBUG AssetLoader          - Loading from cache: /assets/textures/brick_blue_cracked.png@77.0x34.0
11:53:22.545 [JavaFX Application Thread] DEBUG AssetLoader          - Loading from cache: /assets/sounds/brick_hit.wav
11:53:23.558 [JavaFX Application Thread] DEBUG GameApplication      - Exiting game application
11:53:23.559 [JavaFX Application Thread] DEBUG GameApplication      - Shutting down background threads
11:53:23.559 [JavaFX Application Thread] DEBUG GameApplication      - Exiting FXGL
11:53:23.559 [JavaFX Application Thread] DEBUG FXGL                 - Saving FXGL system data
11:53:23.562 [JavaFX Application Thread] DEBUG DesktopFSService     - Writing to: system/fxgl.bundle
11:53:23.569 [JavaFX Application Thread] DEBUG GameApplication      - Closing logger and exiting JavaFX
