11:56:26.347 [JavaFX Application Thread] DEBUG GameApplication      - Logger initialized
11:56:26.364 [JavaFX Application Thread] DEBUG MainWindow           - Creating a JavaFX scene
11:56:26.478 [JavaFX Application Thread] DEBUG MainWindow           - Target settings size: 600.0 x 800.0
11:56:26.478 [JavaFX Application Thread] DEBUG MainWindow           - Scaled scene size:    600.0 x 800.0
11:56:26.478 [JavaFX Application Thread] DEBUG MainWindow           - Scaled ratio: (1.0, 1.0)
11:56:26.485 [JavaFX Application Thread] DEBUG GameApplication      - Starting FXGL
11:56:26.488 [JavaFX Application Thread] INFO  FXGL                 - FXGL-0.5.3-SNAPSHOT on DESKTOP
11:56:26.488 [JavaFX Application Thread] INFO  FXGL                 - Source code and latest versions at: https://github.com/AlmasB/FXGL
11:56:26.488 [JavaFX Application Thread] INFO  FXGL                 -              Join the FXGL chat at: https://gitter.im/AlmasB/FXGL
11:56:26.496 [JavaFX Application Thread] DEBUG FS                   - Loaded DesktopFSService
11:56:26.496 [JavaFX Application Thread] DEBUG FXGL                 - Loading FXGL system data
11:56:26.510 [JavaFX Application Thread] DEBUG DesktopFSService     - Reading from: system/fxgl.bundle
11:56:26.522 [JavaFX Application Thread] DEBUG Bundle               - Logging bundle: FXGL
11:56:26.522 [JavaFX Application Thread] DEBUG Bundle               - FXGL.offline.timer.version.check=2019-03-01T11:53:02.555
11:56:26.559 [JavaFX Application Thread] DEBUG GameApplication      - FXGL started
11:56:26.559 [JavaFX Application Thread] DEBUG GameApplication      - Logging game settings
Title: Breakout Underwater
Version: 0.2
Width: 600
Height: 800
Fullscreen: false
Intro: false
Menus: false
Profiling: false
Single step:false
App Mode: DEVELOPER
Menu Key: ESCAPE
Stage Style: DECORATED
Scene Factory: class com.almasb.fxgl.scene.SceneFactory
Dialog Factory: class com.almasb.fxgl.ui.FXGLDialogFactory
UI Factory: class com.almasb.fxgl.ui.FXGLUIFactory
Notification Service: class com.almasb.fxgl.gameplay.notification.XboxNotificationView
Exception Handler: class com.almasb.fxgl.app.FXGLExceptionHandler
11:56:26.560 [JavaFX Application Thread] DEBUG GameApplication      - Configuring GameApplication
11:56:26.560 [JavaFX Application Thread] DEBUG GameApplication      - Initializing state machine and application states
11:56:26.579 [JavaFX Application Thread] DEBUG AssetLoader          - Loading from disk: /assets/ui/cursors/fxgl_default.png
11:56:26.604 [JavaFX Application Thread] DEBUG AssetLoader          - Loading from disk: /assets/ui/cursors/fxgl_default.png
11:56:27.237 [JavaFX Application Thread] DEBUG FXGLAssets           - Loading FXGLAssets
11:56:27.283 [JavaFX Application Thread] DEBUG AssetLoader          - Loading from disk: /assets/ui/fonts/VarelaRound-Regular.ttf
11:56:27.300 [JavaFX Application Thread] DEBUG AssetLoader          - Loading from disk: /assets/ui/fonts/lucida_console.ttf
11:56:27.303 [JavaFX Application Thread] DEBUG AssetLoader          - Loading from disk: /assets/ui/fonts/Courier-Prime.ttf
11:56:27.307 [JavaFX Application Thread] DEBUG AssetLoader          - Loading from disk: /assets/ui/fonts/Abel-Regular.ttf
11:56:27.310 [JavaFX Application Thread] DEBUG AssetLoader          - Loading from disk: /assets/ui/css/fxgl_dark.css
11:56:27.349 [JavaFX Application Thread] DEBUG AssetLoader          - Loading from disk: /assets/ui/cursors/fxgl_default.png
11:56:27.393 [JavaFX Application Thread] DEBUG AssetLoader          - Loading from disk: /assets/ui/cursors/fxgl_default.png
11:56:27.414 [JavaFX Application Thread] DEBUG GameScene            - Game scene initialized: 600x800
11:56:27.418 [JavaFX Application Thread] DEBUG GameWorld            - Game world initialized
11:56:27.470 [JavaFX Application Thread] DEBUG PhysicsWorld         - Physics world initialized: appHeight=800, physics.ppm=50,0
11:56:27.491 [JavaFX Application Thread] DEBUG Input                - Registered new binding: Pause - Esc
11:56:27.511 [JavaFX Application Thread] DEBUG Input                - Clearing active input actions
11:56:27.561 [JavaFX Application Thread] DEBUG AppStateMachine      - StartupState -> StartupState
11:56:27.567 [JavaFX Application Thread] INFO  GameApplication      - Game configuration took:  1,006 sec
11:56:27.569 [JavaFX Application Thread] DEBUG AssetLoader          - Loading from disk: /assets/textures/fxgl_icon.png
11:56:27.586 [JavaFX Application Thread] DEBUG MainWindow           - Opening main window
11:56:27.713 [JavaFX Application Thread] DEBUG MainWindow           - Window border size: (0.0, 22.0)
11:56:27.713 [JavaFX Application Thread] DEBUG MainWindow           - Scaled size: 600.0 x 800.0
11:56:27.713 [JavaFX Application Thread] DEBUG MainWindow           - Scaled ratio: (1.0, 1.0)
11:56:27.713 [JavaFX Application Thread] DEBUG MainWindow           - Scene size: 600.0 x 800.0
11:56:27.713 [JavaFX Application Thread] DEBUG MainWindow           - Stage size: 600.0 x 822.0
11:56:27.714 [JavaFX Application Thread] DEBUG GameApplication      - Running preInit()
11:56:27.716 [JavaFX Application Thread] DEBUG Input                - Registered new binding: Screenshot - P
11:56:27.716 [JavaFX Application Thread] DEBUG Input                - Registered new binding: Dev Options - CTRL+0
11:56:27.716 [JavaFX Application Thread] DEBUG Input                - Registered new binding: System info dump - CTRL+9
11:56:27.717 [JavaFX Application Thread] DEBUG Input                - Registered new binding: Restart - CTRL+R
11:56:27.717 [JavaFX Application Thread] DEBUG Input                - Registered new binding: Move Left - A
11:56:27.717 [JavaFX Application Thread] DEBUG Input                - Registered new binding: Move Right - D
11:56:27.752 [JavaFX Application Thread] DEBUG GameApplication      - Starting main loop
11:56:27.823 [JavaFX Application Thread] DEBUG StartupState         - STARTUP
11:56:27.823 [JavaFX Application Thread] DEBUG GameApplication      - Starting new game
11:56:27.823 [JavaFX Application Thread] DEBUG Input                - Clearing active input actions
11:56:27.831 [JavaFX Application Thread] DEBUG AppStateMachine      - StartupState -> LoadingState
11:56:27.837 [FXGL Background Thread 1 ] DEBUG InitAppTask          - Clearing previous game
11:56:27.837 [FXGL Background Thread 1 ] DEBUG GameWorld            - Clearing game world
11:56:27.837 [FXGL Background Thread 1 ] DEBUG PhysicsWorld         - Clearing physics world
11:56:27.837 [FXGL Background Thread 1 ] DEBUG GameScene            - Clearing game scene
11:56:27.839 [FXGL Background Thread 1 ] DEBUG InitAppTask          - Initializing Game
11:56:27.976 [FXGL Background Thread 1 ] DEBUG AudioPlayer          - Playing music com.almasb.fxgl.audio.Music@11ab7555
11:56:28.021 [FXGL Background Thread 1 ] DEBUG GameScene            - Creating render group for layer: BACKGROUND(1000)
11:56:28.086 [FXGL Background Thread 1 ] DEBUG GameScene            - Creating render group for layer: DEFAULT(100000)
11:56:28.092 [FXGL Background Thread 1 ] DEBUG AssetLoader          - Loading from disk: /assets/text/levels/level1.txt
11:56:28.101 [FXGL Background Thread 1 ] DEBUG AssetLoader          - Loading from disk: /assets/textures/bat.png
11:56:28.121 [FXGL Background Thread 1 ] DEBUG AssetLoader          - Loading from disk: /assets/textures/brick_blue.png
11:56:28.128 [FXGL Background Thread 1 ] DEBUG AssetLoader          - Loading from cache: /assets/textures/brick_blue.png@77.0x34.0
11:56:28.129 [FXGL Background Thread 1 ] DEBUG AssetLoader          - Loading from cache: /assets/textures/brick_blue.png@77.0x34.0
11:56:28.132 [FXGL Background Thread 1 ] DEBUG AssetLoader          - Loading from cache: /assets/textures/brick_blue.png@77.0x34.0
11:56:28.133 [FXGL Background Thread 1 ] DEBUG AssetLoader          - Loading from cache: /assets/textures/brick_blue.png@77.0x34.0
11:56:28.134 [FXGL Background Thread 1 ] DEBUG AssetLoader          - Loading from cache: /assets/textures/brick_blue.png@77.0x34.0
11:56:28.135 [FXGL Background Thread 1 ] DEBUG AssetLoader          - Loading from cache: /assets/textures/brick_blue.png@77.0x34.0
11:56:28.136 [FXGL Background Thread 1 ] DEBUG AssetLoader          - Loading from cache: /assets/textures/brick_blue.png@77.0x34.0
11:56:28.137 [FXGL Background Thread 1 ] DEBUG AssetLoader          - Loading from cache: /assets/textures/brick_blue.png@77.0x34.0
11:56:28.137 [FXGL Background Thread 1 ] DEBUG AssetLoader          - Loading from cache: /assets/textures/brick_blue.png@77.0x34.0
11:56:28.138 [FXGL Background Thread 1 ] DEBUG AssetLoader          - Loading from cache: /assets/textures/brick_blue.png@77.0x34.0
11:56:28.139 [FXGL Background Thread 1 ] DEBUG AssetLoader          - Loading from cache: /assets/textures/brick_blue.png@77.0x34.0
11:56:28.140 [FXGL Background Thread 1 ] DEBUG AssetLoader          - Loading from cache: /assets/textures/brick_blue.png@77.0x34.0
11:56:28.142 [FXGL Background Thread 1 ] DEBUG AssetLoader          - Loading from cache: /assets/textures/brick_blue.png@77.0x34.0
11:56:28.143 [FXGL Background Thread 1 ] DEBUG AssetLoader          - Loading from cache: /assets/textures/brick_blue.png@77.0x34.0
11:56:28.144 [FXGL Background Thread 1 ] DEBUG AssetLoader          - Loading from cache: /assets/textures/brick_blue.png@77.0x34.0
11:56:28.144 [FXGL Background Thread 1 ] DEBUG AssetLoader          - Loading from cache: /assets/textures/brick_blue.png@77.0x34.0
11:56:28.145 [FXGL Background Thread 1 ] DEBUG AssetLoader          - Loading from cache: /assets/textures/brick_blue.png@77.0x34.0
11:56:28.146 [FXGL Background Thread 1 ] DEBUG AssetLoader          - Loading from cache: /assets/textures/brick_blue.png@77.0x34.0
11:56:28.147 [FXGL Background Thread 1 ] DEBUG AssetLoader          - Loading from cache: /assets/textures/brick_blue.png@77.0x34.0
11:56:28.147 [FXGL Background Thread 1 ] DEBUG AssetLoader          - Loading from cache: /assets/textures/brick_blue.png@77.0x34.0
11:56:28.148 [FXGL Background Thread 1 ] DEBUG GameWorld            - Clearing removable entities
11:56:28.148 [FXGL Background Thread 1 ] DEBUG GameWorld            - Setting level: com.almasb.fxgl.entity.Level@7b2c846b
11:56:28.153 [FXGL Background Thread 1 ] DEBUG AssetLoader          - Loading from disk: /assets/textures/bubble.png
11:56:28.161 [FXGL Background Thread 1 ] DEBUG InitAppTask          - Initializing Physics
11:56:28.162 [FXGL Background Thread 1 ] DEBUG InitAppTask          - Initializing UI
11:56:28.168 [FXGL Background Thread 1 ] DEBUG InitAppTask          - Initialization Complete
11:56:28.168 [FXGL Background Thread 1 ] INFO  InitAppTask          - Game initialization took: 0,331 sec
11:56:28.173 [JavaFX Application Thread] DEBUG Input                - Clearing active input actions
11:56:28.182 [JavaFX Application Thread] DEBUG AppStateMachine      - LoadingState -> PlayState
11:56:35.577 [JavaFX Application Thread] DEBUG AssetLoader          - Loading from disk: /assets/textures/brick_blue_cracked.png
11:56:38.924 [JavaFX Application Thread] DEBUG AssetLoader          - Loading from cache: /assets/sounds/brick_hit.wav
11:56:38.924 [JavaFX Application Thread] DEBUG AssetLoader          - Loading from cache: /assets/textures/brick_blue_cracked.png@77.0x34.0
11:56:42.024 [JavaFX Application Thread] DEBUG AssetLoader          - Loading from cache: /assets/sounds/brick_hit.wav
11:56:42.024 [JavaFX Application Thread] DEBUG AssetLoader          - Loading from cache: /assets/textures/brick_blue_cracked.png@77.0x34.0
11:56:45.129 [JavaFX Application Thread] DEBUG Input                - Registered new binding: Resume - Esc
11:56:45.130 [JavaFX Application Thread] DEBUG AssetLoader          - Loading from disk: /assets/textures/pause_menu_bg.png
11:56:45.140 [JavaFX Application Thread] DEBUG AssetLoader          - Loading from disk: /assets/properties/languages/english.properties
11:56:45.143 [JavaFX Application Thread] DEBUG AssetLoader          - Loading from cache: /assets/properties/languages/english.properties
11:56:45.148 [JavaFX Application Thread] DEBUG AppStateMachine      - Push state: PauseMenuSubState
11:56:45.148 [JavaFX Application Thread] DEBUG Input                - Clearing active input actions
11:56:45.148 [JavaFX Application Thread] DEBUG AppStateMachine      - PlayState -> PauseMenuSubState
11:56:46.705 [JavaFX Application Thread] DEBUG GameApplication      - Exiting game application
11:56:46.706 [JavaFX Application Thread] DEBUG GameApplication      - Shutting down background threads
11:56:46.706 [JavaFX Application Thread] DEBUG GameApplication      - Exiting FXGL
11:56:46.707 [JavaFX Application Thread] DEBUG FXGL                 - Saving FXGL system data
11:56:46.709 [JavaFX Application Thread] DEBUG DesktopFSService     - Writing to: system/fxgl.bundle
11:56:46.713 [JavaFX Application Thread] DEBUG GameApplication      - Closing logger and exiting JavaFX
