12:16:19.186 [JavaFX Application Thread] DEBUG GameApplication      - Logger initialized
12:16:19.204 [JavaFX Application Thread] DEBUG MainWindow           - Creating a JavaFX scene
12:16:19.324 [JavaFX Application Thread] DEBUG MainWindow           - Target settings size: 600.0 x 800.0
12:16:19.324 [JavaFX Application Thread] DEBUG MainWindow           - Scaled scene size:    600.0 x 800.0
12:16:19.324 [JavaFX Application Thread] DEBUG MainWindow           - Scaled ratio: (1.0, 1.0)
12:16:19.331 [JavaFX Application Thread] DEBUG GameApplication      - Starting FXGL
12:16:19.334 [JavaFX Application Thread] INFO  FXGL                 - FXGL-0.5.3-SNAPSHOT on DESKTOP
12:16:19.335 [JavaFX Application Thread] INFO  FXGL                 - Source code and latest versions at: https://github.com/AlmasB/FXGL
12:16:19.335 [JavaFX Application Thread] INFO  FXGL                 -              Join the FXGL chat at: https://gitter.im/AlmasB/FXGL
12:16:19.343 [JavaFX Application Thread] DEBUG FS                   - Loaded DesktopFSService
12:16:19.344 [JavaFX Application Thread] DEBUG FXGL                 - Loading FXGL system data
12:16:19.357 [JavaFX Application Thread] DEBUG DesktopFSService     - Reading from: system/fxgl.bundle
12:16:19.369 [JavaFX Application Thread] DEBUG Bundle               - Logging bundle: FXGL
12:16:19.370 [JavaFX Application Thread] DEBUG Bundle               - FXGL.offline.timer.version.check=2019-03-01T11:53:02.555
12:16:19.410 [JavaFX Application Thread] DEBUG GameApplication      - FXGL started
12:16:19.410 [JavaFX Application Thread] DEBUG GameApplication      - Logging game settings
Title: Breakout Underwater
Version: 0.2
Width: 600
Height: 800
Fullscreen: false
Intro: false
Menus: false
Profiling: false
Single step:false
App Mode: DEVELOPER
Menu Key: ESCAPE
Stage Style: DECORATED
Scene Factory: class com.almasb.fxgl.scene.SceneFactory
Dialog Factory: class com.almasb.fxgl.ui.FXGLDialogFactory
UI Factory: class com.almasb.fxgl.ui.FXGLUIFactory
Notification Service: class com.almasb.fxgl.gameplay.notification.XboxNotificationView
Exception Handler: class com.almasb.fxgl.app.FXGLExceptionHandler
12:16:19.411 [JavaFX Application Thread] DEBUG GameApplication      - Configuring GameApplication
12:16:19.412 [JavaFX Application Thread] DEBUG GameApplication      - Initializing state machine and application states
12:16:19.431 [JavaFX Application Thread] DEBUG AssetLoader          - Loading from disk: /assets/ui/cursors/fxgl_default.png
12:16:19.458 [JavaFX Application Thread] DEBUG AssetLoader          - Loading from disk: /assets/ui/cursors/fxgl_default.png
12:16:20.106 [JavaFX Application Thread] DEBUG FXGLAssets           - Loading FXGLAssets
12:16:20.151 [JavaFX Application Thread] DEBUG AssetLoader          - Loading from disk: /assets/ui/fonts/VarelaRound-Regular.ttf
12:16:20.169 [JavaFX Application Thread] DEBUG AssetLoader          - Loading from disk: /assets/ui/fonts/lucida_console.ttf
12:16:20.172 [JavaFX Application Thread] DEBUG AssetLoader          - Loading from disk: /assets/ui/fonts/Courier-Prime.ttf
12:16:20.176 [JavaFX Application Thread] DEBUG AssetLoader          - Loading from disk: /assets/ui/fonts/Abel-Regular.ttf
12:16:20.179 [JavaFX Application Thread] DEBUG AssetLoader          - Loading from disk: /assets/ui/css/fxgl_dark.css
12:16:20.217 [JavaFX Application Thread] DEBUG AssetLoader          - Loading from disk: /assets/ui/cursors/fxgl_default.png
12:16:20.257 [JavaFX Application Thread] DEBUG AssetLoader          - Loading from disk: /assets/ui/cursors/fxgl_default.png
12:16:20.277 [JavaFX Application Thread] DEBUG GameScene            - Game scene initialized: 600x800
12:16:20.281 [JavaFX Application Thread] DEBUG GameWorld            - Game world initialized
12:16:20.332 [JavaFX Application Thread] DEBUG PhysicsWorld         - Physics world initialized: appHeight=800, physics.ppm=50,0
12:16:20.354 [JavaFX Application Thread] DEBUG Input                - Registered new binding: Pause - Esc
12:16:20.373 [JavaFX Application Thread] DEBUG Input                - Clearing active input actions
12:16:20.424 [JavaFX Application Thread] DEBUG AppStateMachine      - StartupState -> StartupState
12:16:20.430 [JavaFX Application Thread] INFO  GameApplication      - Game configuration took:  1,018 sec
12:16:20.433 [JavaFX Application Thread] DEBUG AssetLoader          - Loading from disk: /assets/textures/fxgl_icon.png
12:16:20.450 [JavaFX Application Thread] DEBUG MainWindow           - Opening main window
12:16:20.572 [JavaFX Application Thread] DEBUG MainWindow           - Window border size: (0.0, 22.0)
12:16:20.572 [JavaFX Application Thread] DEBUG MainWindow           - Scaled size: 600.0 x 800.0
12:16:20.572 [JavaFX Application Thread] DEBUG MainWindow           - Scaled ratio: (1.0, 1.0)
12:16:20.573 [JavaFX Application Thread] DEBUG MainWindow           - Scene size: 600.0 x 800.0
12:16:20.573 [JavaFX Application Thread] DEBUG MainWindow           - Stage size: 600.0 x 822.0
12:16:20.573 [JavaFX Application Thread] DEBUG GameApplication      - Running preInit()
12:16:20.575 [JavaFX Application Thread] DEBUG Input                - Registered new binding: Screenshot - P
12:16:20.575 [JavaFX Application Thread] DEBUG Input                - Registered new binding: Dev Options - CTRL+0
12:16:20.576 [JavaFX Application Thread] DEBUG Input                - Registered new binding: System info dump - CTRL+9
12:16:20.577 [JavaFX Application Thread] DEBUG Input                - Registered new binding: Restart - CTRL+R
12:16:20.577 [JavaFX Application Thread] DEBUG Input                - Registered new binding: Move Left - A
12:16:20.577 [JavaFX Application Thread] DEBUG Input                - Registered new binding: Move Right - D
12:16:20.612 [JavaFX Application Thread] DEBUG GameApplication      - Starting main loop
12:16:20.675 [JavaFX Application Thread] DEBUG StartupState         - STARTUP
12:16:20.675 [JavaFX Application Thread] DEBUG GameApplication      - Starting new game
12:16:20.675 [JavaFX Application Thread] DEBUG Input                - Clearing active input actions
12:16:20.684 [JavaFX Application Thread] DEBUG AppStateMachine      - StartupState -> LoadingState
12:16:20.689 [FXGL Background Thread 1 ] DEBUG InitAppTask          - Clearing previous game
12:16:20.690 [FXGL Background Thread 1 ] DEBUG GameWorld            - Clearing game world
12:16:20.690 [FXGL Background Thread 1 ] DEBUG PhysicsWorld         - Clearing physics world
12:16:20.690 [FXGL Background Thread 1 ] DEBUG GameScene            - Clearing game scene
12:16:20.692 [FXGL Background Thread 1 ] DEBUG InitAppTask          - Initializing Game
12:16:20.752 [FXGL Background Thread 1 ] DEBUG GameScene            - Creating render group for layer: BACKGROUND(1000)
12:16:20.842 [FXGL Background Thread 1 ] DEBUG GameScene            - Creating render group for layer: DEFAULT(100000)
12:16:20.848 [FXGL Background Thread 1 ] DEBUG AssetLoader          - Loading from disk: /assets/text/levels/level1.txt
12:16:20.864 [FXGL Background Thread 1 ] DEBUG AssetLoader          - Loading from disk: /assets/textures/bat.png
12:16:20.896 [FXGL Background Thread 1 ] DEBUG AssetLoader          - Loading from disk: /assets/textures/brick_blue.png
12:16:20.908 [FXGL Background Thread 1 ] DEBUG AssetLoader          - Loading from cache: /assets/textures/brick_blue.png@77.0x34.0
12:16:20.909 [FXGL Background Thread 1 ] DEBUG AssetLoader          - Loading from cache: /assets/textures/brick_blue.png@77.0x34.0
12:16:20.910 [FXGL Background Thread 1 ] DEBUG AssetLoader          - Loading from cache: /assets/textures/brick_blue.png@77.0x34.0
12:16:20.911 [FXGL Background Thread 1 ] DEBUG AssetLoader          - Loading from cache: /assets/textures/brick_blue.png@77.0x34.0
12:16:20.912 [FXGL Background Thread 1 ] DEBUG AssetLoader          - Loading from cache: /assets/textures/brick_blue.png@77.0x34.0
12:16:20.913 [FXGL Background Thread 1 ] DEBUG AssetLoader          - Loading from cache: /assets/textures/brick_blue.png@77.0x34.0
12:16:20.914 [FXGL Background Thread 1 ] DEBUG AssetLoader          - Loading from cache: /assets/textures/brick_blue.png@77.0x34.0
12:16:20.916 [FXGL Background Thread 1 ] DEBUG AssetLoader          - Loading from cache: /assets/textures/brick_blue.png@77.0x34.0
12:16:20.917 [FXGL Background Thread 1 ] DEBUG AssetLoader          - Loading from cache: /assets/textures/brick_blue.png@77.0x34.0
12:16:20.918 [FXGL Background Thread 1 ] DEBUG AssetLoader          - Loading from cache: /assets/textures/brick_blue.png@77.0x34.0
12:16:20.919 [FXGL Background Thread 1 ] DEBUG AssetLoader          - Loading from cache: /assets/textures/brick_blue.png@77.0x34.0
12:16:20.919 [FXGL Background Thread 1 ] DEBUG AssetLoader          - Loading from cache: /assets/textures/brick_blue.png@77.0x34.0
12:16:20.921 [FXGL Background Thread 1 ] DEBUG AssetLoader          - Loading from cache: /assets/textures/brick_blue.png@77.0x34.0
12:16:20.922 [FXGL Background Thread 1 ] DEBUG AssetLoader          - Loading from cache: /assets/textures/brick_blue.png@77.0x34.0
12:16:20.924 [FXGL Background Thread 1 ] DEBUG AssetLoader          - Loading from cache: /assets/textures/brick_blue.png@77.0x34.0
12:16:20.925 [FXGL Background Thread 1 ] DEBUG AssetLoader          - Loading from cache: /assets/textures/brick_blue.png@77.0x34.0
12:16:20.926 [FXGL Background Thread 1 ] DEBUG AssetLoader          - Loading from cache: /assets/textures/brick_blue.png@77.0x34.0
12:16:20.927 [FXGL Background Thread 1 ] DEBUG AssetLoader          - Loading from cache: /assets/textures/brick_blue.png@77.0x34.0
12:16:20.928 [FXGL Background Thread 1 ] DEBUG AssetLoader          - Loading from cache: /assets/textures/brick_blue.png@77.0x34.0
12:16:20.928 [FXGL Background Thread 1 ] DEBUG AssetLoader          - Loading from cache: /assets/textures/brick_blue.png@77.0x34.0
12:16:20.932 [FXGL Background Thread 1 ] DEBUG GameWorld            - Clearing removable entities
12:16:20.932 [FXGL Background Thread 1 ] DEBUG GameWorld            - Setting level: com.almasb.fxgl.entity.Level@4e428c28
12:16:20.936 [FXGL Background Thread 1 ] DEBUG AssetLoader          - Loading from disk: /assets/textures/bubble.png
12:16:20.944 [FXGL Background Thread 1 ] DEBUG InitAppTask          - Initializing Physics
12:16:20.944 [FXGL Background Thread 1 ] DEBUG InitAppTask          - Initializing UI
12:16:20.949 [FXGL Background Thread 1 ] DEBUG InitAppTask          - Initialization Complete
12:16:20.949 [FXGL Background Thread 1 ] INFO  InitAppTask          - Game initialization took: 0,260 sec
12:16:20.958 [JavaFX Application Thread] DEBUG Input                - Clearing active input actions
12:16:20.967 [JavaFX Application Thread] DEBUG AppStateMachine      - LoadingState -> PlayState
12:16:28.006 [JavaFX Application Thread] DEBUG AssetLoader          - Loading from disk: /assets/textures/brick_blue_cracked.png
12:16:31.809 [JavaFX Application Thread] DEBUG AssetLoader          - Loading from cache: /assets/sounds/brick_hit.wav
12:16:31.809 [JavaFX Application Thread] DEBUG AssetLoader          - Loading from cache: /assets/textures/brick_blue_cracked.png@77.0x34.0
12:16:35.208 [JavaFX Application Thread] DEBUG AssetLoader          - Loading from cache: /assets/sounds/brick_hit.wav
12:16:38.958 [JavaFX Application Thread] DEBUG AssetLoader          - Loading from cache: /assets/sounds/brick_hit.wav
12:16:38.958 [JavaFX Application Thread] DEBUG AssetLoader          - Loading from cache: /assets/textures/brick_blue_cracked.png@77.0x34.0
12:16:42.242 [JavaFX Application Thread] DEBUG AssetLoader          - Loading from cache: /assets/sounds/brick_hit.wav
12:16:44.881 [JavaFX Application Thread] DEBUG GameApplication      - Exiting game application
12:16:44.882 [JavaFX Application Thread] DEBUG GameApplication      - Shutting down background threads
12:16:44.883 [JavaFX Application Thread] DEBUG GameApplication      - Exiting FXGL
12:16:44.883 [JavaFX Application Thread] DEBUG FXGL                 - Saving FXGL system data
12:16:44.886 [JavaFX Application Thread] DEBUG DesktopFSService     - Writing to: system/fxgl.bundle
12:16:44.890 [JavaFX Application Thread] DEBUG GameApplication      - Closing logger and exiting JavaFX
