12:03:30.918 [JavaFX Application Thread] DEBUG GameApplication      - Logger initialized
12:03:30.946 [JavaFX Application Thread] DEBUG MainWindow           - Creating a JavaFX scene
12:03:31.241 [JavaFX Application Thread] DEBUG MainWindow           - Target settings size: 600.0 x 800.0
12:03:31.241 [JavaFX Application Thread] DEBUG MainWindow           - Scaled scene size:    600.0 x 800.0
12:03:31.242 [JavaFX Application Thread] DEBUG MainWindow           - Scaled ratio: (1.0, 1.0)
12:03:31.254 [JavaFX Application Thread] DEBUG GameApplication      - Starting FXGL
12:03:31.258 [JavaFX Application Thread] INFO  FXGL                 - FXGL-0.5.3-SNAPSHOT on DESKTOP
12:03:31.258 [JavaFX Application Thread] INFO  FXGL                 - Source code and latest versions at: https://github.com/AlmasB/FXGL
12:03:31.258 [JavaFX Application Thread] INFO  FXGL                 -              Join the FXGL chat at: https://gitter.im/AlmasB/FXGL
12:03:31.271 [JavaFX Application Thread] DEBUG FS                   - Loaded DesktopFSService
12:03:31.272 [JavaFX Application Thread] DEBUG FXGL                 - Loading FXGL system data
12:03:31.292 [JavaFX Application Thread] DEBUG DesktopFSService     - Reading from: system/fxgl.bundle
12:03:31.304 [JavaFX Application Thread] DEBUG Bundle               - Logging bundle: FXGL
12:03:31.305 [JavaFX Application Thread] DEBUG Bundle               - FXGL.offline.timer.version.check=2019-03-01T11:53:02.555
12:03:31.375 [JavaFX Application Thread] DEBUG GameApplication      - FXGL started
12:03:31.376 [JavaFX Application Thread] DEBUG GameApplication      - Logging game settings
Title: Breakout Underwater
Version: 0.2
Width: 600
Height: 800
Fullscreen: false
Intro: false
Menus: false
Profiling: false
Single step:false
App Mode: DEVELOPER
Menu Key: ESCAPE
Stage Style: DECORATED
Scene Factory: class com.almasb.fxgl.scene.SceneFactory
Dialog Factory: class com.almasb.fxgl.ui.FXGLDialogFactory
UI Factory: class com.almasb.fxgl.ui.FXGLUIFactory
Notification Service: class com.almasb.fxgl.gameplay.notification.XboxNotificationView
Exception Handler: class com.almasb.fxgl.app.FXGLExceptionHandler
12:03:31.377 [JavaFX Application Thread] DEBUG GameApplication      - Configuring GameApplication
12:03:31.378 [JavaFX Application Thread] DEBUG GameApplication      - Initializing state machine and application states
12:03:31.413 [JavaFX Application Thread] DEBUG AssetLoader          - Loading from disk: /assets/ui/cursors/fxgl_default.png
12:03:31.464 [JavaFX Application Thread] DEBUG AssetLoader          - Loading from disk: /assets/ui/cursors/fxgl_default.png
12:03:32.105 [JavaFX Application Thread] DEBUG FXGLAssets           - Loading FXGLAssets
12:03:32.168 [JavaFX Application Thread] DEBUG AssetLoader          - Loading from disk: /assets/ui/fonts/VarelaRound-Regular.ttf
12:03:32.180 [JavaFX Application Thread] DEBUG AssetLoader          - Loading from disk: /assets/ui/fonts/lucida_console.ttf
12:03:32.183 [JavaFX Application Thread] DEBUG AssetLoader          - Loading from disk: /assets/ui/fonts/Courier-Prime.ttf
12:03:32.187 [JavaFX Application Thread] DEBUG AssetLoader          - Loading from disk: /assets/ui/fonts/Abel-Regular.ttf
12:03:32.190 [JavaFX Application Thread] DEBUG AssetLoader          - Loading from disk: /assets/ui/css/fxgl_dark.css
12:03:32.258 [JavaFX Application Thread] DEBUG AssetLoader          - Loading from disk: /assets/ui/cursors/fxgl_default.png
12:03:32.321 [JavaFX Application Thread] DEBUG AssetLoader          - Loading from disk: /assets/ui/cursors/fxgl_default.png
12:03:32.361 [JavaFX Application Thread] DEBUG GameScene            - Game scene initialized: 600x800
12:03:32.369 [JavaFX Application Thread] DEBUG GameWorld            - Game world initialized
12:03:32.468 [JavaFX Application Thread] DEBUG PhysicsWorld         - Physics world initialized: appHeight=800, physics.ppm=50,0
12:03:32.541 [JavaFX Application Thread] DEBUG Input                - Registered new binding: Pause - Esc
12:03:32.621 [JavaFX Application Thread] DEBUG Input                - Clearing active input actions
12:03:32.707 [JavaFX Application Thread] DEBUG AppStateMachine      - StartupState -> StartupState
12:03:32.716 [JavaFX Application Thread] INFO  GameApplication      - Game configuration took:  1,338 sec
12:03:32.720 [JavaFX Application Thread] DEBUG AssetLoader          - Loading from disk: /assets/textures/fxgl_icon.png
12:03:32.742 [JavaFX Application Thread] DEBUG MainWindow           - Opening main window
12:03:32.922 [JavaFX Application Thread] DEBUG MainWindow           - Window border size: (0.0, 22.0)
12:03:32.922 [JavaFX Application Thread] DEBUG MainWindow           - Scaled size: 600.0 x 800.0
12:03:32.922 [JavaFX Application Thread] DEBUG MainWindow           - Scaled ratio: (1.0, 1.0)
12:03:32.922 [JavaFX Application Thread] DEBUG MainWindow           - Scene size: 600.0 x 800.0
12:03:32.922 [JavaFX Application Thread] DEBUG MainWindow           - Stage size: 600.0 x 822.0
12:03:32.922 [JavaFX Application Thread] DEBUG GameApplication      - Running preInit()
12:03:32.925 [JavaFX Application Thread] DEBUG Input                - Registered new binding: Screenshot - P
12:03:32.926 [JavaFX Application Thread] DEBUG Input                - Registered new binding: Dev Options - CTRL+0
12:03:32.927 [JavaFX Application Thread] DEBUG Input                - Registered new binding: System info dump - CTRL+9
12:03:32.927 [JavaFX Application Thread] DEBUG Input                - Registered new binding: Restart - CTRL+R
12:03:32.928 [JavaFX Application Thread] DEBUG Input                - Registered new binding: Move Left - A
12:03:32.928 [JavaFX Application Thread] DEBUG Input                - Registered new binding: Move Right - D
12:03:32.996 [JavaFX Application Thread] DEBUG GameApplication      - Starting main loop
12:03:33.054 [JavaFX Application Thread] DEBUG StartupState         - STARTUP
12:03:33.055 [JavaFX Application Thread] DEBUG GameApplication      - Starting new game
12:03:33.055 [JavaFX Application Thread] DEBUG Input                - Clearing active input actions
12:03:33.067 [JavaFX Application Thread] DEBUG AppStateMachine      - StartupState -> LoadingState
12:03:33.077 [FXGL Background Thread 1 ] DEBUG InitAppTask          - Clearing previous game
12:03:33.077 [FXGL Background Thread 1 ] DEBUG GameWorld            - Clearing game world
12:03:33.077 [FXGL Background Thread 1 ] DEBUG PhysicsWorld         - Clearing physics world
12:03:33.077 [FXGL Background Thread 1 ] DEBUG GameScene            - Clearing game scene
12:03:33.079 [FXGL Background Thread 1 ] DEBUG InitAppTask          - Initializing Game
12:03:33.264 [FXGL Background Thread 1 ] DEBUG AudioPlayer          - Playing music com.almasb.fxgl.audio.Music@7f08932
12:03:33.354 [FXGL Background Thread 1 ] DEBUG GameScene            - Creating render group for layer: BACKGROUND(1000)
12:03:33.426 [FXGL Background Thread 1 ] DEBUG GameScene            - Creating render group for layer: DEFAULT(100000)
12:03:33.436 [FXGL Background Thread 1 ] DEBUG AssetLoader          - Loading from disk: /assets/text/levels/level1.txt
12:03:33.460 [FXGL Background Thread 1 ] DEBUG AssetLoader          - Loading from disk: /assets/textures/brick_blue.png
12:03:33.478 [FXGL Background Thread 1 ] DEBUG AssetLoader          - Loading from cache: /assets/textures/brick_blue.png@77.0x34.0
12:03:33.480 [FXGL Background Thread 1 ] DEBUG AssetLoader          - Loading from cache: /assets/textures/brick_blue.png@77.0x34.0
12:03:33.482 [FXGL Background Thread 1 ] DEBUG AssetLoader          - Loading from cache: /assets/textures/brick_blue.png@77.0x34.0
12:03:33.483 [FXGL Background Thread 1 ] DEBUG AssetLoader          - Loading from cache: /assets/textures/brick_blue.png@77.0x34.0
12:03:33.484 [FXGL Background Thread 1 ] DEBUG AssetLoader          - Loading from cache: /assets/textures/brick_blue.png@77.0x34.0
12:03:33.485 [FXGL Background Thread 1 ] DEBUG AssetLoader          - Loading from cache: /assets/textures/brick_blue.png@77.0x34.0
12:03:33.486 [FXGL Background Thread 1 ] DEBUG AssetLoader          - Loading from cache: /assets/textures/brick_blue.png@77.0x34.0
12:03:33.488 [FXGL Background Thread 1 ] DEBUG AssetLoader          - Loading from cache: /assets/textures/brick_blue.png@77.0x34.0
12:03:33.489 [FXGL Background Thread 1 ] DEBUG AssetLoader          - Loading from cache: /assets/textures/brick_blue.png@77.0x34.0
12:03:33.490 [FXGL Background Thread 1 ] DEBUG AssetLoader          - Loading from cache: /assets/textures/brick_blue.png@77.0x34.0
12:03:33.492 [FXGL Background Thread 1 ] DEBUG AssetLoader          - Loading from cache: /assets/textures/brick_blue.png@77.0x34.0
12:03:33.493 [FXGL Background Thread 1 ] DEBUG AssetLoader          - Loading from cache: /assets/textures/brick_blue.png@77.0x34.0
12:03:33.495 [FXGL Background Thread 1 ] DEBUG AssetLoader          - Loading from cache: /assets/textures/brick_blue.png@77.0x34.0
12:03:33.497 [FXGL Background Thread 1 ] DEBUG AssetLoader          - Loading from cache: /assets/textures/brick_blue.png@77.0x34.0
12:03:33.499 [FXGL Background Thread 1 ] DEBUG AssetLoader          - Loading from cache: /assets/textures/brick_blue.png@77.0x34.0
12:03:33.500 [FXGL Background Thread 1 ] DEBUG AssetLoader          - Loading from cache: /assets/textures/brick_blue.png@77.0x34.0
12:03:33.502 [FXGL Background Thread 1 ] DEBUG AssetLoader          - Loading from cache: /assets/textures/brick_blue.png@77.0x34.0
12:03:33.503 [FXGL Background Thread 1 ] DEBUG AssetLoader          - Loading from cache: /assets/textures/brick_blue.png@77.0x34.0
12:03:33.505 [FXGL Background Thread 1 ] DEBUG AssetLoader          - Loading from cache: /assets/textures/brick_blue.png@77.0x34.0
12:03:33.506 [FXGL Background Thread 1 ] DEBUG AssetLoader          - Loading from cache: /assets/textures/brick_blue.png@77.0x34.0
12:03:33.507 [FXGL Background Thread 1 ] DEBUG AssetLoader          - Loading from disk: /assets/textures/bat.png
12:03:33.527 [FXGL Background Thread 1 ] DEBUG GameWorld            - Clearing removable entities
12:03:33.527 [FXGL Background Thread 1 ] DEBUG GameWorld            - Setting level: com.almasb.fxgl.entity.Level@6ca6dcb6
12:03:33.534 [FXGL Background Thread 1 ] DEBUG AssetLoader          - Loading from disk: /assets/textures/bubble.png
12:03:33.548 [FXGL Background Thread 1 ] DEBUG InitAppTask          - Initializing Physics
12:03:33.549 [FXGL Background Thread 1 ] DEBUG InitAppTask          - Initializing UI
12:03:33.569 [FXGL Background Thread 1 ] DEBUG InitAppTask          - Initialization Complete
12:03:33.569 [FXGL Background Thread 1 ] INFO  InitAppTask          - Game initialization took: 0,492 sec
12:03:33.579 [JavaFX Application Thread] DEBUG Input                - Clearing active input actions
12:03:33.592 [JavaFX Application Thread] DEBUG AppStateMachine      - LoadingState -> PlayState
12:03:39.069 [JavaFX Application Thread] DEBUG AssetLoader          - Loading from disk: /assets/textures/brick_blue_cracked.png
12:03:42.730 [JavaFX Application Thread] DEBUG AssetLoader          - Loading from cache: /assets/sounds/brick_hit.wav
12:03:44.465 [JavaFX Application Thread] DEBUG GameApplication      - Exiting game application
12:03:44.466 [JavaFX Application Thread] DEBUG GameApplication      - Shutting down background threads
12:03:44.467 [JavaFX Application Thread] DEBUG GameApplication      - Exiting FXGL
12:03:44.467 [JavaFX Application Thread] DEBUG FXGL                 - Saving FXGL system data
12:03:44.471 [JavaFX Application Thread] DEBUG DesktopFSService     - Writing to: system/fxgl.bundle
12:03:44.475 [JavaFX Application Thread] DEBUG GameApplication      - Closing logger and exiting JavaFX
