[2019-11-04 23:17:45.878] [exthost] [info] extension host started
[2019-11-04 23:17:47.012] [exthost] [info] extension host started
[2019-11-04 23:17:47.128] [exthost] [info] ExtensionService#_doActivateExtension HookyQR.beautify {"startup":true,"activationEvent":"*"}
[2019-11-04 23:17:47.128] [exthost] [info] ExtensionService#loadCommonJSModule C:\Users\Fernanda\.p2\pool\plugins\pack.core.win_3.6.0.201910290238\HookyQR.beautify-1.4.11\extension
[2019-11-04 23:17:52.667] [exthost] [info] ExtensionService#_doActivateExtension christian-kohler.path-intellisense {"startup":true,"activationEvent":"*"}
[2019-11-04 23:17:52.667] [exthost] [info] ExtensionService#loadCommonJSModule C:\Users\Fernanda\.p2\pool\plugins\pack.core.win_3.6.0.201910290238\christian-kohler.path-intellisense-1.4.2\out\src\extension
[2019-11-04 23:17:55.794] [exthost] [info] ExtensionService#_doActivateExtension dbaeumer.vscode-eslint {"startup":true,"activationEvent":"*"}
[2019-11-04 23:17:55.794] [exthost] [info] ExtensionService#loadCommonJSModule C:\Users\Fernanda\.p2\pool\plugins\pack.core.win_3.6.0.201910290238\dbaeumer.vscode-eslint-1.9.0\client\out\extension
[2019-11-04 23:17:56.731] [exthost] [info] ExtensionService#_doActivateExtension vscode.debug-auto-launch {"startup":true,"activationEvent":"*"}
[2019-11-04 23:17:56.731] [exthost] [info] ExtensionService#loadCommonJSModule c:\Users\Fernanda\.p2\pool\plugins\com.genuitec.eclipse.code.engine.app.win32.x86_64_3.6.0.201910290238\engine\resources\app\extensions\debug-auto-launch\dist\extension
[2019-11-04 23:17:56.922] [exthost] [info] ExtensionService#_doActivateExtension vscode.emmet {"startup":true,"activationEvent":"*"}
[2019-11-04 23:17:56.922] [exthost] [info] ExtensionService#loadCommonJSModule c:\Users\Fernanda\.p2\pool\plugins\com.genuitec.eclipse.code.engine.app.win32.x86_64_3.6.0.201910290238\engine\resources\app\extensions\emmet\dist\extension
[2019-11-04 23:17:57.335] [exthost] [info] ExtensionService#_doActivateExtension formulahendry.auto-close-tag {"startup":true,"activationEvent":"*"}
[2019-11-04 23:17:57.335] [exthost] [info] ExtensionService#loadCommonJSModule C:\Users\Fernanda\.p2\pool\plugins\pack.core.win_3.6.0.201910290238\formulahendry.auto-close-tag-0.5.6\out\src\extension
[2019-11-04 23:17:57.466] [exthost] [info] ExtensionService#_doActivateExtension vscode.grunt {"startup":false,"activationEvent":"onCommand:workbench.action.tasks.runTask"}
[2019-11-04 23:17:57.466] [exthost] [info] ExtensionService#loadCommonJSModule c:\Users\Fernanda\.p2\pool\plugins\com.genuitec.eclipse.code.engine.app.win32.x86_64_3.6.0.201910290238\engine\resources\app\extensions\grunt\dist\main
[2019-11-04 23:17:57.678] [exthost] [info] ExtensionService#_doActivateExtension vscode.gulp {"startup":false,"activationEvent":"onCommand:workbench.action.tasks.runTask"}
[2019-11-04 23:17:57.678] [exthost] [info] ExtensionService#loadCommonJSModule c:\Users\Fernanda\.p2\pool\plugins\com.genuitec.eclipse.code.engine.app.win32.x86_64_3.6.0.201910290238\engine\resources\app\extensions\gulp\dist\main
[2019-11-04 23:17:57.839] [exthost] [info] ExtensionService#_doActivateExtension vscode.jake {"startup":false,"activationEvent":"onCommand:workbench.action.tasks.runTask"}
[2019-11-04 23:17:57.839] [exthost] [info] ExtensionService#loadCommonJSModule c:\Users\Fernanda\.p2\pool\plugins\com.genuitec.eclipse.code.engine.app.win32.x86_64_3.6.0.201910290238\engine\resources\app\extensions\jake\dist\main
[2019-11-04 23:17:58.009] [exthost] [info] ExtensionService#_doActivateExtension vscode.npm {"startup":false,"activationEvent":"onCommand:workbench.action.tasks.runTask"}
[2019-11-04 23:17:58.009] [exthost] [info] ExtensionService#loadCommonJSModule c:\Users\Fernanda\.p2\pool\plugins\com.genuitec.eclipse.code.engine.app.win32.x86_64_3.6.0.201910290238\engine\resources\app\extensions\npm\dist\main
[2019-11-04 23:17:58.617] [exthost] [info] ExtensionService#_doActivateExtension vscode.typescript-language-features {"startup":false,"activationEvent":"onCommand:workbench.action.tasks.runTask"}
[2019-11-04 23:17:58.617] [exthost] [info] ExtensionService#loadCommonJSModule c:\Users\Fernanda\.p2\pool\plugins\com.genuitec.eclipse.code.engine.app.win32.x86_64_3.6.0.201910290238\engine\resources\app\extensions\typescript-language-features\dist\extension
[2019-11-04 23:18:01.216] [exthost] [info] eager extensions activated
