#
# A fatal error has been detected by the Java Runtime Environment:
#
#  SIGSEGV (0xb) at pc=0x00007fff2e60b5f0, pid=6875, tid=0x0000000000000f03
#
# JRE version: Java(TM) SE Runtime Environment (8.0_231-b11) (build 1.8.0_231-b11)
# Java VM: Java HotSpot(TM) 64-Bit Server VM (25.231-b11 mixed mode bsd-amd64 compressed oops)
# Problematic frame:
# C  [HIToolbox+0x3d5f0]  THIThemeTextInfoPublic::GetOptions() const+0x8
#
# Failed to write core dump. Core dumps have been disabled. To enable core dumping, try "ulimit -c unlimited" before starting Java again
#
# If you would like to submit a bug report, please visit:
#   http://bugreport.java.com/bugreport/crash.jsp
# The crash happened outside the Java Virtual Machine in native code.
# See problematic frame for where to report the bug.
#

---------------  T H R E A D  ---------------

Current thread (0x00007fdb7a002000):  JavaThread "main" [_thread_in_native, id=3843, stack(0x000070000f454000,0x000070000f554000)]

siginfo: si_signo: 11 (SIGSEGV), si_code: 1 (SEGV_MAPERR), si_addr: 0x0000000000000012

Registers:
RAX=0x0000000000000000, RBX=0x00007fdb7941b810, RCX=0x000070000f551e68, RDX=0x0000000000000000
RSP=0x000070000f551d40, RBP=0x000070000f551d40, RSI=0x00007fdb7a859580, RDI=0x00007fdb7a859580
R8 =0x000070000f551e70, R9 =0x000000000000000f, R10=0x00007fdb7a800000, R11=0x00007fdb7a8657a0
R12=0x0000000000000000, R13=0x000070000f551e68, R14=0x00007fdb7a859580, R15=0x000070000f551e60
RIP=0x00007fff2e60b5f0, EFLAGS=0x0000000000010202, ERR=0x0000000000000004
  TRAPNO=0x000000000000000e

Top of Stack: (sp=0x000070000f551d40)
0x000070000f551d40:   000070000f551d80 00007fff2e60b51a
0x000070000f551d50:   7f7fffff00000000 00007fdb7a859580
0x000070000f551d60:   000070000f551e70 000070000f551e68
0x000070000f551d70:   00007fdb7941b810 000070000f551e60
0x000070000f551d80:   000070000f551dc0 00007fff2e60b427
0x000070000f551d90:   00007fff88342b00 00007fdb7941b810
0x000070000f551da0:   000070000f551dd8 00007fdb7946ac50
0x000070000f551db0:   00007fdb7a859580 0000000000000064
0x000070000f551dc0:   000070000f551e50 00007fff2e60a277
0x000070000f551dd0:   00007fdb79467b80 0000000000000000
0x000070000f551de0:   0000000000000001 00007fff90d011c0
0x000070000f551df0:   000070000f551e50 00007fff65c9118e
0x000070000f551e00:   00007fdb79479a50 47efffffe0000000
0x000070000f551e10:   000070000f551e70 000070000f551e68
0x000070000f551e20:   000070000f551e60 0000000000000000
0x000070000f551e30:   0000000000000002 00007fdb7952aef0
0x000070000f551e40:   0000000000000000 000070000f551ef0
0x000070000f551e50:   000070000f551e90 00007fff2e60a134
0x000070000f551e60:   00007fdb7a859d40 00007fdb7a84c7d0
0x000070000f551e70:   0000000000000002 00007fdb7946ac50
0x000070000f551e80:   000000012ab85798 000070000f551ea8
0x000070000f551e90:   000070000f551f20 00007fff2e609cdd
0x000070000f551ea0:   0002000000000002 0000000100000000
0x000070000f551eb0:   0000000000000064 0002010200000000
0x000070000f551ec0:   0000000000010000 0000000000000000
0x000070000f551ed0:   0000000000000000 00007fdb7955e6e0
0x000070000f551ee0:   000000012ab85798 0000000100000000
0x000070000f551ef0:   0000000000000000 0000000000000002
0x000070000f551f00:   00007fdb7a84c7d0 0000000000000000
0x000070000f551f10:   0000000000000000 00007fdb7955e6e0
0x000070000f551f20:   000070000f551f60 00007fff2e609a5e
0x000070000f551f30:   0000000000000003 42b6000042380000 

Instructions: (pc=0x00007fff2e60b5f0)
0x00007fff2e60b5d0:   5d e9 a8 00 00 00 31 c0 48 83 c4 08 5b 41 5c 41
0x00007fff2e60b5e0:   5d 41 5e 41 5f 5d c3 90 55 48 89 e5 48 8b 47 08
0x00007fff2e60b5f0:   8b 40 12 5d c3 90 90 90 90 90 90 90 55 48 89 e5
0x00007fff2e60b600:   41 56 53 41 89 d6 0f 57 c9 0f 2e c1 75 02 7b 3a 

Register to memory mapping:

RAX=0x0000000000000000 is an unknown value
RBX=0x00007fdb7941b810 is an unknown value
RCX=0x000070000f551e68 is pointing into the stack for thread: 0x00007fdb7a002000
RDX=0x0000000000000000 is an unknown value
RSP=0x000070000f551d40 is pointing into the stack for thread: 0x00007fdb7a002000
RBP=0x000070000f551d40 is pointing into the stack for thread: 0x00007fdb7a002000
RSI=0x00007fdb7a859580 is an unknown value
RDI=0x00007fdb7a859580 is an unknown value
R8 =0x000070000f551e70 is pointing into the stack for thread: 0x00007fdb7a002000
R9 =0x000000000000000f is an unknown value
R10=0x00007fdb7a800000 is an unknown value
R11=0x00007fdb7a8657a0 is an unknown value
R12=0x0000000000000000 is an unknown value
R13=0x000070000f551e68 is pointing into the stack for thread: 0x00007fdb7a002000
R14=0x00007fdb7a859580 is an unknown value
R15=0x000070000f551e60 is pointing into the stack for thread: 0x00007fdb7a002000


Stack: [0x000070000f454000,0x000070000f554000],  sp=0x000070000f551d40,  free space=1015k
Native frames: (J=compiled Java code, j=interpreted, Vv=VM code, C=native code)
C  [HIToolbox+0x3d5f0]  THIThemeTextInfoPublic::GetOptions() const+0x8
C  [HIToolbox+0x3d51a]  TCoreTextEngine::VerifyLayout(THIThemeTextInfo*, float, float, LayoutIntent)+0x34
C  [HIToolbox+0x3d427]  TCoreTextEngine::GetThemeTextDimensions(double, THIThemeTextInfo*, double*, double*, double*)+0x2b
C  [HIToolbox+0x3c277]  DataEngine::GetTextDimensions(void const*, double, HIThemeTextInfo*, double*, double*, double*)+0x10f
C  [HIToolbox+0x3c134]  HIThemeGetTextDimensions+0xbc
C  [HIToolbox+0x3bcdd]  HIMenuBarView::MeasureMenuTitle(MenuData*, unsigned char, float*, int)+0x1af
C  [HIToolbox+0x3ba5e]  HIMenuBarView::MeasureAppMenus()+0xe6
C  [HIToolbox+0x3b5f7]  HIMenuBarView::EnsureBarLayout()+0x1a3
C  [HIToolbox+0x3af17]  HIMenuBarView::DrawOnce(CGRect, CGRect, bool, bool, CGContext*)+0x23b
C  [HIToolbox+0x3abf6]  HIMenuBarView::DrawSelf(short, __HIShape const*, CGContext*)+0x23a
C  [HIToolbox+0x3a65e]  HIMenuBarView::DrawWithoutCustomization(short, __HIShape const*, CGContext*)+0x52
C  [HIToolbox+0x3a5f6]  HIMenuBarView::DrawingDelegateHandler(OpaqueEventHandlerCallRef*, OpaqueEventRef*, void*)+0x102
C  [HIToolbox+0x8701]  DispatchEventToHandlers(EventTargetRec*, OpaqueEventRef*, HandlerCallRec*)+0x58b
C  [HIToolbox+0x7ad0]  SendEventToEventTargetInternal(OpaqueEventRef*, OpaqueEventTargetRef*, HandlerCallRec*)+0x152
C  [HIToolbox+0x7973]  SendEventToEventTargetWithOptions+0x2d
C  [HIToolbox+0x3a16b]  HIView::SendDraw(short, OpaqueGrafPtr*, __HIShape const*, CGContext*)+0x145
C  [HIToolbox+0x39bde]  HIView::RecursiveDrawComposited(__HIShape const*, __HIShape const*, unsigned int, HIView*, CGContext*, unsigned char, double)+0x246
C  [HIToolbox+0x39e29]  HIView::RecursiveDrawComposited(__HIShape const*, __HIShape const*, unsigned int, HIView*, CGContext*, unsigned char, double)+0x491
C  [HIToolbox+0x39619]  HIView::DrawComposited(short, OpaqueGrafPtr*, __HIShape const*, unsigned int, HIView*, CGContext*)+0x32f
C  [HIToolbox+0x392db]  HIView::Render(unsigned int, CGContext*)+0x33
C  [HIToolbox+0x38a09]  WindowData::PrepareForVisibility()+0x99
C  [HIToolbox+0x5c694]  _ShowHideWindows+0x11e
C  [HIToolbox+0x38450]  ShowHide+0x23
C  [HIToolbox+0x28c8b]  MBWindows::GetWindowOnDisplay(unsigned int, unsigned char)+0x121
C  [HIToolbox+0x28a5f]  MenuBarInstance::ForEachWindowDo(unsigned char, bool (OpaqueWindowPtr*, unsigned int) block_pointer)+0xb7
C  [HIToolbox+0x1a6dcf]  MenuBarInstance::SetBoundsAndUpdateResolution()+0x67
C  [HIToolbox+0x2858a]  MenuBarInstance::Show(MenuBarAnimationStyle, unsigned char, unsigned char, unsigned char, unsigned char)+0x118
C  [HIToolbox+0x5c2e1]  MenuBarInstance::UpdateAggregateUIMode(MenuBarAnimationStyle, unsigned char, unsigned char, unsigned char)+0x325
C  [HIToolbox+0x4485a]  MenuBarInstance::ForEachMenuBarDo(void (MenuBarInstance*) block_pointer)+0x2e
C  [HIToolbox+0x5bf6a]  UpdateAllAggregateUIModes(MenuBarAnimationStyle, unsigned char)+0x7e
C  [HIToolbox+0x5bed6]  SetSystemUIMode+0xa5
C  [AppKit+0x111e3]  -[NSApplication finishLaunching]+0x2dc
C  [AppKit+0x10bd8]  -[NSApplication run]+0xf4
C  [libglfw.dylib+0x10a85]
[error occurred during error reporting (printing native stack), id 0xe0000000]

Java frames: (J=compiled Java code, j=interpreted, Vv=VM code)
j  org.lwjgl.system.JNI.invokePPPP(IIJJJJ)J+0
j  org.lwjgl.glfw.GLFW.nglfwCreateWindow(IIJJJ)J+14
j  org.lwjgl.glfw.GLFW.glfwCreateWindow(IILjava/lang/CharSequence;JJ)J+37
j  motor.io.Janela.cria()V+30
j  main.Main.inicializa()V+29
j  main.Main.run()V+0
j  java.lang.Thread.run()V+11
j  main.Main.start()V+18
j  main.Main.main([Ljava/lang/String;)V+7
v  ~StubRoutines::call_stub

---------------  P R O C E S S  ---------------

Java Threads: ( => current thread )
  0x00007fdb7b823000 JavaThread "Service Thread" daemon [_thread_blocked, id=15619, stack(0x000070001068d000,0x000070001078d000)]
  0x00007fdb7b042000 JavaThread "C1 CompilerThread3" daemon [_thread_blocked, id=15107, stack(0x000070001058a000,0x000070001068a000)]
  0x00007fdb7b041800 JavaThread "C2 CompilerThread2" daemon [_thread_blocked, id=16899, stack(0x0000700010487000,0x0000700010587000)]
  0x00007fdb7b040800 JavaThread "C2 CompilerThread1" daemon [_thread_blocked, id=17155, stack(0x0000700010384000,0x0000700010484000)]
  0x00007fdb7b03f000 JavaThread "C2 CompilerThread0" daemon [_thread_blocked, id=17667, stack(0x0000700010281000,0x0000700010381000)]
  0x00007fdb79834800 JavaThread "Signal Dispatcher" daemon [_thread_blocked, id=18179, stack(0x000070001017e000,0x000070001027e000)]
  0x00007fdb7b03e000 JavaThread "Finalizer" daemon [_thread_blocked, id=19971, stack(0x000070000ff75000,0x0000700010075000)]
  0x00007fdb7b03b000 JavaThread "Reference Handler" daemon [_thread_blocked, id=12291, stack(0x000070000fe72000,0x000070000ff72000)]
=>0x00007fdb7a002000 JavaThread "main" [_thread_in_native, id=3843, stack(0x000070000f454000,0x000070000f554000)]

Other Threads:
  0x00007fdb7981c000 VMThread [stack: 0x000070000fd6f000,0x000070000fe6f000] [id=12035]
  0x00007fdb79834000 WatcherThread [stack: 0x0000700010790000,0x0000700010890000] [id=16387]

VM state:not at safepoint (normal execution)

VM Mutex/Monitor currently owned by a thread: None

heap address: 0x00000006c0000000, size: 4096 MB, Compressed Oops mode: Zero based, Oop shift amount: 3
Narrow klass base: 0x0000000000000000, Narrow klass shift: 3
Compressed class space size: 1073741824 Address: 0x00000007c0000000

Heap:
 PSYoungGen      total 76288K, used 7865K [0x000000076ab00000, 0x0000000770000000, 0x00000007c0000000)
  eden space 65536K, 12% used [0x000000076ab00000,0x000000076b2ae410,0x000000076eb00000)
  from space 10752K, 0% used [0x000000076f580000,0x000000076f580000,0x0000000770000000)
  to   space 10752K, 0% used [0x000000076eb00000,0x000000076eb00000,0x000000076f580000)
 ParOldGen       total 175104K, used 0K [0x00000006c0000000, 0x00000006cab00000, 0x000000076ab00000)
  object space 175104K, 0% used [0x00000006c0000000,0x00000006c0000000,0x00000006cab00000)
 Metaspace       used 6049K, capacity 6250K, committed 6400K, reserved 1056768K
  class space    used 632K, capacity 711K, committed 768K, reserved 1048576K

Card table byte_map: [0x000000010dff9000,0x000000010e7fa000] byte_map_base: 0x000000010a9f9000

Marking Bits: (ParMarkBitMap*) 0x000000010d4fceb0
 Begin Bits: [0x000000010ed50000, 0x0000000112d50000)
 End Bits:   [0x0000000112d50000, 0x0000000116d50000)

Polling page: 0x000000010bbf5000

CodeCache: size=245760Kb used=2320Kb max_used=2323Kb free=243439Kb
 bounds [0x000000011907b000, 0x00000001192eb000, 0x000000012807b000]
 total_blobs=1234 nmethods=453 adapters=695
 compilation: enabled

Compilation events (10 events):
Event: 0.397 Thread 0x00007fdb7b042000  450       3       sun.misc.URLClassPath$JarLoader::findResource (18 bytes)
Event: 0.397 Thread 0x00007fdb7b042000 nmethod 450 0x00000001192bc0d0 code [0x00000001192bc260, 0x00000001192bc4f8]
Event: 0.399 Thread 0x00007fdb7b041800 nmethod 449 0x00000001192bf3d0 code [0x00000001192bf520, 0x00000001192bf718]
Event: 0.402 Thread 0x00007fdb7b03f000 nmethod 446 0x00000001192bd710 code [0x00000001192bd880, 0x00000001192bdd38]
Event: 0.405 Thread 0x00007fdb7b042000  451       3       java.util.zip.ZipEntry::<init> (146 bytes)
Event: 0.405 Thread 0x00007fdb7b042000 nmethod 451 0x00000001192bcf90 code [0x00000001192bd120, 0x00000001192bd568]
Event: 0.406 Thread 0x00007fdb7b042000  452       3       java.nio.DirectByteBuffer::ix (10 bytes)
Event: 0.406 Thread 0x00007fdb7b042000 nmethod 452 0x00000001192bcc90 code [0x00000001192bcde0, 0x00000001192bcf30]
Event: 0.407 Thread 0x00007fdb7b042000  453       3       sun.net.www.ParseUtil::encodePath (336 bytes)
Event: 0.408 Thread 0x00007fdb7b042000 nmethod 453 0x00000001192bfa50 code [0x00000001192bfcc0, 0x00000001192c0cb8]

GC Heap History (0 events):
No events

Deoptimization events (1 events):
Event: 0.118 Thread 0x00007fdb7a002000 Uncommon trap: reason=unstable_if action=reinterpret pc=0x00000001191a0528 method=java.lang.String.hashCode()I @ 14

Classes redefined (0 events):
No events

Internal exceptions (10 events):
Event: 0.164 Thread 0x00007fdb7a002000 Exception <a 'java/lang/NoSuchMethodError': java.lang.Object.lambda$static$0(Ljava/lang/String;)Ljava/lang/Boolean;> (0x000000076aeb8cb8) thrown at [/Users/java_re/workspace/8-2-build-macosx-x86_64/jdk8u231/13620/hotspot/src/share/vm/interpreter/linkResol
Event: 0.178 Thread 0x00007fdb7a002000 Exception <a 'java/lang/NoSuchFieldError': method resolution failed> (0x000000076af309c8) thrown at [/Users/java_re/workspace/8-2-build-macosx-x86_64/jdk8u231/13620/hotspot/src/share/vm/prims/methodHandles.cpp, line 1167]
Event: 0.180 Thread 0x00007fdb7a002000 Exception <a 'java/lang/NoSuchFieldError': method resolution failed> (0x000000076af3dd98) thrown at [/Users/java_re/workspace/8-2-build-macosx-x86_64/jdk8u231/13620/hotspot/src/share/vm/prims/methodHandles.cpp, line 1167]
Event: 0.237 Thread 0x00007fdb7a002000 Exception <a 'java/security/PrivilegedActionException'> (0x000000076b0b3a80) thrown at [/Users/java_re/workspace/8-2-build-macosx-x86_64/jdk8u231/13620/hotspot/src/share/vm/prims/jvm.cpp, line 1502]
Event: 0.237 Thread 0x00007fdb7a002000 Exception <a 'java/security/PrivilegedActionException'> (0x000000076b0b3c90) thrown at [/Users/java_re/workspace/8-2-build-macosx-x86_64/jdk8u231/13620/hotspot/src/share/vm/prims/jvm.cpp, line 1502]
Event: 0.237 Thread 0x00007fdb7a002000 Exception <a 'java/security/PrivilegedActionException'> (0x000000076b0b6fc0) thrown at [/Users/java_re/workspace/8-2-build-macosx-x86_64/jdk8u231/13620/hotspot/src/share/vm/prims/jvm.cpp, line 1502]
Event: 0.238 Thread 0x00007fdb7a002000 Exception <a 'java/security/PrivilegedActionException'> (0x000000076b0b71d0) thrown at [/Users/java_re/workspace/8-2-build-macosx-x86_64/jdk8u231/13620/hotspot/src/share/vm/prims/jvm.cpp, line 1502]
Event: 0.262 Thread 0x00007fdb7a002000 Exception <a 'sun/nio/fs/UnixException'> (0x000000076b10f900) thrown at [/Users/java_re/workspace/8-2-build-macosx-x86_64/jdk8u231/13620/hotspot/src/share/vm/prims/jni.cpp, line 710]
Event: 0.281 Thread 0x00007fdb7a002000 Exception <a 'sun/nio/fs/UnixException'> (0x000000076b156780) thrown at [/Users/java_re/workspace/8-2-build-macosx-x86_64/jdk8u231/13620/hotspot/src/share/vm/prims/jni.cpp, line 710]
Event: 0.397 Thread 0x00007fdb7a002000 Exception <a 'sun/nio/fs/UnixException'> (0x000000076b285a40) thrown at [/Users/java_re/workspace/8-2-build-macosx-x86_64/jdk8u231/13620/hotspot/src/share/vm/prims/jni.cpp, line 710]

Events (10 events):
Event: 0.394 loading class org/lwjgl/glfw/EventLoop
Event: 0.394 loading class org/lwjgl/glfw/EventLoop done
Event: 0.395 loading class org/lwjgl/system/macosx/ObjCRuntime
Event: 0.395 loading class org/lwjgl/system/macosx/ObjCRuntime done
Event: 0.398 loading class org/lwjgl/system/dyncall/DynLoad
Event: 0.398 loading class org/lwjgl/system/dyncall/DynLoad done
Event: 0.404 loading class org/lwjgl/system/macosx/ObjCRuntime$Functions
Event: 0.404 loading class org/lwjgl/system/macosx/ObjCRuntime$Functions done
Event: 0.407 loading class org/lwjgl/system/macosx/CoreFoundation
Event: 0.407 loading class org/lwjgl/system/macosx/CoreFoundation done


Dynamic libraries:
0x00007fff2eaae000 	/System/Library/Frameworks/Cocoa.framework/Versions/A/Cocoa
0x00007fff3c097000 	/System/Library/Frameworks/Security.framework/Versions/A/Security
0x00007fff2da4e000 	/System/Library/Frameworks/ApplicationServices.framework/Versions/A/ApplicationServices
0x00007fff66350000 	/usr/lib/libz.1.dylib
0x00007fff63dab000 	/usr/lib/libSystem.B.dylib
0x00007fff65c83000 	/usr/lib/libobjc.A.dylib
0x00007fff2fa26000 	/System/Library/Frameworks/CoreFoundation.framework/Versions/A/CoreFoundation
0x00007fff3210e000 	/System/Library/Frameworks/Foundation.framework/Versions/C/Foundation
0x00007fff2cc46000 	/System/Library/Frameworks/AppKit.framework/Versions/C/AppKit
0x00007fff2f52b000 	/System/Library/Frameworks/CoreData.framework/Versions/A/CoreData
0x00007fff60656000 	/System/Library/PrivateFrameworks/UIFoundation.framework/Versions/A/UIFoundation
0x00007fff5ae87000 	/System/Library/PrivateFrameworks/RemoteViewServices.framework/Versions/A/RemoteViewServices
0x00007fff630d9000 	/System/Library/PrivateFrameworks/XCTTargetBootstrap.framework/Versions/A/XCTTargetBootstrap
0x00007fff2f919000 	/System/Library/Frameworks/CoreDisplay.framework/Versions/A/CoreDisplay
0x00007fff34e82000 	/System/Library/Frameworks/Metal.framework/Versions/A/Metal
0x00007fff49393000 	/System/Library/PrivateFrameworks/DesktopServicesPriv.framework/Versions/A/DesktopServicesPriv
0x00007fff64f6e000 	/usr/lib/liblangid.dylib
0x00007fff484ea000 	/System/Library/PrivateFrameworks/CoreSVG.framework/Versions/A/CoreSVG
0x00007fff5dc07000 	/System/Library/PrivateFrameworks/SkyLight.framework/Versions/A/SkyLight
0x00007fff2fea7000 	/System/Library/Frameworks/CoreGraphics.framework/Versions/A/CoreGraphics
0x00007fff2b6dc000 	/System/Library/Frameworks/Accelerate.framework/Versions/A/Accelerate
0x00007fff66241000 	/usr/lib/libxml2.2.dylib
0x00007fff54096000 	/System/Library/PrivateFrameworks/IconServices.framework/Versions/A/IconServices
0x00007fff328f0000 	/System/Library/Frameworks/IOSurface.framework/Versions/A/IOSurface
0x00007fff638e3000 	/usr/lib/libDiagnosticMessagesClient.dylib
0x00007fff4920c000 	/System/Library/PrivateFrameworks/DFRFoundation.framework/Versions/A/DFRFoundation
0x00007fff64cfc000 	/usr/lib/libicucore.A.dylib
0x00007fff2dd80000 	/System/Library/Frameworks/AudioToolbox.framework/Versions/A/AudioToolbox
0x00007fff2de62000 	/System/Library/Frameworks/AudioUnit.framework/Versions/A/AudioUnit
0x00007fff64044000 	/usr/lib/libauto.dylib
0x00007fff4928d000 	/System/Library/PrivateFrameworks/DataDetectorsCore.framework/Versions/A/DataDetectorsCore
0x00007fff2e5ce000 	/System/Library/Frameworks/Carbon.framework/Versions/A/Frameworks/HIToolbox.framework/Versions/A/HIToolbox
0x00007fff3b2cc000 	/System/Library/Frameworks/QuartzCore.framework/Versions/A/QuartzCore
0x00007fff2e90d000 	/System/Library/Frameworks/Carbon.framework/Versions/A/Frameworks/SpeechRecognition.framework/Versions/A/SpeechRecognition
0x00007fff48b90000 	/System/Library/PrivateFrameworks/CoreUI.framework/Versions/A/CoreUI
0x00007fff2ef91000 	/System/Library/Frameworks/CoreAudio.framework/Versions/A/CoreAudio
0x00007fff31dd6000 	/System/Library/Frameworks/DiskArbitration.framework/Versions/A/DiskArbitration
0x00007fff5609f000 	/System/Library/PrivateFrameworks/MultitouchSupport.framework/Versions/A/MultitouchSupport
0x00007fff64bc2000 	/usr/lib/libenergytrace.dylib
0x00007fff3284b000 	/System/Library/Frameworks/IOKit.framework/Versions/A/IOKit
0x00007fff30e38000 	/System/Library/Frameworks/CoreServices.framework/Versions/A/CoreServices
0x00007fff58115000 	/System/Library/PrivateFrameworks/PerformanceAnalysis.framework/Versions/A/PerformanceAnalysis
0x00007fff3a303000 	/System/Library/Frameworks/OpenGL.framework/Versions/A/OpenGL
0x00007fff2eabc000 	/System/Library/Frameworks/ColorSync.framework/Versions/A/ColorSync
0x00007fff30552000 	/System/Library/Frameworks/CoreImage.framework/Versions/A/CoreImage
0x00007fff318ad000 	/System/Library/Frameworks/CoreText.framework/Versions/A/CoreText
0x00007fff32977000 	/System/Library/Frameworks/ImageIO.framework/Versions/A/ImageIO
0x00007fff64120000 	/usr/lib/libc++.1.dylib
0x00007fff6419c000 	/usr/lib/libcompression.dylib
0x00007fff63c25000 	/usr/lib/libMobileGestalt.dylib
0x00007fff5f738000 	/System/Library/PrivateFrameworks/TextureIO.framework/Versions/A/TextureIO
0x00007fff63f13000 	/usr/lib/libate.dylib
0x00007fff5429e000 	/System/Library/PrivateFrameworks/InternationalSupport.framework/Versions/A/InternationalSupport
0x00007fff66dc8000 	/usr/lib/system/libcache.dylib
0x00007fff66dce000 	/usr/lib/system/libcommonCrypto.dylib
0x00007fff66dda000 	/usr/lib/system/libcompiler_rt.dylib
0x00007fff66de2000 	/usr/lib/system/libcopyfile.dylib
0x00007fff66dec000 	/usr/lib/system/libcorecrypto.dylib
0x00007fff66f9a000 	/usr/lib/system/libdispatch.dylib
0x00007fff66fdc000 	/usr/lib/system/libdyld.dylib
0x00007fff67012000 	/usr/lib/system/libkeymgr.dylib
0x00007fff67020000 	/usr/lib/system/liblaunch.dylib
0x00007fff67021000 	/usr/lib/system/libmacho.dylib
0x00007fff67027000 	/usr/lib/system/libquarantine.dylib
0x00007fff6702a000 	/usr/lib/system/libremovefile.dylib
0x00007fff6702c000 	/usr/lib/system/libsystem_asl.dylib
0x00007fff67044000 	/usr/lib/system/libsystem_blocks.dylib
0x00007fff67045000 	/usr/lib/system/libsystem_c.dylib
0x00007fff670cd000 	/usr/lib/system/libsystem_configuration.dylib
0x00007fff670d1000 	/usr/lib/system/libsystem_coreservices.dylib
0x00007fff670d5000 	/usr/lib/system/libsystem_darwin.dylib
0x00007fff670dd000 	/usr/lib/system/libsystem_dnssd.dylib
0x00007fff670e5000 	/usr/lib/system/libsystem_featureflags.dylib
0x00007fff670e7000 	/usr/lib/system/libsystem_info.dylib
0x00007fff67162000 	/usr/lib/system/libsystem_m.dylib
0x00007fff671ae000 	/usr/lib/system/libsystem_malloc.dylib
0x00007fff671d6000 	/usr/lib/system/libsystem_networkextension.dylib
0x00007fff671e4000 	/usr/lib/system/libsystem_notify.dylib
0x00007fff67203000 	/usr/lib/system/libsystem_sandbox.dylib
0x00007fff67208000 	/usr/lib/system/libsystem_secinit.dylib
0x00007fff67135000 	/usr/lib/system/libsystem_kernel.dylib
0x00007fff671ee000 	/usr/lib/system/libsystem_platform.dylib
0x00007fff671f8000 	/usr/lib/system/libsystem_pthread.dylib
0x00007fff6720b000 	/usr/lib/system/libsystem_symptoms.dylib
0x00007fff67213000 	/usr/lib/system/libsystem_trace.dylib
0x00007fff6722b000 	/usr/lib/system/libunwind.dylib
0x00007fff67231000 	/usr/lib/system/libxpc.dylib
0x00007fff64174000 	/usr/lib/libc++abi.dylib
0x00007fff64f70000 	/usr/lib/liblzma.5.dylib
0x00007fff64bea000 	/usr/lib/libfakelink.dylib
0x00007fff63ea0000 	/usr/lib/libarchive.2.dylib
0x00007fff3d251000 	/System/Library/Frameworks/SystemConfiguration.framework/Versions/A/SystemConfiguration
0x00007fff63814000 	/usr/lib/libCRFSuite.dylib
0x00007fff2e1d8000 	/System/Library/Frameworks/CFNetwork.framework/Versions/A/CFNetwork
0x00007fff64102000 	/usr/lib/libbsm.0.dylib
0x00007fff67013000 	/usr/lib/system/libkxld.dylib
0x00007fff42d29000 	/System/Library/PrivateFrameworks/AppleFSCompression.framework/Versions/A/AppleFSCompression
0x00007fff64481000 	/usr/lib/libcoretls.dylib
0x00007fff64498000 	/usr/lib/libcoretls_cfhelpers.dylib
0x00007fff65cc8000 	/usr/lib/libpam.2.dylib
0x00007fff65df8000 	/usr/lib/libsqlite3.dylib
0x00007fff6622e000 	/usr/lib/libxar.1.dylib
0x00007fff64113000 	/usr/lib/libbz2.1.0.dylib
0x00007fff64c0b000 	/usr/lib/libiconv.2.dylib
0x00007fff64189000 	/usr/lib/libcharset.1.dylib
0x00007fff65772000 	/usr/lib/libnetwork.dylib
0x00007fff65ccf000 	/usr/lib/libpcap.A.dylib
0x00007fff63e55000 	/usr/lib/libapple_nghttp2.dylib
0x00007fff311ef000 	/System/Library/Frameworks/CoreServices.framework/Versions/A/Frameworks/FSEvents.framework/Versions/A/FSEvents
0x00007fff30ebf000 	/System/Library/Frameworks/CoreServices.framework/Versions/A/Frameworks/CarbonCore.framework/Versions/A/CarbonCore
0x00007fff31432000 	/System/Library/Frameworks/CoreServices.framework/Versions/A/Frameworks/Metadata.framework/Versions/A/Metadata
0x00007fff314cb000 	/System/Library/Frameworks/CoreServices.framework/Versions/A/Frameworks/OSServices.framework/Versions/A/OSServices
0x00007fff314f9000 	/System/Library/Frameworks/CoreServices.framework/Versions/A/Frameworks/SearchKit.framework/Versions/A/SearchKit
0x00007fff30e39000 	/System/Library/Frameworks/CoreServices.framework/Versions/A/Frameworks/AE.framework/Versions/A/AE
0x00007fff311f8000 	/System/Library/Frameworks/CoreServices.framework/Versions/A/Frameworks/LaunchServices.framework/Versions/A/LaunchServices
0x00007fff311a1000 	/System/Library/Frameworks/CoreServices.framework/Versions/A/Frameworks/DictionaryServices.framework/Versions/A/DictionaryServices
0x00007fff31561000 	/System/Library/Frameworks/CoreServices.framework/Versions/A/Frameworks/SharedFileList.framework/Versions/A/SharedFileList
0x00007fff36157000 	/System/Library/Frameworks/NetFS.framework/Versions/A/NetFS
0x00007fff56542000 	/System/Library/PrivateFrameworks/NetAuth.framework/Versions/A/NetAuth
0x00007fff634a3000 	/System/Library/PrivateFrameworks/login.framework/Versions/A/Frameworks/loginsupport.framework/Versions/A/loginsupport
0x00007fff5f236000 	/System/Library/PrivateFrameworks/TCC.framework/Versions/A/TCC
0x00007fff478bd000 	/System/Library/PrivateFrameworks/CoreNLP.framework/Versions/A/CoreNLP
0x00007fff55acf000 	/System/Library/PrivateFrameworks/MetadataUtilities.framework/Versions/A/MetadataUtilities
0x00007fff65048000 	/usr/lib/libmecabra.dylib
0x00007fff64fa0000 	/usr/lib/libmecab.dylib
0x00007fff64bfb000 	/usr/lib/libgermantok.dylib
0x00007fff63e3c000 	/usr/lib/libThaiTokenizer.dylib
0x00007fff6384c000 	/usr/lib/libChineseTokenizer.dylib
0x00007fff2b6f4000 	/System/Library/Frameworks/Accelerate.framework/Versions/A/Frameworks/vImage.framework/Versions/A/vImage
0x00007fff2caa1000 	/System/Library/Frameworks/Accelerate.framework/Versions/A/Frameworks/vecLib.framework/Versions/A/vecLib
0x00007fff2c926000 	/System/Library/Frameworks/Accelerate.framework/Versions/A/Frameworks/vecLib.framework/Versions/A/libvMisc.dylib
0x00007fff2c793000 	/System/Library/Frameworks/Accelerate.framework/Versions/A/Frameworks/vecLib.framework/Versions/A/libvDSP.dylib
0x00007fff2bf9c000 	/System/Library/Frameworks/Accelerate.framework/Versions/A/Frameworks/vecLib.framework/Versions/A/libBLAS.dylib
0x00007fff2c33e000 	/System/Library/Frameworks/Accelerate.framework/Versions/A/Frameworks/vecLib.framework/Versions/A/libLAPACK.dylib
0x00007fff2c6f3000 	/System/Library/Frameworks/Accelerate.framework/Versions/A/Frameworks/vecLib.framework/Versions/A/libLinearAlgebra.dylib
0x00007fff2c780000 	/System/Library/Frameworks/Accelerate.framework/Versions/A/Frameworks/vecLib.framework/Versions/A/libSparseBLAS.dylib
0x00007fff2c709000 	/System/Library/Frameworks/Accelerate.framework/Versions/A/Frameworks/vecLib.framework/Versions/A/libQuadrature.dylib
0x00007fff2c136000 	/System/Library/Frameworks/Accelerate.framework/Versions/A/Frameworks/vecLib.framework/Versions/A/libBNNS.dylib
0x00007fff2c70f000 	/System/Library/Frameworks/Accelerate.framework/Versions/A/Frameworks/vecLib.framework/Versions/A/libSparse.dylib
0x00007fff5465c000 	/System/Library/PrivateFrameworks/LanguageModeling.framework/Versions/A/LanguageModeling
0x00007fff4725c000 	/System/Library/PrivateFrameworks/CoreEmoji.framework/Versions/A/CoreEmoji
0x00007fff5477a000 	/System/Library/PrivateFrameworks/LinguisticData.framework/Versions/A/LinguisticData
0x00007fff5472b000 	/System/Library/PrivateFrameworks/Lexicon.framework/Versions/A/Lexicon
0x00007fff6418a000 	/usr/lib/libcmph.dylib
0x00007fff38d29000 	/System/Library/Frameworks/OpenDirectory.framework/Versions/A/Frameworks/CFOpenDirectory.framework/Versions/A/CFOpenDirectory
0x00007fff38d46000 	/System/Library/Frameworks/OpenDirectory.framework/Versions/A/OpenDirectory
0x00007fff41017000 	/System/Library/PrivateFrameworks/APFS.framework/Versions/A/APFS
0x00007fff3c3de000 	/System/Library/Frameworks/SecurityFoundation.framework/Versions/A/SecurityFoundation
0x00007fff6622a000 	/usr/lib/libutil.dylib
0x00007fff48542000 	/System/Library/PrivateFrameworks/CoreServicesStore.framework/Versions/A/CoreServicesStore
0x00007fff3c4c0000 	/System/Library/Frameworks/ServiceManagement.framework/Versions/A/ServiceManagement
0x00007fff444db000 	/System/Library/PrivateFrameworks/BackgroundTaskManagement.framework/Versions/A/BackgroundTaskManagement
0x00007fff66327000 	/usr/lib/libxslt.1.dylib
0x00007fff4338c000 	/System/Library/PrivateFrameworks/AppleSystemInfo.framework/Versions/A/AppleSystemInfo
0x00007fff32b94000 	/System/Library/Frameworks/ImageIO.framework/Versions/A/Resources/libJPEG.dylib
0x00007fff32e53000 	/System/Library/Frameworks/ImageIO.framework/Versions/A/Resources/libTIFF.dylib
0x00007fff32e36000 	/System/Library/Frameworks/ImageIO.framework/Versions/A/Resources/libPng.dylib
0x00007fff32ad6000 	/System/Library/Frameworks/ImageIO.framework/Versions/A/Resources/libGIF.dylib
0x00007fff32ada000 	/System/Library/Frameworks/ImageIO.framework/Versions/A/Resources/libJP2.dylib
0x00007fff32e51000 	/System/Library/Frameworks/ImageIO.framework/Versions/A/Resources/libRadiance.dylib
0x00007fff64bc3000 	/usr/lib/libexpat.1.dylib
0x00007fff42e84000 	/System/Library/PrivateFrameworks/AppleJPEG.framework/Versions/A/AppleJPEG
0x00007fff4b7a3000 	/System/Library/PrivateFrameworks/FontServices.framework/libFontParser.dylib
0x00007fff62501000 	/System/Library/PrivateFrameworks/WatchdogClient.framework/Versions/A/WatchdogClient
0x00007fff53ceb000 	/System/Library/PrivateFrameworks/IOAccelerator.framework/Versions/A/IOAccelerator
0x00007fff35210000 	/System/Library/Frameworks/MetalPerformanceShaders.framework/Versions/A/MetalPerformanceShaders
0x00007fff504f0000 	/System/Library/PrivateFrameworks/GPUWrangler.framework/Versions/A/GPUWrangler
0x00007fff53cf6000 	/System/Library/PrivateFrameworks/IOPresentment.framework/Versions/A/IOPresentment
0x00007fff4921f000 	/System/Library/PrivateFrameworks/DSExternalDisplay.framework/Versions/A/DSExternalDisplay
0x00007fff396af000 	/System/Library/Frameworks/OpenGL.framework/Versions/A/Libraries/libCoreFSCache.dylib
0x00007fff34f62000 	/System/Library/Frameworks/MetalPerformanceShaders.framework/Frameworks/MPSCore.framework/Versions/A/MPSCore
0x00007fff34f9f000 	/System/Library/Frameworks/MetalPerformanceShaders.framework/Frameworks/MPSImage.framework/Versions/A/MPSImage
0x00007fff35061000 	/System/Library/Frameworks/MetalPerformanceShaders.framework/Frameworks/MPSNeuralNetwork.framework/Versions/A/MPSNeuralNetwork
0x00007fff35026000 	/System/Library/Frameworks/MetalPerformanceShaders.framework/Frameworks/MPSMatrix.framework/Versions/A/MPSMatrix
0x00007fff351c1000 	/System/Library/Frameworks/MetalPerformanceShaders.framework/Frameworks/MPSRayIntersector.framework/Versions/A/MPSRayIntersector
0x00007fff3504b000 	/System/Library/Frameworks/MetalPerformanceShaders.framework/Frameworks/MPSNDArray.framework/Versions/A/MPSNDArray
0x00007fff55b1c000 	/System/Library/PrivateFrameworks/MetalTools.framework/Versions/A/MetalTools
0x00007fff421b7000 	/System/Library/PrivateFrameworks/AggregateDictionary.framework/Versions/A/AggregateDictionary
0x00007fff46cef000 	/System/Library/PrivateFrameworks/CoreAnalytics.framework/Versions/A/CoreAnalytics
0x00007fff432aa000 	/System/Library/PrivateFrameworks/AppleSauce.framework/Versions/A/AppleSauce
0x00007fff63b08000 	/usr/lib/libIOReport.dylib
0x00007fff31a62000 	/System/Library/Frameworks/CoreVideo.framework/Versions/A/CoreVideo
0x00007fff51955000 	/System/Library/PrivateFrameworks/GraphVisualizer.framework/Versions/A/GraphVisualizer
0x00007fff4ad22000 	/System/Library/PrivateFrameworks/FaceCore.framework/Versions/A/FaceCore
0x00007fff38cd0000 	/System/Library/Frameworks/OpenCL.framework/Versions/A/OpenCL
0x00007fff6392a000 	/usr/lib/libFosl_dynamic.dylib
0x00007fff56f3a000 	/System/Library/PrivateFrameworks/OTSVG.framework/Versions/A/OTSVG
0x00007fff2db53000 	/System/Library/Frameworks/ApplicationServices.framework/Versions/A/Frameworks/ATS.framework/Versions/A/Resources/libFontRegistry.dylib
0x00007fff4b974000 	/System/Library/PrivateFrameworks/FontServices.framework/libhvf.dylib
0x00007fff396ba000 	/System/Library/Frameworks/OpenGL.framework/Versions/A/Libraries/libGFXShared.dylib
0x00007fff39897000 	/System/Library/Frameworks/OpenGL.framework/Versions/A/Libraries/libGLU.dylib
0x00007fff396c3000 	/System/Library/Frameworks/OpenGL.framework/Versions/A/Libraries/libGL.dylib
0x00007fff396ce000 	/System/Library/Frameworks/OpenGL.framework/Versions/A/Libraries/libGLImage.dylib
0x00007fff396ac000 	/System/Library/Frameworks/OpenGL.framework/Versions/A/Libraries/libCVMSPluginSupport.dylib
0x00007fff396b5000 	/System/Library/Frameworks/OpenGL.framework/Versions/A/Libraries/libCoreVMClient.dylib
0x00007fff65614000 	/usr/lib/libncurses.5.4.dylib
0x00007fff2da4f000 	/System/Library/Frameworks/ApplicationServices.framework/Versions/A/Frameworks/ATS.framework/Versions/A/ATS
0x00007fff2dc1c000 	/System/Library/Frameworks/ApplicationServices.framework/Versions/A/Frameworks/ColorSyncLegacy.framework/Versions/A/ColorSyncLegacy
0x00007fff2dcbb000 	/System/Library/Frameworks/ApplicationServices.framework/Versions/A/Frameworks/HIServices.framework/Versions/A/HIServices
0x00007fff2dd12000 	/System/Library/Frameworks/ApplicationServices.framework/Versions/A/Frameworks/LangAnalysis.framework/Versions/A/LangAnalysis
0x00007fff2dd21000 	/System/Library/Frameworks/ApplicationServices.framework/Versions/A/Frameworks/PrintCore.framework/Versions/A/PrintCore
0x00007fff2dd67000 	/System/Library/Frameworks/ApplicationServices.framework/Versions/A/Frameworks/QD.framework/Versions/A/QD
0x00007fff2dd72000 	/System/Library/Frameworks/ApplicationServices.framework/Versions/A/Frameworks/SpeechSynthesis.framework/Versions/A/SpeechSynthesis
0x00007fff2dbec000 	/System/Library/Frameworks/ApplicationServices.framework/Versions/A/Frameworks/ATSUI.framework/Versions/A/ATSUI
0x00007fff64a57000 	/usr/lib/libcups.2.dylib
0x00007fff342c1000 	/System/Library/Frameworks/Kerberos.framework/Versions/A/Kerberos
0x00007fff32542000 	/System/Library/Frameworks/GSS.framework/Versions/A/GSS
0x00007fff65d84000 	/usr/lib/libresolv.9.dylib
0x00007fff51af6000 	/System/Library/PrivateFrameworks/Heimdal.framework/Versions/A/Heimdal
0x00007fff342d4000 	/System/Library/Frameworks/Kerberos.framework/Versions/A/Libraries/libHeimdalProxy.dylib
0x00007fff64c01000 	/usr/lib/libheimdal-asn1.dylib
0x00007fff46193000 	/System/Library/PrivateFrameworks/CommonAuth.framework/Versions/A/CommonAuth
0x00007fff43429000 	/System/Library/PrivateFrameworks/AssertionServices.framework/Versions/A/AssertionServices
0x00007fff43fc9000 	/System/Library/PrivateFrameworks/AudioToolboxCore.framework/Versions/A/AudioToolboxCore
0x00007fff63155000 	/System/Library/PrivateFrameworks/caulk.framework/Versions/A/caulk
0x00007fff44587000 	/System/Library/PrivateFrameworks/BaseBoard.framework/Versions/A/BaseBoard
0x00007fff5b015000 	/System/Library/PrivateFrameworks/RunningBoardServices.framework/Versions/A/RunningBoardServices
0x00007fff58121000 	/System/Library/PrivateFrameworks/PersistentConnection.framework/Versions/A/PersistentConnection
0x00007fff5aa69000 	/System/Library/PrivateFrameworks/ProtocolBuffer.framework/Versions/A/ProtocolBuffer
0x00007fff461b8000 	/System/Library/PrivateFrameworks/CommonUtilities.framework/Versions/A/CommonUtilities
0x00007fff4470a000 	/System/Library/PrivateFrameworks/Bom.framework/Versions/A/Bom
0x00007fff637d8000 	/usr/lib/libAudioToolboxUtility.dylib
0x00007fff444e5000 	/System/Library/PrivateFrameworks/Backup.framework/Versions/A/Backup
0x00007fff48f8d000 	/System/Library/PrivateFrameworks/CrashReporterSupport.framework/Versions/A/CrashReporterSupport
0x00007fff5caaf000 	/System/Library/PrivateFrameworks/Sharing.framework/Versions/A/Sharing
0x00007fff42bcf000 	/System/Library/PrivateFrameworks/Apple80211.framework/Versions/A/Apple80211
0x00007fff44207000 	/System/Library/PrivateFrameworks/AuthKit.framework/Versions/A/AuthKit
0x00007fff48cbd000 	/System/Library/PrivateFrameworks/CoreUtils.framework/Versions/A/CoreUtils
0x00007fff31aa7000 	/System/Library/Frameworks/CoreWLAN.framework/Versions/A/CoreWLAN
0x00007fff326cc000 	/System/Library/Frameworks/IOBluetooth.framework/Versions/A/IOBluetooth
0x00007fff55e1a000 	/System/Library/PrivateFrameworks/MobileKeyBag.framework/Versions/A/MobileKeyBag
0x00007fff47d96000 	/System/Library/PrivateFrameworks/CorePhoneNumbers.framework/Versions/A/CorePhoneNumbers
0x00007fff42e37000 	/System/Library/PrivateFrameworks/AppleIDAuthSupport.framework/Versions/A/AppleIDAuthSupport
0x00007fff36164000 	/System/Library/Frameworks/Network.framework/Versions/A/Network
0x00007fff544e5000 	/System/Library/PrivateFrameworks/KeychainCircle.framework/Versions/A/KeychainCircle
0x00007fff2f4f3000 	/System/Library/Frameworks/CoreBluetooth.framework/Versions/A/CoreBluetooth
0x00007fff5e747000 	/System/Library/PrivateFrameworks/SpeechRecognitionCore.framework/Versions/A/SpeechRecognitionCore
0x000000010cc00000 	/Library/Java/JavaVirtualMachines/jdk1.8.0_231.jdk/Contents/Home/jre/lib/server/libjvm.dylib
0x00007fff660fd000 	/usr/lib/libstdc++.6.dylib
0x000000010bbe7000 	/Library/Java/JavaVirtualMachines/jdk1.8.0_231.jdk/Contents/Home/jre/lib/libverify.dylib
0x000000010dbba000 	/Library/Java/JavaVirtualMachines/jdk1.8.0_231.jdk/Contents/Home/jre/lib/libjava.dylib
0x000000010dc30000 	/Library/Java/JavaVirtualMachines/jdk1.8.0_231.jdk/Contents/Home/jre/lib/libzip.dylib
0x000000012aa92000 	/Library/Java/JavaVirtualMachines/jdk1.8.0_231.jdk/Contents/Home/jre/lib/libnio.dylib
0x000000012aaa2000 	/Library/Java/JavaVirtualMachines/jdk1.8.0_231.jdk/Contents/Home/jre/lib/libnet.dylib
0x000000012ab01000 	/private/var/folders/qg/c5tqblws2s9g2dzffc7h0__r0000gn/T/lwjglbruno/3.2.3-build-13/liblwjgl.dylib
0x000000012ab4f000 	/private/var/folders/qg/c5tqblws2s9g2dzffc7h0__r0000gn/T/lwjglbruno/3.2.3-build-13/libglfw.dylib
0x00007fff4850e000 	/System/Library/PrivateFrameworks/CoreServicesInternal.framework/Versions/A/CoreServicesInternal
0x00007fff31fcf000 	/System/Library/Frameworks/FileProvider.framework/Versions/A/FileProvider
0x00007fff2caa2000 	/System/Library/Frameworks/Accounts.framework/Versions/A/Accounts
0x00007fff50811000 	/System/Library/PrivateFrameworks/GenerationalStorage.framework/Versions/A/GenerationalStorage
0x00007fff48a71000 	/System/Library/PrivateFrameworks/CoreSymbolication.framework/Versions/A/CoreSymbolication
0x00007fff5ef78000 	/System/Library/PrivateFrameworks/SymptomDiagnosticReporter.framework/Versions/A/SymptomDiagnosticReporter
0x00007fff426c8000 	/System/Library/PrivateFrameworks/AppContainer.framework/Versions/A/AppContainer
0x00007fff65d9e000 	/usr/lib/libsandbox.1.dylib
0x00007fff614a0000 	/System/Library/PrivateFrameworks/UserManagement.framework/Versions/A/UserManagement
0x00007fff452bb000 	/System/Library/PrivateFrameworks/ChunkingLibrary.framework/Versions/A/ChunkingLibrary
0x00007fff49354000 	/System/Library/PrivateFrameworks/DebugSymbols.framework/Versions/A/DebugSymbols
0x00007fff4273a000 	/System/Library/PrivateFrameworks/AppSandbox.framework/Versions/A/AppSandbox
0x00007fff5c964000 	/System/Library/PrivateFrameworks/SecCodeWrapper.framework/Versions/A/SecCodeWrapper
0x00007fff63bee000 	/usr/lib/libMatch.1.dylib
0x00007fff2b6dd000 	/System/Library/Frameworks/Accelerate.framework/Versions/A/Frameworks/vImage.framework/Versions/A/Libraries/libCGInterfaces.dylib
0x00007fff4b8db000 	/System/Library/PrivateFrameworks/FontServices.framework/libTrueTypeScaler.dylib
0x00007fff271dc000 	/System/Library/Extensions/AppleIntelHD4000GraphicsMTLDriver.bundle/Contents/MacOS/AppleIntelHD4000GraphicsMTLDriver
0x00007fff4ee48000 	/System/Library/PrivateFrameworks/GPUCompiler.framework/Versions/3902/Libraries/libmetal_timestamp.dylib

VM Arguments:
jvm_args: -Dfile.encoding=UTF-8 
java_command: main.Main
java_class_path (initial): /Users/bruno/Desktop/Fatec/Códigos Diversos/Jogo3D/lwjgl/lwjgl-assimp-javadoc.jar:/Users/bruno/Desktop/Fatec/Códigos Diversos/Jogo3D/lwjgl/lwjgl-assimp-natives-macos.jar:/Users/bruno/Desktop/Fatec/Códigos Diversos/Jogo3D/lwjgl/lwjgl-assimp-sources.jar:/Users/bruno/Desktop/Fatec/Códigos Diversos/Jogo3D/lwjgl/lwjgl-assimp.jar:/Users/bruno/Desktop/Fatec/Códigos Diversos/Jogo3D/lwjgl/lwjgl-bgfx-javadoc.jar:/Users/bruno/Desktop/Fatec/Códigos Diversos/Jogo3D/lwjgl/lwjgl-bgfx-natives-macos.jar:/Users/bruno/Desktop/Fatec/Códigos Diversos/Jogo3D/lwjgl/lwjgl-bgfx-sources.jar:/Users/bruno/Desktop/Fatec/Códigos Diversos/Jogo3D/lwjgl/lwjgl-bgfx.jar:/Users/bruno/Desktop/Fatec/Códigos Diversos/Jogo3D/lwjgl/lwjgl-glfw-javadoc.jar:/Users/bruno/Desktop/Fatec/Códigos Diversos/Jogo3D/lwjgl/lwjgl-glfw-natives-macos.jar:/Users/bruno/Desktop/Fatec/Códigos Diversos/Jogo3D/lwjgl/lwjgl-glfw-sources.jar:/Users/bruno/Desktop/Fatec/Códigos Diversos/Jogo3D/lwjgl/lwjgl-glfw.jar:/Users/bruno/Desktop/Fatec/Códigos Diversos/Jogo3D/lwjgl/lwjgl-javadoc.jar:/Users/bruno/Desktop/Fatec/Códigos Diversos/Jogo3D/lwjgl/lwjgl-nanovg-javadoc.jar:/Users/bruno/Desktop/Fatec/Códigos Diversos/Jogo3D/lwjgl/lwjgl-nanovg-natives-macos.jar:/Users/bruno/Desktop/Fatec/Códigos Diversos/Jogo3D/lwjgl/lwjgl-nanovg-sources.jar:/Users/bruno/Desktop/Fatec/Códigos Diversos/Jogo3D/lwjgl/lwjgl-nanovg.jar:/Users/bruno/Desktop/Fatec/Códigos Diversos/Jogo3D/lwjgl/lwjgl-natives-macos.jar:/Users/bruno/Desktop/Fatec/Códigos Diversos/Jogo3D/lwjgl/lwjgl-nuklear-javadoc.jar:/Users/bruno/Desktop/Fatec/Códigos Diversos/Jogo3D/lwjgl/lwjgl-nuklear-natives-macos.jar:/Users/bruno/Desktop/Fatec/Códigos Diversos/Jogo3D/lwjgl/lwjgl-nuklear-sources.jar:/Users/bruno/Desktop/Fatec/Códigos Diversos/Jogo3D/lwjgl/lwjgl-nuklear.jar:/Users/bruno/Desktop/Fatec/Códigos Diversos/Jogo3D/lwjgl/lwjgl-openal-javadoc.jar:/Users/bruno/Desktop/Fatec/Códigos Diversos/Jogo3D/lwjgl/lwjgl-openal-natives-macos.jar:/Us
Launcher Type: SUN_STANDARD

Environment Variables:
PATH=/usr/bin:/bin:/usr/sbin:/sbin
SHELL=/bin/zsh

Signal Handlers:
SIGSEGV: [libjvm.dylib+0x5b7e2b], sa_mask[0]=11111111011111110111111111111111, sa_flags=SA_ONSTACK|SA_RESTART|SA_SIGINFO
SIGBUS: [libjvm.dylib+0x5b7e2b], sa_mask[0]=11111111011111110111111111111111, sa_flags=SA_RESTART|SA_SIGINFO
SIGFPE: [libjvm.dylib+0x48c6ec], sa_mask[0]=11111111011111110111111111111111, sa_flags=SA_RESTART|SA_SIGINFO
SIGPIPE: [libjvm.dylib+0x48c6ec], sa_mask[0]=11111111011111110111111111111111, sa_flags=SA_RESTART|SA_SIGINFO
SIGXFSZ: [libjvm.dylib+0x48c6ec], sa_mask[0]=11111111011111110111111111111111, sa_flags=SA_RESTART|SA_SIGINFO
SIGILL: [libjvm.dylib+0x48c6ec], sa_mask[0]=11111111011111110111111111111111, sa_flags=SA_RESTART|SA_SIGINFO
SIGUSR1: SIG_DFL, sa_mask[0]=00000000000000000000000000000000, sa_flags=none
SIGUSR2: [libjvm.dylib+0x48c20a], sa_mask[0]=00100000000000000000000000000000, sa_flags=SA_RESTART|SA_SIGINFO
SIGHUP: [libjvm.dylib+0x48a795], sa_mask[0]=11111111011111110111111111111111, sa_flags=SA_RESTART|SA_SIGINFO
SIGINT: [libjvm.dylib+0x48a795], sa_mask[0]=11111111011111110111111111111111, sa_flags=SA_RESTART|SA_SIGINFO
SIGTERM: [libjvm.dylib+0x48a795], sa_mask[0]=11111111011111110111111111111111, sa_flags=SA_RESTART|SA_SIGINFO
SIGQUIT: [libjvm.dylib+0x48a795], sa_mask[0]=11111111011111110111111111111111, sa_flags=SA_RESTART|SA_SIGINFO


---------------  S Y S T E M  ---------------

OS:Bsduname:Darwin 19.0.0 Darwin Kernel Version 19.0.0: Thu Oct 17 16:17:15 PDT 2019; root:xnu-6153.41.3~29/RELEASE_X86_64 x86_64
rlimit: STACK 8192k, CORE 0k, NPROC 2784, NOFILE 10240, AS infinity
load average:2.13 2.02 1.93

CPU:total 8 (initial active 8) (4 cores per cpu, 2 threads per core) family 6 model 58 stepping 9, cmov, cx8, fxsr, mmx, sse, sse2, sse3, ssse3, sse4.1, sse4.2, popcnt, avx, aes, clmul, erms, ht, tsc, tscinvbit, tscinv

Memory: 4k page, physical 16777216k(3058072k free)

/proc/meminfo:


vm_info: Java HotSpot(TM) 64-Bit Server VM (25.231-b11) for bsd-amd64 JRE (1.8.0_231-b11), built on Oct  5 2019 03:15:25 by "java_re" with gcc 4.2.1 (Based on Apple Inc. build 5658) (LLVM build 2336.11.00)

time: Tue Dec  3 16:02:45 2019
timezone: -03
elapsed time: 0 seconds (0d 0h 0m 0s)

