#
# A fatal error has been detected by the Java Runtime Environment:
#
#  SIGSEGV (0xb) at pc=0x00007fff35a71664, pid=6826, tid=6147
#
# JRE version: Java(TM) SE Runtime Environment (13.0+33) (build 13+33)
# Java VM: Java HotSpot(TM) 64-Bit Server VM (13+33, mixed mode, sharing, tiered, compressed oops, g1 gc, bsd-amd64)
# Problematic frame:
# C  [HIToolbox+0x3d664]  _ZNK22THIThemeTextInfoPublic13GetTruncationEv+0x8
#
# No core dump will be written. Core dumps have been disabled. To enable core dumping, try "ulimit -c unlimited" before starting Java again
#
# If you would like to submit a bug report, please visit:
#   http://bugreport.java.com/bugreport/crash.jsp
# The crash happened outside the Java Virtual Machine in native code.
# See problematic frame for where to report the bug.
#

---------------  S U M M A R Y ------------

Command Line: -Dfile.encoding=UTF-8 main.Main

Host: Macmini6,2 x86_64 2300 MHz, 8 cores, 16G, Darwin 19.0.0
Time: Tue Dec  3 01:04:28 2019 -03 elapsed time: 0 seconds (0d 0h 0m 0s)

---------------  T H R E A D  ---------------

Current thread (0x00007fd6bb800800):  JavaThread "main" [_thread_in_native, id=6147, stack(0x0000700007a08000,0x0000700007b08000)]

Stack: [0x0000700007a08000,0x0000700007b08000],  sp=0x0000700007b05ce0,  free space=1015k
Native frames: (J=compiled Java code, A=aot compiled Java code, j=interpreted, Vv=VM code, C=native code)
C  [HIToolbox+0x3d664]  _ZNK22THIThemeTextInfoPublic13GetTruncationEv+0x8
C  [HIToolbox+0x3d74b]  _ZN15TCoreTextEngine16LayoutSingleLineEP16THIThemeTextInfof+0x3b
C  [HIToolbox+0x3d6b9]  _ZN15TCoreTextEngine6LayoutEP16THIThemeTextInfoff14TextLayoutType+0x3b
C  [HIToolbox+0x3d427]  _ZN15TCoreTextEngine22GetThemeTextDimensionsEdP16THIThemeTextInfoPdS2_S2_+0x2b
C  [HIToolbox+0x3c277]  _ZN10DataEngine17GetTextDimensionsEPKvdP15HIThemeTextInfoPdS4_S4_+0x10f
C  [HIToolbox+0x3c134]  HIThemeGetTextDimensions+0xbc
C  [HIToolbox+0x3bcdd]  _ZN13HIMenuBarView16MeasureMenuTitleEP8MenuDatahPfi+0x1af
C  [HIToolbox+0x3ba5e]  _ZN13HIMenuBarView15MeasureAppMenusEv+0xe6
C  [HIToolbox+0x3b5f7]  _ZN13HIMenuBarView15EnsureBarLayoutEv+0x1a3
C  [HIToolbox+0x3af17]  _ZN13HIMenuBarView8DrawOnceE6CGRectS0_bbP9CGContext+0x23b
C  [HIToolbox+0x3abf6]  _ZN13HIMenuBarView8DrawSelfEsPK9__HIShapeP9CGContext+0x23a
C  [HIToolbox+0x3a65e]  _ZN13HIMenuBarView24DrawWithoutCustomizationEsPK9__HIShapeP9CGContext+0x52
C  [HIToolbox+0x3a5f6]  _ZN13HIMenuBarView22DrawingDelegateHandlerEP25OpaqueEventHandlerCallRefP14OpaqueEventRefPv+0x102
C  [HIToolbox+0x8701]  _ZL23DispatchEventToHandlersP14EventTargetRecP14OpaqueEventRefP14HandlerCallRec+0x58b
C  [HIToolbox+0x7ad0]  _ZL30SendEventToEventTargetInternalP14OpaqueEventRefP20OpaqueEventTargetRefP14HandlerCallRec+0x152
C  [HIToolbox+0x7973]  SendEventToEventTargetWithOptions+0x2d
C  [HIToolbox+0x3a16b]  _ZN6HIView8SendDrawEsP13OpaqueGrafPtrPK9__HIShapeP9CGContext+0x145
C  [HIToolbox+0x39bde]  _ZN6HIView23RecursiveDrawCompositedEPK9__HIShapeS2_jPS_P9CGContexthd+0x246
C  [HIToolbox+0x39e29]  _ZN6HIView23RecursiveDrawCompositedEPK9__HIShapeS2_jPS_P9CGContexthd+0x491
C  [HIToolbox+0x39619]  _ZN6HIView14DrawCompositedEsP13OpaqueGrafPtrPK9__HIShapejPS_P9CGContext+0x32f
C  [HIToolbox+0x392db]  _ZN6HIView6RenderEjP9CGContext+0x33
C  [HIToolbox+0x38a09]  _ZN10WindowData20PrepareForVisibilityEv+0x99
C  [HIToolbox+0x5c694]  _ShowHideWindows+0x11e
C  [HIToolbox+0x38450]  ShowHide+0x23
C  [HIToolbox+0x1a72a1]  _ZN9MBWindows22CreateWindowForDisplayEj+0xe5
C  [HIToolbox+0x1a71a9]  ___ZN15MenuBarInstance15ForEachWindowDoEhU13block_pointerFbP15OpaqueWindowPtrjE_block_invoke_2+0x1e
C  [HIToolbox+0x443b6]  _ZN15MenuBarInstance22ForEachActiveDisplayDoEhU13block_pointerFbjE+0x8a
C  [HIToolbox+0x28b01]  _ZN15MenuBarInstance15ForEachWindowDoEhU13block_pointerFbP15OpaqueWindowPtrjE+0x159
C  [HIToolbox+0x1a6dcf]  _ZN15MenuBarInstance28SetBoundsAndUpdateResolutionEv+0x67
C  [HIToolbox+0x2858a]  _ZN15MenuBarInstance4ShowE21MenuBarAnimationStylehhhh+0x118
C  [HIToolbox+0x5c2e1]  _ZN15MenuBarInstance21UpdateAggregateUIModeE21MenuBarAnimationStylehhh+0x325
C  [HIToolbox+0x4485a]  _ZN15MenuBarInstance16ForEachMenuBarDoEU13block_pointerFvPS_E+0x2e
C  [HIToolbox+0x5bf6a]  _ZL25UpdateAllAggregateUIModes21MenuBarAnimationStyleh+0x7e
C  [HIToolbox+0x5bed6]  SetSystemUIMode+0xa5
C  [AppKit+0x111e3]  -[NSApplication finishLaunching]+0x2dc
C  [AppKit+0x10bd8]  -[NSApplication run]+0xf4
C  [libglfw.dylib+0x10a85]
C  [libglfw.dylib+0xa416]
j  org.lwjgl.system.JNI.invokePPPP(IIJJJJ)J+0
j  org.lwjgl.glfw.GLFW.nglfwCreateWindow(IIJJJ)J+14
j  org.lwjgl.glfw.GLFW.glfwCreateWindow(IILjava/lang/CharSequence;JJ)J+37
j  motor.io.Janela.cria()V+30
j  main.Main.inicializa()V+29
j  main.Main.run()V+0
j  java.lang.Thread.run()V+11 java.base@13
j  main.Main.start()V+18
j  main.Main.main([Ljava/lang/String;)V+7
v  ~StubRoutines::call_stub
V  [libjvm.dylib+0x3992db]  _ZN9JavaCalls11call_helperEP9JavaValueRK12methodHandleP17JavaCallArgumentsP6Thread+0x285
V  [libjvm.dylib+0x3da98d]  _ZL17jni_invoke_staticP7JNIEnv_P9JavaValueP8_jobject11JNICallTypeP10_jmethodIDP18JNI_ArgumentPusherP6Thread+0x11c
V  [libjvm.dylib+0x3de150]  jni_CallStaticVoidMethod+0x1c9
C  [libjli.dylib+0x4a66]  JavaMain+0xab4
C  [libjli.dylib+0x6d64]  ThreadJavaMain+0x9
C  [libsystem_pthread.dylib+0x5d36]  _pthread_start+0x7d
C  [libsystem_pthread.dylib+0x258f]  thread_start+0xf

Java frames: (J=compiled Java code, j=interpreted, Vv=VM code)
j  org.lwjgl.system.JNI.invokePPPP(IIJJJJ)J+0
j  org.lwjgl.glfw.GLFW.nglfwCreateWindow(IIJJJ)J+14
j  org.lwjgl.glfw.GLFW.glfwCreateWindow(IILjava/lang/CharSequence;JJ)J+37
j  motor.io.Janela.cria()V+30
j  main.Main.inicializa()V+29
j  main.Main.run()V+0
j  java.lang.Thread.run()V+11 java.base@13
j  main.Main.start()V+18
j  main.Main.main([Ljava/lang/String;)V+7
v  ~StubRoutines::call_stub

siginfo: si_signo: 11 (SIGSEGV), si_code: 1 (SEGV_MAPERR), si_addr: 0x0000000000000016

Register to memory mapping:

RAX=0x0 is NULL
RBX=0x00007fd6ba5d2d70 points into unknown readable memory: 28 8e 7a 8f ff 7f 00 00
RCX=0x0000700007b05c10 is pointing into the stack for thread: 0x00007fd6bb800800
RDX=0x00007fff6d112438: objc_debug_isa_class_mask+0 in /usr/lib/libobjc.A.dylib at 0x00007fff6d0e9000
RSP=0x0000700007b05ce0 is pointing into the stack for thread: 0x00007fd6bb800800
RBP=0x0000700007b05ce0 is pointing into the stack for thread: 0x00007fd6bb800800
RSI=0x00007fd6ba736018 points into unknown readable memory: c8 f4 ea 8f ff 7f 00 00
RDI=0x00007fd6ba5d2d70 points into unknown readable memory: 28 8e 7a 8f ff 7f 00 00
R8 =0x000000006ba5d30c is an unknown value
R9 =0x000000006ba5d31a is an unknown value
R10=0x00000000fc000fff is an unknown value
R11=0x3ff0000000000000 is an unknown value
R12=0x00007fd6ba5d2d70 points into unknown readable memory: 28 8e 7a 8f ff 7f 00 00
R13=0x0000700007b05e58 is pointing into the stack for thread: 0x00007fd6bb800800
R14=0x00007fd6ba5e3800 points into unknown readable memory: 00 8b 7a 8f ff 7f 00 00
R15=0x00007fd6ba5d30b0 points into unknown readable memory: 91 86 bc 8f ff ff 1d 00


Registers:
RAX=0x0000000000000000, RBX=0x00007fd6ba5d2d70, RCX=0x0000700007b05c10, RDX=0x00007fff6d112438
RSP=0x0000700007b05ce0, RBP=0x0000700007b05ce0, RSI=0x00007fd6ba736018, RDI=0x00007fd6ba5d2d70
R8 =0x000000006ba5d30c, R9 =0x000000006ba5d31a, R10=0x00000000fc000fff, R11=0x3ff0000000000000
R12=0x00007fd6ba5d2d70, R13=0x0000700007b05e58, R14=0x00007fd6ba5e3800, R15=0x00007fd6ba5d30b0
RIP=0x00007fff35a71664, EFLAGS=0x0000000000010202, ERR=0x0000000000000004
  TRAPNO=0x000000000000000e

Top of Stack: (sp=0x0000700007b05ce0)
0x0000700007b05ce0:   0000700007b05d30 00007fff35a7174b
0x0000700007b05cf0:   00007fd6ba5e3700 00007fd6ba5d2d70
0x0000700007b05d00:   7f7fffff07b05d40 00007fd6ba5d2d70
0x0000700007b05d10:   00007fd6ba5e3800 0000700007b05e58
0x0000700007b05d20:   00007fd6ba5d2d70 0000000000000000
0x0000700007b05d30:   0000700007b05d70 00007fff35a716b9
0x0000700007b05d40:   7f7fffff00000000 7f7fffffba5d2d70
0x0000700007b05d50:   00007fd6ba5d2d70 0000700007b05e60
0x0000700007b05d60:   00007fd6ba5e3800 0000700007b05e50
0x0000700007b05d70:   0000700007b05db0 00007fff35a71427
0x0000700007b05d80:   00007fff8f7a8b00 00007fd6ba5e3800
0x0000700007b05d90:   0000700007b05dc8 00007fd6ba5e3700
0x0000700007b05da0:   00007fd6ba5d2d70 00000000000003e9
0x0000700007b05db0:   0000700007b05e40 00007fff35a70277
0x0000700007b05dc0:   0000000000000004 0000000000000000
0x0000700007b05dd0:   0000700000000001 00007fff36f7417a
0x0000700007b05de0:   0000000000000004 0000000000000000
0x0000700007b05df0:   00007fd6ba5cd790 47efffffe0000000
0x0000700007b05e00:   0000700007b05e60 0000700007b05e58
0x0000700007b05e10:   0000700007b05e50 0000000000000000
0x0000700007b05e20:   0000000000000001 00007fd6ba5dc3d0
0x0000700007b05e30:   0000000000000000 0000700007b05ee0
0x0000700007b05e40:   0000700007b05e80 00007fff35a70134
0x0000700007b05e50:   00007fd6ba5cd790 00007fd6ba71dd60
0x0000700007b05e60:   0000000000000001 00007fd6ba5e3700
0x0000700007b05e70:   1eed521d98b5094b 0000700007b05e98
0x0000700007b05e80:   0000700007b05f10 00007fff35a6fcdd
0x0000700007b05e90:   0001000000000001 0000000100000000
0x0000700007b05ea0:   00000000000003e9 0002010200000000
0x0000700007b05eb0:   0000000000010000 0000000000000000
0x0000700007b05ec0:   0000000000000000 00007fd6ba46a100
0x0000700007b05ed0:   00007fd6ba71eab0 0000000100000000 

Instructions: (pc=0x00007fff35a71664)
0x00007fff35a71564:   f3 0f 10 45 d4 f3 0f 10 4d d0 44 89 e1 e8 5e 43
0x00007fff35a71574:   00 00 83 f8 01 75 5b 4c 89 ef e8 a1 f4 ff ff 84
0x00007fff35a71584:   c0 74 13 48 8d 7b 38 e8 66 6e 03 00 4c 89 ef 31
0x00007fff35a71594:   f6 e8 62 04 00 00 0f 57 c9 f3 0f 10 45 d4 0f 2e
0x00007fff35a715a4:   c1 75 0e 7a 0c 8a 43 30 84 c0 74 05 e8 b9 f5 25
0x00007fff35a715b4:   00 48 89 df 4c 89 f6 f3 0f 10 4d d0 44 89 fa 48
0x00007fff35a715c4:   83 c4 08 5b 41 5c 41 5d 41 5e 41 5f 5d e9 a8 00
0x00007fff35a715d4:   00 00 31 c0 48 83 c4 08 5b 41 5c 41 5d 41 5e 41
0x00007fff35a715e4:   5f 5d c3 90 55 48 89 e5 48 8b 47 08 8b 40 12 5d
0x00007fff35a715f4:   c3 90 90 90 90 90 90 90 55 48 89 e5 41 56 53 41
0x00007fff35a71604:   89 d6 0f 57 c9 0f 2e c1 75 02 7b 3a 48 89 f3 48
0x00007fff35a71614:   8b 06 48 89 f7 ff 50 48 a8 01 75 2a 48 8b 03 48
0x00007fff35a71624:   89 df ff 50 50 85 c0 74 28 48 8b 03 48 89 df ff
0x00007fff35a71634:   50 58 31 c9 83 f8 01 0f 95 c1 85 c0 b8 02 00 00
0x00007fff35a71644:   00 0f 45 c1 eb 06 41 0f b6 c6 01 c0 5b 41 5e 5d
0x00007fff35a71654:   c3 b8 02 00 00 00 eb f4 55 48 89 e5 48 8b 47 08
0x00007fff35a71664:   8b 40 16 5d c3 90 55 48 89 e5 48 8b 47 08 8b 40
0x00007fff35a71674:   1a 5d c3 90 90 90 90 90 90 90 55 48 89 e5 41 57
0x00007fff35a71684:   41 56 41 54 53 48 83 ec 10 49 89 f6 49 89 fc 83
0x00007fff35a71694:   fa 02 f3 0f 11 45 dc 74 1e 83 fa 01 74 26 45 31
0x00007fff35a716a4:   ff 85 d2 75 2d 4c 89 e7 4c 89 f6 f3 0f 10 45 dc
0x00007fff35a716b4:   e8 57 00 00 00 eb 18 4c 89 e7 4c 89 f6 e8 b8 aa
0x00007fff35a716c4:   08 00 eb 0b 4c 89 e7 4c 89 f6 e8 1b a8 08 00 41
0x00007fff35a716d4:   89 c7 49 8d 5c 24 50 48 89 df be 01 00 00 00 e8
0x00007fff35a716e4:   fe 02 00 00 48 89 df 4c 89 f6 e8 09 03 00 00 f3
0x00007fff35a716f4:   0f 10 45 dc f3 41 0f 11 44 24 54 44 89 f8 48 83
0x00007fff35a71704:   c4 10 5b 41 5c 41 5e 41 5f 5d c3 90 55 48 89 e5
0x00007fff35a71714:   41 57 41 56 41 55 41 54 53 48 83 ec 18 f3 0f 11
0x00007fff35a71724:   45 d4 49 89 f4 49 89 fe 48 8b 7f 28 e8 0d e7 25
0x00007fff35a71734:   00 48 85 c0 0f 84 17 01 00 00 49 89 c7 49 8b 04
0x00007fff35a71744:   24 4c 89 e7 ff 50 50 0f 57 c0 f3 0f 10 4d d4 0f
0x00007fff35a71754:   2e c8 0f 86 9a 00 00 00 85 c0 0f 84 92 00 00 00 


Stack slot to memory mapping:
stack at sp + 0 slots: 0x0000700007b05d30 is pointing into the stack for thread: 0x00007fd6bb800800
stack at sp + 1 slots: 0x00007fff35a7174b: _ZN15TCoreTextEngine16LayoutSingleLineEP16THIThemeTextInfof+0x3b in /System/Library/Frameworks/Carbon.framework/Versions/A/Frameworks/HIToolbox.framework/Versions/A/HIToolbox at 0x00007fff35a34000
stack at sp + 2 slots: 0x00007fd6ba5e3700 points into unknown readable memory: 39 7a bc 8f ff ff 1d 00
stack at sp + 3 slots: 0x00007fd6ba5d2d70 points into unknown readable memory: 28 8e 7a 8f ff 7f 00 00
stack at sp + 4 slots: 0x7f7fffff07b05d40 is an unknown value
stack at sp + 5 slots: 0x00007fd6ba5d2d70 points into unknown readable memory: 28 8e 7a 8f ff 7f 00 00
stack at sp + 6 slots: 0x00007fd6ba5e3800 points into unknown readable memory: 00 8b 7a 8f ff 7f 00 00
stack at sp + 7 slots: 0x0000700007b05e58 is pointing into the stack for thread: 0x00007fd6bb800800


---------------  P R O C E S S  ---------------

Threads class SMR info:
_java_thread_list=0x00007fd6ba4188d0, length=9, elements={
0x00007fd6bb800800, 0x00007fd6bc8c8800, 0x00007fd6bc8c9800, 0x00007fd6bc8ce000,
0x00007fd6bb03d800, 0x00007fd6bc8d1000, 0x00007fd6ba800800, 0x00007fd6bb801800,
0x00007fd6ba88b800
}

Java Threads: ( => current thread )
=>0x00007fd6bb800800 JavaThread "main" [_thread_in_native, id=6147, stack(0x0000700007a08000,0x0000700007b08000)]
  0x00007fd6bc8c8800 JavaThread "Reference Handler" daemon [_thread_blocked, id=14339, stack(0x000070000811d000,0x000070000821d000)]
  0x00007fd6bc8c9800 JavaThread "Finalizer" daemon [_thread_blocked, id=17923, stack(0x0000700008220000,0x0000700008320000)]
  0x00007fd6bc8ce000 JavaThread "Signal Dispatcher" daemon [_thread_blocked, id=21763, stack(0x0000700008429000,0x0000700008529000)]
  0x00007fd6bb03d800 JavaThread "C2 CompilerThread0" daemon [_thread_blocked, id=43267, stack(0x000070000852c000,0x000070000862c000)]
  0x00007fd6bc8d1000 JavaThread "C1 CompilerThread0" daemon [_thread_blocked, id=23043, stack(0x000070000862f000,0x000070000872f000)]
  0x00007fd6ba800800 JavaThread "Sweeper thread" daemon [_thread_blocked, id=23555, stack(0x0000700008732000,0x0000700008832000)]
  0x00007fd6bb801800 JavaThread "Service Thread" daemon [_thread_blocked, id=42499, stack(0x0000700008835000,0x0000700008935000)]
  0x00007fd6ba88b800 JavaThread "Common-Cleaner" daemon [_thread_blocked, id=41731, stack(0x0000700008a3b000,0x0000700008b3b000)]

Other Threads:
  0x00007fd6bb03d000 VMThread "VM Thread" [stack: 0x000070000801a000,0x000070000811a000] [id=13827]
  0x00007fd6bb80a800 WatcherThread [stack: 0x0000700008938000,0x0000700008a38000] [id=24067]
  0x00007fd6bc826800 GCTaskThread "GC Thread#0" [stack: 0x0000700007b0b000,0x0000700007c0b000] [id=11779]
  0x00007fd6bb01e800 ConcurrentGCThread "G1 Main Marker" [stack: 0x0000700007c0e000,0x0000700007d0e000] [id=20995]
  0x00007fd6bc827000 ConcurrentGCThread "G1 Conc#0" [stack: 0x0000700007d11000,0x0000700007e11000] [id=19971]
  0x00007fd6bc8c8000 ConcurrentGCThread "G1 Refine#0" [stack: 0x0000700007e14000,0x0000700007f14000] [id=12291]
  0x00007fd6bb01f000 ConcurrentGCThread "G1 Young RemSet Sampling" [stack: 0x0000700007f17000,0x0000700008017000] [id=19459]

Threads with active compile tasks:

VM state:not at safepoint (normal execution)

VM Mutex/Monitor currently owned by a thread: None

Heap address: 0x0000000700000000, size: 4096 MB, Compressed Oops mode: Zero based, Oop shift amount: 3
Narrow klass base: 0x0000000800000000, Narrow klass shift: 3
Compressed class space size: 1073741824 Address: 0x0000000800ae9000

Heap:
 garbage-first heap   total 264192K, used 8952K [0x0000000700000000, 0x0000000800000000)
  region size 1024K, 9 young (9216K), 0 survivors (0K)
 Metaspace       used 2202K, capacity 5534K, committed 5632K, reserved 1056768K
  class space    used 168K, capacity 465K, committed 512K, reserved 1048576K
Heap Regions: E=young(eden), S=young(survivor), O=old, HS=humongous(starts), HC=humongous(continues), CS=collection set, F=free, A=archive, TAMS=top-at-mark-start (previous, next)
|   0|0x0000000700000000, 0x0000000700000000, 0x0000000700100000|  0%| F|  |TAMS 0x0000000700000000, 0x0000000700000000| Untracked 
|   1|0x0000000700100000, 0x0000000700100000, 0x0000000700200000|  0%| F|  |TAMS 0x0000000700100000, 0x0000000700100000| Untracked 
|   2|0x0000000700200000, 0x0000000700200000, 0x0000000700300000|  0%| F|  |TAMS 0x0000000700200000, 0x0000000700200000| Untracked 
|   3|0x0000000700300000, 0x0000000700300000, 0x0000000700400000|  0%| F|  |TAMS 0x0000000700300000, 0x0000000700300000| Untracked 
|   4|0x0000000700400000, 0x0000000700400000, 0x0000000700500000|  0%| F|  |TAMS 0x0000000700400000, 0x0000000700400000| Untracked 
|   5|0x0000000700500000, 0x0000000700500000, 0x0000000700600000|  0%| F|  |TAMS 0x0000000700500000, 0x0000000700500000| Untracked 
|   6|0x0000000700600000, 0x0000000700600000, 0x0000000700700000|  0%| F|  |TAMS 0x0000000700600000, 0x0000000700600000| Untracked 
|   7|0x0000000700700000, 0x0000000700700000, 0x0000000700800000|  0%| F|  |TAMS 0x0000000700700000, 0x0000000700700000| Untracked 
|   8|0x0000000700800000, 0x0000000700800000, 0x0000000700900000|  0%| F|  |TAMS 0x0000000700800000, 0x0000000700800000| Untracked 
|   9|0x0000000700900000, 0x0000000700900000, 0x0000000700a00000|  0%| F|  |TAMS 0x0000000700900000, 0x0000000700900000| Untracked 
|  10|0x0000000700a00000, 0x0000000700a00000, 0x0000000700b00000|  0%| F|  |TAMS 0x0000000700a00000, 0x0000000700a00000| Untracked 
|  11|0x0000000700b00000, 0x0000000700b00000, 0x0000000700c00000|  0%| F|  |TAMS 0x0000000700b00000, 0x0000000700b00000| Untracked 
|  12|0x0000000700c00000, 0x0000000700c00000, 0x0000000700d00000|  0%| F|  |TAMS 0x0000000700c00000, 0x0000000700c00000| Untracked 
|  13|0x0000000700d00000, 0x0000000700d00000, 0x0000000700e00000|  0%| F|  |TAMS 0x0000000700d00000, 0x0000000700d00000| Untracked 
|  14|0x0000000700e00000, 0x0000000700e00000, 0x0000000700f00000|  0%| F|  |TAMS 0x0000000700e00000, 0x0000000700e00000| Untracked 
|  15|0x0000000700f00000, 0x0000000700f00000, 0x0000000701000000|  0%| F|  |TAMS 0x0000000700f00000, 0x0000000700f00000| Untracked 
|  16|0x0000000701000000, 0x0000000701000000, 0x0000000701100000|  0%| F|  |TAMS 0x0000000701000000, 0x0000000701000000| Untracked 
|  17|0x0000000701100000, 0x0000000701100000, 0x0000000701200000|  0%| F|  |TAMS 0x0000000701100000, 0x0000000701100000| Untracked 
|  18|0x0000000701200000, 0x0000000701200000, 0x0000000701300000|  0%| F|  |TAMS 0x0000000701200000, 0x0000000701200000| Untracked 
|  19|0x0000000701300000, 0x0000000701300000, 0x0000000701400000|  0%| F|  |TAMS 0x0000000701300000, 0x0000000701300000| Untracked 
|  20|0x0000000701400000, 0x0000000701400000, 0x0000000701500000|  0%| F|  |TAMS 0x0000000701400000, 0x0000000701400000| Untracked 
|  21|0x0000000701500000, 0x0000000701500000, 0x0000000701600000|  0%| F|  |TAMS 0x0000000701500000, 0x0000000701500000| Untracked 
|  22|0x0000000701600000, 0x0000000701600000, 0x0000000701700000|  0%| F|  |TAMS 0x0000000701600000, 0x0000000701600000| Untracked 
|  23|0x0000000701700000, 0x0000000701700000, 0x0000000701800000|  0%| F|  |TAMS 0x0000000701700000, 0x0000000701700000| Untracked 
|  24|0x0000000701800000, 0x0000000701800000, 0x0000000701900000|  0%| F|  |TAMS 0x0000000701800000, 0x0000000701800000| Untracked 
|  25|0x0000000701900000, 0x0000000701900000, 0x0000000701a00000|  0%| F|  |TAMS 0x0000000701900000, 0x0000000701900000| Untracked 
|  26|0x0000000701a00000, 0x0000000701a00000, 0x0000000701b00000|  0%| F|  |TAMS 0x0000000701a00000, 0x0000000701a00000| Untracked 
|  27|0x0000000701b00000, 0x0000000701b00000, 0x0000000701c00000|  0%| F|  |TAMS 0x0000000701b00000, 0x0000000701b00000| Untracked 
|  28|0x0000000701c00000, 0x0000000701c00000, 0x0000000701d00000|  0%| F|  |TAMS 0x0000000701c00000, 0x0000000701c00000| Untracked 
|  29|0x0000000701d00000, 0x0000000701d00000, 0x0000000701e00000|  0%| F|  |TAMS 0x0000000701d00000, 0x0000000701d00000| Untracked 
|  30|0x0000000701e00000, 0x0000000701e00000, 0x0000000701f00000|  0%| F|  |TAMS 0x0000000701e00000, 0x0000000701e00000| Untracked 
|  31|0x0000000701f00000, 0x0000000701f00000, 0x0000000702000000|  0%| F|  |TAMS 0x0000000701f00000, 0x0000000701f00000| Untracked 
|  32|0x0000000702000000, 0x0000000702000000, 0x0000000702100000|  0%| F|  |TAMS 0x0000000702000000, 0x0000000702000000| Untracked 
|  33|0x0000000702100000, 0x0000000702100000, 0x0000000702200000|  0%| F|  |TAMS 0x0000000702100000, 0x0000000702100000| Untracked 
|  34|0x0000000702200000, 0x0000000702200000, 0x0000000702300000|  0%| F|  |TAMS 0x0000000702200000, 0x0000000702200000| Untracked 
|  35|0x0000000702300000, 0x0000000702300000, 0x0000000702400000|  0%| F|  |TAMS 0x0000000702300000, 0x0000000702300000| Untracked 
|  36|0x0000000702400000, 0x0000000702400000, 0x0000000702500000|  0%| F|  |TAMS 0x0000000702400000, 0x0000000702400000| Untracked 
|  37|0x0000000702500000, 0x0000000702500000, 0x0000000702600000|  0%| F|  |TAMS 0x0000000702500000, 0x0000000702500000| Untracked 
|  38|0x0000000702600000, 0x0000000702600000, 0x0000000702700000|  0%| F|  |TAMS 0x0000000702600000, 0x0000000702600000| Untracked 
|  39|0x0000000702700000, 0x0000000702700000, 0x0000000702800000|  0%| F|  |TAMS 0x0000000702700000, 0x0000000702700000| Untracked 
|  40|0x0000000702800000, 0x0000000702800000, 0x0000000702900000|  0%| F|  |TAMS 0x0000000702800000, 0x0000000702800000| Untracked 
|  41|0x0000000702900000, 0x0000000702900000, 0x0000000702a00000|  0%| F|  |TAMS 0x0000000702900000, 0x0000000702900000| Untracked 
|  42|0x0000000702a00000, 0x0000000702a00000, 0x0000000702b00000|  0%| F|  |TAMS 0x0000000702a00000, 0x0000000702a00000| Untracked 
|  43|0x0000000702b00000, 0x0000000702b00000, 0x0000000702c00000|  0%| F|  |TAMS 0x0000000702b00000, 0x0000000702b00000| Untracked 
|  44|0x0000000702c00000, 0x0000000702c00000, 0x0000000702d00000|  0%| F|  |TAMS 0x0000000702c00000, 0x0000000702c00000| Untracked 
|  45|0x0000000702d00000, 0x0000000702d00000, 0x0000000702e00000|  0%| F|  |TAMS 0x0000000702d00000, 0x0000000702d00000| Untracked 
|  46|0x0000000702e00000, 0x0000000702e00000, 0x0000000702f00000|  0%| F|  |TAMS 0x0000000702e00000, 0x0000000702e00000| Untracked 
|  47|0x0000000702f00000, 0x0000000702f00000, 0x0000000703000000|  0%| F|  |TAMS 0x0000000702f00000, 0x0000000702f00000| Untracked 
|  48|0x0000000703000000, 0x0000000703000000, 0x0000000703100000|  0%| F|  |TAMS 0x0000000703000000, 0x0000000703000000| Untracked 
|  49|0x0000000703100000, 0x0000000703100000, 0x0000000703200000|  0%| F|  |TAMS 0x0000000703100000, 0x0000000703100000| Untracked 
|  50|0x0000000703200000, 0x0000000703200000, 0x0000000703300000|  0%| F|  |TAMS 0x0000000703200000, 0x0000000703200000| Untracked 
|  51|0x0000000703300000, 0x0000000703300000, 0x0000000703400000|  0%| F|  |TAMS 0x0000000703300000, 0x0000000703300000| Untracked 
|  52|0x0000000703400000, 0x0000000703400000, 0x0000000703500000|  0%| F|  |TAMS 0x0000000703400000, 0x0000000703400000| Untracked 
|  53|0x0000000703500000, 0x0000000703500000, 0x0000000703600000|  0%| F|  |TAMS 0x0000000703500000, 0x0000000703500000| Untracked 
|  54|0x0000000703600000, 0x0000000703600000, 0x0000000703700000|  0%| F|  |TAMS 0x0000000703600000, 0x0000000703600000| Untracked 
|  55|0x0000000703700000, 0x0000000703700000, 0x0000000703800000|  0%| F|  |TAMS 0x0000000703700000, 0x0000000703700000| Untracked 
|  56|0x0000000703800000, 0x0000000703800000, 0x0000000703900000|  0%| F|  |TAMS 0x0000000703800000, 0x0000000703800000| Untracked 
|  57|0x0000000703900000, 0x0000000703900000, 0x0000000703a00000|  0%| F|  |TAMS 0x0000000703900000, 0x0000000703900000| Untracked 
|  58|0x0000000703a00000, 0x0000000703a00000, 0x0000000703b00000|  0%| F|  |TAMS 0x0000000703a00000, 0x0000000703a00000| Untracked 
|  59|0x0000000703b00000, 0x0000000703b00000, 0x0000000703c00000|  0%| F|  |TAMS 0x0000000703b00000, 0x0000000703b00000| Untracked 
|  60|0x0000000703c00000, 0x0000000703c00000, 0x0000000703d00000|  0%| F|  |TAMS 0x0000000703c00000, 0x0000000703c00000| Untracked 
|  61|0x0000000703d00000, 0x0000000703d00000, 0x0000000703e00000|  0%| F|  |TAMS 0x0000000703d00000, 0x0000000703d00000| Untracked 
|  62|0x0000000703e00000, 0x0000000703e00000, 0x0000000703f00000|  0%| F|  |TAMS 0x0000000703e00000, 0x0000000703e00000| Untracked 
|  63|0x0000000703f00000, 0x0000000703f00000, 0x0000000704000000|  0%| F|  |TAMS 0x0000000703f00000, 0x0000000703f00000| Untracked 
|  64|0x0000000704000000, 0x0000000704000000, 0x0000000704100000|  0%| F|  |TAMS 0x0000000704000000, 0x0000000704000000| Untracked 
|  65|0x0000000704100000, 0x0000000704100000, 0x0000000704200000|  0%| F|  |TAMS 0x0000000704100000, 0x0000000704100000| Untracked 
|  66|0x0000000704200000, 0x0000000704200000, 0x0000000704300000|  0%| F|  |TAMS 0x0000000704200000, 0x0000000704200000| Untracked 
|  67|0x0000000704300000, 0x0000000704300000, 0x0000000704400000|  0%| F|  |TAMS 0x0000000704300000, 0x0000000704300000| Untracked 
|  68|0x0000000704400000, 0x0000000704400000, 0x0000000704500000|  0%| F|  |TAMS 0x0000000704400000, 0x0000000704400000| Untracked 
|  69|0x0000000704500000, 0x0000000704500000, 0x0000000704600000|  0%| F|  |TAMS 0x0000000704500000, 0x0000000704500000| Untracked 
|  70|0x0000000704600000, 0x0000000704600000, 0x0000000704700000|  0%| F|  |TAMS 0x0000000704600000, 0x0000000704600000| Untracked 
|  71|0x0000000704700000, 0x0000000704700000, 0x0000000704800000|  0%| F|  |TAMS 0x0000000704700000, 0x0000000704700000| Untracked 
|  72|0x0000000704800000, 0x0000000704800000, 0x0000000704900000|  0%| F|  |TAMS 0x0000000704800000, 0x0000000704800000| Untracked 
|  73|0x0000000704900000, 0x0000000704900000, 0x0000000704a00000|  0%| F|  |TAMS 0x0000000704900000, 0x0000000704900000| Untracked 
|  74|0x0000000704a00000, 0x0000000704a00000, 0x0000000704b00000|  0%| F|  |TAMS 0x0000000704a00000, 0x0000000704a00000| Untracked 
|  75|0x0000000704b00000, 0x0000000704b00000, 0x0000000704c00000|  0%| F|  |TAMS 0x0000000704b00000, 0x0000000704b00000| Untracked 
|  76|0x0000000704c00000, 0x0000000704c00000, 0x0000000704d00000|  0%| F|  |TAMS 0x0000000704c00000, 0x0000000704c00000| Untracked 
|  77|0x0000000704d00000, 0x0000000704d00000, 0x0000000704e00000|  0%| F|  |TAMS 0x0000000704d00000, 0x0000000704d00000| Untracked 
|  78|0x0000000704e00000, 0x0000000704e00000, 0x0000000704f00000|  0%| F|  |TAMS 0x0000000704e00000, 0x0000000704e00000| Untracked 
|  79|0x0000000704f00000, 0x0000000704f00000, 0x0000000705000000|  0%| F|  |TAMS 0x0000000704f00000, 0x0000000704f00000| Untracked 
|  80|0x0000000705000000, 0x0000000705000000, 0x0000000705100000|  0%| F|  |TAMS 0x0000000705000000, 0x0000000705000000| Untracked 
|  81|0x0000000705100000, 0x0000000705100000, 0x0000000705200000|  0%| F|  |TAMS 0x0000000705100000, 0x0000000705100000| Untracked 
|  82|0x0000000705200000, 0x0000000705200000, 0x0000000705300000|  0%| F|  |TAMS 0x0000000705200000, 0x0000000705200000| Untracked 
|  83|0x0000000705300000, 0x0000000705300000, 0x0000000705400000|  0%| F|  |TAMS 0x0000000705300000, 0x0000000705300000| Untracked 
|  84|0x0000000705400000, 0x0000000705400000, 0x0000000705500000|  0%| F|  |TAMS 0x0000000705400000, 0x0000000705400000| Untracked 
|  85|0x0000000705500000, 0x0000000705500000, 0x0000000705600000|  0%| F|  |TAMS 0x0000000705500000, 0x0000000705500000| Untracked 
|  86|0x0000000705600000, 0x0000000705600000, 0x0000000705700000|  0%| F|  |TAMS 0x0000000705600000, 0x0000000705600000| Untracked 
|  87|0x0000000705700000, 0x0000000705700000, 0x0000000705800000|  0%| F|  |TAMS 0x0000000705700000, 0x0000000705700000| Untracked 
|  88|0x0000000705800000, 0x0000000705800000, 0x0000000705900000|  0%| F|  |TAMS 0x0000000705800000, 0x0000000705800000| Untracked 
|  89|0x0000000705900000, 0x0000000705900000, 0x0000000705a00000|  0%| F|  |TAMS 0x0000000705900000, 0x0000000705900000| Untracked 
|  90|0x0000000705a00000, 0x0000000705a00000, 0x0000000705b00000|  0%| F|  |TAMS 0x0000000705a00000, 0x0000000705a00000| Untracked 
|  91|0x0000000705b00000, 0x0000000705b00000, 0x0000000705c00000|  0%| F|  |TAMS 0x0000000705b00000, 0x0000000705b00000| Untracked 
|  92|0x0000000705c00000, 0x0000000705c00000, 0x0000000705d00000|  0%| F|  |TAMS 0x0000000705c00000, 0x0000000705c00000| Untracked 
|  93|0x0000000705d00000, 0x0000000705d00000, 0x0000000705e00000|  0%| F|  |TAMS 0x0000000705d00000, 0x0000000705d00000| Untracked 
|  94|0x0000000705e00000, 0x0000000705e00000, 0x0000000705f00000|  0%| F|  |TAMS 0x0000000705e00000, 0x0000000705e00000| Untracked 
|  95|0x0000000705f00000, 0x0000000705f00000, 0x0000000706000000|  0%| F|  |TAMS 0x0000000705f00000, 0x0000000705f00000| Untracked 
|  96|0x0000000706000000, 0x0000000706000000, 0x0000000706100000|  0%| F|  |TAMS 0x0000000706000000, 0x0000000706000000| Untracked 
|  97|0x0000000706100000, 0x0000000706100000, 0x0000000706200000|  0%| F|  |TAMS 0x0000000706100000, 0x0000000706100000| Untracked 
|  98|0x0000000706200000, 0x0000000706200000, 0x0000000706300000|  0%| F|  |TAMS 0x0000000706200000, 0x0000000706200000| Untracked 
|  99|0x0000000706300000, 0x0000000706300000, 0x0000000706400000|  0%| F|  |TAMS 0x0000000706300000, 0x0000000706300000| Untracked 
| 100|0x0000000706400000, 0x0000000706400000, 0x0000000706500000|  0%| F|  |TAMS 0x0000000706400000, 0x0000000706400000| Untracked 
| 101|0x0000000706500000, 0x0000000706500000, 0x0000000706600000|  0%| F|  |TAMS 0x0000000706500000, 0x0000000706500000| Untracked 
| 102|0x0000000706600000, 0x0000000706600000, 0x0000000706700000|  0%| F|  |TAMS 0x0000000706600000, 0x0000000706600000| Untracked 
| 103|0x0000000706700000, 0x0000000706700000, 0x0000000706800000|  0%| F|  |TAMS 0x0000000706700000, 0x0000000706700000| Untracked 
| 104|0x0000000706800000, 0x0000000706800000, 0x0000000706900000|  0%| F|  |TAMS 0x0000000706800000, 0x0000000706800000| Untracked 
| 105|0x0000000706900000, 0x0000000706900000, 0x0000000706a00000|  0%| F|  |TAMS 0x0000000706900000, 0x0000000706900000| Untracked 
| 106|0x0000000706a00000, 0x0000000706a00000, 0x0000000706b00000|  0%| F|  |TAMS 0x0000000706a00000, 0x0000000706a00000| Untracked 
| 107|0x0000000706b00000, 0x0000000706b00000, 0x0000000706c00000|  0%| F|  |TAMS 0x0000000706b00000, 0x0000000706b00000| Untracked 
| 108|0x0000000706c00000, 0x0000000706c00000, 0x0000000706d00000|  0%| F|  |TAMS 0x0000000706c00000, 0x0000000706c00000| Untracked 
| 109|0x0000000706d00000, 0x0000000706d00000, 0x0000000706e00000|  0%| F|  |TAMS 0x0000000706d00000, 0x0000000706d00000| Untracked 
| 110|0x0000000706e00000, 0x0000000706e00000, 0x0000000706f00000|  0%| F|  |TAMS 0x0000000706e00000, 0x0000000706e00000| Untracked 
| 111|0x0000000706f00000, 0x0000000706f00000, 0x0000000707000000|  0%| F|  |TAMS 0x0000000706f00000, 0x0000000706f00000| Untracked 
| 112|0x0000000707000000, 0x0000000707000000, 0x0000000707100000|  0%| F|  |TAMS 0x0000000707000000, 0x0000000707000000| Untracked 
| 113|0x0000000707100000, 0x0000000707100000, 0x0000000707200000|  0%| F|  |TAMS 0x0000000707100000, 0x0000000707100000| Untracked 
| 114|0x0000000707200000, 0x0000000707200000, 0x0000000707300000|  0%| F|  |TAMS 0x0000000707200000, 0x0000000707200000| Untracked 
| 115|0x0000000707300000, 0x0000000707300000, 0x0000000707400000|  0%| F|  |TAMS 0x0000000707300000, 0x0000000707300000| Untracked 
| 116|0x0000000707400000, 0x0000000707400000, 0x0000000707500000|  0%| F|  |TAMS 0x0000000707400000, 0x0000000707400000| Untracked 
| 117|0x0000000707500000, 0x0000000707500000, 0x0000000707600000|  0%| F|  |TAMS 0x0000000707500000, 0x0000000707500000| Untracked 
| 118|0x0000000707600000, 0x0000000707600000, 0x0000000707700000|  0%| F|  |TAMS 0x0000000707600000, 0x0000000707600000| Untracked 
| 119|0x0000000707700000, 0x0000000707700000, 0x0000000707800000|  0%| F|  |TAMS 0x0000000707700000, 0x0000000707700000| Untracked 
| 120|0x0000000707800000, 0x0000000707800000, 0x0000000707900000|  0%| F|  |TAMS 0x0000000707800000, 0x0000000707800000| Untracked 
| 121|0x0000000707900000, 0x0000000707900000, 0x0000000707a00000|  0%| F|  |TAMS 0x0000000707900000, 0x0000000707900000| Untracked 
| 122|0x0000000707a00000, 0x0000000707a00000, 0x0000000707b00000|  0%| F|  |TAMS 0x0000000707a00000, 0x0000000707a00000| Untracked 
| 123|0x0000000707b00000, 0x0000000707b00000, 0x0000000707c00000|  0%| F|  |TAMS 0x0000000707b00000, 0x0000000707b00000| Untracked 
| 124|0x0000000707c00000, 0x0000000707c00000, 0x0000000707d00000|  0%| F|  |TAMS 0x0000000707c00000, 0x0000000707c00000| Untracked 
| 125|0x0000000707d00000, 0x0000000707d00000, 0x0000000707e00000|  0%| F|  |TAMS 0x0000000707d00000, 0x0000000707d00000| Untracked 
| 126|0x0000000707e00000, 0x0000000707e00000, 0x0000000707f00000|  0%| F|  |TAMS 0x0000000707e00000, 0x0000000707e00000| Untracked 
| 127|0x0000000707f00000, 0x0000000707f00000, 0x0000000708000000|  0%| F|  |TAMS 0x0000000707f00000, 0x0000000707f00000| Untracked 
| 128|0x0000000708000000, 0x0000000708000000, 0x0000000708100000|  0%| F|  |TAMS 0x0000000708000000, 0x0000000708000000| Untracked 
| 129|0x0000000708100000, 0x0000000708100000, 0x0000000708200000|  0%| F|  |TAMS 0x0000000708100000, 0x0000000708100000| Untracked 
| 130|0x0000000708200000, 0x0000000708200000, 0x0000000708300000|  0%| F|  |TAMS 0x0000000708200000, 0x0000000708200000| Untracked 
| 131|0x0000000708300000, 0x0000000708300000, 0x0000000708400000|  0%| F|  |TAMS 0x0000000708300000, 0x0000000708300000| Untracked 
| 132|0x0000000708400000, 0x0000000708400000, 0x0000000708500000|  0%| F|  |TAMS 0x0000000708400000, 0x0000000708400000| Untracked 
| 133|0x0000000708500000, 0x0000000708500000, 0x0000000708600000|  0%| F|  |TAMS 0x0000000708500000, 0x0000000708500000| Untracked 
| 134|0x0000000708600000, 0x0000000708600000, 0x0000000708700000|  0%| F|  |TAMS 0x0000000708600000, 0x0000000708600000| Untracked 
| 135|0x0000000708700000, 0x0000000708700000, 0x0000000708800000|  0%| F|  |TAMS 0x0000000708700000, 0x0000000708700000| Untracked 
| 136|0x0000000708800000, 0x0000000708800000, 0x0000000708900000|  0%| F|  |TAMS 0x0000000708800000, 0x0000000708800000| Untracked 
| 137|0x0000000708900000, 0x0000000708900000, 0x0000000708a00000|  0%| F|  |TAMS 0x0000000708900000, 0x0000000708900000| Untracked 
| 138|0x0000000708a00000, 0x0000000708a00000, 0x0000000708b00000|  0%| F|  |TAMS 0x0000000708a00000, 0x0000000708a00000| Untracked 
| 139|0x0000000708b00000, 0x0000000708b00000, 0x0000000708c00000|  0%| F|  |TAMS 0x0000000708b00000, 0x0000000708b00000| Untracked 
| 140|0x0000000708c00000, 0x0000000708c00000, 0x0000000708d00000|  0%| F|  |TAMS 0x0000000708c00000, 0x0000000708c00000| Untracked 
| 141|0x0000000708d00000, 0x0000000708d00000, 0x0000000708e00000|  0%| F|  |TAMS 0x0000000708d00000, 0x0000000708d00000| Untracked 
| 142|0x0000000708e00000, 0x0000000708e00000, 0x0000000708f00000|  0%| F|  |TAMS 0x0000000708e00000, 0x0000000708e00000| Untracked 
| 143|0x0000000708f00000, 0x0000000708f00000, 0x0000000709000000|  0%| F|  |TAMS 0x0000000708f00000, 0x0000000708f00000| Untracked 
| 144|0x0000000709000000, 0x0000000709000000, 0x0000000709100000|  0%| F|  |TAMS 0x0000000709000000, 0x0000000709000000| Untracked 
| 145|0x0000000709100000, 0x0000000709100000, 0x0000000709200000|  0%| F|  |TAMS 0x0000000709100000, 0x0000000709100000| Untracked 
| 146|0x0000000709200000, 0x0000000709200000, 0x0000000709300000|  0%| F|  |TAMS 0x0000000709200000, 0x0000000709200000| Untracked 
| 147|0x0000000709300000, 0x0000000709300000, 0x0000000709400000|  0%| F|  |TAMS 0x0000000709300000, 0x0000000709300000| Untracked 
| 148|0x0000000709400000, 0x0000000709400000, 0x0000000709500000|  0%| F|  |TAMS 0x0000000709400000, 0x0000000709400000| Untracked 
| 149|0x0000000709500000, 0x0000000709500000, 0x0000000709600000|  0%| F|  |TAMS 0x0000000709500000, 0x0000000709500000| Untracked 
| 150|0x0000000709600000, 0x0000000709600000, 0x0000000709700000|  0%| F|  |TAMS 0x0000000709600000, 0x0000000709600000| Untracked 
| 151|0x0000000709700000, 0x0000000709700000, 0x0000000709800000|  0%| F|  |TAMS 0x0000000709700000, 0x0000000709700000| Untracked 
| 152|0x0000000709800000, 0x0000000709800000, 0x0000000709900000|  0%| F|  |TAMS 0x0000000709800000, 0x0000000709800000| Untracked 
| 153|0x0000000709900000, 0x0000000709900000, 0x0000000709a00000|  0%| F|  |TAMS 0x0000000709900000, 0x0000000709900000| Untracked 
| 154|0x0000000709a00000, 0x0000000709a00000, 0x0000000709b00000|  0%| F|  |TAMS 0x0000000709a00000, 0x0000000709a00000| Untracked 
| 155|0x0000000709b00000, 0x0000000709b00000, 0x0000000709c00000|  0%| F|  |TAMS 0x0000000709b00000, 0x0000000709b00000| Untracked 
| 156|0x0000000709c00000, 0x0000000709c00000, 0x0000000709d00000|  0%| F|  |TAMS 0x0000000709c00000, 0x0000000709c00000| Untracked 
| 157|0x0000000709d00000, 0x0000000709d00000, 0x0000000709e00000|  0%| F|  |TAMS 0x0000000709d00000, 0x0000000709d00000| Untracked 
| 158|0x0000000709e00000, 0x0000000709e00000, 0x0000000709f00000|  0%| F|  |TAMS 0x0000000709e00000, 0x0000000709e00000| Untracked 
| 159|0x0000000709f00000, 0x0000000709f00000, 0x000000070a000000|  0%| F|  |TAMS 0x0000000709f00000, 0x0000000709f00000| Untracked 
| 160|0x000000070a000000, 0x000000070a000000, 0x000000070a100000|  0%| F|  |TAMS 0x000000070a000000, 0x000000070a000000| Untracked 
| 161|0x000000070a100000, 0x000000070a100000, 0x000000070a200000|  0%| F|  |TAMS 0x000000070a100000, 0x000000070a100000| Untracked 
| 162|0x000000070a200000, 0x000000070a200000, 0x000000070a300000|  0%| F|  |TAMS 0x000000070a200000, 0x000000070a200000| Untracked 
| 163|0x000000070a300000, 0x000000070a300000, 0x000000070a400000|  0%| F|  |TAMS 0x000000070a300000, 0x000000070a300000| Untracked 
| 164|0x000000070a400000, 0x000000070a400000, 0x000000070a500000|  0%| F|  |TAMS 0x000000070a400000, 0x000000070a400000| Untracked 
| 165|0x000000070a500000, 0x000000070a500000, 0x000000070a600000|  0%| F|  |TAMS 0x000000070a500000, 0x000000070a500000| Untracked 
| 166|0x000000070a600000, 0x000000070a600000, 0x000000070a700000|  0%| F|  |TAMS 0x000000070a600000, 0x000000070a600000| Untracked 
| 167|0x000000070a700000, 0x000000070a700000, 0x000000070a800000|  0%| F|  |TAMS 0x000000070a700000, 0x000000070a700000| Untracked 
| 168|0x000000070a800000, 0x000000070a800000, 0x000000070a900000|  0%| F|  |TAMS 0x000000070a800000, 0x000000070a800000| Untracked 
| 169|0x000000070a900000, 0x000000070a900000, 0x000000070aa00000|  0%| F|  |TAMS 0x000000070a900000, 0x000000070a900000| Untracked 
| 170|0x000000070aa00000, 0x000000070aa00000, 0x000000070ab00000|  0%| F|  |TAMS 0x000000070aa00000, 0x000000070aa00000| Untracked 
| 171|0x000000070ab00000, 0x000000070ab00000, 0x000000070ac00000|  0%| F|  |TAMS 0x000000070ab00000, 0x000000070ab00000| Untracked 
| 172|0x000000070ac00000, 0x000000070ac00000, 0x000000070ad00000|  0%| F|  |TAMS 0x000000070ac00000, 0x000000070ac00000| Untracked 
| 173|0x000000070ad00000, 0x000000070ad00000, 0x000000070ae00000|  0%| F|  |TAMS 0x000000070ad00000, 0x000000070ad00000| Untracked 
| 174|0x000000070ae00000, 0x000000070ae00000, 0x000000070af00000|  0%| F|  |TAMS 0x000000070ae00000, 0x000000070ae00000| Untracked 
| 175|0x000000070af00000, 0x000000070af00000, 0x000000070b000000|  0%| F|  |TAMS 0x000000070af00000, 0x000000070af00000| Untracked 
| 176|0x000000070b000000, 0x000000070b000000, 0x000000070b100000|  0%| F|  |TAMS 0x000000070b000000, 0x000000070b000000| Untracked 
| 177|0x000000070b100000, 0x000000070b100000, 0x000000070b200000|  0%| F|  |TAMS 0x000000070b100000, 0x000000070b100000| Untracked 
| 178|0x000000070b200000, 0x000000070b200000, 0x000000070b300000|  0%| F|  |TAMS 0x000000070b200000, 0x000000070b200000| Untracked 
| 179|0x000000070b300000, 0x000000070b300000, 0x000000070b400000|  0%| F|  |TAMS 0x000000070b300000, 0x000000070b300000| Untracked 
| 180|0x000000070b400000, 0x000000070b400000, 0x000000070b500000|  0%| F|  |TAMS 0x000000070b400000, 0x000000070b400000| Untracked 
| 181|0x000000070b500000, 0x000000070b500000, 0x000000070b600000|  0%| F|  |TAMS 0x000000070b500000, 0x000000070b500000| Untracked 
| 182|0x000000070b600000, 0x000000070b600000, 0x000000070b700000|  0%| F|  |TAMS 0x000000070b600000, 0x000000070b600000| Untracked 
| 183|0x000000070b700000, 0x000000070b700000, 0x000000070b800000|  0%| F|  |TAMS 0x000000070b700000, 0x000000070b700000| Untracked 
| 184|0x000000070b800000, 0x000000070b800000, 0x000000070b900000|  0%| F|  |TAMS 0x000000070b800000, 0x000000070b800000| Untracked 
| 185|0x000000070b900000, 0x000000070b900000, 0x000000070ba00000|  0%| F|  |TAMS 0x000000070b900000, 0x000000070b900000| Untracked 
| 186|0x000000070ba00000, 0x000000070ba00000, 0x000000070bb00000|  0%| F|  |TAMS 0x000000070ba00000, 0x000000070ba00000| Untracked 
| 187|0x000000070bb00000, 0x000000070bb00000, 0x000000070bc00000|  0%| F|  |TAMS 0x000000070bb00000, 0x000000070bb00000| Untracked 
| 188|0x000000070bc00000, 0x000000070bc00000, 0x000000070bd00000|  0%| F|  |TAMS 0x000000070bc00000, 0x000000070bc00000| Untracked 
| 189|0x000000070bd00000, 0x000000070bd00000, 0x000000070be00000|  0%| F|  |TAMS 0x000000070bd00000, 0x000000070bd00000| Untracked 
| 190|0x000000070be00000, 0x000000070be00000, 0x000000070bf00000|  0%| F|  |TAMS 0x000000070be00000, 0x000000070be00000| Untracked 
| 191|0x000000070bf00000, 0x000000070bf00000, 0x000000070c000000|  0%| F|  |TAMS 0x000000070bf00000, 0x000000070bf00000| Untracked 
| 192|0x000000070c000000, 0x000000070c000000, 0x000000070c100000|  0%| F|  |TAMS 0x000000070c000000, 0x000000070c000000| Untracked 
| 193|0x000000070c100000, 0x000000070c100000, 0x000000070c200000|  0%| F|  |TAMS 0x000000070c100000, 0x000000070c100000| Untracked 
| 194|0x000000070c200000, 0x000000070c200000, 0x000000070c300000|  0%| F|  |TAMS 0x000000070c200000, 0x000000070c200000| Untracked 
| 195|0x000000070c300000, 0x000000070c300000, 0x000000070c400000|  0%| F|  |TAMS 0x000000070c300000, 0x000000070c300000| Untracked 
| 196|0x000000070c400000, 0x000000070c400000, 0x000000070c500000|  0%| F|  |TAMS 0x000000070c400000, 0x000000070c400000| Untracked 
| 197|0x000000070c500000, 0x000000070c500000, 0x000000070c600000|  0%| F|  |TAMS 0x000000070c500000, 0x000000070c500000| Untracked 
| 198|0x000000070c600000, 0x000000070c600000, 0x000000070c700000|  0%| F|  |TAMS 0x000000070c600000, 0x000000070c600000| Untracked 
| 199|0x000000070c700000, 0x000000070c700000, 0x000000070c800000|  0%| F|  |TAMS 0x000000070c700000, 0x000000070c700000| Untracked 
| 200|0x000000070c800000, 0x000000070c800000, 0x000000070c900000|  0%| F|  |TAMS 0x000000070c800000, 0x000000070c800000| Untracked 
| 201|0x000000070c900000, 0x000000070c900000, 0x000000070ca00000|  0%| F|  |TAMS 0x000000070c900000, 0x000000070c900000| Untracked 
| 202|0x000000070ca00000, 0x000000070ca00000, 0x000000070cb00000|  0%| F|  |TAMS 0x000000070ca00000, 0x000000070ca00000| Untracked 
| 203|0x000000070cb00000, 0x000000070cb00000, 0x000000070cc00000|  0%| F|  |TAMS 0x000000070cb00000, 0x000000070cb00000| Untracked 
| 204|0x000000070cc00000, 0x000000070cc00000, 0x000000070cd00000|  0%| F|  |TAMS 0x000000070cc00000, 0x000000070cc00000| Untracked 
| 205|0x000000070cd00000, 0x000000070cd00000, 0x000000070ce00000|  0%| F|  |TAMS 0x000000070cd00000, 0x000000070cd00000| Untracked 
| 206|0x000000070ce00000, 0x000000070ce00000, 0x000000070cf00000|  0%| F|  |TAMS 0x000000070ce00000, 0x000000070ce00000| Untracked 
| 207|0x000000070cf00000, 0x000000070cf00000, 0x000000070d000000|  0%| F|  |TAMS 0x000000070cf00000, 0x000000070cf00000| Untracked 
| 208|0x000000070d000000, 0x000000070d000000, 0x000000070d100000|  0%| F|  |TAMS 0x000000070d000000, 0x000000070d000000| Untracked 
| 209|0x000000070d100000, 0x000000070d100000, 0x000000070d200000|  0%| F|  |TAMS 0x000000070d100000, 0x000000070d100000| Untracked 
| 210|0x000000070d200000, 0x000000070d200000, 0x000000070d300000|  0%| F|  |TAMS 0x000000070d200000, 0x000000070d200000| Untracked 
| 211|0x000000070d300000, 0x000000070d300000, 0x000000070d400000|  0%| F|  |TAMS 0x000000070d300000, 0x000000070d300000| Untracked 
| 212|0x000000070d400000, 0x000000070d400000, 0x000000070d500000|  0%| F|  |TAMS 0x000000070d400000, 0x000000070d400000| Untracked 
| 213|0x000000070d500000, 0x000000070d500000, 0x000000070d600000|  0%| F|  |TAMS 0x000000070d500000, 0x000000070d500000| Untracked 
| 214|0x000000070d600000, 0x000000070d600000, 0x000000070d700000|  0%| F|  |TAMS 0x000000070d600000, 0x000000070d600000| Untracked 
| 215|0x000000070d700000, 0x000000070d700000, 0x000000070d800000|  0%| F|  |TAMS 0x000000070d700000, 0x000000070d700000| Untracked 
| 216|0x000000070d800000, 0x000000070d800000, 0x000000070d900000|  0%| F|  |TAMS 0x000000070d800000, 0x000000070d800000| Untracked 
| 217|0x000000070d900000, 0x000000070d900000, 0x000000070da00000|  0%| F|  |TAMS 0x000000070d900000, 0x000000070d900000| Untracked 
| 218|0x000000070da00000, 0x000000070da00000, 0x000000070db00000|  0%| F|  |TAMS 0x000000070da00000, 0x000000070da00000| Untracked 
| 219|0x000000070db00000, 0x000000070db00000, 0x000000070dc00000|  0%| F|  |TAMS 0x000000070db00000, 0x000000070db00000| Untracked 
| 220|0x000000070dc00000, 0x000000070dc00000, 0x000000070dd00000|  0%| F|  |TAMS 0x000000070dc00000, 0x000000070dc00000| Untracked 
| 221|0x000000070dd00000, 0x000000070dd00000, 0x000000070de00000|  0%| F|  |TAMS 0x000000070dd00000, 0x000000070dd00000| Untracked 
| 222|0x000000070de00000, 0x000000070de00000, 0x000000070df00000|  0%| F|  |TAMS 0x000000070de00000, 0x000000070de00000| Untracked 
| 223|0x000000070df00000, 0x000000070df00000, 0x000000070e000000|  0%| F|  |TAMS 0x000000070df00000, 0x000000070df00000| Untracked 
| 224|0x000000070e000000, 0x000000070e000000, 0x000000070e100000|  0%| F|  |TAMS 0x000000070e000000, 0x000000070e000000| Untracked 
| 225|0x000000070e100000, 0x000000070e100000, 0x000000070e200000|  0%| F|  |TAMS 0x000000070e100000, 0x000000070e100000| Untracked 
| 226|0x000000070e200000, 0x000000070e200000, 0x000000070e300000|  0%| F|  |TAMS 0x000000070e200000, 0x000000070e200000| Untracked 
| 227|0x000000070e300000, 0x000000070e300000, 0x000000070e400000|  0%| F|  |TAMS 0x000000070e300000, 0x000000070e300000| Untracked 
| 228|0x000000070e400000, 0x000000070e400000, 0x000000070e500000|  0%| F|  |TAMS 0x000000070e400000, 0x000000070e400000| Untracked 
| 229|0x000000070e500000, 0x000000070e500000, 0x000000070e600000|  0%| F|  |TAMS 0x000000070e500000, 0x000000070e500000| Untracked 
| 230|0x000000070e600000, 0x000000070e600000, 0x000000070e700000|  0%| F|  |TAMS 0x000000070e600000, 0x000000070e600000| Untracked 
| 231|0x000000070e700000, 0x000000070e700000, 0x000000070e800000|  0%| F|  |TAMS 0x000000070e700000, 0x000000070e700000| Untracked 
| 232|0x000000070e800000, 0x000000070e800000, 0x000000070e900000|  0%| F|  |TAMS 0x000000070e800000, 0x000000070e800000| Untracked 
| 233|0x000000070e900000, 0x000000070e900000, 0x000000070ea00000|  0%| F|  |TAMS 0x000000070e900000, 0x000000070e900000| Untracked 
| 234|0x000000070ea00000, 0x000000070ea00000, 0x000000070eb00000|  0%| F|  |TAMS 0x000000070ea00000, 0x000000070ea00000| Untracked 
| 235|0x000000070eb00000, 0x000000070eb00000, 0x000000070ec00000|  0%| F|  |TAMS 0x000000070eb00000, 0x000000070eb00000| Untracked 
| 236|0x000000070ec00000, 0x000000070ec00000, 0x000000070ed00000|  0%| F|  |TAMS 0x000000070ec00000, 0x000000070ec00000| Untracked 
| 237|0x000000070ed00000, 0x000000070ed00000, 0x000000070ee00000|  0%| F|  |TAMS 0x000000070ed00000, 0x000000070ed00000| Untracked 
| 238|0x000000070ee00000, 0x000000070ee00000, 0x000000070ef00000|  0%| F|  |TAMS 0x000000070ee00000, 0x000000070ee00000| Untracked 
| 239|0x000000070ef00000, 0x000000070ef00000, 0x000000070f000000|  0%| F|  |TAMS 0x000000070ef00000, 0x000000070ef00000| Untracked 
| 240|0x000000070f000000, 0x000000070f000000, 0x000000070f100000|  0%| F|  |TAMS 0x000000070f000000, 0x000000070f000000| Untracked 
| 241|0x000000070f100000, 0x000000070f100000, 0x000000070f200000|  0%| F|  |TAMS 0x000000070f100000, 0x000000070f100000| Untracked 
| 242|0x000000070f200000, 0x000000070f200000, 0x000000070f300000|  0%| F|  |TAMS 0x000000070f200000, 0x000000070f200000| Untracked 
| 243|0x000000070f300000, 0x000000070f300000, 0x000000070f400000|  0%| F|  |TAMS 0x000000070f300000, 0x000000070f300000| Untracked 
| 244|0x000000070f400000, 0x000000070f400000, 0x000000070f500000|  0%| F|  |TAMS 0x000000070f400000, 0x000000070f400000| Untracked 
| 245|0x000000070f500000, 0x000000070f500000, 0x000000070f600000|  0%| F|  |TAMS 0x000000070f500000, 0x000000070f500000| Untracked 
| 246|0x000000070f600000, 0x000000070f600000, 0x000000070f700000|  0%| F|  |TAMS 0x000000070f600000, 0x000000070f600000| Untracked 
| 247|0x000000070f700000, 0x000000070f77b668, 0x000000070f800000| 48%| E|  |TAMS 0x000000070f700000, 0x000000070f700000| Complete 
| 248|0x000000070f800000, 0x000000070f900000, 0x000000070f900000|100%| E|CS|TAMS 0x000000070f800000, 0x000000070f800000| Complete 
| 249|0x000000070f900000, 0x000000070fa00000, 0x000000070fa00000|100%| E|CS|TAMS 0x000000070f900000, 0x000000070f900000| Complete 
| 250|0x000000070fa00000, 0x000000070fb00000, 0x000000070fb00000|100%| E|CS|TAMS 0x000000070fa00000, 0x000000070fa00000| Complete 
| 251|0x000000070fb00000, 0x000000070fc00000, 0x000000070fc00000|100%| E|CS|TAMS 0x000000070fb00000, 0x000000070fb00000| Complete 
| 252|0x000000070fc00000, 0x000000070fd00000, 0x000000070fd00000|100%| E|CS|TAMS 0x000000070fc00000, 0x000000070fc00000| Complete 
| 253|0x000000070fd00000, 0x000000070fe00000, 0x000000070fe00000|100%| E|CS|TAMS 0x000000070fd00000, 0x000000070fd00000| Complete 
| 254|0x000000070fe00000, 0x000000070ff00000, 0x000000070ff00000|100%| E|CS|TAMS 0x000000070fe00000, 0x000000070fe00000| Complete 
| 255|0x000000070ff00000, 0x0000000710000000, 0x0000000710000000|100%| E|CS|TAMS 0x000000070ff00000, 0x000000070ff00000| Complete 
|3070|0x00000007bfe00000, 0x00000007bfe47000, 0x00000007bff00000| 27%|OA|  |TAMS 0x00000007bfe00000, 0x00000007bfe00000| Untracked 
|3071|0x00000007bff00000, 0x00000007bff77000, 0x00000007c0000000| 46%|CA|  |TAMS 0x00000007bff00000, 0x00000007bff00000| Untracked 

Card table byte_map: [0x000000010a817000,0x000000010b017000] _byte_map_base: 0x0000000107017000

Marking Bits (Prev, Next): (CMBitMap*) 0x00007fd6bb002c18, (CMBitMap*) 0x00007fd6bb002c58
 Prev Bits: [0x0000000126d00000, 0x000000012ad00000)
 Next Bits: [0x000000012ad00000, 0x000000012ed00000)

Polling page: 0x00000001077c4000

Metaspace:

Usage:
  Non-class:      4.95 MB capacity,     1.99 MB ( 40%) used,     2.96 MB ( 60%) free+waste,     5.00 KB ( <1%) overhead. 
      Class:    465.00 KB capacity,   168.47 KB ( 36%) used,   293.66 KB ( 63%) free+waste,     2.88 KB ( <1%) overhead. 
       Both:      5.40 MB capacity,     2.15 MB ( 40%) used,     3.25 MB ( 60%) free+waste,     7.88 KB ( <1%) overhead. 

Virtual space:
  Non-class space:        8.00 MB reserved,       5.00 MB ( 62%) committed 
      Class space:        1.00 GB reserved,     512.00 KB ( <1%) committed 
             Both:        1.01 GB reserved,       5.50 MB ( <1%) committed 

Chunk freelists:
   Non-Class:  15.00 KB
       Class:  0 bytes
        Both:  15.00 KB

MaxMetaspaceSize: unlimited
CompressedClassSpaceSize: 1.00 GB

CodeHeap 'non-profiled nmethods': size=120032Kb used=151Kb max_used=151Kb free=119880Kb
 bounds [0x000000011f7c8000, 0x000000011fa38000, 0x0000000126d00000]
CodeHeap 'profiled nmethods': size=120028Kb used=750Kb max_used=750Kb free=119277Kb
 bounds [0x0000000118291000, 0x0000000118501000, 0x000000011f7c8000]
CodeHeap 'non-nmethods': size=5700Kb used=1500Kb max_used=1513Kb free=4199Kb
 bounds [0x0000000117d00000, 0x0000000117f70000, 0x0000000118291000]
 total_blobs=1467 nmethods=466 adapters=767
 compilation: enabled
              stopped_count=0, restarted_count=0
 full_count=0

Compilation events (20 events):
Event: 0.247 Thread 0x00007fd6bb03d800 nmethod 456 0x000000011f7ec210 code [0x000000011f7ec380, 0x000000011f7ec3d8]
Event: 0.248 Thread 0x00007fd6bc8d1000 nmethod 454 0x0000000118347610 code [0x00000001183478c0, 0x0000000118348838]
Event: 0.248 Thread 0x00007fd6bc8d1000  455       3       java.util.zip.InflaterInputStream::ensureOpen (18 bytes)
Event: 0.248 Thread 0x00007fd6bc8d1000 nmethod 455 0x0000000118348e10 code [0x0000000118348fc0, 0x0000000118349248]
Event: 0.327 Thread 0x00007fd6bc8d1000  457       1       java.security.CodeSource::getLocationNoFragString (5 bytes)
Event: 0.327 Thread 0x00007fd6bc8d1000 nmethod 457 0x000000011f7ec510 code [0x000000011f7ec6a0, 0x000000011f7ec7d0]
Event: 0.329 Thread 0x00007fd6bc8d1000  458       3       jdk.internal.jimage.ImageStringsReader::charsFromByteBufferLength (47 bytes)
Event: 0.330 Thread 0x00007fd6bb03d800  461       4       java.lang.AbstractStringBuilder::append (55 bytes)
Event: 0.330 Thread 0x00007fd6bc8d1000 nmethod 458 0x0000000118349310 code [0x00000001183494e0, 0x00000001183499d8]
Event: 0.330 Thread 0x00007fd6bc8d1000  459       3       jdk.internal.jimage.ImageStringsReader::charsFromByteBuffer (186 bytes)
Event: 0.331 Thread 0x00007fd6bc8d1000 nmethod 459 0x0000000118349b90 code [0x0000000118349f00, 0x000000011834b5a8]
Event: 0.331 Thread 0x00007fd6bc8d1000  460       3       java.util.concurrent.ConcurrentHashMap$ValueIterator::next (34 bytes)
Event: 0.331 Thread 0x00007fd6bc8d1000 nmethod 460 0x000000011834bd90 code [0x000000011834bf60, 0x000000011834c238]
Event: 0.331 Thread 0x00007fd6bc8d1000  462       3       java.nio.CharBuffer::hasArray (20 bytes)
Event: 0.331 Thread 0x00007fd6bc8d1000 nmethod 462 0x000000011834c390 code [0x000000011834c520, 0x000000011834c730]
Event: 0.337 Thread 0x00007fd6bc8d1000  463       3       java.nio.Buffer::remaining (10 bytes)
Event: 0.337 Thread 0x00007fd6bc8d1000 nmethod 463 0x000000011834c790 code [0x000000011834c920, 0x000000011834ca90]
Event: 0.337 Thread 0x00007fd6bc8d1000  464       1       org.lwjgl.system.Pointer$Default::address (5 bytes)
Event: 0.337 Thread 0x00007fd6bc8d1000 nmethod 464 0x000000011f7ec810 code [0x000000011f7ec9a0, 0x000000011f7ecad0]
Event: 0.338 Thread 0x00007fd6bb03d800 nmethod 461 0x000000011f7ed390 code [0x000000011f7ed520, 0x000000011f7edbf8]

GC Heap History (0 events):
No events

Deoptimization events (18 events):
Event: 0.131 Thread 0x00007fd6bb800800 DEOPT PACKING pc=0x00000001182da510 sp=0x0000700007b03690
Event: 0.131 Thread 0x00007fd6bb800800 DEOPT UNPACKING pc=0x0000000117d4933a sp=0x0000700007b02b08 mode 0
Event: 0.131 Thread 0x00007fd6bb800800 DEOPT PACKING pc=0x00000001182d5a22 sp=0x0000700007b037f0
Event: 0.131 Thread 0x00007fd6bb800800 DEOPT UNPACKING pc=0x0000000117d4933a sp=0x0000700007b02c78 mode 0
Event: 0.133 Thread 0x00007fd6bb800800 DEOPT PACKING pc=0x00000001182adbcf sp=0x0000700007b01f40
Event: 0.133 Thread 0x00007fd6bb800800 DEOPT UNPACKING pc=0x0000000117d4933a sp=0x0000700007b013e8 mode 0
Event: 0.134 Thread 0x00007fd6bb800800 DEOPT PACKING pc=0x00000001182adbcf sp=0x0000700007b022b0
Event: 0.134 Thread 0x00007fd6bb800800 DEOPT UNPACKING pc=0x0000000117d4933a sp=0x0000700007b01758 mode 0
Event: 0.135 Thread 0x00007fd6bb800800 DEOPT PACKING pc=0x00000001182adbcf sp=0x0000700007b063a0
Event: 0.135 Thread 0x00007fd6bb800800 DEOPT UNPACKING pc=0x0000000117d4933a sp=0x0000700007b05848 mode 0
Event: 0.136 Thread 0x00007fd6bb800800 DEOPT PACKING pc=0x00000001182adbcf sp=0x0000700007b05c70
Event: 0.136 Thread 0x00007fd6bb800800 DEOPT UNPACKING pc=0x0000000117d4933a sp=0x0000700007b05118 mode 0
Event: 0.181 Thread 0x00007fd6bb800800 DEOPT PACKING pc=0x00000001182be955 sp=0x0000700007b05e40
Event: 0.181 Thread 0x00007fd6bb800800 DEOPT UNPACKING pc=0x0000000117d4933a sp=0x0000700007b052c0 mode 0
Event: 0.212 Thread 0x00007fd6bb800800 Uncommon trap: trap_request=0xffffff45 fr.pc=0x000000011f7ccc68 relative=0x0000000000000068
Event: 0.212 Thread 0x00007fd6bb800800 Uncommon trap: reason=unstable_if action=reinterpret pc=0x000000011f7ccc68 method=java.lang.String.isLatin1()Z @ 10 c2
Event: 0.212 Thread 0x00007fd6bb800800 DEOPT PACKING pc=0x000000011f7ccc68 sp=0x0000700007b06570
Event: 0.212 Thread 0x00007fd6bb800800 DEOPT UNPACKING pc=0x0000000117d48e25 sp=0x0000700007b06520 mode 2

Classes unloaded (0 events):
No events

Classes redefined (0 events):
No events

Internal exceptions (5 events):
Event: 0.160 Thread 0x00007fd6bb800800 Exception <a 'java/lang/NoSuchMethodError'{0x000000070fb85688}: 'void java.lang.invoke.DelegatingMethodHandle$Holder.delegate(java.lang.Object, java.lang.Object, int, java.lang.Object)'> (0x000000070fb85688) 
thrown [/scratch/mesos/slaves/fcf4c0c4-d73e-4321-860c-6613427db92b-S986/frameworks/1735e8a2-a1db-478c-8104-60c8b0af87dd-0196/executors/b21c77cc-e78c-4fea-ada2-0248f8e62b78/runs/ce7c8681-9c38-4388-a432-d1e7d11d4690/workspace/open/src/hotspot/share/interpreter/linkResolver.cpp, line 767]
Event: 0.161 Thread 0x00007fd6bb800800 Exception <a 'java/lang/NoSuchMethodError'{0x000000070fb8c390}: 'java.lang.Object java.lang.invoke.DirectMethodHandle$Holder.invokeStaticInit(java.lang.Object, java.lang.Object, java.lang.Object)'> (0x000000070fb8c390) 
thrown [/scratch/mesos/slaves/fcf4c0c4-d73e-4321-860c-6613427db92b-S986/frameworks/1735e8a2-a1db-478c-8104-60c8b0af87dd-0196/executors/b21c77cc-e78c-4fea-ada2-0248f8e62b78/runs/ce7c8681-9c38-4388-a432-d1e7d11d4690/workspace/open/src/hotspot/share/interpreter/linkResolver.cpp, line 767]
Event: 0.194 Thread 0x00007fd6bb800800 Exception <a 'sun/nio/fs/UnixException'{0x000000070fa7e108}> (0x000000070fa7e108) 
thrown [/scratch/mesos/slaves/fcf4c0c4-d73e-4321-860c-6613427db92b-S986/frameworks/1735e8a2-a1db-478c-8104-60c8b0af87dd-0196/executors/b21c77cc-e78c-4fea-ada2-0248f8e62b78/runs/ce7c8681-9c38-4388-a432-d1e7d11d4690/workspace/open/src/hotspot/share/prims/jni.cpp, line 598]
Event: 0.221 Thread 0x00007fd6bb800800 Exception <a 'sun/nio/fs/UnixException'{0x000000070fae7b40}> (0x000000070fae7b40) 
thrown [/scratch/mesos/slaves/fcf4c0c4-d73e-4321-860c-6613427db92b-S986/frameworks/1735e8a2-a1db-478c-8104-60c8b0af87dd-0196/executors/b21c77cc-e78c-4fea-ada2-0248f8e62b78/runs/ce7c8681-9c38-4388-a432-d1e7d11d4690/workspace/open/src/hotspot/share/prims/jni.cpp, line 598]
Event: 0.330 Thread 0x00007fd6bb800800 Exception <a 'sun/nio/fs/UnixException'{0x000000070f8da190}> (0x000000070f8da190) 
thrown [/scratch/mesos/slaves/fcf4c0c4-d73e-4321-860c-6613427db92b-S986/frameworks/1735e8a2-a1db-478c-8104-60c8b0af87dd-0196/executors/b21c77cc-e78c-4fea-ada2-0248f8e62b78/runs/ce7c8681-9c38-4388-a432-d1e7d11d4690/workspace/open/src/hotspot/share/prims/jni.cpp, line 598]

Events (20 events):
Event: 0.239 loading class org/lwjgl/BufferUtils
Event: 0.239 loading class org/lwjgl/BufferUtils done
Event: 0.241 loading class org/lwjgl/system/macosx/DynamicLinkLoader
Event: 0.241 loading class org/lwjgl/system/macosx/DynamicLinkLoader done
Event: 0.243 loading class org/lwjgl/glfw/GLFW$Functions
Event: 0.243 loading class org/lwjgl/glfw/GLFW$Functions done
Event: 0.246 loading class org/lwjgl/system/JNI
Event: 0.246 loading class org/lwjgl/system/JNI done
Event: 0.326 loading class org/lwjgl/glfw/EventLoop$OffScreen
Event: 0.326 loading class org/lwjgl/glfw/EventLoop$OffScreen done
Event: 0.327 loading class org/lwjgl/glfw/EventLoop
Event: 0.327 loading class org/lwjgl/glfw/EventLoop done
Event: 0.327 loading class org/lwjgl/system/macosx/ObjCRuntime
Event: 0.327 loading class org/lwjgl/system/macosx/ObjCRuntime done
Event: 0.331 loading class org/lwjgl/system/dyncall/DynLoad
Event: 0.331 loading class org/lwjgl/system/dyncall/DynLoad done
Event: 0.336 loading class org/lwjgl/system/macosx/ObjCRuntime$Functions
Event: 0.336 loading class org/lwjgl/system/macosx/ObjCRuntime$Functions done
Event: 0.339 loading class org/lwjgl/system/macosx/CoreFoundation
Event: 0.339 loading class org/lwjgl/system/macosx/CoreFoundation done


Dynamic libraries:
0x00007fff6d7b6000 	/usr/lib/libz.1.dylib
0x000000010775b000 	/Library/Java/JavaVirtualMachines/jdk-13.jdk/Contents/Home/lib/libjli.dylib
0x00007fff35f14000 	/System/Library/Frameworks/Cocoa.framework/Versions/A/Cocoa
0x00007fff434fd000 	/System/Library/Frameworks/Security.framework/Versions/A/Security
0x00007fff34eb4000 	/System/Library/Frameworks/ApplicationServices.framework/Versions/A/ApplicationServices
0x00007fff6b211000 	/usr/lib/libSystem.B.dylib
0x00007fff6e22e000 	/usr/lib/system/libcache.dylib
0x00007fff6e234000 	/usr/lib/system/libcommonCrypto.dylib
0x00007fff6e240000 	/usr/lib/system/libcompiler_rt.dylib
0x00007fff6e248000 	/usr/lib/system/libcopyfile.dylib
0x00007fff6e252000 	/usr/lib/system/libcorecrypto.dylib
0x00007fff6e400000 	/usr/lib/system/libdispatch.dylib
0x00007fff6e442000 	/usr/lib/system/libdyld.dylib
0x00007fff6e478000 	/usr/lib/system/libkeymgr.dylib
0x00007fff6e486000 	/usr/lib/system/liblaunch.dylib
0x00007fff6e487000 	/usr/lib/system/libmacho.dylib
0x00007fff6e48d000 	/usr/lib/system/libquarantine.dylib
0x00007fff6e490000 	/usr/lib/system/libremovefile.dylib
0x00007fff6e492000 	/usr/lib/system/libsystem_asl.dylib
0x00007fff6e4aa000 	/usr/lib/system/libsystem_blocks.dylib
0x00007fff6e4ab000 	/usr/lib/system/libsystem_c.dylib
0x00007fff6e533000 	/usr/lib/system/libsystem_configuration.dylib
0x00007fff6e537000 	/usr/lib/system/libsystem_coreservices.dylib
0x00007fff6e53b000 	/usr/lib/system/libsystem_darwin.dylib
0x00007fff6e543000 	/usr/lib/system/libsystem_dnssd.dylib
0x00007fff6e54b000 	/usr/lib/system/libsystem_featureflags.dylib
0x00007fff6e54d000 	/usr/lib/system/libsystem_info.dylib
0x00007fff6e5c8000 	/usr/lib/system/libsystem_m.dylib
0x00007fff6e614000 	/usr/lib/system/libsystem_malloc.dylib
0x00007fff6e63c000 	/usr/lib/system/libsystem_networkextension.dylib
0x00007fff6e64a000 	/usr/lib/system/libsystem_notify.dylib
0x00007fff6e669000 	/usr/lib/system/libsystem_sandbox.dylib
0x00007fff6e66e000 	/usr/lib/system/libsystem_secinit.dylib
0x00007fff6e59b000 	/usr/lib/system/libsystem_kernel.dylib
0x00007fff6e654000 	/usr/lib/system/libsystem_platform.dylib
0x00007fff6e65e000 	/usr/lib/system/libsystem_pthread.dylib
0x00007fff6e671000 	/usr/lib/system/libsystem_symptoms.dylib
0x00007fff6e679000 	/usr/lib/system/libsystem_trace.dylib
0x00007fff6e691000 	/usr/lib/system/libunwind.dylib
0x00007fff6e697000 	/usr/lib/system/libxpc.dylib
0x00007fff6d0e9000 	/usr/lib/libobjc.A.dylib
0x00007fff6b5da000 	/usr/lib/libc++abi.dylib
0x00007fff6b586000 	/usr/lib/libc++.1.dylib
0x00007fff36e8c000 	/System/Library/Frameworks/CoreFoundation.framework/Versions/A/CoreFoundation
0x00007fff39574000 	/System/Library/Frameworks/Foundation.framework/Versions/C/Foundation
0x00007fff340ac000 	/System/Library/Frameworks/AppKit.framework/Versions/C/AppKit
0x00007fff36991000 	/System/Library/Frameworks/CoreData.framework/Versions/A/CoreData
0x00007fff67abc000 	/System/Library/PrivateFrameworks/UIFoundation.framework/Versions/A/UIFoundation
0x00007fff622ed000 	/System/Library/PrivateFrameworks/RemoteViewServices.framework/Versions/A/RemoteViewServices
0x00007fff6a53f000 	/System/Library/PrivateFrameworks/XCTTargetBootstrap.framework/Versions/A/XCTTargetBootstrap
0x00007fff36d7f000 	/System/Library/Frameworks/CoreDisplay.framework/Versions/A/CoreDisplay
0x00007fff3c2e8000 	/System/Library/Frameworks/Metal.framework/Versions/A/Metal
0x00007fff507f9000 	/System/Library/PrivateFrameworks/DesktopServicesPriv.framework/Versions/A/DesktopServicesPriv
0x00007fff6c3d4000 	/usr/lib/liblangid.dylib
0x00007fff4f950000 	/System/Library/PrivateFrameworks/CoreSVG.framework/Versions/A/CoreSVG
0x00007fff6506d000 	/System/Library/PrivateFrameworks/SkyLight.framework/Versions/A/SkyLight
0x00007fff3730d000 	/System/Library/Frameworks/CoreGraphics.framework/Versions/A/CoreGraphics
0x00007fff32b42000 	/System/Library/Frameworks/Accelerate.framework/Versions/A/Accelerate
0x00007fff6d6a7000 	/usr/lib/libxml2.2.dylib
0x00007fff5b4fc000 	/System/Library/PrivateFrameworks/IconServices.framework/Versions/A/IconServices
0x00007fff39d56000 	/System/Library/Frameworks/IOSurface.framework/Versions/A/IOSurface
0x00007fff6ad49000 	/usr/lib/libDiagnosticMessagesClient.dylib
0x00007fff50672000 	/System/Library/PrivateFrameworks/DFRFoundation.framework/Versions/A/DFRFoundation
0x00007fff6c162000 	/usr/lib/libicucore.A.dylib
0x00007fff351e6000 	/System/Library/Frameworks/AudioToolbox.framework/Versions/A/AudioToolbox
0x00007fff352c8000 	/System/Library/Frameworks/AudioUnit.framework/Versions/A/AudioUnit
0x00007fff6b4aa000 	/usr/lib/libauto.dylib
0x00007fff506f3000 	/System/Library/PrivateFrameworks/DataDetectorsCore.framework/Versions/A/DataDetectorsCore
0x00007fff35a34000 	/System/Library/Frameworks/Carbon.framework/Versions/A/Frameworks/HIToolbox.framework/Versions/A/HIToolbox
0x00007fff42732000 	/System/Library/Frameworks/QuartzCore.framework/Versions/A/QuartzCore
0x00007fff35d73000 	/System/Library/Frameworks/Carbon.framework/Versions/A/Frameworks/SpeechRecognition.framework/Versions/A/SpeechRecognition
0x00007fff4fff6000 	/System/Library/PrivateFrameworks/CoreUI.framework/Versions/A/CoreUI
0x00007fff363f7000 	/System/Library/Frameworks/CoreAudio.framework/Versions/A/CoreAudio
0x00007fff3923c000 	/System/Library/Frameworks/DiskArbitration.framework/Versions/A/DiskArbitration
0x00007fff5d505000 	/System/Library/PrivateFrameworks/MultitouchSupport.framework/Versions/A/MultitouchSupport
0x00007fff6c028000 	/usr/lib/libenergytrace.dylib
0x00007fff39cb1000 	/System/Library/Frameworks/IOKit.framework/Versions/A/IOKit
0x00007fff3829e000 	/System/Library/Frameworks/CoreServices.framework/Versions/A/CoreServices
0x00007fff5f57b000 	/System/Library/PrivateFrameworks/PerformanceAnalysis.framework/Versions/A/PerformanceAnalysis
0x00007fff41769000 	/System/Library/Frameworks/OpenGL.framework/Versions/A/OpenGL
0x00007fff35f22000 	/System/Library/Frameworks/ColorSync.framework/Versions/A/ColorSync
0x00007fff379b8000 	/System/Library/Frameworks/CoreImage.framework/Versions/A/CoreImage
0x00007fff38d13000 	/System/Library/Frameworks/CoreText.framework/Versions/A/CoreText
0x00007fff39ddd000 	/System/Library/Frameworks/ImageIO.framework/Versions/A/ImageIO
0x00007fff6b602000 	/usr/lib/libcompression.dylib
0x00007fff6b08b000 	/usr/lib/libMobileGestalt.dylib
0x00007fff66b9e000 	/System/Library/PrivateFrameworks/TextureIO.framework/Versions/A/TextureIO
0x00007fff6b379000 	/usr/lib/libate.dylib
0x00007fff5b704000 	/System/Library/PrivateFrameworks/InternationalSupport.framework/Versions/A/InternationalSupport
0x00007fff6c3d6000 	/usr/lib/liblzma.5.dylib
0x00007fff6c050000 	/usr/lib/libfakelink.dylib
0x00007fff6b306000 	/usr/lib/libarchive.2.dylib
0x00007fff446b7000 	/System/Library/Frameworks/SystemConfiguration.framework/Versions/A/SystemConfiguration
0x00007fff6ac7a000 	/usr/lib/libCRFSuite.dylib
0x00007fff3563e000 	/System/Library/Frameworks/CFNetwork.framework/Versions/A/CFNetwork
0x00007fff6b568000 	/usr/lib/libbsm.0.dylib
0x00007fff6e479000 	/usr/lib/system/libkxld.dylib
0x00007fff4a18f000 	/System/Library/PrivateFrameworks/AppleFSCompression.framework/Versions/A/AppleFSCompression
0x00007fff6b8e7000 	/usr/lib/libcoretls.dylib
0x00007fff6b8fe000 	/usr/lib/libcoretls_cfhelpers.dylib
0x00007fff6d12e000 	/usr/lib/libpam.2.dylib
0x00007fff6d25e000 	/usr/lib/libsqlite3.dylib
0x00007fff6d694000 	/usr/lib/libxar.1.dylib
0x00007fff6b579000 	/usr/lib/libbz2.1.0.dylib
0x00007fff6c071000 	/usr/lib/libiconv.2.dylib
0x00007fff6b5ef000 	/usr/lib/libcharset.1.dylib
0x00007fff6cbd8000 	/usr/lib/libnetwork.dylib
0x00007fff6d135000 	/usr/lib/libpcap.A.dylib
0x00007fff6b2bb000 	/usr/lib/libapple_nghttp2.dylib
0x00007fff38655000 	/System/Library/Frameworks/CoreServices.framework/Versions/A/Frameworks/FSEvents.framework/Versions/A/FSEvents
0x00007fff38325000 	/System/Library/Frameworks/CoreServices.framework/Versions/A/Frameworks/CarbonCore.framework/Versions/A/CarbonCore
0x00007fff38898000 	/System/Library/Frameworks/CoreServices.framework/Versions/A/Frameworks/Metadata.framework/Versions/A/Metadata
0x00007fff38931000 	/System/Library/Frameworks/CoreServices.framework/Versions/A/Frameworks/OSServices.framework/Versions/A/OSServices
0x00007fff3895f000 	/System/Library/Frameworks/CoreServices.framework/Versions/A/Frameworks/SearchKit.framework/Versions/A/SearchKit
0x00007fff3829f000 	/System/Library/Frameworks/CoreServices.framework/Versions/A/Frameworks/AE.framework/Versions/A/AE
0x00007fff3865e000 	/System/Library/Frameworks/CoreServices.framework/Versions/A/Frameworks/LaunchServices.framework/Versions/A/LaunchServices
0x00007fff38607000 	/System/Library/Frameworks/CoreServices.framework/Versions/A/Frameworks/DictionaryServices.framework/Versions/A/DictionaryServices
0x00007fff389c7000 	/System/Library/Frameworks/CoreServices.framework/Versions/A/Frameworks/SharedFileList.framework/Versions/A/SharedFileList
0x00007fff3d5bd000 	/System/Library/Frameworks/NetFS.framework/Versions/A/NetFS
0x00007fff5d9a8000 	/System/Library/PrivateFrameworks/NetAuth.framework/Versions/A/NetAuth
0x00007fff6a909000 	/System/Library/PrivateFrameworks/login.framework/Versions/A/Frameworks/loginsupport.framework/Versions/A/loginsupport
0x00007fff6669c000 	/System/Library/PrivateFrameworks/TCC.framework/Versions/A/TCC
0x00007fff4ed23000 	/System/Library/PrivateFrameworks/CoreNLP.framework/Versions/A/CoreNLP
0x00007fff5cf35000 	/System/Library/PrivateFrameworks/MetadataUtilities.framework/Versions/A/MetadataUtilities
0x00007fff6c4ae000 	/usr/lib/libmecabra.dylib
0x00007fff6c406000 	/usr/lib/libmecab.dylib
0x00007fff6c061000 	/usr/lib/libgermantok.dylib
0x00007fff6b2a2000 	/usr/lib/libThaiTokenizer.dylib
0x00007fff6acb2000 	/usr/lib/libChineseTokenizer.dylib
0x00007fff32b5a000 	/System/Library/Frameworks/Accelerate.framework/Versions/A/Frameworks/vImage.framework/Versions/A/vImage
0x00007fff33f07000 	/System/Library/Frameworks/Accelerate.framework/Versions/A/Frameworks/vecLib.framework/Versions/A/vecLib
0x00007fff33d8c000 	/System/Library/Frameworks/Accelerate.framework/Versions/A/Frameworks/vecLib.framework/Versions/A/libvMisc.dylib
0x00007fff33bf9000 	/System/Library/Frameworks/Accelerate.framework/Versions/A/Frameworks/vecLib.framework/Versions/A/libvDSP.dylib
0x00007fff33402000 	/System/Library/Frameworks/Accelerate.framework/Versions/A/Frameworks/vecLib.framework/Versions/A/libBLAS.dylib
0x00007fff337a4000 	/System/Library/Frameworks/Accelerate.framework/Versions/A/Frameworks/vecLib.framework/Versions/A/libLAPACK.dylib
0x00007fff33b59000 	/System/Library/Frameworks/Accelerate.framework/Versions/A/Frameworks/vecLib.framework/Versions/A/libLinearAlgebra.dylib
0x00007fff33be6000 	/System/Library/Frameworks/Accelerate.framework/Versions/A/Frameworks/vecLib.framework/Versions/A/libSparseBLAS.dylib
0x00007fff33b6f000 	/System/Library/Frameworks/Accelerate.framework/Versions/A/Frameworks/vecLib.framework/Versions/A/libQuadrature.dylib
0x00007fff3359c000 	/System/Library/Frameworks/Accelerate.framework/Versions/A/Frameworks/vecLib.framework/Versions/A/libBNNS.dylib
0x00007fff33b75000 	/System/Library/Frameworks/Accelerate.framework/Versions/A/Frameworks/vecLib.framework/Versions/A/libSparse.dylib
0x00007fff5bac2000 	/System/Library/PrivateFrameworks/LanguageModeling.framework/Versions/A/LanguageModeling
0x00007fff4e6c2000 	/System/Library/PrivateFrameworks/CoreEmoji.framework/Versions/A/CoreEmoji
0x00007fff5bbe0000 	/System/Library/PrivateFrameworks/LinguisticData.framework/Versions/A/LinguisticData
0x00007fff5bb91000 	/System/Library/PrivateFrameworks/Lexicon.framework/Versions/A/Lexicon
0x00007fff6b5f0000 	/usr/lib/libcmph.dylib
0x00007fff4018f000 	/System/Library/Frameworks/OpenDirectory.framework/Versions/A/Frameworks/CFOpenDirectory.framework/Versions/A/CFOpenDirectory
0x00007fff401ac000 	/System/Library/Frameworks/OpenDirectory.framework/Versions/A/OpenDirectory
0x00007fff4847d000 	/System/Library/PrivateFrameworks/APFS.framework/Versions/A/APFS
0x00007fff43844000 	/System/Library/Frameworks/SecurityFoundation.framework/Versions/A/SecurityFoundation
0x00007fff6d690000 	/usr/lib/libutil.dylib
0x00007fff4f9a8000 	/System/Library/PrivateFrameworks/CoreServicesStore.framework/Versions/A/CoreServicesStore
0x00007fff43926000 	/System/Library/Frameworks/ServiceManagement.framework/Versions/A/ServiceManagement
0x00007fff4b941000 	/System/Library/PrivateFrameworks/BackgroundTaskManagement.framework/Versions/A/BackgroundTaskManagement
0x00007fff6d78d000 	/usr/lib/libxslt.1.dylib
0x00007fff4a7f2000 	/System/Library/PrivateFrameworks/AppleSystemInfo.framework/Versions/A/AppleSystemInfo
0x00007fff39ffa000 	/System/Library/Frameworks/ImageIO.framework/Versions/A/Resources/libJPEG.dylib
0x00007fff3a2b9000 	/System/Library/Frameworks/ImageIO.framework/Versions/A/Resources/libTIFF.dylib
0x00007fff3a29c000 	/System/Library/Frameworks/ImageIO.framework/Versions/A/Resources/libPng.dylib
0x00007fff39f3c000 	/System/Library/Frameworks/ImageIO.framework/Versions/A/Resources/libGIF.dylib
0x00007fff39f40000 	/System/Library/Frameworks/ImageIO.framework/Versions/A/Resources/libJP2.dylib
0x00007fff3a2b7000 	/System/Library/Frameworks/ImageIO.framework/Versions/A/Resources/libRadiance.dylib
0x00007fff6c029000 	/usr/lib/libexpat.1.dylib
0x00007fff4a2ea000 	/System/Library/PrivateFrameworks/AppleJPEG.framework/Versions/A/AppleJPEG
0x00007fff52c09000 	/System/Library/PrivateFrameworks/FontServices.framework/libFontParser.dylib
0x00007fff69967000 	/System/Library/PrivateFrameworks/WatchdogClient.framework/Versions/A/WatchdogClient
0x00007fff5b151000 	/System/Library/PrivateFrameworks/IOAccelerator.framework/Versions/A/IOAccelerator
0x00007fff3c676000 	/System/Library/Frameworks/MetalPerformanceShaders.framework/Versions/A/MetalPerformanceShaders
0x00007fff57956000 	/System/Library/PrivateFrameworks/GPUWrangler.framework/Versions/A/GPUWrangler
0x00007fff5b15c000 	/System/Library/PrivateFrameworks/IOPresentment.framework/Versions/A/IOPresentment
0x00007fff50685000 	/System/Library/PrivateFrameworks/DSExternalDisplay.framework/Versions/A/DSExternalDisplay
0x00007fff40b15000 	/System/Library/Frameworks/OpenGL.framework/Versions/A/Libraries/libCoreFSCache.dylib
0x00007fff3c3c8000 	/System/Library/Frameworks/MetalPerformanceShaders.framework/Frameworks/MPSCore.framework/Versions/A/MPSCore
0x00007fff3c405000 	/System/Library/Frameworks/MetalPerformanceShaders.framework/Frameworks/MPSImage.framework/Versions/A/MPSImage
0x00007fff3c4c7000 	/System/Library/Frameworks/MetalPerformanceShaders.framework/Frameworks/MPSNeuralNetwork.framework/Versions/A/MPSNeuralNetwork
0x00007fff3c48c000 	/System/Library/Frameworks/MetalPerformanceShaders.framework/Frameworks/MPSMatrix.framework/Versions/A/MPSMatrix
0x00007fff3c627000 	/System/Library/Frameworks/MetalPerformanceShaders.framework/Frameworks/MPSRayIntersector.framework/Versions/A/MPSRayIntersector
0x00007fff3c4b1000 	/System/Library/Frameworks/MetalPerformanceShaders.framework/Frameworks/MPSNDArray.framework/Versions/A/MPSNDArray
0x00007fff5cf82000 	/System/Library/PrivateFrameworks/MetalTools.framework/Versions/A/MetalTools
0x00007fff4961d000 	/System/Library/PrivateFrameworks/AggregateDictionary.framework/Versions/A/AggregateDictionary
0x00007fff4e155000 	/System/Library/PrivateFrameworks/CoreAnalytics.framework/Versions/A/CoreAnalytics
0x00007fff4a710000 	/System/Library/PrivateFrameworks/AppleSauce.framework/Versions/A/AppleSauce
0x00007fff6af6e000 	/usr/lib/libIOReport.dylib
0x00007fff38ec8000 	/System/Library/Frameworks/CoreVideo.framework/Versions/A/CoreVideo
0x00007fff58dbb000 	/System/Library/PrivateFrameworks/GraphVisualizer.framework/Versions/A/GraphVisualizer
0x00007fff52188000 	/System/Library/PrivateFrameworks/FaceCore.framework/Versions/A/FaceCore
0x00007fff40136000 	/System/Library/Frameworks/OpenCL.framework/Versions/A/OpenCL
0x00007fff6ad90000 	/usr/lib/libFosl_dynamic.dylib
0x00007fff5e3a0000 	/System/Library/PrivateFrameworks/OTSVG.framework/Versions/A/OTSVG
0x00007fff34fb9000 	/System/Library/Frameworks/ApplicationServices.framework/Versions/A/Frameworks/ATS.framework/Versions/A/Resources/libFontRegistry.dylib
0x00007fff52dda000 	/System/Library/PrivateFrameworks/FontServices.framework/libhvf.dylib
0x00007fff40b20000 	/System/Library/Frameworks/OpenGL.framework/Versions/A/Libraries/libGFXShared.dylib
0x00007fff40cfd000 	/System/Library/Frameworks/OpenGL.framework/Versions/A/Libraries/libGLU.dylib
0x00007fff40b29000 	/System/Library/Frameworks/OpenGL.framework/Versions/A/Libraries/libGL.dylib
0x00007fff40b34000 	/System/Library/Frameworks/OpenGL.framework/Versions/A/Libraries/libGLImage.dylib
0x00007fff40b12000 	/System/Library/Frameworks/OpenGL.framework/Versions/A/Libraries/libCVMSPluginSupport.dylib
0x00007fff40b1b000 	/System/Library/Frameworks/OpenGL.framework/Versions/A/Libraries/libCoreVMClient.dylib
0x00007fff6ca7a000 	/usr/lib/libncurses.5.4.dylib
0x00007fff34eb5000 	/System/Library/Frameworks/ApplicationServices.framework/Versions/A/Frameworks/ATS.framework/Versions/A/ATS
0x00007fff35082000 	/System/Library/Frameworks/ApplicationServices.framework/Versions/A/Frameworks/ColorSyncLegacy.framework/Versions/A/ColorSyncLegacy
0x00007fff35121000 	/System/Library/Frameworks/ApplicationServices.framework/Versions/A/Frameworks/HIServices.framework/Versions/A/HIServices
0x00007fff35178000 	/System/Library/Frameworks/ApplicationServices.framework/Versions/A/Frameworks/LangAnalysis.framework/Versions/A/LangAnalysis
0x00007fff35187000 	/System/Library/Frameworks/ApplicationServices.framework/Versions/A/Frameworks/PrintCore.framework/Versions/A/PrintCore
0x00007fff351cd000 	/System/Library/Frameworks/ApplicationServices.framework/Versions/A/Frameworks/QD.framework/Versions/A/QD
0x00007fff351d8000 	/System/Library/Frameworks/ApplicationServices.framework/Versions/A/Frameworks/SpeechSynthesis.framework/Versions/A/SpeechSynthesis
0x00007fff35052000 	/System/Library/Frameworks/ApplicationServices.framework/Versions/A/Frameworks/ATSUI.framework/Versions/A/ATSUI
0x00007fff6bebd000 	/usr/lib/libcups.2.dylib
0x00007fff3b727000 	/System/Library/Frameworks/Kerberos.framework/Versions/A/Kerberos
0x00007fff399a8000 	/System/Library/Frameworks/GSS.framework/Versions/A/GSS
0x00007fff6d1ea000 	/usr/lib/libresolv.9.dylib
0x00007fff58f5c000 	/System/Library/PrivateFrameworks/Heimdal.framework/Versions/A/Heimdal
0x00007fff3b73a000 	/System/Library/Frameworks/Kerberos.framework/Versions/A/Libraries/libHeimdalProxy.dylib
0x00007fff6c067000 	/usr/lib/libheimdal-asn1.dylib
0x00007fff4d5f9000 	/System/Library/PrivateFrameworks/CommonAuth.framework/Versions/A/CommonAuth
0x00007fff4a88f000 	/System/Library/PrivateFrameworks/AssertionServices.framework/Versions/A/AssertionServices
0x00007fff4b42f000 	/System/Library/PrivateFrameworks/AudioToolboxCore.framework/Versions/A/AudioToolboxCore
0x00007fff6a5bb000 	/System/Library/PrivateFrameworks/caulk.framework/Versions/A/caulk
0x00007fff4b9ed000 	/System/Library/PrivateFrameworks/BaseBoard.framework/Versions/A/BaseBoard
0x00007fff6247b000 	/System/Library/PrivateFrameworks/RunningBoardServices.framework/Versions/A/RunningBoardServices
0x00007fff5f587000 	/System/Library/PrivateFrameworks/PersistentConnection.framework/Versions/A/PersistentConnection
0x00007fff61ecf000 	/System/Library/PrivateFrameworks/ProtocolBuffer.framework/Versions/A/ProtocolBuffer
0x00007fff4d61e000 	/System/Library/PrivateFrameworks/CommonUtilities.framework/Versions/A/CommonUtilities
0x00007fff4bb70000 	/System/Library/PrivateFrameworks/Bom.framework/Versions/A/Bom
0x00007fff6ac3e000 	/usr/lib/libAudioToolboxUtility.dylib
0x00007fff4b94b000 	/System/Library/PrivateFrameworks/Backup.framework/Versions/A/Backup
0x00007fff503f3000 	/System/Library/PrivateFrameworks/CrashReporterSupport.framework/Versions/A/CrashReporterSupport
0x00007fff63f15000 	/System/Library/PrivateFrameworks/Sharing.framework/Versions/A/Sharing
0x00007fff4a035000 	/System/Library/PrivateFrameworks/Apple80211.framework/Versions/A/Apple80211
0x00007fff4b66d000 	/System/Library/PrivateFrameworks/AuthKit.framework/Versions/A/AuthKit
0x00007fff50123000 	/System/Library/PrivateFrameworks/CoreUtils.framework/Versions/A/CoreUtils
0x00007fff38f0d000 	/System/Library/Frameworks/CoreWLAN.framework/Versions/A/CoreWLAN
0x00007fff39b32000 	/System/Library/Frameworks/IOBluetooth.framework/Versions/A/IOBluetooth
0x00007fff5d280000 	/System/Library/PrivateFrameworks/MobileKeyBag.framework/Versions/A/MobileKeyBag
0x00007fff4f1fc000 	/System/Library/PrivateFrameworks/CorePhoneNumbers.framework/Versions/A/CorePhoneNumbers
0x00007fff4a29d000 	/System/Library/PrivateFrameworks/AppleIDAuthSupport.framework/Versions/A/AppleIDAuthSupport
0x00007fff3d5ca000 	/System/Library/Frameworks/Network.framework/Versions/A/Network
0x00007fff5b94b000 	/System/Library/PrivateFrameworks/KeychainCircle.framework/Versions/A/KeychainCircle
0x00007fff36959000 	/System/Library/Frameworks/CoreBluetooth.framework/Versions/A/CoreBluetooth
0x00007fff65bad000 	/System/Library/PrivateFrameworks/SpeechRecognitionCore.framework/Versions/A/SpeechRecognitionCore
0x0000000108800000 	/Library/Java/JavaVirtualMachines/jdk-13.jdk/Contents/Home/lib/server/libjvm.dylib
0x000000010777c000 	/Library/Java/JavaVirtualMachines/jdk-13.jdk/Contents/Home/lib/libverify.dylib
0x0000000107788000 	/Library/Java/JavaVirtualMachines/jdk-13.jdk/Contents/Home/lib/libjava.dylib
0x00000001077ce000 	/Library/Java/JavaVirtualMachines/jdk-13.jdk/Contents/Home/lib/libzip.dylib
0x00000001077d5000 	/Library/Java/JavaVirtualMachines/jdk-13.jdk/Contents/Home/lib/libjimage.dylib
0x000000010ea9d000 	/Library/Java/JavaVirtualMachines/jdk-13.jdk/Contents/Home/lib/libnio.dylib
0x000000010eaab000 	/Library/Java/JavaVirtualMachines/jdk-13.jdk/Contents/Home/lib/libnet.dylib
0x000000010ec89000 	/private/var/folders/qg/c5tqblws2s9g2dzffc7h0__r0000gn/T/lwjglbruno/3.2.3-build-13/liblwjgl.dylib
0x000000010ecb1000 	/private/var/folders/qg/c5tqblws2s9g2dzffc7h0__r0000gn/T/lwjglbruno/3.2.3-build-13/libglfw.dylib
0x00007fff4f974000 	/System/Library/PrivateFrameworks/CoreServicesInternal.framework/Versions/A/CoreServicesInternal
0x00007fff39435000 	/System/Library/Frameworks/FileProvider.framework/Versions/A/FileProvider
0x00007fff33f08000 	/System/Library/Frameworks/Accounts.framework/Versions/A/Accounts
0x00007fff57c77000 	/System/Library/PrivateFrameworks/GenerationalStorage.framework/Versions/A/GenerationalStorage
0x00007fff4fed7000 	/System/Library/PrivateFrameworks/CoreSymbolication.framework/Versions/A/CoreSymbolication
0x00007fff663de000 	/System/Library/PrivateFrameworks/SymptomDiagnosticReporter.framework/Versions/A/SymptomDiagnosticReporter
0x00007fff49b2e000 	/System/Library/PrivateFrameworks/AppContainer.framework/Versions/A/AppContainer
0x00007fff6d204000 	/usr/lib/libsandbox.1.dylib
0x00007fff68906000 	/System/Library/PrivateFrameworks/UserManagement.framework/Versions/A/UserManagement
0x00007fff4c721000 	/System/Library/PrivateFrameworks/ChunkingLibrary.framework/Versions/A/ChunkingLibrary
0x00007fff507ba000 	/System/Library/PrivateFrameworks/DebugSymbols.framework/Versions/A/DebugSymbols
0x00007fff49ba0000 	/System/Library/PrivateFrameworks/AppSandbox.framework/Versions/A/AppSandbox
0x00007fff63dca000 	/System/Library/PrivateFrameworks/SecCodeWrapper.framework/Versions/A/SecCodeWrapper
0x00007fff6b054000 	/usr/lib/libMatch.1.dylib
0x00007fff32b43000 	/System/Library/Frameworks/Accelerate.framework/Versions/A/Frameworks/vImage.framework/Versions/A/Libraries/libCGInterfaces.dylib
0x00007fff2e642000 	/System/Library/Extensions/AppleIntelHD4000GraphicsMTLDriver.bundle/Contents/MacOS/AppleIntelHD4000GraphicsMTLDriver
0x00007fff562ae000 	/System/Library/PrivateFrameworks/GPUCompiler.framework/Versions/3902/Libraries/libmetal_timestamp.dylib
0x00007fff52d41000 	/System/Library/PrivateFrameworks/FontServices.framework/libTrueTypeScaler.dylib


VM Arguments:
jvm_args: -Dfile.encoding=UTF-8 
java_command: main.Main
java_class_path (initial): /Users/bruno/Desktop/Fatec/Cdigos Diversos/Jogo3D/lwjgl/lwjgl-assimp-javadoc.jar:/Users/bruno/Desktop/Fatec/Cdigos Diversos/Jogo3D/lwjgl/lwjgl-assimp-natives-macos.jar:/Users/bruno/Desktop/Fatec/Cdigos Diversos/Jogo3D/lwjgl/lwjgl-assimp-sources.jar:/Users/bruno/Desktop/Fatec/Cdigos Diversos/Jogo3D/lwjgl/lwjgl-assimp.jar:/Users/bruno/Desktop/Fatec/Cdigos Diversos/Jogo3D/lwjgl/lwjgl-bgfx-javadoc.jar:/Users/bruno/Desktop/Fatec/Cdigos Diversos/Jogo3D/lwjgl/lwjgl-bgfx-natives-macos.jar:/Users/bruno/Desktop/Fatec/Cdigos Diversos/Jogo3D/lwjgl/lwjgl-bgfx-sources.jar:/Users/bruno/Desktop/Fatec/Cdigos Diversos/Jogo3D/lwjgl/lwjgl-bgfx.jar:/Users/bruno/Desktop/Fatec/Cdigos Diversos/Jogo3D/lwjgl/lwjgl-glfw-javadoc.jar:/Users/bruno/Desktop/Fatec/Cdigos Diversos/Jogo3D/lwjgl/lwjgl-glfw-natives-macos.jar:/Users/bruno/Desktop/Fatec/Cdigos Diversos/Jogo3D/lwjgl/lwjgl-glfw-sources.jar:/Users/bruno/Desktop/Fatec/Cdigos Diversos/Jogo3D/lwjgl/lwjgl-glfw.jar:/Users/bruno/Desktop/Fatec/Cdigos Diversos/Jogo3D/lwjgl/lwjgl-javadoc.jar:/Users/bruno/Desktop/Fatec/Cdigos Diversos/Jogo3D/lwjgl/lwjgl-nanovg-javadoc.jar:/Users/bruno/Desktop/Fatec/Cdigos Diversos/Jogo3D/lwjgl/lwjgl-nanovg-natives-macos.jar:/Users/bruno/Desktop/Fatec/Cdigos Diversos/Jogo3D/lwjgl/lwjgl-nanovg-sources.jar:/Users/bruno/Desktop/Fatec/Cdigos Diversos/Jogo3D/lwjgl/lwjgl-nanovg.jar:/Users/bruno/Desktop/Fatec/Cdigos Diversos/Jogo3D/lwjgl/lwjgl-natives-macos.jar:/Users/bruno/Desktop/Fatec/Cdigos Diversos/Jogo3D/lwjgl/lwjgl-nuklear-javadoc.jar:/Users/bruno/Desktop/Fatec/Cdigos Diversos/Jogo3D/lwjgl/lwjgl-nuklear-natives-macos.jar:/Users/bruno/Desktop/Fatec/Cdigos Diversos/Jogo3D/lwjgl/lwjgl-nuklear-sources.jar:/Users/bruno/Desktop/Fatec/Cdigos Diversos/Jogo3D/lwjgl/lwjgl-nuklear.jar:/Users/bruno/Desktop/Fatec/Cdigos Diversos/Jogo3D/lwjgl/lwjgl-openal-javadoc.jar:/Users/bruno/Desktop/Fatec/Cdigos Diversos/Jogo3D/lwjgl/lwjgl-openal-natives-macos.jar:/Us
Launcher Type: SUN_STANDARD

[Global flags]
     intx CICompilerCount                          = 4                                         {product} {ergonomic}
     uint ConcGCThreads                            = 2                                         {product} {ergonomic}
     uint G1ConcRefinementThreads                  = 8                                         {product} {ergonomic}
   size_t G1HeapRegionSize                         = 1048576                                   {product} {ergonomic}
    uintx GCDrainStackTargetSize                   = 64                                        {product} {ergonomic}
   size_t InitialHeapSize                          = 268435456                                 {product} {ergonomic}
   size_t MarkStackSize                            = 4194304                                   {product} {ergonomic}
   size_t MaxHeapSize                              = 4294967296                                {product} {ergonomic}
   size_t MaxNewSize                               = 2576351232                                {product} {ergonomic}
   size_t MinHeapDeltaBytes                        = 1048576                                   {product} {ergonomic}
   size_t MinHeapSize                              = 8388608                                   {product} {ergonomic}
    uintx NonNMethodCodeHeapSize                   = 5836300                                {pd product} {ergonomic}
    uintx NonProfiledCodeHeapSize                  = 122910970                              {pd product} {ergonomic}
    uintx ProfiledCodeHeapSize                     = 122910970                              {pd product} {ergonomic}
    uintx ReservedCodeCacheSize                    = 251658240                              {pd product} {ergonomic}
     bool SegmentedCodeCache                       = true                                      {product} {ergonomic}
   size_t SoftMaxHeapSize                          = 4294967296                             {manageable} {ergonomic}
     bool UseCompressedClassPointers               = true                                 {lp64_product} {ergonomic}
     bool UseCompressedOops                        = true                                 {lp64_product} {ergonomic}
     bool UseG1GC                                  = true                                      {product} {ergonomic}

Logging:
Log output configuration:
 #0: stdout all=warning uptime,level,tags
 #1: stderr all=off uptime,level,tags

Environment Variables:
PATH=/usr/bin:/bin:/usr/sbin:/sbin
SHELL=/bin/zsh

Signal Handlers:
SIGSEGV: [libjvm.dylib+0x781750], sa_mask[0]=11111111011111110111111111111111, sa_flags=SA_ONSTACK|SA_RESTART|SA_SIGINFO
SIGBUS: [libjvm.dylib+0x781750], sa_mask[0]=11111111011111110111111111111111, sa_flags=SA_RESTART|SA_SIGINFO
SIGFPE: [libjvm.dylib+0x781750], sa_mask[0]=11111111011111110111111111111111, sa_flags=SA_RESTART|SA_SIGINFO
SIGPIPE: [libjvm.dylib+0x62815d], sa_mask[0]=11111111011111110111111111111111, sa_flags=SA_RESTART|SA_SIGINFO
SIGXFSZ: [libjvm.dylib+0x62815d], sa_mask[0]=11111111011111110111111111111111, sa_flags=SA_RESTART|SA_SIGINFO
SIGILL: [libjvm.dylib+0x781750], sa_mask[0]=11111111011111110111111111111111, sa_flags=SA_RESTART|SA_SIGINFO
SIGUSR2: [libjvm.dylib+0x628747], sa_mask[0]=00100000000000000000000000000000, sa_flags=SA_RESTART|SA_SIGINFO
SIGHUP: [libjvm.dylib+0x627735], sa_mask[0]=11111111011111110111111111111111, sa_flags=SA_RESTART|SA_SIGINFO
SIGINT: [libjvm.dylib+0x627735], sa_mask[0]=11111111011111110111111111111111, sa_flags=SA_RESTART|SA_SIGINFO
SIGTERM: [libjvm.dylib+0x627735], sa_mask[0]=11111111011111110111111111111111, sa_flags=SA_RESTART|SA_SIGINFO
SIGQUIT: [libjvm.dylib+0x627735], sa_mask[0]=11111111011111110111111111111111, sa_flags=SA_RESTART|SA_SIGINFO


---------------  S Y S T E M  ---------------

OS:uname:Darwin 19.0.0 Darwin Kernel Version 19.0.0: Thu Oct 17 16:17:15 PDT 2019; root:xnu-6153.41.3~29/RELEASE_X86_64 x86_64
rlimit: STACK 8192k, CORE 0k, NPROC 2784, NOFILE 10240, AS infinity, DATA infinity, FSIZE infinity
load average:1.78 1.80 1.77

CPU:total 8 (initial active 8) (4 cores per cpu, 2 threads per core) family 6 model 58 stepping 9, cmov, cx8, fxsr, mmx, sse, sse2, sse3, ssse3, sse4.1, sse4.2, popcnt, avx, aes, clmul, erms, ht, tsc, tscinvbit, tscinv

Memory: 4k page, physical 16777216k(3811232k free), swap 0k(0k free)

vm_info: Java HotSpot(TM) 64-Bit Server VM (13+33) for bsd-amd64 JRE (13+33), built on Sep 18 2019 20:37:30 by "mach5one" with clang 4.2.1 Compatible Apple LLVM 10.0.0 (clang-1000.11.45.5)

END.
