#
# A fatal error has been detected by the Java Runtime Environment:
#
#  SIGSEGV (0xb) at pc=0x00007fff372285f0, pid=1118, tid=0x0000000000000307
#
# JRE version: Java(TM) SE Runtime Environment (8.0_121-b13) (build 1.8.0_121-b13)
# Java VM: Java HotSpot(TM) 64-Bit Server VM (25.121-b13 mixed mode bsd-amd64 compressed oops)
# Problematic frame:
# C  [HIToolbox+0x3d5f0]  _ZNK22THIThemeTextInfoPublic10GetOptionsEv+0x8
#
# Failed to write core dump. Core dumps have been disabled. To enable core dumping, try "ulimit -c unlimited" before starting Java again
#
# If you would like to submit a bug report, please visit:
#   http://bugreport.java.com/bugreport/crash.jsp
#

---------------  T H R E A D  ---------------

Current thread is native thread

siginfo: si_signo: 11 (SIGSEGV), si_code: 1 (SEGV_MAPERR), si_addr: 0x0000000000000012

Registers:
RAX=0x0000000000000000, RBX=0x00007fd2e5a5c030, RCX=0x00007ffee6df4bf8, RDX=0x0000000000000000
RSP=0x00007ffee6df4ad0, RBP=0x00007ffee6df4ad0, RSI=0x00007fd2e360fd40, RDI=0x00007fd2e360fd40
R8 =0x00007ffee6df4c00, R9 =0x000000000000001f, R10=0x00007fd2e5800000, R11=0x00007fd2e583e800
R12=0x0000000000000000, R13=0x00007ffee6df4bf8, R14=0x00007fd2e360fd40, R15=0x00007ffee6df4bf0
RIP=0x00007fff372285f0, EFLAGS=0x0000000000010202, ERR=0x0000000000000004
  TRAPNO=0x000000000000000e

Top of Stack: (sp=0x00007ffee6df4ad0)
0x00007ffee6df4ad0:   00007ffee6df4b10 00007fff3722851a
0x00007ffee6df4ae0:   7f7fffff00000000 00007fd2e360fd40
0x00007ffee6df4af0:   00007ffee6df4c00 00007ffee6df4bf8
0x00007ffee6df4b00:   00007fd2e5a5c030 00007ffee6df4bf0
0x00007ffee6df4b10:   00007ffee6df4b50 00007fff37228427
0x00007ffee6df4b20:   00007fff90f5fb00 00007fd2e5a5c030
0x00007ffee6df4b30:   00007ffee6df4b68 00007fd2e5a37930
0x00007ffee6df4b40:   00007fd2e360fd40 0000000000000064
0x00007ffee6df4b50:   00007ffee6df4be0 00007fff37227277
0x00007ffee6df4b60:   00007fd2e5a37f90 0000000000000000
0x00007ffee6df4b70:   0000000000000001 00007fff9991e200
0x00007ffee6df4b80:   00007ffee6df4be0 00007fff6e8ae18e
0x00007ffee6df4b90:   00007fd2e5a42ed0 47efffffe0000000
0x00007ffee6df4ba0:   00007ffee6df4c00 00007ffee6df4bf8
0x00007ffee6df4bb0:   00007ffee6df4bf0 0000000000000000
0x00007ffee6df4bc0:   0000000000000002 00007fd2e360fb90
0x00007ffee6df4bd0:   0000000000000000 00007ffee6df4c80
0x00007ffee6df4be0:   00007ffee6df4c20 00007fff37227134
0x00007ffee6df4bf0:   00007fd2e5a376a0 00007fd2e3424ac0
0x00007ffee6df4c00:   0000000000000002 00007fd2e5a37930
0x00007ffee6df4c10:   0000000127dd1798 00007ffee6df4c38
0x00007ffee6df4c20:   00007ffee6df4cb0 00007fff37226cdd
0x00007ffee6df4c30:   0002000000000002 0000000100000000
0x00007ffee6df4c40:   0000000000000064 0002010200000000
0x00007ffee6df4c50:   0000000000010000 0000000000000000
0x00007ffee6df4c60:   0000000000000000 00007fd2e3427a40
0x00007ffee6df4c70:   0000000127dd1798 0000000100000000
0x00007ffee6df4c80:   0000000000000000 0000000000000002
0x00007ffee6df4c90:   00007fd2e3424ac0 0000000000000000
0x00007ffee6df4ca0:   0000000000000000 00007fd2e3427a40
0x00007ffee6df4cb0:   00007ffee6df4cf0 00007fff37226a5e
0x00007ffee6df4cc0:   0000000000000003 42b6000042380000 

Instructions: (pc=0x00007fff372285f0)
0x00007fff372285d0:   5d e9 a8 00 00 00 31 c0 48 83 c4 08 5b 41 5c 41
0x00007fff372285e0:   5d 41 5e 41 5f 5d c3 90 55 48 89 e5 48 8b 47 08
0x00007fff372285f0:   8b 40 12 5d c3 90 90 90 90 90 90 90 55 48 89 e5
0x00007fff37228600:   41 56 53 41 89 d6 0f 57 c9 0f 2e c1 75 02 7b 3a 

Register to memory mapping:

RAX=0x0000000000000000 is an unknown value
RBX=0x00007fd2e5a5c030 is an unknown value
RCX=0x00007ffee6df4bf8 is an unknown value
RDX=0x0000000000000000 is an unknown value
RSP=0x00007ffee6df4ad0 is an unknown value
RBP=0x00007ffee6df4ad0 is an unknown value
RSI=0x00007fd2e360fd40 is an unknown value
RDI=0x00007fd2e360fd40 is an unknown value
R8 =0x00007ffee6df4c00 is an unknown value
R9 =0x000000000000001f is an unknown value
R10=0x00007fd2e5800000 is an unknown value
R11=0x00007fd2e583e800 is an unknown value
R12=0x0000000000000000 is an unknown value
R13=0x00007ffee6df4bf8 is an unknown value
R14=0x00007fd2e360fd40 is an unknown value
R15=0x00007ffee6df4bf0 is an unknown value


Stack: [0x00007ffee65f9000,0x00007ffee6df9000],  sp=0x00007ffee6df4ad0,  free space=8174k
Native frames: (J=compiled Java code, j=interpreted, Vv=VM code, C=native code)
C  [HIToolbox+0x3d5f0]  _ZNK22THIThemeTextInfoPublic10GetOptionsEv+0x8
C  [HIToolbox+0x3d51a]  _ZN15TCoreTextEngine12VerifyLayoutEP16THIThemeTextInfoff12LayoutIntent+0x34
C  [HIToolbox+0x3d427]  _ZN15TCoreTextEngine22GetThemeTextDimensionsEdP16THIThemeTextInfoPdS2_S2_+0x2b
C  [HIToolbox+0x3c277]  _ZN10DataEngine17GetTextDimensionsEPKvdP15HIThemeTextInfoPdS4_S4_+0x10f
C  [HIToolbox+0x3c134]  HIThemeGetTextDimensions+0xbc
C  [HIToolbox+0x3bcdd]  _ZN13HIMenuBarView16MeasureMenuTitleEP8MenuDatahPfi+0x1af
C  [HIToolbox+0x3ba5e]  _ZN13HIMenuBarView15MeasureAppMenusEv+0xe6
C  [HIToolbox+0x3b5f7]  _ZN13HIMenuBarView15EnsureBarLayoutEv+0x1a3
C  [HIToolbox+0x3af17]  _ZN13HIMenuBarView8DrawOnceE6CGRectS0_bbP9CGContext+0x23b
C  [HIToolbox+0x3abf6]  _ZN13HIMenuBarView8DrawSelfEsPK9__HIShapeP9CGContext+0x23a
C  [HIToolbox+0x3a65e]  _ZN13HIMenuBarView24DrawWithoutCustomizationEsPK9__HIShapeP9CGContext+0x52
C  [HIToolbox+0x3a5f6]  _ZN13HIMenuBarView22DrawingDelegateHandlerEP25OpaqueEventHandlerCallRefP14OpaqueEventRefPv+0x102
C  [HIToolbox+0x8701]  _ZL23DispatchEventToHandlersP14EventTargetRecP14OpaqueEventRefP14HandlerCallRec+0x58b
C  [HIToolbox+0x7ad0]  _ZL30SendEventToEventTargetInternalP14OpaqueEventRefP20OpaqueEventTargetRefP14HandlerCallRec+0x152
C  [HIToolbox+0x7973]  SendEventToEventTargetWithOptions+0x2d
C  [HIToolbox+0x3a16b]  _ZN6HIView8SendDrawEsP13OpaqueGrafPtrPK9__HIShapeP9CGContext+0x145
C  [HIToolbox+0x39bde]  _ZN6HIView23RecursiveDrawCompositedEPK9__HIShapeS2_jPS_P9CGContexthd+0x246
C  [HIToolbox+0x39e29]  _ZN6HIView23RecursiveDrawCompositedEPK9__HIShapeS2_jPS_P9CGContexthd+0x491
C  [HIToolbox+0x39619]  _ZN6HIView14DrawCompositedEsP13OpaqueGrafPtrPK9__HIShapejPS_P9CGContext+0x32f
C  [HIToolbox+0x392db]  _ZN6HIView6RenderEjP9CGContext+0x33
C  [HIToolbox+0x471ab]  _ZL17FlushWindowObjectP10WindowDataPPvh+0x2ed
C  [HIToolbox+0x46cb6]  _ZL15FlushAllBuffersP19__CFRunLoopObservermPv+0x132
C  [CoreFoundation+0x96fb8]  __CFRUNLOOP_IS_CALLING_OUT_TO_AN_OBSERVER_CALLBACK_FUNCTION__+0x17
C  [CoreFoundation+0x96ee9]  __CFRunLoopDoObservers+0x1c9
C  [CoreFoundation+0x3a731]  __CFRunLoopRun+0x5f4
C  [CoreFoundation+0x39ec8]  CFRunLoopRunSpecific+0x1f7
C  [java+0x6465]  CreateExecutionEnvironment+0x367
C  [java+0x218c]  JLI_Launch+0x7a0
C  [java+0x84c2]  main+0x65
C  [java+0x19e4]  start+0x34


---------------  P R O C E S S  ---------------

VM state:not at safepoint (normal execution)

VM Mutex/Monitor currently owned by a thread: None

Heap:
 PSYoungGen      total 76288K, used 9176K [0x000000076ab00000, 0x0000000770000000, 0x00000007c0000000)
  eden space 65536K, 14% used [0x000000076ab00000,0x000000076b3f6330,0x000000076eb00000)
  from space 10752K, 0% used [0x000000076f580000,0x000000076f580000,0x0000000770000000)
  to   space 10752K, 0% used [0x000000076eb00000,0x000000076eb00000,0x000000076f580000)
 ParOldGen       total 175104K, used 0K [0x00000006c0000000, 0x00000006cab00000, 0x000000076ab00000)
  object space 175104K, 0% used [0x00000006c0000000,0x00000006c0000000,0x00000006cab00000)
 Metaspace       used 6102K, capacity 6296K, committed 6400K, reserved 1056768K
  class space    used 643K, capacity 710K, committed 768K, reserved 1048576K

Card table byte_map: [0x000000010b362000,0x000000010bb63000] byte_map_base: 0x0000000107d62000

Marking Bits: (ParMarkBitMap*) 0x000000010a8f0d30
 Begin Bits: [0x000000011d70a000, 0x000000012170a000)
 End Bits:   [0x000000012170a000, 0x000000012570a000)

Polling page: 0x0000000108e79000

CodeCache: size=245760Kb used=2308Kb max_used=2313Kb free=243451Kb
 bounds [0x000000010e70a000, 0x000000010e97a000, 0x000000011d70a000]
 total_blobs=1226 nmethods=448 adapters=692
 compilation: enabled

Compilation events (10 events):
Event: 0.694 Thread 0x00007fd2e5011800  444       3       sun.misc.URLClassPath$JarLoader::findResource (18 bytes)
Event: 0.694 Thread 0x00007fd2e5011800 nmethod 444 0x000000010e948e90 code [0x000000010e949020, 0x000000010e9492b8]
Event: 0.695 Thread 0x00007fd2e5011800  445       1       java.util.Formatter$Flags::valueOf (5 bytes)
Event: 0.695 Thread 0x00007fd2e5011800 nmethod 445 0x000000010e949390 code [0x000000010e9494e0, 0x000000010e9495f0]
Event: 0.695 Thread 0x00007fd2e5011000  446       4       java.lang.String::replace (127 bytes)
Event: 0.706 Thread 0x00007fd2e5011000 nmethod 446 0x000000010e94c710 code [0x000000010e94c880, 0x000000010e94cd18]
Event: 0.709 Thread 0x00007fd2e5011800  447       3       java.nio.DirectByteBuffer::ix (10 bytes)
Event: 0.709 Thread 0x00007fd2e5011800 nmethod 447 0x000000010e94c410 code [0x000000010e94c560, 0x000000010e94c6b0]
Event: 0.711 Thread 0x00007fd2e5011800  448       3       sun.net.www.ParseUtil::encodePath (336 bytes)
Event: 0.712 Thread 0x00007fd2e5011800 nmethod 448 0x000000010e94aa10 code [0x000000010e94ac80, 0x000000010e94bc78]

GC Heap History (0 events):
No events

Deoptimization events (1 events):
Event: 0.277 Thread 0x00007fd2e4800800 Uncommon trap: reason=unstable_if action=reinterpret pc=0x000000010e82cca8 method=java.lang.String.hashCode()I @ 14

Internal exceptions (10 events):
Event: 0.493 Thread 0x00007fd2e4800800 Exception <a 'sun/nio/fs/UnixException'> (0x000000076b0f6d00) thrown at [/Users/java_re/workspace/8-2-build-macosx-x86_64/jdk8u121/8372/hotspot/src/share/vm/prims/jni.cpp, line 709]
Event: 0.502 Thread 0x00007fd2e4800800 Exception <a 'sun/nio/fs/UnixException'> (0x000000076b0fa830) thrown at [/Users/java_re/workspace/8-2-build-macosx-x86_64/jdk8u121/8372/hotspot/src/share/vm/prims/jni.cpp, line 709]
Event: 0.547 Thread 0x00007fd2e4800800 Exception <a 'sun/nio/fs/UnixException'> (0x000000076b141040) thrown at [/Users/java_re/workspace/8-2-build-macosx-x86_64/jdk8u121/8372/hotspot/src/share/vm/prims/jni.cpp, line 709]
Event: 0.548 Thread 0x00007fd2e4800800 Exception <a 'sun/nio/fs/UnixException'> (0x000000076b146c68) thrown at [/Users/java_re/workspace/8-2-build-macosx-x86_64/jdk8u121/8372/hotspot/src/share/vm/prims/jni.cpp, line 709]
Event: 0.558 Thread 0x00007fd2e4800800 Exception <a 'sun/nio/fs/UnixException'> (0x000000076b14c548) thrown at [/Users/java_re/workspace/8-2-build-macosx-x86_64/jdk8u121/8372/hotspot/src/share/vm/prims/jni.cpp, line 709]
Event: 0.561 Thread 0x00007fd2e4800800 Exception <a 'sun/nio/fs/UnixException'> (0x000000076b153de0) thrown at [/Users/java_re/workspace/8-2-build-macosx-x86_64/jdk8u121/8372/hotspot/src/share/vm/prims/jni.cpp, line 709]
Event: 0.561 Thread 0x00007fd2e4800800 Exception <a 'sun/nio/fs/UnixException'> (0x000000076b1549f0) thrown at [/Users/java_re/workspace/8-2-build-macosx-x86_64/jdk8u121/8372/hotspot/src/share/vm/prims/jni.cpp, line 709]
Event: 0.561 Thread 0x00007fd2e4800800 Exception <a 'sun/nio/fs/UnixException'> (0x000000076b159878) thrown at [/Users/java_re/workspace/8-2-build-macosx-x86_64/jdk8u121/8372/hotspot/src/share/vm/prims/jni.cpp, line 709]
Event: 0.565 Thread 0x00007fd2e4800800 Exception <a 'sun/nio/fs/UnixException'> (0x000000076b15c988) thrown at [/Users/java_re/workspace/8-2-build-macosx-x86_64/jdk8u121/8372/hotspot/src/share/vm/prims/jni.cpp, line 709]
Event: 0.694 Thread 0x00007fd2e4800800 Exception <a 'sun/nio/fs/UnixException'> (0x000000076b28a140) thrown at [/Users/java_re/workspace/8-2-build-macosx-x86_64/jdk8u121/8372/hotspot/src/share/vm/prims/jni.cpp, line 709]

Events (10 events):
Event: 0.690 loading class org/lwjgl/glfw/EventLoop
Event: 0.690 loading class org/lwjgl/glfw/EventLoop done
Event: 0.690 loading class org/lwjgl/system/macosx/ObjCRuntime
Event: 0.690 loading class org/lwjgl/system/macosx/ObjCRuntime done
Event: 0.695 loading class org/lwjgl/system/dyncall/DynLoad
Event: 0.695 loading class org/lwjgl/system/dyncall/DynLoad done
Event: 0.707 loading class org/lwjgl/system/macosx/ObjCRuntime$Functions
Event: 0.707 loading class org/lwjgl/system/macosx/ObjCRuntime$Functions done
Event: 0.711 loading class org/lwjgl/system/macosx/CoreFoundation
Event: 0.711 loading class org/lwjgl/system/macosx/CoreFoundation done


Dynamic libraries:
0x000000000ca49000 	/System/Library/Frameworks/Cocoa.framework/Versions/A/Cocoa
0x000000000ca49000 	/System/Library/Frameworks/Security.framework/Versions/A/Security
0x000000000ca49000 	/System/Library/Frameworks/ApplicationServices.framework/Versions/A/ApplicationServices
0x000000000ca49000 	/usr/lib/libz.1.dylib
0x000000000ca49000 	/usr/lib/libSystem.B.dylib
0x000000000ca49000 	/usr/lib/libobjc.A.dylib
0x000000000ca49000 	/System/Library/Frameworks/CoreFoundation.framework/Versions/A/CoreFoundation
0x000000000ca49000 	/System/Library/Frameworks/Foundation.framework/Versions/C/Foundation
0x000000000ca49000 	/System/Library/Frameworks/AppKit.framework/Versions/C/AppKit
0x000000000ca49000 	/System/Library/Frameworks/CoreData.framework/Versions/A/CoreData
0x000000000ca49000 	/System/Library/PrivateFrameworks/UIFoundation.framework/Versions/A/UIFoundation
0x000000000ca49000 	/System/Library/PrivateFrameworks/RemoteViewServices.framework/Versions/A/RemoteViewServices
0x000000000ca49000 	/System/Library/PrivateFrameworks/XCTTargetBootstrap.framework/Versions/A/XCTTargetBootstrap
0x000000000ca49000 	/System/Library/Frameworks/CoreDisplay.framework/Versions/A/CoreDisplay
0x000000000ca49000 	/System/Library/Frameworks/Metal.framework/Versions/A/Metal
0x000000000ca49000 	/System/Library/PrivateFrameworks/DesktopServicesPriv.framework/Versions/A/DesktopServicesPriv
0x000000000ca49000 	/usr/lib/liblangid.dylib
0x000000000ca49000 	/System/Library/PrivateFrameworks/CoreSVG.framework/Versions/A/CoreSVG
0x000000000ca49000 	/System/Library/PrivateFrameworks/SkyLight.framework/Versions/A/SkyLight
0x000000000ca49000 	/System/Library/Frameworks/CoreGraphics.framework/Versions/A/CoreGraphics
0x000000000ca49000 	/System/Library/Frameworks/Accelerate.framework/Versions/A/Accelerate
0x000000000ca49000 	/usr/lib/libxml2.2.dylib
0x000000000ca49000 	/System/Library/PrivateFrameworks/IconServices.framework/Versions/A/IconServices
0x000000000ca49000 	/System/Library/Frameworks/IOSurface.framework/Versions/A/IOSurface
0x000000000ca49000 	/usr/lib/libDiagnosticMessagesClient.dylib
0x000000000ca49000 	/System/Library/PrivateFrameworks/DFRFoundation.framework/Versions/A/DFRFoundation
0x000000000ca49000 	/usr/lib/libicucore.A.dylib
0x000000000ca49000 	/System/Library/Frameworks/AudioToolbox.framework/Versions/A/AudioToolbox
0x000000000ca49000 	/System/Library/Frameworks/AudioUnit.framework/Versions/A/AudioUnit
0x000000000ca49000 	/usr/lib/libauto.dylib
0x000000000ca49000 	/System/Library/PrivateFrameworks/DataDetectorsCore.framework/Versions/A/DataDetectorsCore
0x000000000ca49000 	/System/Library/Frameworks/Carbon.framework/Versions/A/Frameworks/HIToolbox.framework/Versions/A/HIToolbox
0x000000000ca49000 	/System/Library/Frameworks/QuartzCore.framework/Versions/A/QuartzCore
0x000000000ca49000 	/System/Library/Frameworks/Carbon.framework/Versions/A/Frameworks/SpeechRecognition.framework/Versions/A/SpeechRecognition
0x000000000ca49000 	/System/Library/PrivateFrameworks/CoreUI.framework/Versions/A/CoreUI
0x000000000ca49000 	/System/Library/Frameworks/CoreAudio.framework/Versions/A/CoreAudio
0x000000000ca49000 	/System/Library/Frameworks/DiskArbitration.framework/Versions/A/DiskArbitration
0x000000000ca49000 	/System/Library/PrivateFrameworks/MultitouchSupport.framework/Versions/A/MultitouchSupport
0x000000000ca49000 	/usr/lib/libenergytrace.dylib
0x000000000ca49000 	/System/Library/Frameworks/IOKit.framework/Versions/A/IOKit
0x000000000ca49000 	/System/Library/Frameworks/CoreServices.framework/Versions/A/CoreServices
0x000000000ca49000 	/System/Library/PrivateFrameworks/PerformanceAnalysis.framework/Versions/A/PerformanceAnalysis
0x000000000ca49000 	/System/Library/Frameworks/OpenGL.framework/Versions/A/OpenGL
0x000000000ca49000 	/System/Library/Frameworks/ColorSync.framework/Versions/A/ColorSync
0x000000000ca49000 	/System/Library/Frameworks/CoreImage.framework/Versions/A/CoreImage
0x000000000ca49000 	/System/Library/Frameworks/CoreText.framework/Versions/A/CoreText
0x000000000ca49000 	/System/Library/Frameworks/ImageIO.framework/Versions/A/ImageIO
0x000000000ca49000 	/usr/lib/libc++.1.dylib
0x000000000ca49000 	/usr/lib/libcompression.dylib
0x000000000ca49000 	/usr/lib/libMobileGestalt.dylib
0x000000000ca49000 	/System/Library/PrivateFrameworks/TextureIO.framework/Versions/A/TextureIO
0x000000000ca49000 	/usr/lib/libate.dylib
0x000000000ca49000 	/System/Library/PrivateFrameworks/InternationalSupport.framework/Versions/A/InternationalSupport
0x000000000ca49000 	/usr/lib/system/libcache.dylib
0x000000000ca49000 	/usr/lib/system/libcommonCrypto.dylib
0x000000000ca49000 	/usr/lib/system/libcompiler_rt.dylib
0x000000000ca49000 	/usr/lib/system/libcopyfile.dylib
0x000000000ca49000 	/usr/lib/system/libcorecrypto.dylib
0x000000000ca49000 	/usr/lib/system/libdispatch.dylib
0x000000000ca49000 	/usr/lib/system/libdyld.dylib
0x000000000ca49000 	/usr/lib/system/libkeymgr.dylib
0x000000000ca49000 	/usr/lib/system/liblaunch.dylib
0x000000000ca49000 	/usr/lib/system/libmacho.dylib
0x000000000ca49000 	/usr/lib/system/libquarantine.dylib
0x000000000ca49000 	/usr/lib/system/libremovefile.dylib
0x000000000ca49000 	/usr/lib/system/libsystem_asl.dylib
0x000000000ca49000 	/usr/lib/system/libsystem_blocks.dylib
0x000000000ca49000 	/usr/lib/system/libsystem_c.dylib
0x000000000ca49000 	/usr/lib/system/libsystem_configuration.dylib
0x000000000ca49000 	/usr/lib/system/libsystem_coreservices.dylib
0x000000000ca49000 	/usr/lib/system/libsystem_darwin.dylib
0x000000000ca49000 	/usr/lib/system/libsystem_dnssd.dylib
0x000000000ca49000 	/usr/lib/system/libsystem_featureflags.dylib
0x000000000ca49000 	/usr/lib/system/libsystem_info.dylib
0x000000000ca49000 	/usr/lib/system/libsystem_m.dylib
0x000000000ca49000 	/usr/lib/system/libsystem_malloc.dylib
0x000000000ca49000 	/usr/lib/system/libsystem_networkextension.dylib
0x000000000ca49000 	/usr/lib/system/libsystem_notify.dylib
0x000000000ca49000 	/usr/lib/system/libsystem_sandbox.dylib
0x000000000ca49000 	/usr/lib/system/libsystem_secinit.dylib
0x000000000ca49000 	/usr/lib/system/libsystem_kernel.dylib
0x000000000ca49000 	/usr/lib/system/libsystem_platform.dylib
0x000000000ca49000 	/usr/lib/system/libsystem_pthread.dylib
0x000000000ca49000 	/usr/lib/system/libsystem_symptoms.dylib
0x000000000ca49000 	/usr/lib/system/libsystem_trace.dylib
0x000000000ca49000 	/usr/lib/system/libunwind.dylib
0x000000000ca49000 	/usr/lib/system/libxpc.dylib
0x000000000ca49000 	/usr/lib/libc++abi.dylib
0x000000000ca49000 	/usr/lib/liblzma.5.dylib
0x000000000ca49000 	/usr/lib/libfakelink.dylib
0x000000000ca49000 	/usr/lib/libarchive.2.dylib
0x000000000ca49000 	/System/Library/Frameworks/SystemConfiguration.framework/Versions/A/SystemConfiguration
0x000000000ca49000 	/usr/lib/libCRFSuite.dylib
0x000000000ca49000 	/System/Library/Frameworks/CFNetwork.framework/Versions/A/CFNetwork
0x000000000ca49000 	/usr/lib/libbsm.0.dylib
0x000000000ca49000 	/usr/lib/system/libkxld.dylib
0x000000000ca49000 	/System/Library/PrivateFrameworks/AppleFSCompression.framework/Versions/A/AppleFSCompression
0x000000000ca49000 	/usr/lib/libcoretls.dylib
0x000000000ca49000 	/usr/lib/libcoretls_cfhelpers.dylib
0x000000000ca49000 	/usr/lib/libpam.2.dylib
0x000000000ca49000 	/usr/lib/libsqlite3.dylib
0x000000000ca49000 	/usr/lib/libxar.1.dylib
0x000000000ca49000 	/usr/lib/libbz2.1.0.dylib
0x000000000ca49000 	/usr/lib/libiconv.2.dylib
0x000000000ca49000 	/usr/lib/libcharset.1.dylib
0x000000000ca49000 	/usr/lib/libnetwork.dylib
0x000000000ca49000 	/usr/lib/libpcap.A.dylib
0x000000000ca49000 	/usr/lib/libapple_nghttp2.dylib
0x000000000ca49000 	/System/Library/Frameworks/CoreServices.framework/Versions/A/Frameworks/FSEvents.framework/Versions/A/FSEvents
0x000000000ca49000 	/System/Library/Frameworks/CoreServices.framework/Versions/A/Frameworks/CarbonCore.framework/Versions/A/CarbonCore
0x000000000ca49000 	/System/Library/Frameworks/CoreServices.framework/Versions/A/Frameworks/Metadata.framework/Versions/A/Metadata
0x000000000ca49000 	/System/Library/Frameworks/CoreServices.framework/Versions/A/Frameworks/OSServices.framework/Versions/A/OSServices
0x000000000ca49000 	/System/Library/Frameworks/CoreServices.framework/Versions/A/Frameworks/SearchKit.framework/Versions/A/SearchKit
0x000000000ca49000 	/System/Library/Frameworks/CoreServices.framework/Versions/A/Frameworks/AE.framework/Versions/A/AE
0x000000000ca49000 	/System/Library/Frameworks/CoreServices.framework/Versions/A/Frameworks/LaunchServices.framework/Versions/A/LaunchServices
0x000000000ca49000 	/System/Library/Frameworks/CoreServices.framework/Versions/A/Frameworks/DictionaryServices.framework/Versions/A/DictionaryServices
0x000000000ca49000 	/System/Library/Frameworks/CoreServices.framework/Versions/A/Frameworks/SharedFileList.framework/Versions/A/SharedFileList
0x000000000ca49000 	/System/Library/Frameworks/NetFS.framework/Versions/A/NetFS
0x000000000ca49000 	/System/Library/PrivateFrameworks/NetAuth.framework/Versions/A/NetAuth
0x000000000ca49000 	/System/Library/PrivateFrameworks/login.framework/Versions/A/Frameworks/loginsupport.framework/Versions/A/loginsupport
0x000000000ca49000 	/System/Library/PrivateFrameworks/TCC.framework/Versions/A/TCC
0x000000000ca49000 	/System/Library/PrivateFrameworks/CoreNLP.framework/Versions/A/CoreNLP
0x000000000ca49000 	/System/Library/PrivateFrameworks/MetadataUtilities.framework/Versions/A/MetadataUtilities
0x000000000ca49000 	/usr/lib/libmecabra.dylib
0x000000000ca49000 	/usr/lib/libmecab.dylib
0x000000000ca49000 	/usr/lib/libgermantok.dylib
0x000000000ca49000 	/usr/lib/libThaiTokenizer.dylib
0x000000000ca49000 	/usr/lib/libChineseTokenizer.dylib
0x000000000ca49000 	/System/Library/Frameworks/Accelerate.framework/Versions/A/Frameworks/vImage.framework/Versions/A/vImage
0x000000000ca49000 	/System/Library/Frameworks/Accelerate.framework/Versions/A/Frameworks/vecLib.framework/Versions/A/vecLib
0x000000000ca49000 	/System/Library/Frameworks/Accelerate.framework/Versions/A/Frameworks/vecLib.framework/Versions/A/libvMisc.dylib
0x000000000ca49000 	/System/Library/Frameworks/Accelerate.framework/Versions/A/Frameworks/vecLib.framework/Versions/A/libvDSP.dylib
0x000000000ca49000 	/System/Library/Frameworks/Accelerate.framework/Versions/A/Frameworks/vecLib.framework/Versions/A/libBLAS.dylib
0x000000000ca49000 	/System/Library/Frameworks/Accelerate.framework/Versions/A/Frameworks/vecLib.framework/Versions/A/libLAPACK.dylib
0x000000000ca49000 	/System/Library/Frameworks/Accelerate.framework/Versions/A/Frameworks/vecLib.framework/Versions/A/libLinearAlgebra.dylib
0x000000000ca49000 	/System/Library/Frameworks/Accelerate.framework/Versions/A/Frameworks/vecLib.framework/Versions/A/libSparseBLAS.dylib
0x000000000ca49000 	/System/Library/Frameworks/Accelerate.framework/Versions/A/Frameworks/vecLib.framework/Versions/A/libQuadrature.dylib
0x000000000ca49000 	/System/Library/Frameworks/Accelerate.framework/Versions/A/Frameworks/vecLib.framework/Versions/A/libBNNS.dylib
0x000000000ca49000 	/System/Library/Frameworks/Accelerate.framework/Versions/A/Frameworks/vecLib.framework/Versions/A/libSparse.dylib
0x000000000ca49000 	/System/Library/PrivateFrameworks/LanguageModeling.framework/Versions/A/LanguageModeling
0x000000000ca49000 	/System/Library/PrivateFrameworks/CoreEmoji.framework/Versions/A/CoreEmoji
0x000000000ca49000 	/System/Library/PrivateFrameworks/LinguisticData.framework/Versions/A/LinguisticData
0x000000000ca49000 	/System/Library/PrivateFrameworks/Lexicon.framework/Versions/A/Lexicon
0x000000000ca49000 	/usr/lib/libcmph.dylib
0x000000000ca49000 	/System/Library/Frameworks/OpenDirectory.framework/Versions/A/Frameworks/CFOpenDirectory.framework/Versions/A/CFOpenDirectory
0x000000000ca49000 	/System/Library/Frameworks/OpenDirectory.framework/Versions/A/OpenDirectory
0x000000000ca49000 	/System/Library/PrivateFrameworks/APFS.framework/Versions/A/APFS
0x000000000ca49000 	/System/Library/Frameworks/SecurityFoundation.framework/Versions/A/SecurityFoundation
0x000000000ca49000 	/usr/lib/libutil.dylib
0x000000000ca49000 	/System/Library/PrivateFrameworks/CoreServicesStore.framework/Versions/A/CoreServicesStore
0x000000000ca49000 	/System/Library/Frameworks/ServiceManagement.framework/Versions/A/ServiceManagement
0x000000000ca49000 	/System/Library/PrivateFrameworks/BackgroundTaskManagement.framework/Versions/A/BackgroundTaskManagement
0x000000000ca49000 	/usr/lib/libxslt.1.dylib
0x000000000ca49000 	/System/Library/PrivateFrameworks/AppleSystemInfo.framework/Versions/A/AppleSystemInfo
0x000000000ca49000 	/System/Library/Frameworks/ImageIO.framework/Versions/A/Resources/libJPEG.dylib
0x000000000ca49000 	/System/Library/Frameworks/ImageIO.framework/Versions/A/Resources/libTIFF.dylib
0x000000000ca49000 	/System/Library/Frameworks/ImageIO.framework/Versions/A/Resources/libPng.dylib
0x000000000ca49000 	/System/Library/Frameworks/ImageIO.framework/Versions/A/Resources/libGIF.dylib
0x000000000ca49000 	/System/Library/Frameworks/ImageIO.framework/Versions/A/Resources/libJP2.dylib
0x000000000ca49000 	/System/Library/Frameworks/ImageIO.framework/Versions/A/Resources/libRadiance.dylib
0x000000000ca49000 	/usr/lib/libexpat.1.dylib
0x000000000ca49000 	/System/Library/PrivateFrameworks/AppleJPEG.framework/Versions/A/AppleJPEG
0x000000000ca49000 	/System/Library/PrivateFrameworks/FontServices.framework/libFontParser.dylib
0x000000000ca49000 	/System/Library/PrivateFrameworks/WatchdogClient.framework/Versions/A/WatchdogClient
0x000000000ca49000 	/System/Library/PrivateFrameworks/IOAccelerator.framework/Versions/A/IOAccelerator
0x000000000ca49000 	/System/Library/Frameworks/MetalPerformanceShaders.framework/Versions/A/MetalPerformanceShaders
0x000000000ca49000 	/System/Library/PrivateFrameworks/GPUWrangler.framework/Versions/A/GPUWrangler
0x000000000ca49000 	/System/Library/PrivateFrameworks/IOPresentment.framework/Versions/A/IOPresentment
0x000000000ca49000 	/System/Library/PrivateFrameworks/DSExternalDisplay.framework/Versions/A/DSExternalDisplay
0x000000000ca49000 	/System/Library/Frameworks/OpenGL.framework/Versions/A/Libraries/libCoreFSCache.dylib
0x000000000ca49000 	/System/Library/Frameworks/MetalPerformanceShaders.framework/Frameworks/MPSCore.framework/Versions/A/MPSCore
0x000000000ca49000 	/System/Library/Frameworks/MetalPerformanceShaders.framework/Frameworks/MPSImage.framework/Versions/A/MPSImage
0x000000000ca49000 	/System/Library/Frameworks/MetalPerformanceShaders.framework/Frameworks/MPSNeuralNetwork.framework/Versions/A/MPSNeuralNetwork
0x000000000ca49000 	/System/Library/Frameworks/MetalPerformanceShaders.framework/Frameworks/MPSMatrix.framework/Versions/A/MPSMatrix
0x000000000ca49000 	/System/Library/Frameworks/MetalPerformanceShaders.framework/Frameworks/MPSRayIntersector.framework/Versions/A/MPSRayIntersector
0x000000000ca49000 	/System/Library/Frameworks/MetalPerformanceShaders.framework/Frameworks/MPSNDArray.framework/Versions/A/MPSNDArray
0x000000000ca49000 	/System/Library/PrivateFrameworks/MetalTools.framework/Versions/A/MetalTools
0x000000000ca49000 	/System/Library/PrivateFrameworks/AggregateDictionary.framework/Versions/A/AggregateDictionary
0x000000000ca49000 	/System/Library/PrivateFrameworks/CoreAnalytics.framework/Versions/A/CoreAnalytics
0x000000000ca49000 	/System/Library/PrivateFrameworks/AppleSauce.framework/Versions/A/AppleSauce
0x000000000ca49000 	/usr/lib/libIOReport.dylib
0x000000000ca49000 	/System/Library/Frameworks/CoreVideo.framework/Versions/A/CoreVideo
0x000000000ca49000 	/System/Library/PrivateFrameworks/GraphVisualizer.framework/Versions/A/GraphVisualizer
0x000000000ca49000 	/System/Library/PrivateFrameworks/FaceCore.framework/Versions/A/FaceCore
0x000000000ca49000 	/System/Library/Frameworks/OpenCL.framework/Versions/A/OpenCL
0x000000000ca49000 	/usr/lib/libFosl_dynamic.dylib
0x000000000ca49000 	/System/Library/PrivateFrameworks/OTSVG.framework/Versions/A/OTSVG
0x000000000ca49000 	/System/Library/Frameworks/ApplicationServices.framework/Versions/A/Frameworks/ATS.framework/Versions/A/Resources/libFontRegistry.dylib
0x000000000ca49000 	/System/Library/PrivateFrameworks/FontServices.framework/libhvf.dylib
0x000000000ca49000 	/System/Library/Frameworks/OpenGL.framework/Versions/A/Libraries/libGFXShared.dylib
0x000000000ca49000 	/System/Library/Frameworks/OpenGL.framework/Versions/A/Libraries/libGLU.dylib
0x000000000ca49000 	/System/Library/Frameworks/OpenGL.framework/Versions/A/Libraries/libGL.dylib
0x000000000ca49000 	/System/Library/Frameworks/OpenGL.framework/Versions/A/Libraries/libGLImage.dylib
0x000000000ca49000 	/System/Library/Frameworks/OpenGL.framework/Versions/A/Libraries/libCVMSPluginSupport.dylib
0x000000000ca49000 	/System/Library/Frameworks/OpenGL.framework/Versions/A/Libraries/libCoreVMClient.dylib
0x000000000ca49000 	/usr/lib/libncurses.5.4.dylib
0x000000000ca49000 	/System/Library/Frameworks/ApplicationServices.framework/Versions/A/Frameworks/ATS.framework/Versions/A/ATS
0x000000000ca49000 	/System/Library/Frameworks/ApplicationServices.framework/Versions/A/Frameworks/ColorSyncLegacy.framework/Versions/A/ColorSyncLegacy
0x000000000ca49000 	/System/Library/Frameworks/ApplicationServices.framework/Versions/A/Frameworks/HIServices.framework/Versions/A/HIServices
0x000000000ca49000 	/System/Library/Frameworks/ApplicationServices.framework/Versions/A/Frameworks/LangAnalysis.framework/Versions/A/LangAnalysis
0x000000000ca49000 	/System/Library/Frameworks/ApplicationServices.framework/Versions/A/Frameworks/PrintCore.framework/Versions/A/PrintCore
0x000000000ca49000 	/System/Library/Frameworks/ApplicationServices.framework/Versions/A/Frameworks/QD.framework/Versions/A/QD
0x000000000ca49000 	/System/Library/Frameworks/ApplicationServices.framework/Versions/A/Frameworks/SpeechSynthesis.framework/Versions/A/SpeechSynthesis
0x000000000ca49000 	/System/Library/Frameworks/ApplicationServices.framework/Versions/A/Frameworks/ATSUI.framework/Versions/A/ATSUI
0x000000000ca49000 	/usr/lib/libcups.2.dylib
0x000000000ca49000 	/System/Library/Frameworks/Kerberos.framework/Versions/A/Kerberos
0x000000000ca49000 	/System/Library/Frameworks/GSS.framework/Versions/A/GSS
0x000000000ca49000 	/usr/lib/libresolv.9.dylib
0x000000000ca49000 	/System/Library/PrivateFrameworks/Heimdal.framework/Versions/A/Heimdal
0x000000000ca49000 	/System/Library/Frameworks/Kerberos.framework/Versions/A/Libraries/libHeimdalProxy.dylib
0x000000000ca49000 	/usr/lib/libheimdal-asn1.dylib
0x000000000ca49000 	/System/Library/PrivateFrameworks/CommonAuth.framework/Versions/A/CommonAuth
0x000000000ca49000 	/System/Library/PrivateFrameworks/AssertionServices.framework/Versions/A/AssertionServices
0x000000000ca49000 	/System/Library/PrivateFrameworks/AudioToolboxCore.framework/Versions/A/AudioToolboxCore
0x000000000ca49000 	/System/Library/PrivateFrameworks/caulk.framework/Versions/A/caulk
0x000000000ca49000 	/System/Library/PrivateFrameworks/BaseBoard.framework/Versions/A/BaseBoard
0x000000000ca49000 	/System/Library/PrivateFrameworks/RunningBoardServices.framework/Versions/A/RunningBoardServices
0x000000000ca49000 	/System/Library/PrivateFrameworks/PersistentConnection.framework/Versions/A/PersistentConnection
0x000000000ca49000 	/System/Library/PrivateFrameworks/ProtocolBuffer.framework/Versions/A/ProtocolBuffer
0x000000000ca49000 	/System/Library/PrivateFrameworks/CommonUtilities.framework/Versions/A/CommonUtilities
0x000000000ca49000 	/System/Library/PrivateFrameworks/Bom.framework/Versions/A/Bom
0x000000000ca49000 	/usr/lib/libAudioToolboxUtility.dylib
0x000000000ca49000 	/System/Library/PrivateFrameworks/Backup.framework/Versions/A/Backup
0x000000000ca49000 	/System/Library/PrivateFrameworks/CrashReporterSupport.framework/Versions/A/CrashReporterSupport
0x000000000ca49000 	/System/Library/PrivateFrameworks/Sharing.framework/Versions/A/Sharing
0x000000000ca49000 	/System/Library/PrivateFrameworks/Apple80211.framework/Versions/A/Apple80211
0x000000000ca49000 	/System/Library/PrivateFrameworks/AuthKit.framework/Versions/A/AuthKit
0x000000000ca49000 	/System/Library/PrivateFrameworks/CoreUtils.framework/Versions/A/CoreUtils
0x000000000ca49000 	/System/Library/Frameworks/CoreWLAN.framework/Versions/A/CoreWLAN
0x000000000ca49000 	/System/Library/Frameworks/IOBluetooth.framework/Versions/A/IOBluetooth
0x000000000ca49000 	/System/Library/PrivateFrameworks/MobileKeyBag.framework/Versions/A/MobileKeyBag
0x000000000ca49000 	/System/Library/PrivateFrameworks/CorePhoneNumbers.framework/Versions/A/CorePhoneNumbers
0x000000000ca49000 	/System/Library/PrivateFrameworks/AppleIDAuthSupport.framework/Versions/A/AppleIDAuthSupport
0x000000000ca49000 	/System/Library/Frameworks/Network.framework/Versions/A/Network
0x000000000ca49000 	/System/Library/PrivateFrameworks/KeychainCircle.framework/Versions/A/KeychainCircle
0x000000000ca49000 	/System/Library/Frameworks/CoreBluetooth.framework/Versions/A/CoreBluetooth
0x000000000ca49000 	/System/Library/PrivateFrameworks/SpeechRecognitionCore.framework/Versions/A/SpeechRecognitionCore
0x000000010a000000 	/Library/Java/JavaVirtualMachines/jdk1.8.0_121.jdk/Contents/Home/jre/lib/server/libjvm.dylib
0x000000000ca49000 	/usr/lib/libstdc++.6.dylib
0x0000000108e36000 	/Library/Java/JavaVirtualMachines/jdk1.8.0_121.jdk/Contents/Home/jre/lib/libverify.dylib
0x0000000108e44000 	/Library/Java/JavaVirtualMachines/jdk1.8.0_121.jdk/Contents/Home/jre/lib/libjava.dylib
0x0000000108ec3000 	/Library/Java/JavaVirtualMachines/jdk1.8.0_121.jdk/Contents/Home/jre/lib/libzip.dylib
0x000000000ca49000 	/System/Library/Frameworks/JavaVM.framework/Versions/A/Frameworks/JavaRuntimeSupport.framework/Versions/A/JavaRuntimeSupport
0x000000000ca49000 	/System/Library/Frameworks/JavaVM.framework/Versions/A/Frameworks/JavaNativeFoundation.framework/Versions/A/JavaNativeFoundation
0x000000000ca49000 	/System/Library/Frameworks/JavaVM.framework/Versions/A/JavaVM
0x000000000ca49000 	/System/Library/Frameworks/Carbon.framework/Versions/A/Carbon
0x000000000ca49000 	/System/Library/PrivateFrameworks/CoreSymbolication.framework/Versions/A/CoreSymbolication
0x000000000ca49000 	/System/Library/PrivateFrameworks/JavaLaunching.framework/Versions/A/JavaLaunching
0x000000000ca49000 	/System/Library/Frameworks/Carbon.framework/Versions/A/Frameworks/CommonPanels.framework/Versions/A/CommonPanels
0x000000000ca49000 	/System/Library/Frameworks/Carbon.framework/Versions/A/Frameworks/Help.framework/Versions/A/Help
0x000000000ca49000 	/System/Library/Frameworks/Carbon.framework/Versions/A/Frameworks/ImageCapture.framework/Versions/A/ImageCapture
0x000000000ca49000 	/System/Library/Frameworks/Carbon.framework/Versions/A/Frameworks/OpenScripting.framework/Versions/A/OpenScripting
0x000000000ca49000 	/System/Library/Frameworks/Carbon.framework/Versions/A/Frameworks/Ink.framework/Versions/A/Ink
0x000000000ca49000 	/System/Library/Frameworks/Carbon.framework/Versions/A/Frameworks/Print.framework/Versions/A/Print
0x000000000ca49000 	/System/Library/Frameworks/Carbon.framework/Versions/A/Frameworks/SecurityHI.framework/Versions/A/SecurityHI
0x000000000ca49000 	/System/Library/PrivateFrameworks/DebugSymbols.framework/Versions/A/DebugSymbols
0x0000000127cde000 	/Library/Java/JavaVirtualMachines/jdk1.8.0_121.jdk/Contents/Home/jre/lib/libnio.dylib
0x0000000127cee000 	/Library/Java/JavaVirtualMachines/jdk1.8.0_121.jdk/Contents/Home/jre/lib/libnet.dylib
0x0000000127d73000 	/private/var/folders/qg/c5tqblws2s9g2dzffc7h0__r0000gn/T/lwjglbruno/3.2.3-build-13/liblwjgl.dylib
0x0000000127d9b000 	/private/var/folders/qg/c5tqblws2s9g2dzffc7h0__r0000gn/T/lwjglbruno/3.2.3-build-13/libglfw.dylib
0x000000000ca49000 	/System/Library/PrivateFrameworks/CoreServicesInternal.framework/Versions/A/CoreServicesInternal
0x000000000ca49000 	/System/Library/Frameworks/FileProvider.framework/Versions/A/FileProvider
0x000000000ca49000 	/System/Library/Frameworks/Accounts.framework/Versions/A/Accounts
0x000000000ca49000 	/System/Library/PrivateFrameworks/GenerationalStorage.framework/Versions/A/GenerationalStorage
0x000000000ca49000 	/System/Library/PrivateFrameworks/SymptomDiagnosticReporter.framework/Versions/A/SymptomDiagnosticReporter
0x000000000ca49000 	/System/Library/PrivateFrameworks/AppContainer.framework/Versions/A/AppContainer
0x000000000ca49000 	/usr/lib/libsandbox.1.dylib
0x000000000ca49000 	/System/Library/PrivateFrameworks/UserManagement.framework/Versions/A/UserManagement
0x000000000ca49000 	/System/Library/PrivateFrameworks/ChunkingLibrary.framework/Versions/A/ChunkingLibrary
0x000000000ca49000 	/System/Library/PrivateFrameworks/AppSandbox.framework/Versions/A/AppSandbox
0x000000000ca49000 	/System/Library/PrivateFrameworks/SecCodeWrapper.framework/Versions/A/SecCodeWrapper
0x000000000ca49000 	/usr/lib/libMatch.1.dylib
0x000000000ca49000 	/System/Library/Frameworks/Accelerate.framework/Versions/A/Frameworks/vImage.framework/Versions/A/Libraries/libCGInterfaces.dylib
0x000000000ca49000 	/System/Library/PrivateFrameworks/FontServices.framework/libTrueTypeScaler.dylib

VM Arguments:
jvm_args: -Dfile.encoding=UTF-8 
java_command: main.Main
java_class_path (initial): /Users/bruno/Desktop/Fatec/Códigos Diversos/Jogo3D/lwjgl/lwjgl-assimp-javadoc.jar:/Users/bruno/Desktop/Fatec/Códigos Diversos/Jogo3D/lwjgl/lwjgl-assimp-natives-macos.jar:/Users/bruno/Desktop/Fatec/Códigos Diversos/Jogo3D/lwjgl/lwjgl-assimp-sources.jar:/Users/bruno/Desktop/Fatec/Códigos Diversos/Jogo3D/lwjgl/lwjgl-assimp.jar:/Users/bruno/Desktop/Fatec/Códigos Diversos/Jogo3D/lwjgl/lwjgl-bgfx-javadoc.jar:/Users/bruno/Desktop/Fatec/Códigos Diversos/Jogo3D/lwjgl/lwjgl-bgfx-natives-macos.jar:/Users/bruno/Desktop/Fatec/Códigos Diversos/Jogo3D/lwjgl/lwjgl-bgfx-sources.jar:/Users/bruno/Desktop/Fatec/Códigos Diversos/Jogo3D/lwjgl/lwjgl-bgfx.jar:/Users/bruno/Desktop/Fatec/Códigos Diversos/Jogo3D/lwjgl/lwjgl-glfw-javadoc.jar:/Users/bruno/Desktop/Fatec/Códigos Diversos/Jogo3D/lwjgl/lwjgl-glfw-natives-macos.jar:/Users/bruno/Desktop/Fatec/Códigos Diversos/Jogo3D/lwjgl/lwjgl-glfw-sources.jar:/Users/bruno/Desktop/Fatec/Códigos Diversos/Jogo3D/lwjgl/lwjgl-glfw.jar:/Users/bruno/Desktop/Fatec/Códigos Diversos/Jogo3D/lwjgl/lwjgl-javadoc.jar:/Users/bruno/Desktop/Fatec/Códigos Diversos/Jogo3D/lwjgl/lwjgl-nanovg-javadoc.jar:/Users/bruno/Desktop/Fatec/Códigos Diversos/Jogo3D/lwjgl/lwjgl-nanovg-natives-macos.jar:/Users/bruno/Desktop/Fatec/Códigos Diversos/Jogo3D/lwjgl/lwjgl-nanovg-sources.jar:/Users/bruno/Desktop/Fatec/Códigos Diversos/Jogo3D/lwjgl/lwjgl-nanovg.jar:/Users/bruno/Desktop/Fatec/Códigos Diversos/Jogo3D/lwjgl/lwjgl-natives-macos.jar:/Users/bruno/Desktop/Fatec/Códigos Diversos/Jogo3D/lwjgl/lwjgl-nuklear-javadoc.jar:/Users/bruno/Desktop/Fatec/Códigos Diversos/Jogo3D/lwjgl/lwjgl-nuklear-natives-macos.jar:/Users/bruno/Desktop/Fatec/Códigos Diversos/Jogo3D/lwjgl/lwjgl-nuklear-sources.jar:/Users/bruno/Desktop/Fatec/Códigos Diversos/Jogo3D/lwjgl/lwjgl-nuklear.jar:/Users/bruno/Desktop/Fatec/Códigos Diversos/Jogo3D/lwjgl/lwjgl-openal-javadoc.jar:/Users/bruno/Desktop/Fatec/Códigos Diversos/Jogo3D/lwjgl/lwjgl-openal-natives-macos.jar:/Us
Launcher Type: SUN_STANDARD

Environment Variables:
PATH=/usr/bin:/bin:/usr/sbin:/sbin
SHELL=/bin/zsh

Signal Handlers:
SIGSEGV: [libjvm.dylib+0x5b1141], sa_mask[0]=11111111011111110111111111111111, sa_flags=SA_ONSTACK|SA_RESTART|SA_SIGINFO
SIGBUS: [libjvm.dylib+0x5b1141], sa_mask[0]=11111111011111110111111111111111, sa_flags=SA_RESTART|SA_SIGINFO
SIGFPE: [libjvm.dylib+0x487bc4], sa_mask[0]=11111111011111110111111111111111, sa_flags=SA_RESTART|SA_SIGINFO
SIGPIPE: [libjvm.dylib+0x487bc4], sa_mask[0]=11111111011111110111111111111111, sa_flags=SA_RESTART|SA_SIGINFO
SIGXFSZ: [libjvm.dylib+0x487bc4], sa_mask[0]=11111111011111110111111111111111, sa_flags=SA_RESTART|SA_SIGINFO
SIGILL: [libjvm.dylib+0x487bc4], sa_mask[0]=11111111011111110111111111111111, sa_flags=SA_RESTART|SA_SIGINFO
SIGUSR1: SIG_DFL, sa_mask[0]=00000000000000000000000000000000, sa_flags=none
SIGUSR2: [libjvm.dylib+0x4876e2], sa_mask[0]=00100000000000000000000000000000, sa_flags=SA_RESTART|SA_SIGINFO
SIGHUP: [libjvm.dylib+0x485cb9], sa_mask[0]=11111111011111110111111111111111, sa_flags=SA_RESTART|SA_SIGINFO
SIGINT: [libjvm.dylib+0x485cb9], sa_mask[0]=11111111011111110111111111111111, sa_flags=SA_RESTART|SA_SIGINFO
SIGTERM: [libjvm.dylib+0x485cb9], sa_mask[0]=11111111011111110111111111111111, sa_flags=SA_RESTART|SA_SIGINFO
SIGQUIT: [libjvm.dylib+0x485cb9], sa_mask[0]=11111111011111110111111111111111, sa_flags=SA_RESTART|SA_SIGINFO


---------------  S Y S T E M  ---------------

OS:Bsduname:Darwin 19.0.0 Darwin Kernel Version 19.0.0: Thu Oct 17 16:17:15 PDT 2019; root:xnu-6153.41.3~29/RELEASE_X86_64 x86_64
rlimit: STACK 8192k, CORE 0k, NPROC 2784, NOFILE 10240, AS infinity
load average:4.50 2.12 1.01

CPU:total 8 (4 cores per cpu, 2 threads per core) family 6 model 58 stepping 9, cmov, cx8, fxsr, mmx, sse, sse2, sse3, ssse3, sse4.1, sse4.2, popcnt, avx, aes, clmul, erms, ht, tsc, tscinvbit, tscinv

Memory: 4k page, physical 16777216k(1178204k free)

/proc/meminfo:


vm_info: Java HotSpot(TM) 64-Bit Server VM (25.121-b13) for bsd-amd64 JRE (1.8.0_121-b13), built on Dec 12 2016 20:39:32 by "java_re" with gcc 4.2.1 (Based on Apple Inc. build 5658) (LLVM build 2336.11.00)

time: Tue Dec  3 01:37:45 2019
elapsed time: 0 seconds (0d 0h 0m 0s)

