#
# A fatal error has been detected by the Java Runtime Environment:
#
#  SIGSEGV (0xb) at pc=0x00007fff3737a225, pid=6711, tid=0x0000000000001003
#
# JRE version: Java(TM) SE Runtime Environment (8.0_121-b13) (build 1.8.0_121-b13)
# Java VM: Java HotSpot(TM) 64-Bit Server VM (25.121-b13 mixed mode bsd-amd64 compressed oops)
# Problematic frame:
# C  [CoreGraphics+0x6d225]  CGClipRetain+0xc
#
# Failed to write core dump. Core dumps have been disabled. To enable core dumping, try "ulimit -c unlimited" before starting Java again
#
# If you would like to submit a bug report, please visit:
#   http://bugreport.java.com/bugreport/crash.jsp
# The crash happened outside the Java Virtual Machine in native code.
# See problematic frame for where to report the bug.
#

---------------  T H R E A D  ---------------

Current thread (0x00007fbd91000800):  JavaThread "main" [_thread_in_native, id=4099, stack(0x0000700007175000,0x0000700007275000)]

siginfo: si_signo: 11 (SIGSEGV), si_code: 0 (unknown), si_addr: 0x0000000000000000

Registers:
RAX=0x7000000000000000, RBX=0x00007fbd8fc91af0, RCX=0x0000000000000004, RDX=0x0000000000000002
RSP=0x0000700007273610, RBP=0x0000700007273610, RSI=0x0000000101fc4080, RDI=0x7000000000000000
R8 =0x00000000d8fc9202, R9 =0x00000000d8fc9203, R10=0x00000000fffffffb, R11=0x00007fbd8fc91a70
R12=0x00007fbd91a35fd0, R13=0x00007fbd8fc91f40, R14=0x00007fbd91a36600, R15=0x0000000000000001
RIP=0x00007fff3737a225, EFLAGS=0x0000000000010206, ERR=0x0000000000000000
  TRAPNO=0x000000000000000d

Top of Stack: (sp=0x0000700007273610)
0x0000700007273610:   0000700007273660 00007fff3732e234
0x0000700007273620:   0000000000000000 aaaaaaa800000000
0x0000700007273630:   e9839e2a88050028 00007fbd8fc91af0
0x0000700007273640:   000000000000012b 0000000000000005
0x0000700007273650:   00007fbd91a36600 0000000000000000
0x0000700007273660:   0000700007273680 00007fff3732e0a5
0x0000700007273670:   00007fbd8fc91e60 00007fbd8fc91af0
0x0000700007273680:   00007000072736c0 00007fff3739dfef
0x0000700007273690:   00007000072736c0 0000000000000000
0x00007000072736a0:   00007fbd91a35d00 0000000000000000
0x00007000072736b0:   0000000000000000 00007fbd91a35d00
0x00007000072736c0:   00007000072736e0 00007fff3739df3a
0x00007000072736d0:   00007fbd8fc91ab0 00007fbd8fd371a0
0x00007000072736e0:   0000700007273800 00007fff35a6dbbe
0x00007000072736f0:   0000000000000000 0000000000000000
0x0000700007273700:   409e000000000000 4036000000000000
0x0000700007273710:   0000000000000040 0000000000000040
0x0000700007273720:   0000000000000000 0000000101fc3000
0x0000700007273730:   0000000000000000 0000000000000000
0x0000700007273740:   409e000000000000 4036000000000000
0x0000700007273750:   0000000000000000 0000000000000000
0x0000700007273760:   409e000000000000 4036000000000000
0x0000700007273770:   0000700007273790 00007fff3733c7ab
0x0000700007273780:   00007fff8fbc8690 3ff0000000000000
0x0000700007273790:   00007000072737b0 00007fff3733c78c
0x00007000072737a0:   0000000040000000 00007fbd91a35f50
0x00007000072737b0:   00007fbd91a35d00 00007fbd8fc91a30
0x00007000072737c0:   0000000000000000 0000000000000000
0x00007000072737d0:   0000700000000005 0000000000000000
0x00007000072737e0:   00007fbd8fc90f90 0000000000000000
0x00007000072737f0:   00007fbd8fd36c40 00007fbd8fd371a0
0x0000700007273800:   0000700007273930 00007fff35a6de29 

Instructions: (pc=0x00007fff3737a225)
0x00007fff3737a205:   e9 8c 55 40 00 90 90 55 48 89 e5 83 7f 08 00 0f
0x00007fff3737a215:   94 c0 5d c3 55 48 89 e5 48 89 f8 48 85 ff 74 03
0x00007fff3737a225:   f0 ff 00 5d c3 55 48 89 e5 8b 47 08 5d c3 55 48
0x00007fff3737a235:   89 e5 53 50 48 85 ff 74 25 48 89 fb f0 ff 0f 75 

Register to memory mapping:

RAX=0x7000000000000000 is an unknown value
RBX=0x00007fbd8fc91af0 is an unknown value
RCX=0x0000000000000004 is an unknown value
RDX=0x0000000000000002 is an unknown value
RSP=0x0000700007273610 is pointing into the stack for thread: 0x00007fbd91000800
RBP=0x0000700007273610 is pointing into the stack for thread: 0x00007fbd91000800
RSI=0x0000000101fc4080 is an unknown value
RDI=0x7000000000000000 is an unknown value
R8 =0x00000000d8fc9202 is an unknown value
R9 =0x00000000d8fc9203 is an unknown value
R10=0x00000000fffffffb is an unknown value
R11=0x00007fbd8fc91a70 is an unknown value
R12=0x00007fbd91a35fd0 is an unknown value
R13=0x00007fbd8fc91f40 is an unknown value
R14=0x00007fbd91a36600 is an unknown value
R15=0x0000000000000001 is an unknown value


Stack: [0x0000700007175000,0x0000700007275000],  sp=0x0000700007273610,  free space=1017k
Native frames: (J=compiled Java code, j=interpreted, Vv=VM code, C=native code)
C  [CoreGraphics+0x6d225]  CGClipRetain+0xc
C  [CoreGraphics+0x21234]  CGClipStackCreateMutableCopy+0x177
C  [CoreGraphics+0x210a5]  maybeCopyClipState+0x1c
C  [CoreGraphics+0x90fef]  CGGStateClipToPath+0x94
C  [CoreGraphics+0x90f3a]  clip+0x6f
C  [HIToolbox+0x39bbe]  HIView::RecursiveDrawComposited(__HIShape const*, __HIShape const*, unsigned int, HIView*, CGContext*, unsigned char, double)+0x226
C  [HIToolbox+0x39e29]  HIView::RecursiveDrawComposited(__HIShape const*, __HIShape const*, unsigned int, HIView*, CGContext*, unsigned char, double)+0x491
C  [HIToolbox+0x39619]  HIView::DrawComposited(short, OpaqueGrafPtr*, __HIShape const*, unsigned int, HIView*, CGContext*)+0x32f
C  [HIToolbox+0x392db]  HIView::Render(unsigned int, CGContext*)+0x33
C  [HIToolbox+0x38a09]  WindowData::PrepareForVisibility()+0x99
C  [HIToolbox+0x5c694]  _ShowHideWindows+0x11e
C  [HIToolbox+0x38450]  ShowHide+0x23
C  [HIToolbox+0x28c8b]  MBWindows::GetWindowOnDisplay(unsigned int, unsigned char)+0x121
C  [HIToolbox+0x28a5f]  MenuBarInstance::ForEachWindowDo(unsigned char, bool (OpaqueWindowPtr*, unsigned int) block_pointer)+0xb7
C  [HIToolbox+0x1a6dcf]  MenuBarInstance::SetBoundsAndUpdateResolution()+0x67
C  [HIToolbox+0x2858a]  MenuBarInstance::Show(MenuBarAnimationStyle, unsigned char, unsigned char, unsigned char, unsigned char)+0x118
C  [HIToolbox+0x5c2e1]  MenuBarInstance::UpdateAggregateUIMode(MenuBarAnimationStyle, unsigned char, unsigned char, unsigned char)+0x325
C  [HIToolbox+0x4485a]  MenuBarInstance::ForEachMenuBarDo(void (MenuBarInstance*) block_pointer)+0x2e
C  [HIToolbox+0x5bf6a]  UpdateAllAggregateUIModes(MenuBarAnimationStyle, unsigned char)+0x7e
C  [HIToolbox+0x5bed6]  SetSystemUIMode+0xa5
C  [AppKit+0x111e3]  -[NSApplication finishLaunching]+0x2dc
C  [AppKit+0x10bd8]  -[NSApplication run]+0xf4
C  [libglfw.dylib+0x10a85]
[error occurred during error reporting (printing native stack), id 0xe0000000]

Java frames: (J=compiled Java code, j=interpreted, Vv=VM code)
j  org.lwjgl.system.JNI.invokePPPP(IIJJJJ)J+0
j  org.lwjgl.glfw.GLFW.nglfwCreateWindow(IIJJJ)J+14
j  org.lwjgl.glfw.GLFW.glfwCreateWindow(IILjava/lang/CharSequence;JJ)J+37
j  motor.io.Janela.cria()V+30
j  main.Main.inicializa()V+29
j  main.Main.run()V+0
j  java.lang.Thread.run()V+11
j  main.Main.start()V+18
j  main.Main.main([Ljava/lang/String;)V+7
v  ~StubRoutines::call_stub

---------------  P R O C E S S  ---------------

Java Threads: ( => current thread )
  0x00007fbd9008f000 JavaThread "Service Thread" daemon [_thread_blocked, id=15363, stack(0x00007000083ae000,0x00007000084ae000)]
  0x00007fbd92800000 JavaThread "C1 CompilerThread3" daemon [_thread_blocked, id=16643, stack(0x00007000082ab000,0x00007000083ab000)]
  0x00007fbd9006e800 JavaThread "C2 CompilerThread2" daemon [_thread_blocked, id=15107, stack(0x00007000081a8000,0x00007000082a8000)]
  0x00007fbd9006d800 JavaThread "C2 CompilerThread1" daemon [_thread_blocked, id=14851, stack(0x00007000080a5000,0x00007000081a5000)]
  0x00007fbd90045000 JavaThread "C2 CompilerThread0" daemon [_thread_blocked, id=17411, stack(0x0000700007fa2000,0x00007000080a2000)]
  0x00007fbd90829000 JavaThread "Signal Dispatcher" daemon [_thread_blocked, id=17667, stack(0x0000700007e9f000,0x0000700007f9f000)]
  0x00007fbd9002d800 JavaThread "Finalizer" daemon [_thread_blocked, id=19715, stack(0x0000700007c96000,0x0000700007d96000)]
  0x00007fbd92004000 JavaThread "Reference Handler" daemon [_thread_blocked, id=12035, stack(0x0000700007b93000,0x0000700007c93000)]
=>0x00007fbd91000800 JavaThread "main" [_thread_in_native, id=4099, stack(0x0000700007175000,0x0000700007275000)]

Other Threads:
  0x00007fbd90828800 VMThread [stack: 0x0000700007a90000,0x0000700007b90000] [id=11779]
  0x00007fbd91001800 WatcherThread [stack: 0x00007000084b1000,0x00007000085b1000] [id=15875]

VM state:not at safepoint (normal execution)

VM Mutex/Monitor currently owned by a thread: None

Heap:
 PSYoungGen      total 76288K, used 7865K [0x000000076ab00000, 0x0000000770000000, 0x00000007c0000000)
  eden space 65536K, 12% used [0x000000076ab00000,0x000000076b2ae5e0,0x000000076eb00000)
  from space 10752K, 0% used [0x000000076f580000,0x000000076f580000,0x0000000770000000)
  to   space 10752K, 0% used [0x000000076eb00000,0x000000076eb00000,0x000000076f580000)
 ParOldGen       total 175104K, used 0K [0x00000006c0000000, 0x00000006cab00000, 0x000000076ab00000)
  object space 175104K, 0% used [0x00000006c0000000,0x00000006c0000000,0x00000006cab00000)
 Metaspace       used 6102K, capacity 6312K, committed 6400K, reserved 1056768K
  class space    used 639K, capacity 710K, committed 768K, reserved 1048576K

Card table byte_map: [0x00000001043d7000,0x0000000104bd8000] byte_map_base: 0x0000000100dd7000

Marking Bits: (ParMarkBitMap*) 0x00000001038f0d30
 Begin Bits: [0x000000010512e000, 0x000000010912e000)
 End Bits:   [0x000000010912e000, 0x000000010d12e000)

Polling page: 0x0000000101fe4000

CodeCache: size=245760Kb used=2331Kb max_used=2336Kb free=243428Kb
 bounds [0x000000010fbff000, 0x000000010fe6f000, 0x000000011ebff000]
 total_blobs=1229 nmethods=451 adapters=692
 compilation: enabled

Compilation events (10 events):
Event: 0.386 Thread 0x00007fbd92800000 nmethod 447 0x000000010fe41e90 code [0x000000010fe42000, 0x000000010fe42248]
Event: 0.387 Thread 0x00007fbd92800000  448       3       sun.misc.URLClassPath$JarLoader::findResource (18 bytes)
Event: 0.387 Thread 0x00007fbd92800000 nmethod 448 0x000000010fe43310 code [0x000000010fe434a0, 0x000000010fe43738]
Event: 0.388 Thread 0x00007fbd92800000  449       3       java.util.zip.Inflater::ensureOpen (47 bytes)
Event: 0.388 Thread 0x00007fbd92800000 nmethod 449 0x000000010fe43810 code [0x000000010fe439a0, 0x000000010fe43c88]
Event: 0.393 Thread 0x00007fbd9006e800 nmethod 445 0x000000010fe46e50 code [0x000000010fe46fc0, 0x000000010fe47458]
Event: 0.397 Thread 0x00007fbd92800000  450       3       java.nio.DirectByteBuffer::ix (10 bytes)
Event: 0.397 Thread 0x00007fbd92800000 nmethod 450 0x000000010fe46b50 code [0x000000010fe46ca0, 0x000000010fe46df0]
Event: 0.398 Thread 0x00007fbd92800000  451       3       sun.net.www.ParseUtil::encodePath (336 bytes)
Event: 0.399 Thread 0x00007fbd92800000 nmethod 451 0x000000010fe45150 code [0x000000010fe453c0, 0x000000010fe463b8]

GC Heap History (0 events):
No events

Deoptimization events (1 events):
Event: 0.114 Thread 0x00007fbd91000800 Uncommon trap: reason=unstable_if action=reinterpret pc=0x000000010fd22628 method=java.lang.String.hashCode()I @ 14

Internal exceptions (10 events):
Event: 0.158 Thread 0x00007fbd91000800 Exception <a 'java/lang/NoSuchMethodError': java.lang.Object.lambda$static$0(Ljava/lang/String;)Ljava/lang/Boolean;> (0x000000076aeb23e8) thrown at [/Users/java_re/workspace/8-2-build-macosx-x86_64/jdk8u121/8372/hotspot/src/share/vm/interpreter/linkResolv
Event: 0.172 Thread 0x00007fbd91000800 Exception <a 'java/lang/NoSuchFieldError': method resolution failed> (0x000000076af2a2a0) thrown at [/Users/java_re/workspace/8-2-build-macosx-x86_64/jdk8u121/8372/hotspot/src/share/vm/prims/methodHandles.cpp, line 1146]
Event: 0.174 Thread 0x00007fbd91000800 Exception <a 'java/lang/NoSuchFieldError': method resolution failed> (0x000000076af37670) thrown at [/Users/java_re/workspace/8-2-build-macosx-x86_64/jdk8u121/8372/hotspot/src/share/vm/prims/methodHandles.cpp, line 1146]
Event: 0.225 Thread 0x00007fbd91000800 Exception <a 'java/security/PrivilegedActionException'> (0x000000076b0ac670) thrown at [/Users/java_re/workspace/8-2-build-macosx-x86_64/jdk8u121/8372/hotspot/src/share/vm/prims/jvm.cpp, line 1390]
Event: 0.225 Thread 0x00007fbd91000800 Exception <a 'java/security/PrivilegedActionException'> (0x000000076b0ac880) thrown at [/Users/java_re/workspace/8-2-build-macosx-x86_64/jdk8u121/8372/hotspot/src/share/vm/prims/jvm.cpp, line 1390]
Event: 0.225 Thread 0x00007fbd91000800 Exception <a 'java/security/PrivilegedActionException'> (0x000000076b0afbb0) thrown at [/Users/java_re/workspace/8-2-build-macosx-x86_64/jdk8u121/8372/hotspot/src/share/vm/prims/jvm.cpp, line 1390]
Event: 0.225 Thread 0x00007fbd91000800 Exception <a 'java/security/PrivilegedActionException'> (0x000000076b0afdc0) thrown at [/Users/java_re/workspace/8-2-build-macosx-x86_64/jdk8u121/8372/hotspot/src/share/vm/prims/jvm.cpp, line 1390]
Event: 0.243 Thread 0x00007fbd91000800 Exception <a 'sun/nio/fs/UnixException'> (0x000000076b104b10) thrown at [/Users/java_re/workspace/8-2-build-macosx-x86_64/jdk8u121/8372/hotspot/src/share/vm/prims/jni.cpp, line 709]
Event: 0.268 Thread 0x00007fbd91000800 Exception <a 'sun/nio/fs/UnixException'> (0x000000076b15b9b0) thrown at [/Users/java_re/workspace/8-2-build-macosx-x86_64/jdk8u121/8372/hotspot/src/share/vm/prims/jni.cpp, line 709]
Event: 0.387 Thread 0x00007fbd91000800 Exception <a 'sun/nio/fs/UnixException'> (0x000000076b289748) thrown at [/Users/java_re/workspace/8-2-build-macosx-x86_64/jdk8u121/8372/hotspot/src/share/vm/prims/jni.cpp, line 709]

Events (10 events):
Event: 0.384 loading class org/lwjgl/glfw/EventLoop
Event: 0.384 loading class org/lwjgl/glfw/EventLoop done
Event: 0.385 loading class org/lwjgl/system/macosx/ObjCRuntime
Event: 0.385 loading class org/lwjgl/system/macosx/ObjCRuntime done
Event: 0.388 loading class org/lwjgl/system/dyncall/DynLoad
Event: 0.388 loading class org/lwjgl/system/dyncall/DynLoad done
Event: 0.396 loading class org/lwjgl/system/macosx/ObjCRuntime$Functions
Event: 0.396 loading class org/lwjgl/system/macosx/ObjCRuntime$Functions done
Event: 0.398 loading class org/lwjgl/system/macosx/CoreFoundation
Event: 0.398 loading class org/lwjgl/system/macosx/CoreFoundation done


Dynamic libraries:
0x000000000b292000 	/System/Library/Frameworks/Cocoa.framework/Versions/A/Cocoa
0x000000000b292000 	/System/Library/Frameworks/Security.framework/Versions/A/Security
0x000000000b292000 	/System/Library/Frameworks/ApplicationServices.framework/Versions/A/ApplicationServices
0x000000000b292000 	/usr/lib/libz.1.dylib
0x000000000b292000 	/usr/lib/libSystem.B.dylib
0x000000000b292000 	/usr/lib/libobjc.A.dylib
0x000000000b292000 	/System/Library/Frameworks/CoreFoundation.framework/Versions/A/CoreFoundation
0x000000000b292000 	/System/Library/Frameworks/Foundation.framework/Versions/C/Foundation
0x000000000b292000 	/System/Library/Frameworks/AppKit.framework/Versions/C/AppKit
0x000000000b292000 	/System/Library/Frameworks/CoreData.framework/Versions/A/CoreData
0x000000000b292000 	/System/Library/PrivateFrameworks/UIFoundation.framework/Versions/A/UIFoundation
0x000000000b292000 	/System/Library/PrivateFrameworks/RemoteViewServices.framework/Versions/A/RemoteViewServices
0x000000000b292000 	/System/Library/PrivateFrameworks/XCTTargetBootstrap.framework/Versions/A/XCTTargetBootstrap
0x000000000b292000 	/System/Library/Frameworks/CoreDisplay.framework/Versions/A/CoreDisplay
0x000000000b292000 	/System/Library/Frameworks/Metal.framework/Versions/A/Metal
0x000000000b292000 	/System/Library/PrivateFrameworks/DesktopServicesPriv.framework/Versions/A/DesktopServicesPriv
0x000000000b292000 	/usr/lib/liblangid.dylib
0x000000000b292000 	/System/Library/PrivateFrameworks/CoreSVG.framework/Versions/A/CoreSVG
0x000000000b292000 	/System/Library/PrivateFrameworks/SkyLight.framework/Versions/A/SkyLight
0x000000000b292000 	/System/Library/Frameworks/CoreGraphics.framework/Versions/A/CoreGraphics
0x000000000b292000 	/System/Library/Frameworks/Accelerate.framework/Versions/A/Accelerate
0x000000000b292000 	/usr/lib/libxml2.2.dylib
0x000000000b292000 	/System/Library/PrivateFrameworks/IconServices.framework/Versions/A/IconServices
0x000000000b292000 	/System/Library/Frameworks/IOSurface.framework/Versions/A/IOSurface
0x000000000b292000 	/usr/lib/libDiagnosticMessagesClient.dylib
0x000000000b292000 	/System/Library/PrivateFrameworks/DFRFoundation.framework/Versions/A/DFRFoundation
0x000000000b292000 	/usr/lib/libicucore.A.dylib
0x000000000b292000 	/System/Library/Frameworks/AudioToolbox.framework/Versions/A/AudioToolbox
0x000000000b292000 	/System/Library/Frameworks/AudioUnit.framework/Versions/A/AudioUnit
0x000000000b292000 	/usr/lib/libauto.dylib
0x000000000b292000 	/System/Library/PrivateFrameworks/DataDetectorsCore.framework/Versions/A/DataDetectorsCore
0x000000000b292000 	/System/Library/Frameworks/Carbon.framework/Versions/A/Frameworks/HIToolbox.framework/Versions/A/HIToolbox
0x000000000b292000 	/System/Library/Frameworks/QuartzCore.framework/Versions/A/QuartzCore
0x000000000b292000 	/System/Library/Frameworks/Carbon.framework/Versions/A/Frameworks/SpeechRecognition.framework/Versions/A/SpeechRecognition
0x000000000b292000 	/System/Library/PrivateFrameworks/CoreUI.framework/Versions/A/CoreUI
0x000000000b292000 	/System/Library/Frameworks/CoreAudio.framework/Versions/A/CoreAudio
0x000000000b292000 	/System/Library/Frameworks/DiskArbitration.framework/Versions/A/DiskArbitration
0x000000000b292000 	/System/Library/PrivateFrameworks/MultitouchSupport.framework/Versions/A/MultitouchSupport
0x000000000b292000 	/usr/lib/libenergytrace.dylib
0x000000000b292000 	/System/Library/Frameworks/IOKit.framework/Versions/A/IOKit
0x000000000b292000 	/System/Library/Frameworks/CoreServices.framework/Versions/A/CoreServices
0x000000000b292000 	/System/Library/PrivateFrameworks/PerformanceAnalysis.framework/Versions/A/PerformanceAnalysis
0x000000000b292000 	/System/Library/Frameworks/OpenGL.framework/Versions/A/OpenGL
0x000000000b292000 	/System/Library/Frameworks/ColorSync.framework/Versions/A/ColorSync
0x000000000b292000 	/System/Library/Frameworks/CoreImage.framework/Versions/A/CoreImage
0x000000000b292000 	/System/Library/Frameworks/CoreText.framework/Versions/A/CoreText
0x000000000b292000 	/System/Library/Frameworks/ImageIO.framework/Versions/A/ImageIO
0x000000000b292000 	/usr/lib/libc++.1.dylib
0x000000000b292000 	/usr/lib/libcompression.dylib
0x000000000b292000 	/usr/lib/libMobileGestalt.dylib
0x000000000b292000 	/System/Library/PrivateFrameworks/TextureIO.framework/Versions/A/TextureIO
0x000000000b292000 	/usr/lib/libate.dylib
0x000000000b292000 	/System/Library/PrivateFrameworks/InternationalSupport.framework/Versions/A/InternationalSupport
0x000000000b292000 	/usr/lib/system/libcache.dylib
0x000000000b292000 	/usr/lib/system/libcommonCrypto.dylib
0x000000000b292000 	/usr/lib/system/libcompiler_rt.dylib
0x000000000b292000 	/usr/lib/system/libcopyfile.dylib
0x000000000b292000 	/usr/lib/system/libcorecrypto.dylib
0x000000000b292000 	/usr/lib/system/libdispatch.dylib
0x000000000b292000 	/usr/lib/system/libdyld.dylib
0x000000000b292000 	/usr/lib/system/libkeymgr.dylib
0x000000000b292000 	/usr/lib/system/liblaunch.dylib
0x000000000b292000 	/usr/lib/system/libmacho.dylib
0x000000000b292000 	/usr/lib/system/libquarantine.dylib
0x000000000b292000 	/usr/lib/system/libremovefile.dylib
0x000000000b292000 	/usr/lib/system/libsystem_asl.dylib
0x000000000b292000 	/usr/lib/system/libsystem_blocks.dylib
0x000000000b292000 	/usr/lib/system/libsystem_c.dylib
0x000000000b292000 	/usr/lib/system/libsystem_configuration.dylib
0x000000000b292000 	/usr/lib/system/libsystem_coreservices.dylib
0x000000000b292000 	/usr/lib/system/libsystem_darwin.dylib
0x000000000b292000 	/usr/lib/system/libsystem_dnssd.dylib
0x000000000b292000 	/usr/lib/system/libsystem_featureflags.dylib
0x000000000b292000 	/usr/lib/system/libsystem_info.dylib
0x000000000b292000 	/usr/lib/system/libsystem_m.dylib
0x000000000b292000 	/usr/lib/system/libsystem_malloc.dylib
0x000000000b292000 	/usr/lib/system/libsystem_networkextension.dylib
0x000000000b292000 	/usr/lib/system/libsystem_notify.dylib
0x000000000b292000 	/usr/lib/system/libsystem_sandbox.dylib
0x000000000b292000 	/usr/lib/system/libsystem_secinit.dylib
0x000000000b292000 	/usr/lib/system/libsystem_kernel.dylib
0x000000000b292000 	/usr/lib/system/libsystem_platform.dylib
0x000000000b292000 	/usr/lib/system/libsystem_pthread.dylib
0x000000000b292000 	/usr/lib/system/libsystem_symptoms.dylib
0x000000000b292000 	/usr/lib/system/libsystem_trace.dylib
0x000000000b292000 	/usr/lib/system/libunwind.dylib
0x000000000b292000 	/usr/lib/system/libxpc.dylib
0x000000000b292000 	/usr/lib/libc++abi.dylib
0x000000000b292000 	/usr/lib/liblzma.5.dylib
0x000000000b292000 	/usr/lib/libfakelink.dylib
0x000000000b292000 	/usr/lib/libarchive.2.dylib
0x000000000b292000 	/System/Library/Frameworks/SystemConfiguration.framework/Versions/A/SystemConfiguration
0x000000000b292000 	/usr/lib/libCRFSuite.dylib
0x000000000b292000 	/System/Library/Frameworks/CFNetwork.framework/Versions/A/CFNetwork
0x000000000b292000 	/usr/lib/libbsm.0.dylib
0x000000000b292000 	/usr/lib/system/libkxld.dylib
0x000000000b292000 	/System/Library/PrivateFrameworks/AppleFSCompression.framework/Versions/A/AppleFSCompression
0x000000000b292000 	/usr/lib/libcoretls.dylib
0x000000000b292000 	/usr/lib/libcoretls_cfhelpers.dylib
0x000000000b292000 	/usr/lib/libpam.2.dylib
0x000000000b292000 	/usr/lib/libsqlite3.dylib
0x000000000b292000 	/usr/lib/libxar.1.dylib
0x000000000b292000 	/usr/lib/libbz2.1.0.dylib
0x000000000b292000 	/usr/lib/libiconv.2.dylib
0x000000000b292000 	/usr/lib/libcharset.1.dylib
0x000000000b292000 	/usr/lib/libnetwork.dylib
0x000000000b292000 	/usr/lib/libpcap.A.dylib
0x000000000b292000 	/usr/lib/libapple_nghttp2.dylib
0x000000000b292000 	/System/Library/Frameworks/CoreServices.framework/Versions/A/Frameworks/FSEvents.framework/Versions/A/FSEvents
0x000000000b292000 	/System/Library/Frameworks/CoreServices.framework/Versions/A/Frameworks/CarbonCore.framework/Versions/A/CarbonCore
0x000000000b292000 	/System/Library/Frameworks/CoreServices.framework/Versions/A/Frameworks/Metadata.framework/Versions/A/Metadata
0x000000000b292000 	/System/Library/Frameworks/CoreServices.framework/Versions/A/Frameworks/OSServices.framework/Versions/A/OSServices
0x000000000b292000 	/System/Library/Frameworks/CoreServices.framework/Versions/A/Frameworks/SearchKit.framework/Versions/A/SearchKit
0x000000000b292000 	/System/Library/Frameworks/CoreServices.framework/Versions/A/Frameworks/AE.framework/Versions/A/AE
0x000000000b292000 	/System/Library/Frameworks/CoreServices.framework/Versions/A/Frameworks/LaunchServices.framework/Versions/A/LaunchServices
0x000000000b292000 	/System/Library/Frameworks/CoreServices.framework/Versions/A/Frameworks/DictionaryServices.framework/Versions/A/DictionaryServices
0x000000000b292000 	/System/Library/Frameworks/CoreServices.framework/Versions/A/Frameworks/SharedFileList.framework/Versions/A/SharedFileList
0x000000000b292000 	/System/Library/Frameworks/NetFS.framework/Versions/A/NetFS
0x000000000b292000 	/System/Library/PrivateFrameworks/NetAuth.framework/Versions/A/NetAuth
0x000000000b292000 	/System/Library/PrivateFrameworks/login.framework/Versions/A/Frameworks/loginsupport.framework/Versions/A/loginsupport
0x000000000b292000 	/System/Library/PrivateFrameworks/TCC.framework/Versions/A/TCC
0x000000000b292000 	/System/Library/PrivateFrameworks/CoreNLP.framework/Versions/A/CoreNLP
0x000000000b292000 	/System/Library/PrivateFrameworks/MetadataUtilities.framework/Versions/A/MetadataUtilities
0x000000000b292000 	/usr/lib/libmecabra.dylib
0x000000000b292000 	/usr/lib/libmecab.dylib
0x000000000b292000 	/usr/lib/libgermantok.dylib
0x000000000b292000 	/usr/lib/libThaiTokenizer.dylib
0x000000000b292000 	/usr/lib/libChineseTokenizer.dylib
0x000000000b292000 	/System/Library/Frameworks/Accelerate.framework/Versions/A/Frameworks/vImage.framework/Versions/A/vImage
0x000000000b292000 	/System/Library/Frameworks/Accelerate.framework/Versions/A/Frameworks/vecLib.framework/Versions/A/vecLib
0x000000000b292000 	/System/Library/Frameworks/Accelerate.framework/Versions/A/Frameworks/vecLib.framework/Versions/A/libvMisc.dylib
0x000000000b292000 	/System/Library/Frameworks/Accelerate.framework/Versions/A/Frameworks/vecLib.framework/Versions/A/libvDSP.dylib
0x000000000b292000 	/System/Library/Frameworks/Accelerate.framework/Versions/A/Frameworks/vecLib.framework/Versions/A/libBLAS.dylib
0x000000000b292000 	/System/Library/Frameworks/Accelerate.framework/Versions/A/Frameworks/vecLib.framework/Versions/A/libLAPACK.dylib
0x000000000b292000 	/System/Library/Frameworks/Accelerate.framework/Versions/A/Frameworks/vecLib.framework/Versions/A/libLinearAlgebra.dylib
0x000000000b292000 	/System/Library/Frameworks/Accelerate.framework/Versions/A/Frameworks/vecLib.framework/Versions/A/libSparseBLAS.dylib
0x000000000b292000 	/System/Library/Frameworks/Accelerate.framework/Versions/A/Frameworks/vecLib.framework/Versions/A/libQuadrature.dylib
0x000000000b292000 	/System/Library/Frameworks/Accelerate.framework/Versions/A/Frameworks/vecLib.framework/Versions/A/libBNNS.dylib
0x000000000b292000 	/System/Library/Frameworks/Accelerate.framework/Versions/A/Frameworks/vecLib.framework/Versions/A/libSparse.dylib
0x000000000b292000 	/System/Library/PrivateFrameworks/LanguageModeling.framework/Versions/A/LanguageModeling
0x000000000b292000 	/System/Library/PrivateFrameworks/CoreEmoji.framework/Versions/A/CoreEmoji
0x000000000b292000 	/System/Library/PrivateFrameworks/LinguisticData.framework/Versions/A/LinguisticData
0x000000000b292000 	/System/Library/PrivateFrameworks/Lexicon.framework/Versions/A/Lexicon
0x000000000b292000 	/usr/lib/libcmph.dylib
0x000000000b292000 	/System/Library/Frameworks/OpenDirectory.framework/Versions/A/Frameworks/CFOpenDirectory.framework/Versions/A/CFOpenDirectory
0x000000000b292000 	/System/Library/Frameworks/OpenDirectory.framework/Versions/A/OpenDirectory
0x000000000b292000 	/System/Library/PrivateFrameworks/APFS.framework/Versions/A/APFS
0x000000000b292000 	/System/Library/Frameworks/SecurityFoundation.framework/Versions/A/SecurityFoundation
0x000000000b292000 	/usr/lib/libutil.dylib
0x000000000b292000 	/System/Library/PrivateFrameworks/CoreServicesStore.framework/Versions/A/CoreServicesStore
0x000000000b292000 	/System/Library/Frameworks/ServiceManagement.framework/Versions/A/ServiceManagement
0x000000000b292000 	/System/Library/PrivateFrameworks/BackgroundTaskManagement.framework/Versions/A/BackgroundTaskManagement
0x000000000b292000 	/usr/lib/libxslt.1.dylib
0x000000000b292000 	/System/Library/PrivateFrameworks/AppleSystemInfo.framework/Versions/A/AppleSystemInfo
0x000000000b292000 	/System/Library/Frameworks/ImageIO.framework/Versions/A/Resources/libJPEG.dylib
0x000000000b292000 	/System/Library/Frameworks/ImageIO.framework/Versions/A/Resources/libTIFF.dylib
0x000000000b292000 	/System/Library/Frameworks/ImageIO.framework/Versions/A/Resources/libPng.dylib
0x000000000b292000 	/System/Library/Frameworks/ImageIO.framework/Versions/A/Resources/libGIF.dylib
0x000000000b292000 	/System/Library/Frameworks/ImageIO.framework/Versions/A/Resources/libJP2.dylib
0x000000000b292000 	/System/Library/Frameworks/ImageIO.framework/Versions/A/Resources/libRadiance.dylib
0x000000000b292000 	/usr/lib/libexpat.1.dylib
0x000000000b292000 	/System/Library/PrivateFrameworks/AppleJPEG.framework/Versions/A/AppleJPEG
0x000000000b292000 	/System/Library/PrivateFrameworks/FontServices.framework/libFontParser.dylib
0x000000000b292000 	/System/Library/PrivateFrameworks/WatchdogClient.framework/Versions/A/WatchdogClient
0x000000000b292000 	/System/Library/PrivateFrameworks/IOAccelerator.framework/Versions/A/IOAccelerator
0x000000000b292000 	/System/Library/Frameworks/MetalPerformanceShaders.framework/Versions/A/MetalPerformanceShaders
0x000000000b292000 	/System/Library/PrivateFrameworks/GPUWrangler.framework/Versions/A/GPUWrangler
0x000000000b292000 	/System/Library/PrivateFrameworks/IOPresentment.framework/Versions/A/IOPresentment
0x000000000b292000 	/System/Library/PrivateFrameworks/DSExternalDisplay.framework/Versions/A/DSExternalDisplay
0x000000000b292000 	/System/Library/Frameworks/OpenGL.framework/Versions/A/Libraries/libCoreFSCache.dylib
0x000000000b292000 	/System/Library/Frameworks/MetalPerformanceShaders.framework/Frameworks/MPSCore.framework/Versions/A/MPSCore
0x000000000b292000 	/System/Library/Frameworks/MetalPerformanceShaders.framework/Frameworks/MPSImage.framework/Versions/A/MPSImage
0x000000000b292000 	/System/Library/Frameworks/MetalPerformanceShaders.framework/Frameworks/MPSNeuralNetwork.framework/Versions/A/MPSNeuralNetwork
0x000000000b292000 	/System/Library/Frameworks/MetalPerformanceShaders.framework/Frameworks/MPSMatrix.framework/Versions/A/MPSMatrix
0x000000000b292000 	/System/Library/Frameworks/MetalPerformanceShaders.framework/Frameworks/MPSRayIntersector.framework/Versions/A/MPSRayIntersector
0x000000000b292000 	/System/Library/Frameworks/MetalPerformanceShaders.framework/Frameworks/MPSNDArray.framework/Versions/A/MPSNDArray
0x000000000b292000 	/System/Library/PrivateFrameworks/MetalTools.framework/Versions/A/MetalTools
0x000000000b292000 	/System/Library/PrivateFrameworks/AggregateDictionary.framework/Versions/A/AggregateDictionary
0x000000000b292000 	/System/Library/PrivateFrameworks/CoreAnalytics.framework/Versions/A/CoreAnalytics
0x000000000b292000 	/System/Library/PrivateFrameworks/AppleSauce.framework/Versions/A/AppleSauce
0x000000000b292000 	/usr/lib/libIOReport.dylib
0x000000000b292000 	/System/Library/Frameworks/CoreVideo.framework/Versions/A/CoreVideo
0x000000000b292000 	/System/Library/PrivateFrameworks/GraphVisualizer.framework/Versions/A/GraphVisualizer
0x000000000b292000 	/System/Library/PrivateFrameworks/FaceCore.framework/Versions/A/FaceCore
0x000000000b292000 	/System/Library/Frameworks/OpenCL.framework/Versions/A/OpenCL
0x000000000b292000 	/usr/lib/libFosl_dynamic.dylib
0x000000000b292000 	/System/Library/PrivateFrameworks/OTSVG.framework/Versions/A/OTSVG
0x000000000b292000 	/System/Library/Frameworks/ApplicationServices.framework/Versions/A/Frameworks/ATS.framework/Versions/A/Resources/libFontRegistry.dylib
0x000000000b292000 	/System/Library/PrivateFrameworks/FontServices.framework/libhvf.dylib
0x000000000b292000 	/System/Library/Frameworks/OpenGL.framework/Versions/A/Libraries/libGFXShared.dylib
0x000000000b292000 	/System/Library/Frameworks/OpenGL.framework/Versions/A/Libraries/libGLU.dylib
0x000000000b292000 	/System/Library/Frameworks/OpenGL.framework/Versions/A/Libraries/libGL.dylib
0x000000000b292000 	/System/Library/Frameworks/OpenGL.framework/Versions/A/Libraries/libGLImage.dylib
0x000000000b292000 	/System/Library/Frameworks/OpenGL.framework/Versions/A/Libraries/libCVMSPluginSupport.dylib
0x000000000b292000 	/System/Library/Frameworks/OpenGL.framework/Versions/A/Libraries/libCoreVMClient.dylib
0x000000000b292000 	/usr/lib/libncurses.5.4.dylib
0x000000000b292000 	/System/Library/Frameworks/ApplicationServices.framework/Versions/A/Frameworks/ATS.framework/Versions/A/ATS
0x000000000b292000 	/System/Library/Frameworks/ApplicationServices.framework/Versions/A/Frameworks/ColorSyncLegacy.framework/Versions/A/ColorSyncLegacy
0x000000000b292000 	/System/Library/Frameworks/ApplicationServices.framework/Versions/A/Frameworks/HIServices.framework/Versions/A/HIServices
0x000000000b292000 	/System/Library/Frameworks/ApplicationServices.framework/Versions/A/Frameworks/LangAnalysis.framework/Versions/A/LangAnalysis
0x000000000b292000 	/System/Library/Frameworks/ApplicationServices.framework/Versions/A/Frameworks/PrintCore.framework/Versions/A/PrintCore
0x000000000b292000 	/System/Library/Frameworks/ApplicationServices.framework/Versions/A/Frameworks/QD.framework/Versions/A/QD
0x000000000b292000 	/System/Library/Frameworks/ApplicationServices.framework/Versions/A/Frameworks/SpeechSynthesis.framework/Versions/A/SpeechSynthesis
0x000000000b292000 	/System/Library/Frameworks/ApplicationServices.framework/Versions/A/Frameworks/ATSUI.framework/Versions/A/ATSUI
0x000000000b292000 	/usr/lib/libcups.2.dylib
0x000000000b292000 	/System/Library/Frameworks/Kerberos.framework/Versions/A/Kerberos
0x000000000b292000 	/System/Library/Frameworks/GSS.framework/Versions/A/GSS
0x000000000b292000 	/usr/lib/libresolv.9.dylib
0x000000000b292000 	/System/Library/PrivateFrameworks/Heimdal.framework/Versions/A/Heimdal
0x000000000b292000 	/System/Library/Frameworks/Kerberos.framework/Versions/A/Libraries/libHeimdalProxy.dylib
0x000000000b292000 	/usr/lib/libheimdal-asn1.dylib
0x000000000b292000 	/System/Library/PrivateFrameworks/CommonAuth.framework/Versions/A/CommonAuth
0x000000000b292000 	/System/Library/PrivateFrameworks/AssertionServices.framework/Versions/A/AssertionServices
0x000000000b292000 	/System/Library/PrivateFrameworks/AudioToolboxCore.framework/Versions/A/AudioToolboxCore
0x000000000b292000 	/System/Library/PrivateFrameworks/caulk.framework/Versions/A/caulk
0x000000000b292000 	/System/Library/PrivateFrameworks/BaseBoard.framework/Versions/A/BaseBoard
0x000000000b292000 	/System/Library/PrivateFrameworks/RunningBoardServices.framework/Versions/A/RunningBoardServices
0x000000000b292000 	/System/Library/PrivateFrameworks/PersistentConnection.framework/Versions/A/PersistentConnection
0x000000000b292000 	/System/Library/PrivateFrameworks/ProtocolBuffer.framework/Versions/A/ProtocolBuffer
0x000000000b292000 	/System/Library/PrivateFrameworks/CommonUtilities.framework/Versions/A/CommonUtilities
0x000000000b292000 	/System/Library/PrivateFrameworks/Bom.framework/Versions/A/Bom
0x000000000b292000 	/usr/lib/libAudioToolboxUtility.dylib
0x000000000b292000 	/System/Library/PrivateFrameworks/Backup.framework/Versions/A/Backup
0x000000000b292000 	/System/Library/PrivateFrameworks/CrashReporterSupport.framework/Versions/A/CrashReporterSupport
0x000000000b292000 	/System/Library/PrivateFrameworks/Sharing.framework/Versions/A/Sharing
0x000000000b292000 	/System/Library/PrivateFrameworks/Apple80211.framework/Versions/A/Apple80211
0x000000000b292000 	/System/Library/PrivateFrameworks/AuthKit.framework/Versions/A/AuthKit
0x000000000b292000 	/System/Library/PrivateFrameworks/CoreUtils.framework/Versions/A/CoreUtils
0x000000000b292000 	/System/Library/Frameworks/CoreWLAN.framework/Versions/A/CoreWLAN
0x000000000b292000 	/System/Library/Frameworks/IOBluetooth.framework/Versions/A/IOBluetooth
0x000000000b292000 	/System/Library/PrivateFrameworks/MobileKeyBag.framework/Versions/A/MobileKeyBag
0x000000000b292000 	/System/Library/PrivateFrameworks/CorePhoneNumbers.framework/Versions/A/CorePhoneNumbers
0x000000000b292000 	/System/Library/PrivateFrameworks/AppleIDAuthSupport.framework/Versions/A/AppleIDAuthSupport
0x000000000b292000 	/System/Library/Frameworks/Network.framework/Versions/A/Network
0x000000000b292000 	/System/Library/PrivateFrameworks/KeychainCircle.framework/Versions/A/KeychainCircle
0x000000000b292000 	/System/Library/Frameworks/CoreBluetooth.framework/Versions/A/CoreBluetooth
0x000000000b292000 	/System/Library/PrivateFrameworks/SpeechRecognitionCore.framework/Versions/A/SpeechRecognitionCore
0x0000000103000000 	/Library/Java/JavaVirtualMachines/jdk1.8.0_121.jdk/Contents/Home/jre/lib/server/libjvm.dylib
0x000000000b292000 	/usr/lib/libstdc++.6.dylib
0x0000000101fd6000 	/Library/Java/JavaVirtualMachines/jdk1.8.0_121.jdk/Contents/Home/jre/lib/libverify.dylib
0x0000000103fa2000 	/Library/Java/JavaVirtualMachines/jdk1.8.0_121.jdk/Contents/Home/jre/lib/libjava.dylib
0x0000000101fee000 	/Library/Java/JavaVirtualMachines/jdk1.8.0_121.jdk/Contents/Home/jre/lib/libzip.dylib
0x000000000b292000 	/System/Library/Frameworks/JavaVM.framework/Versions/A/Frameworks/JavaRuntimeSupport.framework/Versions/A/JavaRuntimeSupport
0x000000000b292000 	/System/Library/Frameworks/JavaVM.framework/Versions/A/Frameworks/JavaNativeFoundation.framework/Versions/A/JavaNativeFoundation
0x000000000b292000 	/System/Library/Frameworks/JavaVM.framework/Versions/A/JavaVM
0x000000000b292000 	/System/Library/Frameworks/Carbon.framework/Versions/A/Carbon
0x000000000b292000 	/System/Library/PrivateFrameworks/CoreSymbolication.framework/Versions/A/CoreSymbolication
0x000000000b292000 	/System/Library/PrivateFrameworks/JavaLaunching.framework/Versions/A/JavaLaunching
0x000000000b292000 	/System/Library/Frameworks/Carbon.framework/Versions/A/Frameworks/CommonPanels.framework/Versions/A/CommonPanels
0x000000000b292000 	/System/Library/Frameworks/Carbon.framework/Versions/A/Frameworks/Help.framework/Versions/A/Help
0x000000000b292000 	/System/Library/Frameworks/Carbon.framework/Versions/A/Frameworks/ImageCapture.framework/Versions/A/ImageCapture
0x000000000b292000 	/System/Library/Frameworks/Carbon.framework/Versions/A/Frameworks/OpenScripting.framework/Versions/A/OpenScripting
0x000000000b292000 	/System/Library/Frameworks/Carbon.framework/Versions/A/Frameworks/Ink.framework/Versions/A/Ink
0x000000000b292000 	/System/Library/Frameworks/Carbon.framework/Versions/A/Frameworks/Print.framework/Versions/A/Print
0x000000000b292000 	/System/Library/Frameworks/Carbon.framework/Versions/A/Frameworks/SecurityHI.framework/Versions/A/SecurityHI
0x000000000b292000 	/System/Library/PrivateFrameworks/DebugSymbols.framework/Versions/A/DebugSymbols
0x0000000120e7d000 	/Library/Java/JavaVirtualMachines/jdk1.8.0_121.jdk/Contents/Home/jre/lib/libnio.dylib
0x0000000120e8d000 	/Library/Java/JavaVirtualMachines/jdk1.8.0_121.jdk/Contents/Home/jre/lib/libnet.dylib
0x0000000120eec000 	/private/var/folders/qg/c5tqblws2s9g2dzffc7h0__r0000gn/T/lwjglbruno/3.2.3-build-13/liblwjgl.dylib
0x0000000120f3a000 	/private/var/folders/qg/c5tqblws2s9g2dzffc7h0__r0000gn/T/lwjglbruno/3.2.3-build-13/libglfw.dylib
0x000000000b292000 	/System/Library/PrivateFrameworks/CoreServicesInternal.framework/Versions/A/CoreServicesInternal
0x000000000b292000 	/System/Library/Frameworks/FileProvider.framework/Versions/A/FileProvider
0x000000000b292000 	/System/Library/Frameworks/Accounts.framework/Versions/A/Accounts
0x000000000b292000 	/System/Library/PrivateFrameworks/GenerationalStorage.framework/Versions/A/GenerationalStorage
0x000000000b292000 	/System/Library/PrivateFrameworks/SymptomDiagnosticReporter.framework/Versions/A/SymptomDiagnosticReporter
0x000000000b292000 	/System/Library/PrivateFrameworks/AppContainer.framework/Versions/A/AppContainer
0x000000000b292000 	/usr/lib/libsandbox.1.dylib
0x000000000b292000 	/System/Library/PrivateFrameworks/UserManagement.framework/Versions/A/UserManagement
0x000000000b292000 	/System/Library/PrivateFrameworks/ChunkingLibrary.framework/Versions/A/ChunkingLibrary
0x000000000b292000 	/System/Library/PrivateFrameworks/AppSandbox.framework/Versions/A/AppSandbox
0x000000000b292000 	/System/Library/PrivateFrameworks/SecCodeWrapper.framework/Versions/A/SecCodeWrapper
0x000000000b292000 	/usr/lib/libMatch.1.dylib
0x000000000b292000 	/System/Library/PrivateFrameworks/FontServices.framework/libTrueTypeScaler.dylib

VM Arguments:
jvm_args: -Dfile.encoding=UTF-8 
java_command: main.Main
java_class_path (initial): /Users/bruno/Desktop/Fatec/Códigos Diversos/Jogo3D/lwjgl/lwjgl-assimp-javadoc.jar:/Users/bruno/Desktop/Fatec/Códigos Diversos/Jogo3D/lwjgl/lwjgl-assimp-natives-macos.jar:/Users/bruno/Desktop/Fatec/Códigos Diversos/Jogo3D/lwjgl/lwjgl-assimp-sources.jar:/Users/bruno/Desktop/Fatec/Códigos Diversos/Jogo3D/lwjgl/lwjgl-assimp.jar:/Users/bruno/Desktop/Fatec/Códigos Diversos/Jogo3D/lwjgl/lwjgl-bgfx-javadoc.jar:/Users/bruno/Desktop/Fatec/Códigos Diversos/Jogo3D/lwjgl/lwjgl-bgfx-natives-macos.jar:/Users/bruno/Desktop/Fatec/Códigos Diversos/Jogo3D/lwjgl/lwjgl-bgfx-sources.jar:/Users/bruno/Desktop/Fatec/Códigos Diversos/Jogo3D/lwjgl/lwjgl-bgfx.jar:/Users/bruno/Desktop/Fatec/Códigos Diversos/Jogo3D/lwjgl/lwjgl-glfw-javadoc.jar:/Users/bruno/Desktop/Fatec/Códigos Diversos/Jogo3D/lwjgl/lwjgl-glfw-natives-macos.jar:/Users/bruno/Desktop/Fatec/Códigos Diversos/Jogo3D/lwjgl/lwjgl-glfw-sources.jar:/Users/bruno/Desktop/Fatec/Códigos Diversos/Jogo3D/lwjgl/lwjgl-glfw.jar:/Users/bruno/Desktop/Fatec/Códigos Diversos/Jogo3D/lwjgl/lwjgl-javadoc.jar:/Users/bruno/Desktop/Fatec/Códigos Diversos/Jogo3D/lwjgl/lwjgl-nanovg-javadoc.jar:/Users/bruno/Desktop/Fatec/Códigos Diversos/Jogo3D/lwjgl/lwjgl-nanovg-natives-macos.jar:/Users/bruno/Desktop/Fatec/Códigos Diversos/Jogo3D/lwjgl/lwjgl-nanovg-sources.jar:/Users/bruno/Desktop/Fatec/Códigos Diversos/Jogo3D/lwjgl/lwjgl-nanovg.jar:/Users/bruno/Desktop/Fatec/Códigos Diversos/Jogo3D/lwjgl/lwjgl-natives-macos.jar:/Users/bruno/Desktop/Fatec/Códigos Diversos/Jogo3D/lwjgl/lwjgl-nuklear-javadoc.jar:/Users/bruno/Desktop/Fatec/Códigos Diversos/Jogo3D/lwjgl/lwjgl-nuklear-natives-macos.jar:/Users/bruno/Desktop/Fatec/Códigos Diversos/Jogo3D/lwjgl/lwjgl-nuklear-sources.jar:/Users/bruno/Desktop/Fatec/Códigos Diversos/Jogo3D/lwjgl/lwjgl-nuklear.jar:/Users/bruno/Desktop/Fatec/Códigos Diversos/Jogo3D/lwjgl/lwjgl-openal-javadoc.jar:/Users/bruno/Desktop/Fatec/Códigos Diversos/Jogo3D/lwjgl/lwjgl-openal-natives-macos.jar:/Us
Launcher Type: SUN_STANDARD

Environment Variables:
PATH=/usr/bin:/bin:/usr/sbin:/sbin
SHELL=/bin/zsh

Signal Handlers:
SIGSEGV: [libjvm.dylib+0x5b1141], sa_mask[0]=11111111011111110111111111111111, sa_flags=SA_ONSTACK|SA_RESTART|SA_SIGINFO
SIGBUS: [libjvm.dylib+0x5b1141], sa_mask[0]=11111111011111110111111111111111, sa_flags=SA_RESTART|SA_SIGINFO
SIGFPE: [libjvm.dylib+0x487bc4], sa_mask[0]=11111111011111110111111111111111, sa_flags=SA_RESTART|SA_SIGINFO
SIGPIPE: [libjvm.dylib+0x487bc4], sa_mask[0]=11111111011111110111111111111111, sa_flags=SA_RESTART|SA_SIGINFO
SIGXFSZ: [libjvm.dylib+0x487bc4], sa_mask[0]=11111111011111110111111111111111, sa_flags=SA_RESTART|SA_SIGINFO
SIGILL: [libjvm.dylib+0x487bc4], sa_mask[0]=11111111011111110111111111111111, sa_flags=SA_RESTART|SA_SIGINFO
SIGUSR1: SIG_DFL, sa_mask[0]=00000000000000000000000000000000, sa_flags=none
SIGUSR2: [libjvm.dylib+0x4876e2], sa_mask[0]=00100000000000000000000000000000, sa_flags=SA_RESTART|SA_SIGINFO
SIGHUP: [libjvm.dylib+0x485cb9], sa_mask[0]=11111111011111110111111111111111, sa_flags=SA_RESTART|SA_SIGINFO
SIGINT: [libjvm.dylib+0x485cb9], sa_mask[0]=11111111011111110111111111111111, sa_flags=SA_RESTART|SA_SIGINFO
SIGTERM: [libjvm.dylib+0x485cb9], sa_mask[0]=11111111011111110111111111111111, sa_flags=SA_RESTART|SA_SIGINFO
SIGQUIT: [libjvm.dylib+0x485cb9], sa_mask[0]=11111111011111110111111111111111, sa_flags=SA_RESTART|SA_SIGINFO


---------------  S Y S T E M  ---------------

OS:Bsduname:Darwin 19.0.0 Darwin Kernel Version 19.0.0: Thu Oct 17 16:17:15 PDT 2019; root:xnu-6153.41.3~29/RELEASE_X86_64 x86_64
rlimit: STACK 8192k, CORE 0k, NPROC 2784, NOFILE 10240, AS infinity
load average:1.82 1.66 1.72

CPU:total 8 (4 cores per cpu, 2 threads per core) family 6 model 58 stepping 9, cmov, cx8, fxsr, mmx, sse, sse2, sse3, ssse3, sse4.1, sse4.2, popcnt, avx, aes, clmul, erms, ht, tsc, tscinvbit, tscinv

Memory: 4k page, physical 16777216k(3767712k free)

/proc/meminfo:


vm_info: Java HotSpot(TM) 64-Bit Server VM (25.121-b13) for bsd-amd64 JRE (1.8.0_121-b13), built on Dec 12 2016 20:39:32 by "java_re" with gcc 4.2.1 (Based on Apple Inc. build 5658) (LLVM build 2336.11.00)

time: Tue Dec  3 01:01:51 2019
elapsed time: 0 seconds (0d 0h 0m 0s)

