#
# A fatal error has been detected by the Java Runtime Environment:
#
#  SIGSEGV (0xb) at pc=0x00007fff3731ccd4, pid=7790, tid=0x0000000000000f03
#
# JRE version: Java(TM) SE Runtime Environment (8.0_121-b13) (build 1.8.0_121-b13)
# Java VM: Java HotSpot(TM) 64-Bit Server VM (25.121-b13 mixed mode bsd-amd64 compressed oops)
# Problematic frame:
# C  [CoreGraphics+0xfcd4]  assert_check_shape+0x9
#
# Failed to write core dump. Core dumps have been disabled. To enable core dumping, try "ulimit -c unlimited" before starting Java again
#
# If you would like to submit a bug report, please visit:
#   http://bugreport.java.com/bugreport/crash.jsp
# The crash happened outside the Java Virtual Machine in native code.
# See problematic frame for where to report the bug.
#

---------------  T H R E A D  ---------------

Current thread (0x00007fe3bf002800):  JavaThread "main" [_thread_in_native, id=3843, stack(0x0000700008d85000,0x0000700008e85000)]

siginfo: si_signo: 11 (SIGSEGV), si_code: 1 (SEGV_MAPERR), si_addr: 0x0000000000000001

Registers:
RAX=0x00007fff37996460, RBX=0x0000000000000001, RCX=0x00007fff8fbedb70, RDX=0x0000700008e7fb40
RSP=0x0000700008e82d10, RBP=0x0000700008e82d10, RSI=0x0000000000000001, RDI=0x0000000000000001
R8 =0x00007fe3c0204b20, R9 =0x0000700008e82db0, R10=0x00000000fffffffc, R11=0xfffff000d14e8718
R12=0x00007fff8fbedb70, R13=0x0000000000000002, R14=0x00007fe3be468b78, R15=0x00000000ffffffff
RIP=0x00007fff3731ccd4, EFLAGS=0x0000000000010202, ERR=0x0000000000000004
  TRAPNO=0x000000000000000e

Top of Stack: (sp=0x0000700008e82d10)
0x0000700008e82d10:   0000700008e82d30 00007fff3731d275
0x0000700008e82d20:   00007fff8fbedb70 00007fe3be468b28
0x0000700008e82d30:   0000700008e82d60 00007fff3732db52
0x0000700008e82d40:   00007fe3c012b6f0 00007fe3be468b28
0x0000700008e82d50:   0000000000000000 0000700008e82e60
0x0000700008e82d60:   0000700008e82df0 00007fff37326a46
0x0000700008e82d70:   00007fe3c012b758 0000000000000000
0x0000700008e82d80:   0000000000000000 00007fe3c012b758
0x0000700008e82d90:   00007fe3c0204a60 00007fe3be467a40
0x0000700008e82da0:   0000000000000000 0000700008e82e60
0x0000700008e82db0:   0000000000000000 0000700008e82e78
0x0000700008e82dc0:   00007fe3c0204b20 0000000000000002
0x0000700008e82dd0:   00007fe3c012b6f0 00007fe3c0204a60
0x0000700008e82de0:   00007fe3be467a40 0000000000000000
0x0000700008e82df0:   0000700008e82f00 00007fff37323452
0x0000700008e82e00:   0000700008e82ea0 00007fff6e616cb6
0x0000700008e82e10:   f6b6800070001003 000000000000ffff
0x0000700008e82e20:   0000700008e82ea0 00007fff65221008
0x0000700008e82e30:   00007fff00000000 0000700008e82eb4
0x0000700008e82e40:   aaaaaaaa80130013 0000000000005d17
0x0000700008e82e50:   0000722a00001603 000000000000000c
0x0000700008e82e60:   00007fe3be468c20 0000000000000000
0x0000700008e82e70:   0000001600000780 0000000000000000
0x0000700008e82e80:   0000001600000780 0000000000000000
0x0000700008e82e90:   0000000000000000 3ff0000000000000
0x0000700008e82ea0:   4052000000000000 4052000000000000
0x0000700008e82eb0:   aaaaaaaaaaaaaa01 0000700008e82e78
0x0000700008e82ec0:   0000700008e82f80 0000000000000001
0x0000700008e82ed0:   00007fe3c0204a78 00007fe3be420ac0
0x0000700008e82ee0:   0000000000000000 00007fe3be420ac0
0x0000700008e82ef0:   0000000000000001 0000700008e82f80
0x0000700008e82f00:   0000700008e82f30 00007fff373231ce 

Instructions: (pc=0x00007fff3731ccd4)
0x00007fff3731ccb4:   5b 41 5e 5d c3 48 85 ff 0f 85 5e 0f 37 00 55 48
0x00007fff3731ccc4:   89 e5 e8 21 f9 45 00 55 48 89 e5 48 85 ff 74 10
0x00007fff3731ccd4:   81 3f 00 00 00 80 75 0d 83 7f 04 00 7e 0c 5d c3
0x00007fff3731cce4:   e8 e4 02 46 00 e8 25 03 46 00 e8 fd 02 46 00 55 

Register to memory mapping:

RAX=0x00007fff37996460: the_empty_shape+0 in /System/Library/Frameworks/CoreGraphics.framework/Versions/A/CoreGraphics at 0x00007fff3730d000
RBX=0x0000000000000001 is an unknown value
RCX=0x00007fff8fbedb70: A8_depth+0 in /System/Library/Frameworks/CoreGraphics.framework/Versions/A/CoreGraphics at 0x00007fff3730d000
RDX=0x0000700008e7fb40 is pointing into the stack for thread: 0x00007fe3bf002800
RSP=0x0000700008e82d10 is pointing into the stack for thread: 0x00007fe3bf002800
RBP=0x0000700008e82d10 is pointing into the stack for thread: 0x00007fe3bf002800
RSI=0x0000000000000001 is an unknown value
RDI=0x0000000000000001 is an unknown value
R8 =0x00007fe3c0204b20 is an unknown value
R9 =0x0000700008e82db0 is pointing into the stack for thread: 0x00007fe3bf002800
R10=0x00000000fffffffc is an unknown value
R11=0xfffff000d14e8718 is an unknown value
R12=0x00007fff8fbedb70: A8_depth+0 in /System/Library/Frameworks/CoreGraphics.framework/Versions/A/CoreGraphics at 0x00007fff3730d000
R13=0x0000000000000002 is an unknown value
R14=0x00007fe3be468b78 is an unknown value
R15=0x00000000ffffffff is an unknown value


Stack: [0x0000700008d85000,0x0000700008e85000],  sp=0x0000700008e82d10,  free space=1015k
Native frames: (J=compiled Java code, j=interpreted, Vv=VM code, C=native code)
C  [CoreGraphics+0xfcd4]  assert_check_shape+0x9
C  [CoreGraphics+0x10275]  shape_free+0x22
C  [CoreGraphics+0x20b52]  ripl_release+0x58
C  [CoreGraphics+0x19a46]  ripc_Render+0x15c
C  [CoreGraphics+0x16452]  ripc_DrawRects+0x1ed
C  [CoreGraphics+0x161ce]  CGContextFillRects+0x60
C  [CoreGraphics+0x16164]  CGContextFillRect+0x7a
C  [CoreGraphics+0x15c97]  CGContextClearRect+0x34
C  [HIToolbox+0x3ad61]  _ZN13HIMenuBarView8DrawOnceE6CGRectS0_bbP9CGContext+0x85
C  [HIToolbox+0x3abf6]  _ZN13HIMenuBarView8DrawSelfEsPK9__HIShapeP9CGContext+0x23a
C  [HIToolbox+0x3a65e]  _ZN13HIMenuBarView24DrawWithoutCustomizationEsPK9__HIShapeP9CGContext+0x52
C  [HIToolbox+0x3a5f6]  _ZN13HIMenuBarView22DrawingDelegateHandlerEP25OpaqueEventHandlerCallRefP14OpaqueEventRefPv+0x102
C  [HIToolbox+0x8701]  _ZL23DispatchEventToHandlersP14EventTargetRecP14OpaqueEventRefP14HandlerCallRec+0x58b
C  [HIToolbox+0x7ad0]  _ZL30SendEventToEventTargetInternalP14OpaqueEventRefP20OpaqueEventTargetRefP14HandlerCallRec+0x152
C  [HIToolbox+0x7973]  SendEventToEventTargetWithOptions+0x2d
C  [HIToolbox+0x3a16b]  _ZN6HIView8SendDrawEsP13OpaqueGrafPtrPK9__HIShapeP9CGContext+0x145
C  [HIToolbox+0x39bde]  _ZN6HIView23RecursiveDrawCompositedEPK9__HIShapeS2_jPS_P9CGContexthd+0x246
C  [HIToolbox+0x39e29]  _ZN6HIView23RecursiveDrawCompositedEPK9__HIShapeS2_jPS_P9CGContexthd+0x491
C  [HIToolbox+0x39619]  _ZN6HIView14DrawCompositedEsP13OpaqueGrafPtrPK9__HIShapejPS_P9CGContext+0x32f
C  [HIToolbox+0x392db]  _ZN6HIView6RenderEjP9CGContext+0x33
C  [HIToolbox+0x38a09]  _ZN10WindowData20PrepareForVisibilityEv+0x99
C  [HIToolbox+0x5c694]  _ShowHideWindows+0x11e
C  [HIToolbox+0x38450]  ShowHide+0x23
C  [HIToolbox+0x28c8b]  _ZN9MBWindows18GetWindowOnDisplayEjh+0x121
C  [HIToolbox+0x28a5f]  _ZN15MenuBarInstance15ForEachWindowDoEhU13block_pointerFbP15OpaqueWindowPtrjE+0xb7
C  [HIToolbox+0x1a6dcf]  _ZN15MenuBarInstance28SetBoundsAndUpdateResolutionEv+0x67
C  [HIToolbox+0x2858a]  _ZN15MenuBarInstance4ShowE21MenuBarAnimationStylehhhh+0x118
C  [HIToolbox+0x5c2e1]  _ZN15MenuBarInstance21UpdateAggregateUIModeE21MenuBarAnimationStylehhh+0x325
C  [HIToolbox+0x4485a]  _ZN15MenuBarInstance16ForEachMenuBarDoEU13block_pointerFvPS_E+0x2e
C  [HIToolbox+0x5bf6a]  _ZL25UpdateAllAggregateUIModes21MenuBarAnimationStyleh+0x7e
C  [HIToolbox+0x5bed6]  SetSystemUIMode+0xa5
C  [AppKit+0x111e3]  -[NSApplication finishLaunching]+0x2dc
C  [AppKit+0x10bd8]  -[NSApplication run]+0xf4
C  [libglfw.dylib+0x10a85]
C  [libglfw.dylib+0xa416]
j  org.lwjgl.system.JNI.invokePPPP(IIJJJJ)J+0
j  org.lwjgl.glfw.GLFW.nglfwCreateWindow(IIJJJ)J+14
j  org.lwjgl.glfw.GLFW.glfwCreateWindow(IILjava/lang/CharSequence;JJ)J+37
j  motor.io.Janela.cria()V+30
j  main.Main.inicializa()V+29
j  main.Main.run()V+0
j  java.lang.Thread.run()V+11
j  main.Main.start()V+18
j  main.Main.main([Ljava/lang/String;)V+7
v  ~StubRoutines::call_stub
V  [libjvm.dylib+0x2ed9d6]
V  [libjvm.dylib+0x3247ce]
V  [libjvm.dylib+0x31d545]
C  [java+0x3931]  JavaMain+0x9c4
C  [libsystem_pthread.dylib+0x5d36]  _pthread_start+0x7d
C  [libsystem_pthread.dylib+0x258f]  thread_start+0xf
C  0x0000000000000000

Java frames: (J=compiled Java code, j=interpreted, Vv=VM code)
j  org.lwjgl.system.JNI.invokePPPP(IIJJJJ)J+0
j  org.lwjgl.glfw.GLFW.nglfwCreateWindow(IIJJJ)J+14
j  org.lwjgl.glfw.GLFW.glfwCreateWindow(IILjava/lang/CharSequence;JJ)J+37
j  motor.io.Janela.cria()V+30
j  main.Main.inicializa()V+29
j  main.Main.run()V+0
j  java.lang.Thread.run()V+11
j  main.Main.start()V+18
j  main.Main.main([Ljava/lang/String;)V+7
v  ~StubRoutines::call_stub

---------------  P R O C E S S  ---------------

Java Threads: ( => current thread )
  0x00007fe3c101e000 JavaThread "Service Thread" daemon [_thread_blocked, id=16643, stack(0x0000700009fbe000,0x000070000a0be000)]
  0x00007fe3c1003800 JavaThread "C1 CompilerThread3" daemon [_thread_blocked, id=17155, stack(0x0000700009ebb000,0x0000700009fbb000)]
  0x00007fe3c1002800 JavaThread "C2 CompilerThread2" daemon [_thread_blocked, id=17667, stack(0x0000700009db8000,0x0000700009eb8000)]
  0x00007fe3c1002000 JavaThread "C2 CompilerThread1" daemon [_thread_blocked, id=17923, stack(0x0000700009cb5000,0x0000700009db5000)]
  0x00007fe3c1000000 JavaThread "C2 CompilerThread0" daemon [_thread_blocked, id=18179, stack(0x0000700009bb2000,0x0000700009cb2000)]
  0x00007fe3bf034800 JavaThread "Signal Dispatcher" daemon [_thread_blocked, id=18435, stack(0x0000700009aaf000,0x0000700009baf000)]
  0x00007fe3be82b000 JavaThread "Finalizer" daemon [_thread_blocked, id=20227, stack(0x00007000098a6000,0x00007000099a6000)]
  0x00007fe3bf02d800 JavaThread "Reference Handler" daemon [_thread_blocked, id=12547, stack(0x00007000097a3000,0x00007000098a3000)]
=>0x00007fe3bf002800 JavaThread "main" [_thread_in_native, id=3843, stack(0x0000700008d85000,0x0000700008e85000)]

Other Threads:
  0x00007fe3be828800 VMThread [stack: 0x00007000096a0000,0x00007000097a0000] [id=20483]
  0x00007fe3c101f000 WatcherThread [stack: 0x000070000a0c1000,0x000070000a1c1000] [id=16131]

VM state:not at safepoint (normal execution)

VM Mutex/Monitor currently owned by a thread: None

Heap:
 PSYoungGen      total 76288K, used 7865K [0x000000076ab00000, 0x0000000770000000, 0x00000007c0000000)
  eden space 65536K, 12% used [0x000000076ab00000,0x000000076b2ae5e0,0x000000076eb00000)
  from space 10752K, 0% used [0x000000076f580000,0x000000076f580000,0x0000000770000000)
  to   space 10752K, 0% used [0x000000076eb00000,0x000000076eb00000,0x000000076f580000)
 ParOldGen       total 175104K, used 0K [0x00000006c0000000, 0x00000006cab00000, 0x000000076ab00000)
  object space 175104K, 0% used [0x00000006c0000000,0x00000006c0000000,0x00000006cab00000)
 Metaspace       used 6079K, capacity 6312K, committed 6400K, reserved 1056768K
  class space    used 639K, capacity 710K, committed 768K, reserved 1048576K

Card table byte_map: [0x0000000107f62000,0x0000000108763000] byte_map_base: 0x0000000104962000

Marking Bits: (ParMarkBitMap*) 0x00000001074f0d30
 Begin Bits: [0x0000000119cbd000, 0x000000011dcbd000)
 End Bits:   [0x000000011dcbd000, 0x0000000121cbd000)

Polling page: 0x0000000105b79000

CodeCache: size=245760Kb used=2330Kb max_used=2335Kb free=243429Kb
 bounds [0x000000010acbd000, 0x000000010af2d000, 0x0000000119cbd000]
 total_blobs=1228 nmethods=450 adapters=692
 compilation: enabled

Compilation events (10 events):
Event: 0.360 Thread 0x00007fe3c1003800 nmethod 446 0x000000010aeffdd0 code [0x000000010aefff40, 0x000000010af00188]
Event: 0.361 Thread 0x00007fe3c1003800  447       3       sun.misc.URLClassPath$JarLoader::findResource (18 bytes)
Event: 0.361 Thread 0x00007fe3c1003800 nmethod 447 0x000000010af01250 code [0x000000010af013e0, 0x000000010af01678]
Event: 0.362 Thread 0x00007fe3c1003800  448       3       java.util.zip.Inflater::ensureOpen (47 bytes)
Event: 0.363 Thread 0x00007fe3c1003800 nmethod 448 0x000000010af01750 code [0x000000010af018e0, 0x000000010af01bc8]
Event: 0.367 Thread 0x00007fe3c1002000 nmethod 444 0x000000010af04d90 code [0x000000010af04f00, 0x000000010af05398]
Event: 0.371 Thread 0x00007fe3c1003800  449       3       java.nio.DirectByteBuffer::ix (10 bytes)
Event: 0.371 Thread 0x00007fe3c1003800 nmethod 449 0x000000010af04a90 code [0x000000010af04be0, 0x000000010af04d30]
Event: 0.371 Thread 0x00007fe3c1003800  450       3       sun.net.www.ParseUtil::encodePath (336 bytes)
Event: 0.372 Thread 0x00007fe3c1003800 nmethod 450 0x000000010af03090 code [0x000000010af03300, 0x000000010af042f8]

GC Heap History (0 events):
No events

Deoptimization events (1 events):
Event: 0.113 Thread 0x00007fe3bf002800 Uncommon trap: reason=unstable_if action=reinterpret pc=0x000000010ade0c68 method=java.lang.String.hashCode()I @ 14

Internal exceptions (10 events):
Event: 0.157 Thread 0x00007fe3bf002800 Exception <a 'java/lang/NoSuchMethodError': java.lang.Object.lambda$static$0(Ljava/lang/String;)Ljava/lang/Boolean;> (0x000000076aeb23e8) thrown at [/Users/java_re/workspace/8-2-build-macosx-x86_64/jdk8u121/8372/hotspot/src/share/vm/interpreter/linkResolv
Event: 0.171 Thread 0x00007fe3bf002800 Exception <a 'java/lang/NoSuchFieldError': method resolution failed> (0x000000076af2a2a0) thrown at [/Users/java_re/workspace/8-2-build-macosx-x86_64/jdk8u121/8372/hotspot/src/share/vm/prims/methodHandles.cpp, line 1146]
Event: 0.173 Thread 0x00007fe3bf002800 Exception <a 'java/lang/NoSuchFieldError': method resolution failed> (0x000000076af37670) thrown at [/Users/java_re/workspace/8-2-build-macosx-x86_64/jdk8u121/8372/hotspot/src/share/vm/prims/methodHandles.cpp, line 1146]
Event: 0.224 Thread 0x00007fe3bf002800 Exception <a 'java/security/PrivilegedActionException'> (0x000000076b0ac670) thrown at [/Users/java_re/workspace/8-2-build-macosx-x86_64/jdk8u121/8372/hotspot/src/share/vm/prims/jvm.cpp, line 1390]
Event: 0.224 Thread 0x00007fe3bf002800 Exception <a 'java/security/PrivilegedActionException'> (0x000000076b0ac880) thrown at [/Users/java_re/workspace/8-2-build-macosx-x86_64/jdk8u121/8372/hotspot/src/share/vm/prims/jvm.cpp, line 1390]
Event: 0.225 Thread 0x00007fe3bf002800 Exception <a 'java/security/PrivilegedActionException'> (0x000000076b0afbb0) thrown at [/Users/java_re/workspace/8-2-build-macosx-x86_64/jdk8u121/8372/hotspot/src/share/vm/prims/jvm.cpp, line 1390]
Event: 0.225 Thread 0x00007fe3bf002800 Exception <a 'java/security/PrivilegedActionException'> (0x000000076b0afdc0) thrown at [/Users/java_re/workspace/8-2-build-macosx-x86_64/jdk8u121/8372/hotspot/src/share/vm/prims/jvm.cpp, line 1390]
Event: 0.244 Thread 0x00007fe3bf002800 Exception <a 'sun/nio/fs/UnixException'> (0x000000076b104b10) thrown at [/Users/java_re/workspace/8-2-build-macosx-x86_64/jdk8u121/8372/hotspot/src/share/vm/prims/jni.cpp, line 709]
Event: 0.269 Thread 0x00007fe3bf002800 Exception <a 'sun/nio/fs/UnixException'> (0x000000076b15b900) thrown at [/Users/java_re/workspace/8-2-build-macosx-x86_64/jdk8u121/8372/hotspot/src/share/vm/prims/jni.cpp, line 709]
Event: 0.361 Thread 0x00007fe3bf002800 Exception <a 'sun/nio/fs/UnixException'> (0x000000076b289748) thrown at [/Users/java_re/workspace/8-2-build-macosx-x86_64/jdk8u121/8372/hotspot/src/share/vm/prims/jni.cpp, line 709]

Events (10 events):
Event: 0.358 loading class org/lwjgl/glfw/EventLoop
Event: 0.358 loading class org/lwjgl/glfw/EventLoop done
Event: 0.359 loading class org/lwjgl/system/macosx/ObjCRuntime
Event: 0.359 loading class org/lwjgl/system/macosx/ObjCRuntime done
Event: 0.362 loading class org/lwjgl/system/dyncall/DynLoad
Event: 0.362 loading class org/lwjgl/system/dyncall/DynLoad done
Event: 0.369 loading class org/lwjgl/system/macosx/ObjCRuntime$Functions
Event: 0.369 loading class org/lwjgl/system/macosx/ObjCRuntime$Functions done
Event: 0.371 loading class org/lwjgl/system/macosx/CoreFoundation
Event: 0.371 loading class org/lwjgl/system/macosx/CoreFoundation done


Dynamic libraries:
0x000000000b292000 	/System/Library/Frameworks/Cocoa.framework/Versions/A/Cocoa
0x000000000b292000 	/System/Library/Frameworks/Security.framework/Versions/A/Security
0x000000000b292000 	/System/Library/Frameworks/ApplicationServices.framework/Versions/A/ApplicationServices
0x000000000b292000 	/usr/lib/libz.1.dylib
0x000000000b292000 	/usr/lib/libSystem.B.dylib
0x000000000b292000 	/usr/lib/libobjc.A.dylib
0x000000000b292000 	/System/Library/Frameworks/CoreFoundation.framework/Versions/A/CoreFoundation
0x000000000b292000 	/System/Library/Frameworks/Foundation.framework/Versions/C/Foundation
0x000000000b292000 	/System/Library/Frameworks/AppKit.framework/Versions/C/AppKit
0x000000000b292000 	/System/Library/Frameworks/CoreData.framework/Versions/A/CoreData
0x000000000b292000 	/System/Library/PrivateFrameworks/UIFoundation.framework/Versions/A/UIFoundation
0x000000000b292000 	/System/Library/PrivateFrameworks/RemoteViewServices.framework/Versions/A/RemoteViewServices
0x000000000b292000 	/System/Library/PrivateFrameworks/XCTTargetBootstrap.framework/Versions/A/XCTTargetBootstrap
0x000000000b292000 	/System/Library/Frameworks/CoreDisplay.framework/Versions/A/CoreDisplay
0x000000000b292000 	/System/Library/Frameworks/Metal.framework/Versions/A/Metal
0x000000000b292000 	/System/Library/PrivateFrameworks/DesktopServicesPriv.framework/Versions/A/DesktopServicesPriv
0x000000000b292000 	/usr/lib/liblangid.dylib
0x000000000b292000 	/System/Library/PrivateFrameworks/CoreSVG.framework/Versions/A/CoreSVG
0x000000000b292000 	/System/Library/PrivateFrameworks/SkyLight.framework/Versions/A/SkyLight
0x000000000b292000 	/System/Library/Frameworks/CoreGraphics.framework/Versions/A/CoreGraphics
0x000000000b292000 	/System/Library/Frameworks/Accelerate.framework/Versions/A/Accelerate
0x000000000b292000 	/usr/lib/libxml2.2.dylib
0x000000000b292000 	/System/Library/PrivateFrameworks/IconServices.framework/Versions/A/IconServices
0x000000000b292000 	/System/Library/Frameworks/IOSurface.framework/Versions/A/IOSurface
0x000000000b292000 	/usr/lib/libDiagnosticMessagesClient.dylib
0x000000000b292000 	/System/Library/PrivateFrameworks/DFRFoundation.framework/Versions/A/DFRFoundation
0x000000000b292000 	/usr/lib/libicucore.A.dylib
0x000000000b292000 	/System/Library/Frameworks/AudioToolbox.framework/Versions/A/AudioToolbox
0x000000000b292000 	/System/Library/Frameworks/AudioUnit.framework/Versions/A/AudioUnit
0x000000000b292000 	/usr/lib/libauto.dylib
0x000000000b292000 	/System/Library/PrivateFrameworks/DataDetectorsCore.framework/Versions/A/DataDetectorsCore
0x000000000b292000 	/System/Library/Frameworks/Carbon.framework/Versions/A/Frameworks/HIToolbox.framework/Versions/A/HIToolbox
0x000000000b292000 	/System/Library/Frameworks/QuartzCore.framework/Versions/A/QuartzCore
0x000000000b292000 	/System/Library/Frameworks/Carbon.framework/Versions/A/Frameworks/SpeechRecognition.framework/Versions/A/SpeechRecognition
0x000000000b292000 	/System/Library/PrivateFrameworks/CoreUI.framework/Versions/A/CoreUI
0x000000000b292000 	/System/Library/Frameworks/CoreAudio.framework/Versions/A/CoreAudio
0x000000000b292000 	/System/Library/Frameworks/DiskArbitration.framework/Versions/A/DiskArbitration
0x000000000b292000 	/System/Library/PrivateFrameworks/MultitouchSupport.framework/Versions/A/MultitouchSupport
0x000000000b292000 	/usr/lib/libenergytrace.dylib
0x000000000b292000 	/System/Library/Frameworks/IOKit.framework/Versions/A/IOKit
0x000000000b292000 	/System/Library/Frameworks/CoreServices.framework/Versions/A/CoreServices
0x000000000b292000 	/System/Library/PrivateFrameworks/PerformanceAnalysis.framework/Versions/A/PerformanceAnalysis
0x000000000b292000 	/System/Library/Frameworks/OpenGL.framework/Versions/A/OpenGL
0x000000000b292000 	/System/Library/Frameworks/ColorSync.framework/Versions/A/ColorSync
0x000000000b292000 	/System/Library/Frameworks/CoreImage.framework/Versions/A/CoreImage
0x000000000b292000 	/System/Library/Frameworks/CoreText.framework/Versions/A/CoreText
0x000000000b292000 	/System/Library/Frameworks/ImageIO.framework/Versions/A/ImageIO
0x000000000b292000 	/usr/lib/libc++.1.dylib
0x000000000b292000 	/usr/lib/libcompression.dylib
0x000000000b292000 	/usr/lib/libMobileGestalt.dylib
0x000000000b292000 	/System/Library/PrivateFrameworks/TextureIO.framework/Versions/A/TextureIO
0x000000000b292000 	/usr/lib/libate.dylib
0x000000000b292000 	/System/Library/PrivateFrameworks/InternationalSupport.framework/Versions/A/InternationalSupport
0x000000000b292000 	/usr/lib/system/libcache.dylib
0x000000000b292000 	/usr/lib/system/libcommonCrypto.dylib
0x000000000b292000 	/usr/lib/system/libcompiler_rt.dylib
0x000000000b292000 	/usr/lib/system/libcopyfile.dylib
0x000000000b292000 	/usr/lib/system/libcorecrypto.dylib
0x000000000b292000 	/usr/lib/system/libdispatch.dylib
0x000000000b292000 	/usr/lib/system/libdyld.dylib
0x000000000b292000 	/usr/lib/system/libkeymgr.dylib
0x000000000b292000 	/usr/lib/system/liblaunch.dylib
0x000000000b292000 	/usr/lib/system/libmacho.dylib
0x000000000b292000 	/usr/lib/system/libquarantine.dylib
0x000000000b292000 	/usr/lib/system/libremovefile.dylib
0x000000000b292000 	/usr/lib/system/libsystem_asl.dylib
0x000000000b292000 	/usr/lib/system/libsystem_blocks.dylib
0x000000000b292000 	/usr/lib/system/libsystem_c.dylib
0x000000000b292000 	/usr/lib/system/libsystem_configuration.dylib
0x000000000b292000 	/usr/lib/system/libsystem_coreservices.dylib
0x000000000b292000 	/usr/lib/system/libsystem_darwin.dylib
0x000000000b292000 	/usr/lib/system/libsystem_dnssd.dylib
0x000000000b292000 	/usr/lib/system/libsystem_featureflags.dylib
0x000000000b292000 	/usr/lib/system/libsystem_info.dylib
0x000000000b292000 	/usr/lib/system/libsystem_m.dylib
0x000000000b292000 	/usr/lib/system/libsystem_malloc.dylib
0x000000000b292000 	/usr/lib/system/libsystem_networkextension.dylib
0x000000000b292000 	/usr/lib/system/libsystem_notify.dylib
0x000000000b292000 	/usr/lib/system/libsystem_sandbox.dylib
0x000000000b292000 	/usr/lib/system/libsystem_secinit.dylib
0x000000000b292000 	/usr/lib/system/libsystem_kernel.dylib
0x000000000b292000 	/usr/lib/system/libsystem_platform.dylib
0x000000000b292000 	/usr/lib/system/libsystem_pthread.dylib
0x000000000b292000 	/usr/lib/system/libsystem_symptoms.dylib
0x000000000b292000 	/usr/lib/system/libsystem_trace.dylib
0x000000000b292000 	/usr/lib/system/libunwind.dylib
0x000000000b292000 	/usr/lib/system/libxpc.dylib
0x000000000b292000 	/usr/lib/libc++abi.dylib
0x000000000b292000 	/usr/lib/liblzma.5.dylib
0x000000000b292000 	/usr/lib/libfakelink.dylib
0x000000000b292000 	/usr/lib/libarchive.2.dylib
0x000000000b292000 	/System/Library/Frameworks/SystemConfiguration.framework/Versions/A/SystemConfiguration
0x000000000b292000 	/usr/lib/libCRFSuite.dylib
0x000000000b292000 	/System/Library/Frameworks/CFNetwork.framework/Versions/A/CFNetwork
0x000000000b292000 	/usr/lib/libbsm.0.dylib
0x000000000b292000 	/usr/lib/system/libkxld.dylib
0x000000000b292000 	/System/Library/PrivateFrameworks/AppleFSCompression.framework/Versions/A/AppleFSCompression
0x000000000b292000 	/usr/lib/libcoretls.dylib
0x000000000b292000 	/usr/lib/libcoretls_cfhelpers.dylib
0x000000000b292000 	/usr/lib/libpam.2.dylib
0x000000000b292000 	/usr/lib/libsqlite3.dylib
0x000000000b292000 	/usr/lib/libxar.1.dylib
0x000000000b292000 	/usr/lib/libbz2.1.0.dylib
0x000000000b292000 	/usr/lib/libiconv.2.dylib
0x000000000b292000 	/usr/lib/libcharset.1.dylib
0x000000000b292000 	/usr/lib/libnetwork.dylib
0x000000000b292000 	/usr/lib/libpcap.A.dylib
0x000000000b292000 	/usr/lib/libapple_nghttp2.dylib
0x000000000b292000 	/System/Library/Frameworks/CoreServices.framework/Versions/A/Frameworks/FSEvents.framework/Versions/A/FSEvents
0x000000000b292000 	/System/Library/Frameworks/CoreServices.framework/Versions/A/Frameworks/CarbonCore.framework/Versions/A/CarbonCore
0x000000000b292000 	/System/Library/Frameworks/CoreServices.framework/Versions/A/Frameworks/Metadata.framework/Versions/A/Metadata
0x000000000b292000 	/System/Library/Frameworks/CoreServices.framework/Versions/A/Frameworks/OSServices.framework/Versions/A/OSServices
0x000000000b292000 	/System/Library/Frameworks/CoreServices.framework/Versions/A/Frameworks/SearchKit.framework/Versions/A/SearchKit
0x000000000b292000 	/System/Library/Frameworks/CoreServices.framework/Versions/A/Frameworks/AE.framework/Versions/A/AE
0x000000000b292000 	/System/Library/Frameworks/CoreServices.framework/Versions/A/Frameworks/LaunchServices.framework/Versions/A/LaunchServices
0x000000000b292000 	/System/Library/Frameworks/CoreServices.framework/Versions/A/Frameworks/DictionaryServices.framework/Versions/A/DictionaryServices
0x000000000b292000 	/System/Library/Frameworks/CoreServices.framework/Versions/A/Frameworks/SharedFileList.framework/Versions/A/SharedFileList
0x000000000b292000 	/System/Library/Frameworks/NetFS.framework/Versions/A/NetFS
0x000000000b292000 	/System/Library/PrivateFrameworks/NetAuth.framework/Versions/A/NetAuth
0x000000000b292000 	/System/Library/PrivateFrameworks/login.framework/Versions/A/Frameworks/loginsupport.framework/Versions/A/loginsupport
0x000000000b292000 	/System/Library/PrivateFrameworks/TCC.framework/Versions/A/TCC
0x000000000b292000 	/System/Library/PrivateFrameworks/CoreNLP.framework/Versions/A/CoreNLP
0x000000000b292000 	/System/Library/PrivateFrameworks/MetadataUtilities.framework/Versions/A/MetadataUtilities
0x000000000b292000 	/usr/lib/libmecabra.dylib
0x000000000b292000 	/usr/lib/libmecab.dylib
0x000000000b292000 	/usr/lib/libgermantok.dylib
0x000000000b292000 	/usr/lib/libThaiTokenizer.dylib
0x000000000b292000 	/usr/lib/libChineseTokenizer.dylib
0x000000000b292000 	/System/Library/Frameworks/Accelerate.framework/Versions/A/Frameworks/vImage.framework/Versions/A/vImage
0x000000000b292000 	/System/Library/Frameworks/Accelerate.framework/Versions/A/Frameworks/vecLib.framework/Versions/A/vecLib
0x000000000b292000 	/System/Library/Frameworks/Accelerate.framework/Versions/A/Frameworks/vecLib.framework/Versions/A/libvMisc.dylib
0x000000000b292000 	/System/Library/Frameworks/Accelerate.framework/Versions/A/Frameworks/vecLib.framework/Versions/A/libvDSP.dylib
0x000000000b292000 	/System/Library/Frameworks/Accelerate.framework/Versions/A/Frameworks/vecLib.framework/Versions/A/libBLAS.dylib
0x000000000b292000 	/System/Library/Frameworks/Accelerate.framework/Versions/A/Frameworks/vecLib.framework/Versions/A/libLAPACK.dylib
0x000000000b292000 	/System/Library/Frameworks/Accelerate.framework/Versions/A/Frameworks/vecLib.framework/Versions/A/libLinearAlgebra.dylib
0x000000000b292000 	/System/Library/Frameworks/Accelerate.framework/Versions/A/Frameworks/vecLib.framework/Versions/A/libSparseBLAS.dylib
0x000000000b292000 	/System/Library/Frameworks/Accelerate.framework/Versions/A/Frameworks/vecLib.framework/Versions/A/libQuadrature.dylib
0x000000000b292000 	/System/Library/Frameworks/Accelerate.framework/Versions/A/Frameworks/vecLib.framework/Versions/A/libBNNS.dylib
0x000000000b292000 	/System/Library/Frameworks/Accelerate.framework/Versions/A/Frameworks/vecLib.framework/Versions/A/libSparse.dylib
0x000000000b292000 	/System/Library/PrivateFrameworks/LanguageModeling.framework/Versions/A/LanguageModeling
0x000000000b292000 	/System/Library/PrivateFrameworks/CoreEmoji.framework/Versions/A/CoreEmoji
0x000000000b292000 	/System/Library/PrivateFrameworks/LinguisticData.framework/Versions/A/LinguisticData
0x000000000b292000 	/System/Library/PrivateFrameworks/Lexicon.framework/Versions/A/Lexicon
0x000000000b292000 	/usr/lib/libcmph.dylib
0x000000000b292000 	/System/Library/Frameworks/OpenDirectory.framework/Versions/A/Frameworks/CFOpenDirectory.framework/Versions/A/CFOpenDirectory
0x000000000b292000 	/System/Library/Frameworks/OpenDirectory.framework/Versions/A/OpenDirectory
0x000000000b292000 	/System/Library/PrivateFrameworks/APFS.framework/Versions/A/APFS
0x000000000b292000 	/System/Library/Frameworks/SecurityFoundation.framework/Versions/A/SecurityFoundation
0x000000000b292000 	/usr/lib/libutil.dylib
0x000000000b292000 	/System/Library/PrivateFrameworks/CoreServicesStore.framework/Versions/A/CoreServicesStore
0x000000000b292000 	/System/Library/Frameworks/ServiceManagement.framework/Versions/A/ServiceManagement
0x000000000b292000 	/System/Library/PrivateFrameworks/BackgroundTaskManagement.framework/Versions/A/BackgroundTaskManagement
0x000000000b292000 	/usr/lib/libxslt.1.dylib
0x000000000b292000 	/System/Library/PrivateFrameworks/AppleSystemInfo.framework/Versions/A/AppleSystemInfo
0x000000000b292000 	/System/Library/Frameworks/ImageIO.framework/Versions/A/Resources/libJPEG.dylib
0x000000000b292000 	/System/Library/Frameworks/ImageIO.framework/Versions/A/Resources/libTIFF.dylib
0x000000000b292000 	/System/Library/Frameworks/ImageIO.framework/Versions/A/Resources/libPng.dylib
0x000000000b292000 	/System/Library/Frameworks/ImageIO.framework/Versions/A/Resources/libGIF.dylib
0x000000000b292000 	/System/Library/Frameworks/ImageIO.framework/Versions/A/Resources/libJP2.dylib
0x000000000b292000 	/System/Library/Frameworks/ImageIO.framework/Versions/A/Resources/libRadiance.dylib
0x000000000b292000 	/usr/lib/libexpat.1.dylib
0x000000000b292000 	/System/Library/PrivateFrameworks/AppleJPEG.framework/Versions/A/AppleJPEG
0x000000000b292000 	/System/Library/PrivateFrameworks/FontServices.framework/libFontParser.dylib
0x000000000b292000 	/System/Library/PrivateFrameworks/WatchdogClient.framework/Versions/A/WatchdogClient
0x000000000b292000 	/System/Library/PrivateFrameworks/IOAccelerator.framework/Versions/A/IOAccelerator
0x000000000b292000 	/System/Library/Frameworks/MetalPerformanceShaders.framework/Versions/A/MetalPerformanceShaders
0x000000000b292000 	/System/Library/PrivateFrameworks/GPUWrangler.framework/Versions/A/GPUWrangler
0x000000000b292000 	/System/Library/PrivateFrameworks/IOPresentment.framework/Versions/A/IOPresentment
0x000000000b292000 	/System/Library/PrivateFrameworks/DSExternalDisplay.framework/Versions/A/DSExternalDisplay
0x000000000b292000 	/System/Library/Frameworks/OpenGL.framework/Versions/A/Libraries/libCoreFSCache.dylib
0x000000000b292000 	/System/Library/Frameworks/MetalPerformanceShaders.framework/Frameworks/MPSCore.framework/Versions/A/MPSCore
0x000000000b292000 	/System/Library/Frameworks/MetalPerformanceShaders.framework/Frameworks/MPSImage.framework/Versions/A/MPSImage
0x000000000b292000 	/System/Library/Frameworks/MetalPerformanceShaders.framework/Frameworks/MPSNeuralNetwork.framework/Versions/A/MPSNeuralNetwork
0x000000000b292000 	/System/Library/Frameworks/MetalPerformanceShaders.framework/Frameworks/MPSMatrix.framework/Versions/A/MPSMatrix
0x000000000b292000 	/System/Library/Frameworks/MetalPerformanceShaders.framework/Frameworks/MPSRayIntersector.framework/Versions/A/MPSRayIntersector
0x000000000b292000 	/System/Library/Frameworks/MetalPerformanceShaders.framework/Frameworks/MPSNDArray.framework/Versions/A/MPSNDArray
0x000000000b292000 	/System/Library/PrivateFrameworks/MetalTools.framework/Versions/A/MetalTools
0x000000000b292000 	/System/Library/PrivateFrameworks/AggregateDictionary.framework/Versions/A/AggregateDictionary
0x000000000b292000 	/System/Library/PrivateFrameworks/CoreAnalytics.framework/Versions/A/CoreAnalytics
0x000000000b292000 	/System/Library/PrivateFrameworks/AppleSauce.framework/Versions/A/AppleSauce
0x000000000b292000 	/usr/lib/libIOReport.dylib
0x000000000b292000 	/System/Library/Frameworks/CoreVideo.framework/Versions/A/CoreVideo
0x000000000b292000 	/System/Library/PrivateFrameworks/GraphVisualizer.framework/Versions/A/GraphVisualizer
0x000000000b292000 	/System/Library/PrivateFrameworks/FaceCore.framework/Versions/A/FaceCore
0x000000000b292000 	/System/Library/Frameworks/OpenCL.framework/Versions/A/OpenCL
0x000000000b292000 	/usr/lib/libFosl_dynamic.dylib
0x000000000b292000 	/System/Library/PrivateFrameworks/OTSVG.framework/Versions/A/OTSVG
0x000000000b292000 	/System/Library/Frameworks/ApplicationServices.framework/Versions/A/Frameworks/ATS.framework/Versions/A/Resources/libFontRegistry.dylib
0x000000000b292000 	/System/Library/PrivateFrameworks/FontServices.framework/libhvf.dylib
0x000000000b292000 	/System/Library/Frameworks/OpenGL.framework/Versions/A/Libraries/libGFXShared.dylib
0x000000000b292000 	/System/Library/Frameworks/OpenGL.framework/Versions/A/Libraries/libGLU.dylib
0x000000000b292000 	/System/Library/Frameworks/OpenGL.framework/Versions/A/Libraries/libGL.dylib
0x000000000b292000 	/System/Library/Frameworks/OpenGL.framework/Versions/A/Libraries/libGLImage.dylib
0x000000000b292000 	/System/Library/Frameworks/OpenGL.framework/Versions/A/Libraries/libCVMSPluginSupport.dylib
0x000000000b292000 	/System/Library/Frameworks/OpenGL.framework/Versions/A/Libraries/libCoreVMClient.dylib
0x000000000b292000 	/usr/lib/libncurses.5.4.dylib
0x000000000b292000 	/System/Library/Frameworks/ApplicationServices.framework/Versions/A/Frameworks/ATS.framework/Versions/A/ATS
0x000000000b292000 	/System/Library/Frameworks/ApplicationServices.framework/Versions/A/Frameworks/ColorSyncLegacy.framework/Versions/A/ColorSyncLegacy
0x000000000b292000 	/System/Library/Frameworks/ApplicationServices.framework/Versions/A/Frameworks/HIServices.framework/Versions/A/HIServices
0x000000000b292000 	/System/Library/Frameworks/ApplicationServices.framework/Versions/A/Frameworks/LangAnalysis.framework/Versions/A/LangAnalysis
0x000000000b292000 	/System/Library/Frameworks/ApplicationServices.framework/Versions/A/Frameworks/PrintCore.framework/Versions/A/PrintCore
0x000000000b292000 	/System/Library/Frameworks/ApplicationServices.framework/Versions/A/Frameworks/QD.framework/Versions/A/QD
0x000000000b292000 	/System/Library/Frameworks/ApplicationServices.framework/Versions/A/Frameworks/SpeechSynthesis.framework/Versions/A/SpeechSynthesis
0x000000000b292000 	/System/Library/Frameworks/ApplicationServices.framework/Versions/A/Frameworks/ATSUI.framework/Versions/A/ATSUI
0x000000000b292000 	/usr/lib/libcups.2.dylib
0x000000000b292000 	/System/Library/Frameworks/Kerberos.framework/Versions/A/Kerberos
0x000000000b292000 	/System/Library/Frameworks/GSS.framework/Versions/A/GSS
0x000000000b292000 	/usr/lib/libresolv.9.dylib
0x000000000b292000 	/System/Library/PrivateFrameworks/Heimdal.framework/Versions/A/Heimdal
0x000000000b292000 	/System/Library/Frameworks/Kerberos.framework/Versions/A/Libraries/libHeimdalProxy.dylib
0x000000000b292000 	/usr/lib/libheimdal-asn1.dylib
0x000000000b292000 	/System/Library/PrivateFrameworks/CommonAuth.framework/Versions/A/CommonAuth
0x000000000b292000 	/System/Library/PrivateFrameworks/AssertionServices.framework/Versions/A/AssertionServices
0x000000000b292000 	/System/Library/PrivateFrameworks/AudioToolboxCore.framework/Versions/A/AudioToolboxCore
0x000000000b292000 	/System/Library/PrivateFrameworks/caulk.framework/Versions/A/caulk
0x000000000b292000 	/System/Library/PrivateFrameworks/BaseBoard.framework/Versions/A/BaseBoard
0x000000000b292000 	/System/Library/PrivateFrameworks/RunningBoardServices.framework/Versions/A/RunningBoardServices
0x000000000b292000 	/System/Library/PrivateFrameworks/PersistentConnection.framework/Versions/A/PersistentConnection
0x000000000b292000 	/System/Library/PrivateFrameworks/ProtocolBuffer.framework/Versions/A/ProtocolBuffer
0x000000000b292000 	/System/Library/PrivateFrameworks/CommonUtilities.framework/Versions/A/CommonUtilities
0x000000000b292000 	/System/Library/PrivateFrameworks/Bom.framework/Versions/A/Bom
0x000000000b292000 	/usr/lib/libAudioToolboxUtility.dylib
0x000000000b292000 	/System/Library/PrivateFrameworks/Backup.framework/Versions/A/Backup
0x000000000b292000 	/System/Library/PrivateFrameworks/CrashReporterSupport.framework/Versions/A/CrashReporterSupport
0x000000000b292000 	/System/Library/PrivateFrameworks/Sharing.framework/Versions/A/Sharing
0x000000000b292000 	/System/Library/PrivateFrameworks/Apple80211.framework/Versions/A/Apple80211
0x000000000b292000 	/System/Library/PrivateFrameworks/AuthKit.framework/Versions/A/AuthKit
0x000000000b292000 	/System/Library/PrivateFrameworks/CoreUtils.framework/Versions/A/CoreUtils
0x000000000b292000 	/System/Library/Frameworks/CoreWLAN.framework/Versions/A/CoreWLAN
0x000000000b292000 	/System/Library/Frameworks/IOBluetooth.framework/Versions/A/IOBluetooth
0x000000000b292000 	/System/Library/PrivateFrameworks/MobileKeyBag.framework/Versions/A/MobileKeyBag
0x000000000b292000 	/System/Library/PrivateFrameworks/CorePhoneNumbers.framework/Versions/A/CorePhoneNumbers
0x000000000b292000 	/System/Library/PrivateFrameworks/AppleIDAuthSupport.framework/Versions/A/AppleIDAuthSupport
0x000000000b292000 	/System/Library/Frameworks/Network.framework/Versions/A/Network
0x000000000b292000 	/System/Library/PrivateFrameworks/KeychainCircle.framework/Versions/A/KeychainCircle
0x000000000b292000 	/System/Library/Frameworks/CoreBluetooth.framework/Versions/A/CoreBluetooth
0x000000000b292000 	/System/Library/PrivateFrameworks/SpeechRecognitionCore.framework/Versions/A/SpeechRecognitionCore
0x0000000106c00000 	/Library/Java/JavaVirtualMachines/jdk1.8.0_121.jdk/Contents/Home/jre/lib/server/libjvm.dylib
0x000000000b292000 	/usr/lib/libstdc++.6.dylib
0x0000000105b36000 	/Library/Java/JavaVirtualMachines/jdk1.8.0_121.jdk/Contents/Home/jre/lib/libverify.dylib
0x0000000105b44000 	/Library/Java/JavaVirtualMachines/jdk1.8.0_121.jdk/Contents/Home/jre/lib/libjava.dylib
0x0000000105bc3000 	/Library/Java/JavaVirtualMachines/jdk1.8.0_121.jdk/Contents/Home/jre/lib/libzip.dylib
0x000000000b292000 	/System/Library/Frameworks/JavaVM.framework/Versions/A/Frameworks/JavaRuntimeSupport.framework/Versions/A/JavaRuntimeSupport
0x000000000b292000 	/System/Library/Frameworks/JavaVM.framework/Versions/A/Frameworks/JavaNativeFoundation.framework/Versions/A/JavaNativeFoundation
0x000000000b292000 	/System/Library/Frameworks/JavaVM.framework/Versions/A/JavaVM
0x000000000b292000 	/System/Library/Frameworks/Carbon.framework/Versions/A/Carbon
0x000000000b292000 	/System/Library/PrivateFrameworks/CoreSymbolication.framework/Versions/A/CoreSymbolication
0x000000000b292000 	/System/Library/PrivateFrameworks/JavaLaunching.framework/Versions/A/JavaLaunching
0x000000000b292000 	/System/Library/Frameworks/Carbon.framework/Versions/A/Frameworks/CommonPanels.framework/Versions/A/CommonPanels
0x000000000b292000 	/System/Library/Frameworks/Carbon.framework/Versions/A/Frameworks/Help.framework/Versions/A/Help
0x000000000b292000 	/System/Library/Frameworks/Carbon.framework/Versions/A/Frameworks/ImageCapture.framework/Versions/A/ImageCapture
0x000000000b292000 	/System/Library/Frameworks/Carbon.framework/Versions/A/Frameworks/OpenScripting.framework/Versions/A/OpenScripting
0x000000000b292000 	/System/Library/Frameworks/Carbon.framework/Versions/A/Frameworks/Ink.framework/Versions/A/Ink
0x000000000b292000 	/System/Library/Frameworks/Carbon.framework/Versions/A/Frameworks/Print.framework/Versions/A/Print
0x000000000b292000 	/System/Library/Frameworks/Carbon.framework/Versions/A/Frameworks/SecurityHI.framework/Versions/A/SecurityHI
0x000000000b292000 	/System/Library/PrivateFrameworks/DebugSymbols.framework/Versions/A/DebugSymbols
0x00000001249dd000 	/Library/Java/JavaVirtualMachines/jdk1.8.0_121.jdk/Contents/Home/jre/lib/libnio.dylib
0x00000001249ed000 	/Library/Java/JavaVirtualMachines/jdk1.8.0_121.jdk/Contents/Home/jre/lib/libnet.dylib
0x0000000124a4c000 	/private/var/folders/qg/c5tqblws2s9g2dzffc7h0__r0000gn/T/lwjglbruno/3.2.3-build-13/liblwjgl.dylib
0x0000000124a9a000 	/private/var/folders/qg/c5tqblws2s9g2dzffc7h0__r0000gn/T/lwjglbruno/3.2.3-build-13/libglfw.dylib
0x000000000b292000 	/System/Library/PrivateFrameworks/CoreServicesInternal.framework/Versions/A/CoreServicesInternal
0x000000000b292000 	/System/Library/Frameworks/FileProvider.framework/Versions/A/FileProvider
0x000000000b292000 	/System/Library/Frameworks/Accounts.framework/Versions/A/Accounts
0x000000000b292000 	/System/Library/PrivateFrameworks/GenerationalStorage.framework/Versions/A/GenerationalStorage
0x000000000b292000 	/System/Library/PrivateFrameworks/SymptomDiagnosticReporter.framework/Versions/A/SymptomDiagnosticReporter
0x000000000b292000 	/System/Library/PrivateFrameworks/AppContainer.framework/Versions/A/AppContainer
0x000000000b292000 	/usr/lib/libsandbox.1.dylib
0x000000000b292000 	/System/Library/PrivateFrameworks/UserManagement.framework/Versions/A/UserManagement
0x000000000b292000 	/System/Library/PrivateFrameworks/ChunkingLibrary.framework/Versions/A/ChunkingLibrary
0x000000000b292000 	/System/Library/PrivateFrameworks/AppSandbox.framework/Versions/A/AppSandbox
0x000000000b292000 	/System/Library/PrivateFrameworks/SecCodeWrapper.framework/Versions/A/SecCodeWrapper
0x000000000b292000 	/usr/lib/libMatch.1.dylib
0x000000000b292000 	/System/Library/Frameworks/Accelerate.framework/Versions/A/Frameworks/vImage.framework/Versions/A/Libraries/libCGInterfaces.dylib
0x000000000b292000 	/System/Library/PrivateFrameworks/FontServices.framework/libTrueTypeScaler.dylib

VM Arguments:
jvm_args: -Dfile.encoding=UTF-8 
java_command: main.Main
java_class_path (initial): /Users/bruno/Desktop/Fatec/Códigos Diversos/Jogo3D/lwjgl/lwjgl-assimp-javadoc.jar:/Users/bruno/Desktop/Fatec/Códigos Diversos/Jogo3D/lwjgl/lwjgl-assimp-natives-macos.jar:/Users/bruno/Desktop/Fatec/Códigos Diversos/Jogo3D/lwjgl/lwjgl-assimp-sources.jar:/Users/bruno/Desktop/Fatec/Códigos Diversos/Jogo3D/lwjgl/lwjgl-assimp.jar:/Users/bruno/Desktop/Fatec/Códigos Diversos/Jogo3D/lwjgl/lwjgl-bgfx-javadoc.jar:/Users/bruno/Desktop/Fatec/Códigos Diversos/Jogo3D/lwjgl/lwjgl-bgfx-natives-macos.jar:/Users/bruno/Desktop/Fatec/Códigos Diversos/Jogo3D/lwjgl/lwjgl-bgfx-sources.jar:/Users/bruno/Desktop/Fatec/Códigos Diversos/Jogo3D/lwjgl/lwjgl-bgfx.jar:/Users/bruno/Desktop/Fatec/Códigos Diversos/Jogo3D/lwjgl/lwjgl-glfw-javadoc.jar:/Users/bruno/Desktop/Fatec/Códigos Diversos/Jogo3D/lwjgl/lwjgl-glfw-natives-macos.jar:/Users/bruno/Desktop/Fatec/Códigos Diversos/Jogo3D/lwjgl/lwjgl-glfw-sources.jar:/Users/bruno/Desktop/Fatec/Códigos Diversos/Jogo3D/lwjgl/lwjgl-glfw.jar:/Users/bruno/Desktop/Fatec/Códigos Diversos/Jogo3D/lwjgl/lwjgl-javadoc.jar:/Users/bruno/Desktop/Fatec/Códigos Diversos/Jogo3D/lwjgl/lwjgl-nanovg-javadoc.jar:/Users/bruno/Desktop/Fatec/Códigos Diversos/Jogo3D/lwjgl/lwjgl-nanovg-natives-macos.jar:/Users/bruno/Desktop/Fatec/Códigos Diversos/Jogo3D/lwjgl/lwjgl-nanovg-sources.jar:/Users/bruno/Desktop/Fatec/Códigos Diversos/Jogo3D/lwjgl/lwjgl-nanovg.jar:/Users/bruno/Desktop/Fatec/Códigos Diversos/Jogo3D/lwjgl/lwjgl-natives-macos.jar:/Users/bruno/Desktop/Fatec/Códigos Diversos/Jogo3D/lwjgl/lwjgl-nuklear-javadoc.jar:/Users/bruno/Desktop/Fatec/Códigos Diversos/Jogo3D/lwjgl/lwjgl-nuklear-natives-macos.jar:/Users/bruno/Desktop/Fatec/Códigos Diversos/Jogo3D/lwjgl/lwjgl-nuklear-sources.jar:/Users/bruno/Desktop/Fatec/Códigos Diversos/Jogo3D/lwjgl/lwjgl-nuklear.jar:/Users/bruno/Desktop/Fatec/Códigos Diversos/Jogo3D/lwjgl/lwjgl-openal-javadoc.jar:/Users/bruno/Desktop/Fatec/Códigos Diversos/Jogo3D/lwjgl/lwjgl-openal-natives-macos.jar:/Us
Launcher Type: SUN_STANDARD

Environment Variables:
PATH=/usr/bin:/bin:/usr/sbin:/sbin
SHELL=/bin/zsh

Signal Handlers:
SIGSEGV: [libjvm.dylib+0x5b1141], sa_mask[0]=11111111011111110111111111111111, sa_flags=SA_ONSTACK|SA_RESTART|SA_SIGINFO
SIGBUS: [libjvm.dylib+0x5b1141], sa_mask[0]=11111111011111110111111111111111, sa_flags=SA_RESTART|SA_SIGINFO
SIGFPE: [libjvm.dylib+0x487bc4], sa_mask[0]=11111111011111110111111111111111, sa_flags=SA_RESTART|SA_SIGINFO
SIGPIPE: [libjvm.dylib+0x487bc4], sa_mask[0]=11111111011111110111111111111111, sa_flags=SA_RESTART|SA_SIGINFO
SIGXFSZ: [libjvm.dylib+0x487bc4], sa_mask[0]=11111111011111110111111111111111, sa_flags=SA_RESTART|SA_SIGINFO
SIGILL: [libjvm.dylib+0x487bc4], sa_mask[0]=11111111011111110111111111111111, sa_flags=SA_RESTART|SA_SIGINFO
SIGUSR1: SIG_DFL, sa_mask[0]=00000000000000000000000000000000, sa_flags=none
SIGUSR2: [libjvm.dylib+0x4876e2], sa_mask[0]=00100000000000000000000000000000, sa_flags=SA_RESTART|SA_SIGINFO
SIGHUP: [libjvm.dylib+0x485cb9], sa_mask[0]=11111111011111110111111111111111, sa_flags=SA_RESTART|SA_SIGINFO
SIGINT: [libjvm.dylib+0x485cb9], sa_mask[0]=11111111011111110111111111111111, sa_flags=SA_RESTART|SA_SIGINFO
SIGTERM: [libjvm.dylib+0x485cb9], sa_mask[0]=11111111011111110111111111111111, sa_flags=SA_RESTART|SA_SIGINFO
SIGQUIT: [libjvm.dylib+0x485cb9], sa_mask[0]=11111111011111110111111111111111, sa_flags=SA_RESTART|SA_SIGINFO


---------------  S Y S T E M  ---------------

OS:Bsduname:Darwin 19.0.0 Darwin Kernel Version 19.0.0: Thu Oct 17 16:17:15 PDT 2019; root:xnu-6153.41.3~29/RELEASE_X86_64 x86_64
rlimit: STACK 8192k, CORE 0k, NPROC 2784, NOFILE 10240, AS infinity
load average:3.22 2.50 2.09

CPU:total 8 (4 cores per cpu, 2 threads per core) family 6 model 58 stepping 9, cmov, cx8, fxsr, mmx, sse, sse2, sse3, ssse3, sse4.1, sse4.2, popcnt, avx, aes, clmul, erms, ht, tsc, tscinvbit, tscinv

Memory: 4k page, physical 16777216k(3010760k free)

/proc/meminfo:


vm_info: Java HotSpot(TM) 64-Bit Server VM (25.121-b13) for bsd-amd64 JRE (1.8.0_121-b13), built on Dec 12 2016 20:39:32 by "java_re" with gcc 4.2.1 (Based on Apple Inc. build 5658) (LLVM build 2336.11.00)

time: Tue Dec  3 01:24:38 2019
elapsed time: 0 seconds (0d 0h 0m 0s)

